#
# A fatal error has been detected by the Java Runtime Environment:
#
#  EXCEPTION_ACCESS_VIOLATION (0xc0000005) at pc=0x00007ffbe61f7bf2, pid=22812, tid=19856
#
# JRE version: Java(TM) SE Runtime Environment (11.0.2+9) (build 11.0.2+9-LTS)
# Java VM: Java HotSpot(TM) 64-Bit Server VM (11.0.2+9-LTS, mixed mode, tiered, compressed oops, g1 gc, windows-amd64)
# Problematic frame:
# V  [jvm.dll+0x87bf2]
#
# No core dump will be written. Minidumps are not enabled by default on client versions of Windows
#
# If you would like to submit a bug report, please visit:
#   http://bugreport.java.com/bugreport/crash.jsp
#

---------------  S U M M A R Y ------------

Command Line: -Xss4m -Xms100m -Dmetals.client=vscode -Xmx1G scala.meta.metals.Main

Host: Intel(R) Core(TM) i7-8550U CPU @ 1.80GHz, 8 cores, 15G,  Windows 10 , 64 bit Build 19041 (10.0.19041.1348)
Time: Sun Dec 19 15:28:11 2021 W. Europe Standard Time elapsed time: 3509 seconds (0d 0h 58m 29s)

---------------  T H R E A D  ---------------

Current thread (0x00000201c5113800):  JavaThread "C2 CompilerThread2" daemon [_thread_in_native, id=19856, stack(0x00000083bb800000,0x00000083bb900000)]


Current CompileTask:
C2:3509054 46695       4       org.scalafmt.util.TreeOps$::isSeqMulti (17 bytes)

Stack: [0x00000083bb800000,0x00000083bb900000],  sp=0x00000083bb8fb860,  free space=1006k
Native frames: (J=compiled Java code, j=interpreted, Vv=VM code, C=native code)
V  [jvm.dll+0x87bf2]
V  [jvm.dll+0x613696]
V  [jvm.dll+0x5c5986]
V  [jvm.dll+0x5c8369]
V  [jvm.dll+0x2180ed]
V  [jvm.dll+0x2173ea]
V  [jvm.dll+0x194200]
V  [jvm.dll+0x2263af]
V  [jvm.dll+0x2249b8]
V  [jvm.dll+0x738a9d]
V  [jvm.dll+0x6347f2]
C  [ucrtbase.dll+0x21bb2]
C  [KERNEL32.DLL+0x17034]
C  [ntdll.dll+0x52651]


siginfo: EXCEPTION_ACCESS_VIOLATION (0xc0000005), reading address 0xffffffffffffffff


Register to memory mapping:

RIP=0x00007ffbe61f7bf2 jvm.dll
RAX=
[error occurred during error reporting (printing register info), id 0xc0000005, EXCEPTION_ACCESS_VIOLATION (0xc0000005) at pc=0x00007ffbe6462eb6]

Registers:
RAX=0x00000000e668e210, RBX=0x00007ffbe69aaef8, RCX=0x00007ffbe64c7db0, RDX=0x00000201c08ebb78
RSP=0x00000083bb8fb860, RBP=0x00000083bb8fb919, RSI=0x00007ffbe6170000, RDI=0x00000201c08ebb78
R8 =0x0000000000000010, R9 =0x0000000000000000, R10=0x00000201c08ebbb0, R11=0x00000201c08eccd8
R12=0x00007ffbe6a25280, R13=0x0000000000000000, R14=0x00000201c08ebb78, R15=0x00000083bb8fbd80
RIP=0x00007ffbe61f7bf2, EFLAGS=0x0000000000010292

Top of Stack: (sp=0x00000083bb8fb860)
0x00000083bb8fb860:   0000000000000004 00000083bb8fe2e8
0x00000083bb8fb870:   0000000000000000 0000000000000000
0x00000083bb8fb880:   00007ffbe69aaef8 00007ffbe6783696
0x00000083bb8fb890:   00000201c08ebb78 00007ffbe6170000
0x00000083bb8fb8a0:   00007ffbe6a25201 0000000000000016
0x00000083bb8fb8b0:   0000000000000096 00007ffbe6735986
0x00000083bb8fb8c0:   0000000000000003 00007ffbe6170000
0x00000083bb8fb8d0:   00000201c32455c0 0000000000000000
0x00000083bb8fb8e0:   0000000000000000 0000000000000000
0x00000083bb8fb8f0:   0000000000000000 0000000000000000
0x00000083bb8fb900:   0000000000000000 00000201d2505320
0x00000083bb8fb910:   00000201d25067b0 00000201d2504ed0
0x00000083bb8fb920:   00000201c124acb0 00007ffbe6a3af90
0x00000083bb8fb930:   00000201c124acb0 00007ffc00000002
0x00000083bb8fb940:   00000201d25067b0 0000000000000000
0x00000083bb8fb950:   00000000000000b0 00000201c0b740c0 

Instructions: (pc=0x00007ffbe61f7bf2)
0x00007ffbe61f7bd2:   49 10 48 85 c9 74 20 8b 43 20 3b 43 24 75 11 8b
0x00007ffbe61f7be2:   d0 48 8b cb e8 65 df 58 00 8b 43 20 48 8b 4b 10
0x00007ffbe61f7bf2:   48 89 3c c1 ff 43 20 48 8b 5c 24 30 48 83 c4 20
0x00007ffbe61f7c02:   5f c3 cc cc cc cc cc cc cc cc cc cc cc cc 8b 81 


Stack slot to memory mapping:
stack at sp + 0 slots: 0x0000000000000004 is an unknown value
stack at sp + 1 slots: 0x00000083bb8fe2e8 is pointing into the stack for thread: 0x00000201c5113800
stack at sp + 2 slots: 0x0 is NULL
stack at sp + 3 slots: 0x0 is NULL
stack at sp + 4 slots: 0x00007ffbe69aaef8 jvm.dll
stack at sp + 5 slots: 0x00007ffbe6783696 jvm.dll
stack at sp + 6 slots: 0x00000201c08ebb78 points into unknown readable memory: 20 12 9b e6 fb 7f 00 00
stack at sp + 7 slots: 0x00007ffbe6170000 jvm.dll


---------------  P R O C E S S  ---------------

Threads class SMR info:
_java_thread_list=0x00000201c3d6bf30, length=63, elements={
0x000002019ed3b000, 0x00000201bb3a8800, 0x00000201bb3b4000, 0x00000201bb3c7000,
0x00000201bb3ca000, 0x00000201bb3cc000, 0x00000201bb3d8000, 0x00000201bb3dd800,
0x00000201bbe83000, 0x00000201bbe88800, 0x00000201bde99000, 0x00000201be189000,
0x00000201c05ca000, 0x00000201bc32d000, 0x00000201bc32e000, 0x00000201bd4ee000,
0x00000201bd61e000, 0x00000201be1e1000, 0x00000201bc607000, 0x00000201bc60b000,
0x00000201bc60c000, 0x00000201bc399000, 0x00000201bc39a000, 0x00000201bc394000,
0x00000201bc395800, 0x00000201bc39e000, 0x00000201bc39c000, 0x00000201bc39b800,
0x00000201bc39d000, 0x00000201bc39f800, 0x00000201bc3a0800, 0x00000201bc39a800,
0x00000201bc3a2000, 0x00000201bc3a3000, 0x00000201bc3a1000, 0x00000201bcd43000,
0x00000201bcd40800, 0x00000201bcd44000, 0x00000201bcd41800, 0x00000201bcd44800,
0x00000201bcd45800, 0x00000201bcd42000, 0x00000201bcd47000, 0x00000201bcd48000,
0x00000201c4a3f800, 0x00000201c4a40000, 0x00000201c4a3a800, 0x00000201c4a42000,
0x00000201c4a41000, 0x00000201c4a44000, 0x00000201c4a38000, 0x00000201c4a42800,
0x00000201bcd4a800, 0x00000201c4a37000, 0x00000201c4a36800, 0x00000201c4a3b000,
0x00000201c5113000, 0x00000201c5116000, 0x00000201c5111800, 0x00000201c5112000,
0x00000201c510a000, 0x00000201c5113800, 0x00000201c5114800
}

Java Threads: ( => current thread )
  0x000002019ed3b000 JavaThread "main" [_thread_blocked, id=24796, stack(0x00000083bba00000,0x00000083bbe00000)]
  0x00000201bb3a8800 JavaThread "Reference Handler" daemon [_thread_blocked, id=772, stack(0x00000083bc400000,0x00000083bc800000)]
  0x00000201bb3b4000 JavaThread "Finalizer" daemon [_thread_blocked, id=5512, stack(0x00000083bc800000,0x00000083bcc00000)]
  0x00000201bb3c7000 JavaThread "Signal Dispatcher" daemon [_thread_blocked, id=31784, stack(0x00000083bcc00000,0x00000083bd000000)]
  0x00000201bb3ca000 JavaThread "Attach Listener" daemon [_thread_blocked, id=19688, stack(0x00000083bd000000,0x00000083bd400000)]
  0x00000201bb3cc000 JavaThread "C2 CompilerThread0" daemon [_thread_blocked, id=32448, stack(0x00000083bd400000,0x00000083bd500000)]
  0x00000201bb3d8000 JavaThread "C1 CompilerThread0" daemon [_thread_in_native, id=20816, stack(0x00000083bd500000,0x00000083bd600000)]
  0x00000201bb3dd800 JavaThread "Sweeper thread" daemon [_thread_blocked, id=29856, stack(0x00000083bd600000,0x00000083bda00000)]
  0x00000201bbe83000 JavaThread "Service Thread" daemon [_thread_blocked, id=11428, stack(0x00000083bda00000,0x00000083bde00000)]
  0x00000201bbe88800 JavaThread "Common-Cleaner" daemon [_thread_blocked, id=32408, stack(0x00000083bdf00000,0x00000083be300000)]
  0x00000201bde99000 JavaThread "pool-1-thread-1" [_thread_in_native, id=27760, stack(0x00000083be600000,0x00000083bea00000)]
  0x00000201be189000 JavaThread "pool-1-thread-2" [_thread_in_native, id=24356, stack(0x00000083bea00000,0x00000083bee00000)]
  0x00000201c05ca000 JavaThread "pool-1-thread-3" [_thread_blocked, id=30936, stack(0x00000083bf300000,0x00000083bf700000)]
  0x00000201bc32d000 JavaThread "ForkJoinPool.commonPool-worker-3" daemon [_thread_blocked, id=24412, stack(0x00000083bf700000,0x00000083bfb00000)]
  0x00000201bc32e000 JavaThread "pool-2-thread-1" [_thread_blocked, id=29664, stack(0x00000083bfb00000,0x00000083bff00000)]
  0x00000201bd4ee000 JavaThread "H2 File Lock Watchdog C:/Users/brako/Desktop/Boris/CVUT/4_winter/OMO/code/coursework/foodchain/.metals/metals.lock.db" daemon [_thread_blocked, id=25352, stack(0x00000083c0200000,0x00000083c0600000)]
  0x00000201bd61e000 JavaThread "H2 TCP Server (tcp://localhost:61529)" daemon [_thread_in_native, id=18888, stack(0x00000083c0600000,0x00000083c0a00000)]
  0x00000201be1e1000 JavaThread "H2 Log Writer METALS" daemon [_thread_blocked, id=7896, stack(0x00000083c0a00000,0x00000083c0e00000)]
  0x00000201bc607000 JavaThread "pool-1-thread-9" [_thread_blocked, id=28256, stack(0x00000083c2200000,0x00000083c2600000)]
  0x00000201bc60b000 JavaThread "pool-1-thread-10" [_thread_blocked, id=13724, stack(0x00000083c2600000,0x00000083c2a00000)]
  0x00000201bc60c000 JavaThread "pool-1-thread-11" [_thread_blocked, id=31828, stack(0x00000083c2a00000,0x00000083c2e00000)]
  0x00000201bc399000 JavaThread "Thread-2" [_thread_in_native, id=29988, stack(0x00000083c4600000,0x00000083c4a00000)]
  0x00000201bc39a000 JavaThread "Thread-4" daemon [_thread_blocked, id=27260, stack(0x00000083c4a00000,0x00000083c4e00000)]
  0x00000201bc394000 JavaThread "Thread-3" daemon [_thread_blocked, id=492, stack(0x00000083c4e00000,0x00000083c5200000)]
  0x00000201bc395800 JavaThread "bsp-client-to-server" daemon [_thread_in_native, id=26816, stack(0x00000083c5200000,0x00000083c5600000)]
  0x00000201bc39e000 JavaThread "bsp-server-to-client" daemon [_thread_in_native, id=11628, stack(0x00000083c5600000,0x00000083c5a00000)]
  0x00000201bc39c000 JavaThread "Thread-7" [_thread_in_native, id=22748, stack(0x00000083c5a00000,0x00000083c5e00000)]
  0x00000201bc39b800 JavaThread "Thread-8" [_thread_in_native, id=32332, stack(0x00000083c5e00000,0x00000083c6200000)]
  0x00000201bc39d000 JavaThread "Thread-10" daemon [_thread_blocked, id=31144, stack(0x00000083c6200000,0x00000083c6600000)]
  0x00000201bc39f800 JavaThread "Thread-11" [_thread_in_native, id=31032, stack(0x00000083c6600000,0x00000083c6a00000)]
  0x00000201bc3a0800 JavaThread "Thread-9" daemon [_thread_blocked, id=30916, stack(0x00000083c6a00000,0x00000083c6e00000)]
  0x00000201bc39a800 JavaThread "Thread-15" daemon [_thread_blocked, id=27028, stack(0x00000083c6e00000,0x00000083c7200000)]
  0x00000201bc3a2000 JavaThread "Thread-14" daemon [_thread_blocked, id=20864, stack(0x00000083c7200000,0x00000083c7600000)]
  0x00000201bc3a3000 JavaThread "Thread-13" daemon [_thread_blocked, id=9772, stack(0x00000083c7600000,0x00000083c7a00000)]
  0x00000201bc3a1000 JavaThread "Thread-12" daemon [_thread_blocked, id=23028, stack(0x00000083c7a00000,0x00000083c7e00000)]
  0x00000201bcd43000 JavaThread "bsp-client-to-server" daemon [_thread_in_native, id=29588, stack(0x00000083c7e00000,0x00000083c8200000)]
  0x00000201bcd40800 JavaThread "bsp-client-to-server" daemon [_thread_in_native, id=22800, stack(0x00000083c8200000,0x00000083c8600000)]
  0x00000201bcd44000 JavaThread "bsp-server-to-client" daemon [_thread_in_native, id=17400, stack(0x00000083c8600000,0x00000083c8a00000)]
  0x00000201bcd41800 JavaThread "bsp-client-to-server" daemon [_thread_in_native, id=27912, stack(0x00000083c8a00000,0x00000083c8e00000)]
  0x00000201bcd44800 JavaThread "bsp-server-to-client" daemon [_thread_in_native, id=25144, stack(0x00000083c8e00000,0x00000083c9200000)]
  0x00000201bcd45800 JavaThread "bsp-server-to-client" daemon [_thread_in_native, id=22236, stack(0x00000083c9200000,0x00000083c9600000)]
  0x00000201bcd42000 JavaThread "pool-1-thread-13" [_thread_in_native, id=31856, stack(0x00000083c9600000,0x00000083c9a00000)]
  0x00000201bcd47000 JavaThread "pool-1-thread-14" [_thread_in_native, id=28252, stack(0x00000083c9e00000,0x00000083ca200000)]
  0x00000201bcd48000 JavaThread "pool-1-thread-15" [_thread_in_native, id=22636, stack(0x00000083ca200000,0x00000083ca600000)]
  0x00000201c4a3f800 JavaThread "FileSystemWatchService" daemon [_thread_in_native, id=30988, stack(0x00000083ce200000,0x00000083ce600000)]
  0x00000201c4a40000 JavaThread "NioPathWatcher-loop-thread-1" daemon [_thread_blocked, id=28300, stack(0x00000083ce600000,0x00000083cea00000)]
  0x00000201c4a3a800 JavaThread "com.swoval.files.SymlinkWather.callback-executor-1" [_thread_blocked, id=23436, stack(0x00000083cea00000,0x00000083cee00000)]
  0x00000201c4a42000 JavaThread "FileTreeRepository-callback-executor-1" [_thread_blocked, id=26752, stack(0x00000083cee00000,0x00000083cf200000)]
  0x00000201c4a41000 JavaThread "FileSystemWatchService" daemon [_thread_in_native, id=32528, stack(0x00000083cf200000,0x00000083cf600000)]
  0x00000201c4a44000 JavaThread "NioPathWatcher-loop-thread-2" daemon [_thread_blocked, id=22212, stack(0x00000083cf600000,0x00000083cfa00000)]
  0x00000201c4a38000 JavaThread "pool-4-thread-1" [_thread_blocked, id=9932, stack(0x00000083cae00000,0x00000083cb200000)]
  0x00000201c4a42800 JavaThread "pool-5-thread-1" [_thread_blocked, id=28052, stack(0x00000083cda00000,0x00000083cde00000)]
  0x00000201bcd4a800 JavaThread "Scala Presentation Compiler [Metals]" daemon [_thread_blocked, id=4556, stack(0x00000083cde00000,0x00000083ce200000)]
  0x00000201c4a37000 JavaThread "pool-1-thread-86" [_thread_blocked, id=16048, stack(0x00000083c0e00000,0x00000083c1200000)]
  0x00000201c4a36800 JavaThread "pool-1-thread-87" [_thread_blocked, id=13596, stack(0x00000083c1200000,0x00000083c1600000)]
  0x00000201c4a3b000 JavaThread "pool-1-thread-88" [_thread_in_Java, id=15732, stack(0x00000083c1600000,0x00000083c1a00000)]
  0x00000201c5113000 JavaThread "pool-1-thread-91" [_thread_blocked, id=12208, stack(0x00000083c3600000,0x00000083c3a00000)]
  0x00000201c5116000 JavaThread "pool-1-thread-94" [_thread_blocked, id=11780, stack(0x00000083c1e00000,0x00000083c2200000)]
  0x00000201c5111800 JavaThread "pool-1-thread-95" [_thread_blocked, id=28000, stack(0x00000083c2e00000,0x00000083c3200000)]
  0x00000201c5112000 JavaThread "Scala Presentation Compiler [Metals]" daemon [_thread_blocked, id=31640, stack(0x00000083c3200000,0x00000083c3600000)]
  0x00000201c510a000 JavaThread "C2 CompilerThread1" daemon [_thread_blocked, id=14464, stack(0x00000083bb700000,0x00000083bb800000)]
=>0x00000201c5113800 JavaThread "C2 CompilerThread2" daemon [_thread_in_native, id=19856, stack(0x00000083bb800000,0x00000083bb900000)]
  0x00000201c5114800 JavaThread "pool-1-thread-96" [_thread_new, id=21512, stack(0x0000000000000000,0x0000000000000000)]

Other Threads:
  0x00000201bb3a4000 VMThread "VM Thread" [stack: 0x00000083bc300000,0x00000083bc400000] [id=26676]
  0x00000201bbe8b800 WatcherThread [stack: 0x00000083bde00000,0x00000083bdf00000] [id=28400]
  0x000002019ed52000 GCTaskThread "GC Thread#0" [stack: 0x00000083bbe00000,0x00000083bbf00000] [id=4356]
  0x00000201bdca1000 GCTaskThread "GC Thread#1" [stack: 0x00000083be300000,0x00000083be400000] [id=27928]
  0x00000201be376800 GCTaskThread "GC Thread#2" [stack: 0x00000083bef00000,0x00000083bf000000] [id=31404]
  0x00000201be34c800 GCTaskThread "GC Thread#3" [stack: 0x00000083bf000000,0x00000083bf100000] [id=30216]
  0x00000201be2a2000 GCTaskThread "GC Thread#4" [stack: 0x00000083bf100000,0x00000083bf200000] [id=5360]
  0x00000201be2a3000 GCTaskThread "GC Thread#5" [stack: 0x00000083bf200000,0x00000083bf300000] [id=1916]
  0x00000201bd628800 GCTaskThread "GC Thread#6" [stack: 0x00000083bff00000,0x00000083c0000000] [id=31632]
  0x00000201c07a9800 GCTaskThread "GC Thread#7" [stack: 0x00000083c0000000,0x00000083c0100000] [id=5664]
  0x000002019ed6d800 ConcurrentGCThread "G1 Main Marker" [stack: 0x00000083bbf00000,0x00000083bc000000] [id=25052]
  0x000002019ed6f000 ConcurrentGCThread "G1 Conc#0" [stack: 0x00000083bc000000,0x00000083bc100000] [id=27440]
  0x00000201be0dd000 ConcurrentGCThread "G1 Conc#1" [stack: 0x00000083be500000,0x00000083be600000] [id=30084]
  0x000002019edf5800 ConcurrentGCThread "G1 Refine#0" [stack: 0x00000083bc100000,0x00000083bc200000] [id=11076]
  0x000002019edf6800 ConcurrentGCThread "G1 Young RemSet Sampling" [stack: 0x00000083bc200000,0x00000083bc300000] [id=27196]

Threads with active compile tasks:
C1 CompilerThread046703       3       scala.meta.Defn$Trait$::internal$247 (1627 bytes)
C2 CompilerThread246695       4       org.scalafmt.util.TreeOps$::isSeqMulti (17 bytes)

VM state:not at safepoint (normal execution)

VM Mutex/Monitor currently owned by a thread:  ([mutex/lock_event])
[0x000002019ed39130] Compile_lock - owner thread: 0x00000201bb3d8000
[0x000002019ed38170] MethodCompileQueue_lock - owner thread: 0x00000201bb3d8000

Heap address: 0x00000000c0000000, size: 1024 MB, Compressed Oops mode: 32-bit
Narrow klass base: 0x0000000000000000, Narrow klass shift: 3
Compressed class space size: 1073741824 Address: 0x0000000100000000

Heap:
 garbage-first heap   total 230400K, used 140805K [0x00000000c0000000, 0x0000000100000000)
  region size 1024K, 14 young (14336K), 7 survivors (7168K)
 Metaspace       used 249336K, capacity 263464K, committed 263660K, reserved 1273856K
  class space    used 32231K, capacity 39037K, committed 39116K, reserved 1048576K
Heap Regions: E=young(eden), S=young(survivor), O=old, HS=humongous(starts), HC=humongous(continues), CS=collection set, F=free, A=archive, TAMS=top-at-mark-start (previous, next)
|   0|0x00000000c0000000, 0x00000000c0100000, 0x00000000c0100000|100%| O|  |TAMS 0x00000000c0100000, 0x00000000c0100000| Untracked 
|   1|0x00000000c0100000, 0x00000000c0200000, 0x00000000c0200000|100%| O|  |TAMS 0x00000000c0200000, 0x00000000c0200000| Untracked 
|   2|0x00000000c0200000, 0x00000000c0300000, 0x00000000c0300000|100%| O|  |TAMS 0x00000000c0300000, 0x00000000c0300000| Untracked 
|   3|0x00000000c0300000, 0x00000000c0400000, 0x00000000c0400000|100%| O|  |TAMS 0x00000000c0400000, 0x00000000c0400000| Untracked 
|   4|0x00000000c0400000, 0x00000000c0500000, 0x00000000c0500000|100%| O|  |TAMS 0x00000000c0500000, 0x00000000c0500000| Untracked 
|   5|0x00000000c0500000, 0x00000000c0600000, 0x00000000c0600000|100%| O|  |TAMS 0x00000000c0600000, 0x00000000c0600000| Untracked 
|   6|0x00000000c0600000, 0x00000000c0700000, 0x00000000c0700000|100%| O|  |TAMS 0x00000000c0700000, 0x00000000c0700000| Untracked 
|   7|0x00000000c0700000, 0x00000000c0800000, 0x00000000c0800000|100%|HS|  |TAMS 0x00000000c0700000, 0x00000000c0800000| Complete 
|   8|0x00000000c0800000, 0x00000000c0900000, 0x00000000c0900000|100%| O|  |TAMS 0x00000000c0900000, 0x00000000c0900000| Untracked 
|   9|0x00000000c0900000, 0x00000000c0a00000, 0x00000000c0a00000|100%| O|  |TAMS 0x00000000c0a00000, 0x00000000c0a00000| Untracked 
|  10|0x00000000c0a00000, 0x00000000c0b00000, 0x00000000c0b00000|100%| O|  |TAMS 0x00000000c0b00000, 0x00000000c0b00000| Untracked 
|  11|0x00000000c0b00000, 0x00000000c0b81400, 0x00000000c0c00000| 50%| O|  |TAMS 0x00000000c0b00000, 0x00000000c0b81400| Untracked 
|  12|0x00000000c0c00000, 0x00000000c0d00000, 0x00000000c0d00000|100%|HS|  |TAMS 0x00000000c0d00000, 0x00000000c0d00000| Complete 
|  13|0x00000000c0d00000, 0x00000000c0e00000, 0x00000000c0e00000|100%|HC|  |TAMS 0x00000000c0e00000, 0x00000000c0e00000| Complete 
|  14|0x00000000c0e00000, 0x00000000c0f00000, 0x00000000c0f00000|100%|HC|  |TAMS 0x00000000c0f00000, 0x00000000c0f00000| Complete 
|  15|0x00000000c0f00000, 0x00000000c1000000, 0x00000000c1000000|100%| O|  |TAMS 0x00000000c1000000, 0x00000000c1000000| Untracked 
|  16|0x00000000c1000000, 0x00000000c1100000, 0x00000000c1100000|100%|HS|  |TAMS 0x00000000c1100000, 0x00000000c1100000| Complete 
|  17|0x00000000c1100000, 0x00000000c1200000, 0x00000000c1200000|100%|HC|  |TAMS 0x00000000c1200000, 0x00000000c1200000| Complete 
|  18|0x00000000c1200000, 0x00000000c1300000, 0x00000000c1300000|100%| O|  |TAMS 0x00000000c1300000, 0x00000000c1300000| Untracked 
|  19|0x00000000c1300000, 0x00000000c1400000, 0x00000000c1400000|100%| O|  |TAMS 0x00000000c1400000, 0x00000000c1400000| Untracked 
|  20|0x00000000c1400000, 0x00000000c1500000, 0x00000000c1500000|100%| O|  |TAMS 0x00000000c1500000, 0x00000000c1500000| Untracked 
|  21|0x00000000c1500000, 0x00000000c1600000, 0x00000000c1600000|100%| O|  |TAMS 0x00000000c1600000, 0x00000000c1600000| Untracked 
|  22|0x00000000c1600000, 0x00000000c1700000, 0x00000000c1700000|100%| O|  |TAMS 0x00000000c1700000, 0x00000000c1700000| Untracked 
|  23|0x00000000c1700000, 0x00000000c1700000, 0x00000000c1800000|  0%| F|  |TAMS 0x00000000c1700000, 0x00000000c1700000| Untracked 
|  24|0x00000000c1800000, 0x00000000c1900000, 0x00000000c1900000|100%| O|  |TAMS 0x00000000c1900000, 0x00000000c1900000| Untracked 
|  25|0x00000000c1900000, 0x00000000c1a00000, 0x00000000c1a00000|100%| O|  |TAMS 0x00000000c1a00000, 0x00000000c1a00000| Untracked 
|  26|0x00000000c1a00000, 0x00000000c1b00000, 0x00000000c1b00000|100%| O|  |TAMS 0x00000000c1b00000, 0x00000000c1b00000| Untracked 
|  27|0x00000000c1b00000, 0x00000000c1c00000, 0x00000000c1c00000|100%| O|  |TAMS 0x00000000c1c00000, 0x00000000c1c00000| Untracked 
|  28|0x00000000c1c00000, 0x00000000c1d00000, 0x00000000c1d00000|100%| O|  |TAMS 0x00000000c1c00000, 0x00000000c1d00000| Untracked 
|  29|0x00000000c1d00000, 0x00000000c1e00000, 0x00000000c1e00000|100%| O|  |TAMS 0x00000000c1e00000, 0x00000000c1e00000| Untracked 
|  30|0x00000000c1e00000, 0x00000000c1f00000, 0x00000000c1f00000|100%| O|  |TAMS 0x00000000c1f00000, 0x00000000c1f00000| Untracked 
|  31|0x00000000c1f00000, 0x00000000c2000000, 0x00000000c2000000|100%| O|  |TAMS 0x00000000c2000000, 0x00000000c2000000| Untracked 
|  32|0x00000000c2000000, 0x00000000c2100000, 0x00000000c2100000|100%| O|  |TAMS 0x00000000c2100000, 0x00000000c2100000| Untracked 
|  33|0x00000000c2100000, 0x00000000c2200000, 0x00000000c2200000|100%| O|  |TAMS 0x00000000c2200000, 0x00000000c2200000| Untracked 
|  34|0x00000000c2200000, 0x00000000c2300000, 0x00000000c2300000|100%| O|  |TAMS 0x00000000c2300000, 0x00000000c2300000| Untracked 
|  35|0x00000000c2300000, 0x00000000c2400000, 0x00000000c2400000|100%| O|  |TAMS 0x00000000c2400000, 0x00000000c2400000| Untracked 
|  36|0x00000000c2400000, 0x00000000c2500000, 0x00000000c2500000|100%| O|  |TAMS 0x00000000c2500000, 0x00000000c2500000| Untracked 
|  37|0x00000000c2500000, 0x00000000c2600000, 0x00000000c2600000|100%| O|  |TAMS 0x00000000c2530a00, 0x00000000c2600000| Untracked 
|  38|0x00000000c2600000, 0x00000000c2700000, 0x00000000c2700000|100%| O|  |TAMS 0x00000000c2700000, 0x00000000c2700000| Untracked 
|  39|0x00000000c2700000, 0x00000000c2800000, 0x00000000c2800000|100%| O|  |TAMS 0x00000000c2700000, 0x00000000c2800000| Untracked 
|  40|0x00000000c2800000, 0x00000000c2900000, 0x00000000c2900000|100%| O|  |TAMS 0x00000000c2900000, 0x00000000c2900000| Untracked 
|  41|0x00000000c2900000, 0x00000000c2a00000, 0x00000000c2a00000|100%| O|  |TAMS 0x00000000c2900000, 0x00000000c2a00000| Untracked 
|  42|0x00000000c2a00000, 0x00000000c2b00000, 0x00000000c2b00000|100%| O|  |TAMS 0x00000000c2b00000, 0x00000000c2b00000| Untracked 
|  43|0x00000000c2b00000, 0x00000000c2c00000, 0x00000000c2c00000|100%| O|  |TAMS 0x00000000c2c00000, 0x00000000c2c00000| Untracked 
|  44|0x00000000c2c00000, 0x00000000c2d00000, 0x00000000c2d00000|100%| O|  |TAMS 0x00000000c2d00000, 0x00000000c2d00000| Untracked 
|  45|0x00000000c2d00000, 0x00000000c2e00000, 0x00000000c2e00000|100%| O|  |TAMS 0x00000000c2d00000, 0x00000000c2e00000| Untracked 
|  46|0x00000000c2e00000, 0x00000000c2f00000, 0x00000000c2f00000|100%| O|  |TAMS 0x00000000c2e00000, 0x00000000c2f00000| Untracked 
|  47|0x00000000c2f00000, 0x00000000c3000000, 0x00000000c3000000|100%| O|  |TAMS 0x00000000c3000000, 0x00000000c3000000| Untracked 
|  48|0x00000000c3000000, 0x00000000c3100000, 0x00000000c3100000|100%|HS|  |TAMS 0x00000000c3100000, 0x00000000c3100000| Complete 
|  49|0x00000000c3100000, 0x00000000c3200000, 0x00000000c3200000|100%| O|  |TAMS 0x00000000c3100000, 0x00000000c3200000| Untracked 
|  50|0x00000000c3200000, 0x00000000c3300000, 0x00000000c3300000|100%| O|  |TAMS 0x00000000c3300000, 0x00000000c3300000| Untracked 
|  51|0x00000000c3300000, 0x00000000c3400000, 0x00000000c3400000|100%| O|  |TAMS 0x00000000c3400000, 0x00000000c3400000| Untracked 
|  52|0x00000000c3400000, 0x00000000c3500000, 0x00000000c3500000|100%| O|  |TAMS 0x00000000c3500000, 0x00000000c3500000| Untracked 
|  53|0x00000000c3500000, 0x00000000c3600000, 0x00000000c3600000|100%| O|  |TAMS 0x00000000c3600000, 0x00000000c3600000| Untracked 
|  54|0x00000000c3600000, 0x00000000c3700000, 0x00000000c3700000|100%| O|  |TAMS 0x00000000c3700000, 0x00000000c3700000| Untracked 
|  55|0x00000000c3700000, 0x00000000c3800000, 0x00000000c3800000|100%|HS|  |TAMS 0x00000000c3800000, 0x00000000c3800000| Complete 
|  56|0x00000000c3800000, 0x00000000c3900000, 0x00000000c3900000|100%|HC|  |TAMS 0x00000000c3900000, 0x00000000c3900000| Complete 
|  57|0x00000000c3900000, 0x00000000c3a00000, 0x00000000c3a00000|100%|HC|  |TAMS 0x00000000c3a00000, 0x00000000c3a00000| Complete 
|  58|0x00000000c3a00000, 0x00000000c3b00000, 0x00000000c3b00000|100%| O|  |TAMS 0x00000000c3a00000, 0x00000000c3b00000| Untracked 
|  59|0x00000000c3b00000, 0x00000000c3c00000, 0x00000000c3c00000|100%| O|  |TAMS 0x00000000c3c00000, 0x00000000c3c00000| Untracked 
|  60|0x00000000c3c00000, 0x00000000c3d00000, 0x00000000c3d00000|100%| O|  |TAMS 0x00000000c3d00000, 0x00000000c3d00000| Untracked 
|  61|0x00000000c3d00000, 0x00000000c3e00000, 0x00000000c3e00000|100%| O|  |TAMS 0x00000000c3e00000, 0x00000000c3e00000| Untracked 
|  62|0x00000000c3e00000, 0x00000000c3f00000, 0x00000000c3f00000|100%| O|  |TAMS 0x00000000c3f00000, 0x00000000c3f00000| Untracked 
|  63|0x00000000c3f00000, 0x00000000c4000000, 0x00000000c4000000|100%| O|  |TAMS 0x00000000c3f00000, 0x00000000c4000000| Untracked 
|  64|0x00000000c4000000, 0x00000000c4100000, 0x00000000c4100000|100%| O|  |TAMS 0x00000000c4100000, 0x00000000c4100000| Untracked 
|  65|0x00000000c4100000, 0x00000000c4200000, 0x00000000c4200000|100%| O|  |TAMS 0x00000000c4200000, 0x00000000c4200000| Untracked 
|  66|0x00000000c4200000, 0x00000000c4300000, 0x00000000c4300000|100%| O|  |TAMS 0x00000000c4300000, 0x00000000c4300000| Untracked 
|  67|0x00000000c4300000, 0x00000000c4400000, 0x00000000c4400000|100%| O|  |TAMS 0x00000000c4400000, 0x00000000c4400000| Untracked 
|  68|0x00000000c4400000, 0x00000000c4500000, 0x00000000c4500000|100%| O|  |TAMS 0x00000000c4500000, 0x00000000c4500000| Untracked 
|  69|0x00000000c4500000, 0x00000000c4600000, 0x00000000c4600000|100%| O|  |TAMS 0x00000000c4600000, 0x00000000c4600000| Untracked 
|  70|0x00000000c4600000, 0x00000000c4700000, 0x00000000c4700000|100%| O|  |TAMS 0x00000000c4700000, 0x00000000c4700000| Untracked 
|  71|0x00000000c4700000, 0x00000000c4800000, 0x00000000c4800000|100%| O|  |TAMS 0x00000000c4700000, 0x00000000c4800000| Untracked 
|  72|0x00000000c4800000, 0x00000000c4900000, 0x00000000c4900000|100%| O|  |TAMS 0x00000000c4900000, 0x00000000c4900000| Untracked 
|  73|0x00000000c4900000, 0x00000000c4a00000, 0x00000000c4a00000|100%| O|  |TAMS 0x00000000c4a00000, 0x00000000c4a00000| Untracked 
|  74|0x00000000c4a00000, 0x00000000c4b00000, 0x00000000c4b00000|100%| O|  |TAMS 0x00000000c4a00000, 0x00000000c4b00000| Untracked 
|  75|0x00000000c4b00000, 0x00000000c4c00000, 0x00000000c4c00000|100%| O|  |TAMS 0x00000000c4b00000, 0x00000000c4c00000| Untracked 
|  76|0x00000000c4c00000, 0x00000000c4c00000, 0x00000000c4d00000|  0%| F|  |TAMS 0x00000000c4c00000, 0x00000000c4c00000| Untracked 
|  77|0x00000000c4d00000, 0x00000000c4e00000, 0x00000000c4e00000|100%| O|  |TAMS 0x00000000c4d00000, 0x00000000c4e00000| Untracked 
|  78|0x00000000c4e00000, 0x00000000c4f00000, 0x00000000c4f00000|100%| O|  |TAMS 0x00000000c4f00000, 0x00000000c4f00000| Untracked 
|  79|0x00000000c4f00000, 0x00000000c5000000, 0x00000000c5000000|100%| O|  |TAMS 0x00000000c5000000, 0x00000000c5000000| Untracked 
|  80|0x00000000c5000000, 0x00000000c5100000, 0x00000000c5100000|100%| O|  |TAMS 0x00000000c5100000, 0x00000000c5100000| Untracked 
|  81|0x00000000c5100000, 0x00000000c5200000, 0x00000000c5200000|100%| O|  |TAMS 0x00000000c5200000, 0x00000000c5200000| Untracked 
|  82|0x00000000c5200000, 0x00000000c5300000, 0x00000000c5300000|100%| O|  |TAMS 0x00000000c5300000, 0x00000000c5300000| Untracked 
|  83|0x00000000c5300000, 0x00000000c5400000, 0x00000000c5400000|100%| O|  |TAMS 0x00000000c5400000, 0x00000000c5400000| Untracked 
|  84|0x00000000c5400000, 0x00000000c5500000, 0x00000000c5500000|100%| O|  |TAMS 0x00000000c5500000, 0x00000000c5500000| Untracked 
|  85|0x00000000c5500000, 0x00000000c5500000, 0x00000000c5600000|  0%| F|  |TAMS 0x00000000c5500000, 0x00000000c5500000| Untracked 
|  86|0x00000000c5600000, 0x00000000c5700000, 0x00000000c5700000|100%| O|  |TAMS 0x00000000c5700000, 0x00000000c5700000| Untracked 
|  87|0x00000000c5700000, 0x00000000c5800000, 0x00000000c5800000|100%| O|  |TAMS 0x00000000c5800000, 0x00000000c5800000| Untracked 
|  88|0x00000000c5800000, 0x00000000c5900000, 0x00000000c5900000|100%| O|  |TAMS 0x00000000c5900000, 0x00000000c5900000| Untracked 
|  89|0x00000000c5900000, 0x00000000c5a00000, 0x00000000c5a00000|100%| O|  |TAMS 0x00000000c5a00000, 0x00000000c5a00000| Untracked 
|  90|0x00000000c5a00000, 0x00000000c5b00000, 0x00000000c5b00000|100%| O|  |TAMS 0x00000000c5b00000, 0x00000000c5b00000| Untracked 
|  91|0x00000000c5b00000, 0x00000000c5b00000, 0x00000000c5c00000|  0%| F|  |TAMS 0x00000000c5b00000, 0x00000000c5b00000| Untracked 
|  92|0x00000000c5c00000, 0x00000000c5d00000, 0x00000000c5d00000|100%| O|  |TAMS 0x00000000c5d00000, 0x00000000c5d00000| Untracked 
|  93|0x00000000c5d00000, 0x00000000c5e00000, 0x00000000c5e00000|100%| O|  |TAMS 0x00000000c5e00000, 0x00000000c5e00000| Untracked 
|  94|0x00000000c5e00000, 0x00000000c5f00000, 0x00000000c5f00000|100%| O|  |TAMS 0x00000000c5e00000, 0x00000000c5f00000| Untracked 
|  95|0x00000000c5f00000, 0x00000000c6000000, 0x00000000c6000000|100%| O|  |TAMS 0x00000000c6000000, 0x00000000c6000000| Untracked 
|  96|0x00000000c6000000, 0x00000000c6100000, 0x00000000c6100000|100%| O|  |TAMS 0x00000000c6000000, 0x00000000c6100000| Untracked 
|  97|0x00000000c6100000, 0x00000000c6200000, 0x00000000c6200000|100%| O|  |TAMS 0x00000000c6100000, 0x00000000c6200000| Untracked 
|  98|0x00000000c6200000, 0x00000000c6200000, 0x00000000c6300000|  0%| F|  |TAMS 0x00000000c6200000, 0x00000000c6200000| Untracked 
|  99|0x00000000c6300000, 0x00000000c6400000, 0x00000000c6400000|100%| O|  |TAMS 0x00000000c6400000, 0x00000000c6400000| Untracked 
| 100|0x00000000c6400000, 0x00000000c6500000, 0x00000000c6500000|100%| O|  |TAMS 0x00000000c6500000, 0x00000000c6500000| Untracked 
| 101|0x00000000c6500000, 0x00000000c6500000, 0x00000000c6600000|  0%| F|  |TAMS 0x00000000c6500000, 0x00000000c6500000| Untracked 
| 102|0x00000000c6600000, 0x00000000c6700000, 0x00000000c6700000|100%| O|  |TAMS 0x00000000c6700000, 0x00000000c6700000| Untracked 
| 103|0x00000000c6700000, 0x00000000c6800000, 0x00000000c6800000|100%| O|  |TAMS 0x00000000c6800000, 0x00000000c6800000| Untracked 
| 104|0x00000000c6800000, 0x00000000c6900000, 0x00000000c6900000|100%| O|  |TAMS 0x00000000c6900000, 0x00000000c6900000| Untracked 
| 105|0x00000000c6900000, 0x00000000c6a00000, 0x00000000c6a00000|100%| O|  |TAMS 0x00000000c6a00000, 0x00000000c6a00000| Untracked 
| 106|0x00000000c6a00000, 0x00000000c6a00000, 0x00000000c6b00000|  0%| F|  |TAMS 0x00000000c6a00000, 0x00000000c6a00000| Untracked 
| 107|0x00000000c6b00000, 0x00000000c6c00000, 0x00000000c6c00000|100%| O|  |TAMS 0x00000000c6c00000, 0x00000000c6c00000| Untracked 
| 108|0x00000000c6c00000, 0x00000000c6d00000, 0x00000000c6d00000|100%| O|  |TAMS 0x00000000c6d00000, 0x00000000c6d00000| Untracked 
| 109|0x00000000c6d00000, 0x00000000c6e00000, 0x00000000c6e00000|100%| O|  |TAMS 0x00000000c6e00000, 0x00000000c6e00000| Untracked 
| 110|0x00000000c6e00000, 0x00000000c6f00000, 0x00000000c6f00000|100%| O|  |TAMS 0x00000000c6f00000, 0x00000000c6f00000| Untracked 
| 111|0x00000000c6f00000, 0x00000000c7000000, 0x00000000c7000000|100%| O|  |TAMS 0x00000000c7000000, 0x00000000c7000000| Untracked 
| 112|0x00000000c7000000, 0x00000000c7100000, 0x00000000c7100000|100%| O|  |TAMS 0x00000000c7100000, 0x00000000c7100000| Untracked 
| 113|0x00000000c7100000, 0x00000000c7200000, 0x00000000c7200000|100%| O|  |TAMS 0x00000000c7200000, 0x00000000c7200000| Untracked 
| 114|0x00000000c7200000, 0x00000000c7300000, 0x00000000c7300000|100%| O|  |TAMS 0x00000000c7300000, 0x00000000c7300000| Untracked 
| 115|0x00000000c7300000, 0x00000000c7400000, 0x00000000c7400000|100%| O|  |TAMS 0x00000000c7400000, 0x00000000c7400000| Untracked 
| 116|0x00000000c7400000, 0x00000000c7400000, 0x00000000c7500000|  0%| F|  |TAMS 0x00000000c7400000, 0x00000000c7400000| Untracked 
| 117|0x00000000c7500000, 0x00000000c7600000, 0x00000000c7600000|100%| O|  |TAMS 0x00000000c7600000, 0x00000000c7600000| Untracked 
| 118|0x00000000c7600000, 0x00000000c7600000, 0x00000000c7700000|  0%| F|  |TAMS 0x00000000c7600000, 0x00000000c7600000| Untracked 
| 119|0x00000000c7700000, 0x00000000c7700000, 0x00000000c7800000|  0%| F|  |TAMS 0x00000000c7700000, 0x00000000c7700000| Untracked 
| 120|0x00000000c7800000, 0x00000000c7800000, 0x00000000c7900000|  0%| F|  |TAMS 0x00000000c7800000, 0x00000000c7800000| Untracked 
| 121|0x00000000c7900000, 0x00000000c7a00000, 0x00000000c7a00000|100%| O|  |TAMS 0x00000000c7a00000, 0x00000000c7a00000| Untracked 
| 122|0x00000000c7a00000, 0x00000000c7b00000, 0x00000000c7b00000|100%| O|  |TAMS 0x00000000c7b00000, 0x00000000c7b00000| Untracked 
| 123|0x00000000c7b00000, 0x00000000c7c00000, 0x00000000c7c00000|100%| O|  |TAMS 0x00000000c7c00000, 0x00000000c7c00000| Untracked 
| 124|0x00000000c7c00000, 0x00000000c7d00000, 0x00000000c7d00000|100%| O|  |TAMS 0x00000000c7d00000, 0x00000000c7d00000| Untracked 
| 125|0x00000000c7d00000, 0x00000000c7e00000, 0x00000000c7e00000|100%| O|  |TAMS 0x00000000c7e00000, 0x00000000c7e00000| Untracked 
| 126|0x00000000c7e00000, 0x00000000c7f00000, 0x00000000c7f00000|100%| O|  |TAMS 0x00000000c7f00000, 0x00000000c7f00000| Untracked 
| 127|0x00000000c7f00000, 0x00000000c8000000, 0x00000000c8000000|100%| O|  |TAMS 0x00000000c8000000, 0x00000000c8000000| Untracked 
| 128|0x00000000c8000000, 0x00000000c8000000, 0x00000000c8100000|  0%| F|  |TAMS 0x00000000c8000000, 0x00000000c8000000| Untracked 
| 129|0x00000000c8100000, 0x00000000c8100000, 0x00000000c8200000|  0%| F|  |TAMS 0x00000000c8100000, 0x00000000c8100000| Untracked 
| 130|0x00000000c8200000, 0x00000000c8200000, 0x00000000c8300000|  0%| F|  |TAMS 0x00000000c8200000, 0x00000000c8200000| Untracked 
| 131|0x00000000c8300000, 0x00000000c8300000, 0x00000000c8400000|  0%| F|  |TAMS 0x00000000c8300000, 0x00000000c8300000| Untracked 
| 132|0x00000000c8400000, 0x00000000c8500000, 0x00000000c8500000|100%|HS|  |TAMS 0x00000000c8500000, 0x00000000c8500000| Complete 
| 133|0x00000000c8500000, 0x00000000c8600000, 0x00000000c8600000|100%|HC|  |TAMS 0x00000000c8600000, 0x00000000c8600000| Complete 
| 134|0x00000000c8600000, 0x00000000c8700000, 0x00000000c8700000|100%|HC|  |TAMS 0x00000000c8700000, 0x00000000c8700000| Complete 
| 135|0x00000000c8700000, 0x00000000c8700000, 0x00000000c8800000|  0%| F|  |TAMS 0x00000000c8700000, 0x00000000c8700000| Untracked 
| 136|0x00000000c8800000, 0x00000000c8800000, 0x00000000c8900000|  0%| F|  |TAMS 0x00000000c8800000, 0x00000000c8800000| Untracked 
| 137|0x00000000c8900000, 0x00000000c8900000, 0x00000000c8a00000|  0%| F|  |TAMS 0x00000000c8900000, 0x00000000c8900000| Untracked 
| 138|0x00000000c8a00000, 0x00000000c8a00000, 0x00000000c8b00000|  0%| F|  |TAMS 0x00000000c8a00000, 0x00000000c8a00000| Untracked 
| 139|0x00000000c8b00000, 0x00000000c8b00000, 0x00000000c8c00000|  0%| F|  |TAMS 0x00000000c8b00000, 0x00000000c8b00000| Untracked 
| 140|0x00000000c8c00000, 0x00000000c8c00000, 0x00000000c8d00000|  0%| F|  |TAMS 0x00000000c8c00000, 0x00000000c8c00000| Untracked 
| 141|0x00000000c8d00000, 0x00000000c8d00000, 0x00000000c8e00000|  0%| F|  |TAMS 0x00000000c8d00000, 0x00000000c8d00000| Untracked 
| 142|0x00000000c8e00000, 0x00000000c8e00000, 0x00000000c8f00000|  0%| F|  |TAMS 0x00000000c8e00000, 0x00000000c8e00000| Untracked 
| 143|0x00000000c8f00000, 0x00000000c8f00000, 0x00000000c9000000|  0%| F|  |TAMS 0x00000000c8f00000, 0x00000000c8f00000| Untracked 
| 144|0x00000000c9000000, 0x00000000c9000000, 0x00000000c9100000|  0%| F|  |TAMS 0x00000000c9000000, 0x00000000c9000000| Untracked 
| 145|0x00000000c9100000, 0x00000000c9100000, 0x00000000c9200000|  0%| F|  |TAMS 0x00000000c9100000, 0x00000000c9100000| Untracked 
| 146|0x00000000c9200000, 0x00000000c9200000, 0x00000000c9300000|  0%| F|  |TAMS 0x00000000c9200000, 0x00000000c9200000| Untracked 
| 147|0x00000000c9300000, 0x00000000c9300000, 0x00000000c9400000|  0%| F|  |TAMS 0x00000000c9300000, 0x00000000c9300000| Untracked 
| 148|0x00000000c9400000, 0x00000000c9500000, 0x00000000c9500000|100%| O|  |TAMS 0x00000000c9500000, 0x00000000c9500000| Untracked 
| 149|0x00000000c9500000, 0x00000000c9600000, 0x00000000c9600000|100%| O|  |TAMS 0x00000000c9600000, 0x00000000c9600000| Untracked 
| 150|0x00000000c9600000, 0x00000000c9600000, 0x00000000c9700000|  0%| F|  |TAMS 0x00000000c9600000, 0x00000000c9600000| Untracked 
| 151|0x00000000c9700000, 0x00000000c9800000, 0x00000000c9800000|100%| O|  |TAMS 0x00000000c9800000, 0x00000000c9800000| Untracked 
| 152|0x00000000c9800000, 0x00000000c9900000, 0x00000000c9900000|100%| O|  |TAMS 0x00000000c9900000, 0x00000000c9900000| Untracked 
| 153|0x00000000c9900000, 0x00000000c9900000, 0x00000000c9a00000|  0%| F|  |TAMS 0x00000000c9900000, 0x00000000c9900000| Untracked 
| 154|0x00000000c9a00000, 0x00000000c9b00000, 0x00000000c9b00000|100%| O|  |TAMS 0x00000000c9b00000, 0x00000000c9b00000| Untracked 
| 155|0x00000000c9b00000, 0x00000000c9b00000, 0x00000000c9c00000|  0%| F|  |TAMS 0x00000000c9b00000, 0x00000000c9b00000| Untracked 
| 156|0x00000000c9c00000, 0x00000000c9c00000, 0x00000000c9d00000|  0%| F|  |TAMS 0x00000000c9c00000, 0x00000000c9c00000| Untracked 
| 157|0x00000000c9d00000, 0x00000000c9d00000, 0x00000000c9e00000|  0%| F|  |TAMS 0x00000000c9d00000, 0x00000000c9d00000| Untracked 
| 158|0x00000000c9e00000, 0x00000000c9e00000, 0x00000000c9f00000|  0%| F|  |TAMS 0x00000000c9e00000, 0x00000000c9e00000| Untracked 
| 159|0x00000000c9f00000, 0x00000000c9f00000, 0x00000000ca000000|  0%| F|  |TAMS 0x00000000c9f00000, 0x00000000c9f00000| Untracked 
| 160|0x00000000ca000000, 0x00000000ca000000, 0x00000000ca100000|  0%| F|  |TAMS 0x00000000ca000000, 0x00000000ca000000| Untracked 
| 161|0x00000000ca100000, 0x00000000ca100000, 0x00000000ca200000|  0%| F|  |TAMS 0x00000000ca100000, 0x00000000ca100000| Untracked 
| 162|0x00000000ca200000, 0x00000000ca200000, 0x00000000ca300000|  0%| F|  |TAMS 0x00000000ca200000, 0x00000000ca200000| Untracked 
| 163|0x00000000ca300000, 0x00000000ca400000, 0x00000000ca400000|100%| S|CS|TAMS 0x00000000ca300000, 0x00000000ca300000| Complete 
| 164|0x00000000ca400000, 0x00000000ca500000, 0x00000000ca500000|100%| S|CS|TAMS 0x00000000ca400000, 0x00000000ca400000| Complete 
| 165|0x00000000ca500000, 0x00000000ca600000, 0x00000000ca600000|100%| S|CS|TAMS 0x00000000ca500000, 0x00000000ca500000| Complete 
| 166|0x00000000ca600000, 0x00000000ca700000, 0x00000000ca700000|100%| S|CS|TAMS 0x00000000ca600000, 0x00000000ca600000| Complete 
| 167|0x00000000ca700000, 0x00000000ca800000, 0x00000000ca800000|100%| S|CS|TAMS 0x00000000ca700000, 0x00000000ca700000| Complete 
| 168|0x00000000ca800000, 0x00000000ca900000, 0x00000000ca900000|100%| S|CS|TAMS 0x00000000ca800000, 0x00000000ca800000| Complete 
| 169|0x00000000ca900000, 0x00000000caa00000, 0x00000000caa00000|100%| S|CS|TAMS 0x00000000ca900000, 0x00000000ca900000| Complete 
| 170|0x00000000caa00000, 0x00000000caa00000, 0x00000000cab00000|  0%| F|  |TAMS 0x00000000caa00000, 0x00000000caa00000| Untracked 
| 171|0x00000000cab00000, 0x00000000cab00000, 0x00000000cac00000|  0%| F|  |TAMS 0x00000000cab00000, 0x00000000cab00000| Untracked 
| 172|0x00000000cac00000, 0x00000000cac00000, 0x00000000cad00000|  0%| F|  |TAMS 0x00000000cac00000, 0x00000000cac00000| Untracked 
| 173|0x00000000cad00000, 0x00000000cad00000, 0x00000000cae00000|  0%| F|  |TAMS 0x00000000cad00000, 0x00000000cad00000| Untracked 
| 174|0x00000000cae00000, 0x00000000cae00000, 0x00000000caf00000|  0%| F|  |TAMS 0x00000000cae00000, 0x00000000cae00000| Untracked 
| 175|0x00000000caf00000, 0x00000000caf00000, 0x00000000cb000000|  0%| F|  |TAMS 0x00000000caf00000, 0x00000000caf00000| Untracked 
| 176|0x00000000cb000000, 0x00000000cb000000, 0x00000000cb100000|  0%| F|  |TAMS 0x00000000cb000000, 0x00000000cb000000| Untracked 
| 177|0x00000000cb100000, 0x00000000cb100000, 0x00000000cb200000|  0%| F|  |TAMS 0x00000000cb100000, 0x00000000cb100000| Untracked 
| 178|0x00000000cb200000, 0x00000000cb200000, 0x00000000cb300000|  0%| F|  |TAMS 0x00000000cb200000, 0x00000000cb200000| Untracked 
| 179|0x00000000cb300000, 0x00000000cb300000, 0x00000000cb400000|  0%| F|  |TAMS 0x00000000cb300000, 0x00000000cb300000| Untracked 
| 180|0x00000000cb400000, 0x00000000cb400000, 0x00000000cb500000|  0%| F|  |TAMS 0x00000000cb400000, 0x00000000cb400000| Untracked 
| 181|0x00000000cb500000, 0x00000000cb500000, 0x00000000cb600000|  0%| F|  |TAMS 0x00000000cb500000, 0x00000000cb500000| Untracked 
| 182|0x00000000cb600000, 0x00000000cb600000, 0x00000000cb700000|  0%| F|  |TAMS 0x00000000cb600000, 0x00000000cb600000| Untracked 
| 183|0x00000000cb700000, 0x00000000cb700000, 0x00000000cb800000|  0%| F|  |TAMS 0x00000000cb700000, 0x00000000cb700000| Untracked 
| 184|0x00000000cb800000, 0x00000000cb800000, 0x00000000cb900000|  0%| F|  |TAMS 0x00000000cb800000, 0x00000000cb800000| Untracked 
| 185|0x00000000cb900000, 0x00000000cb900000, 0x00000000cba00000|  0%| F|  |TAMS 0x00000000cb900000, 0x00000000cb900000| Untracked 
| 186|0x00000000cba00000, 0x00000000cba00000, 0x00000000cbb00000|  0%| F|  |TAMS 0x00000000cba00000, 0x00000000cba00000| Untracked 
| 187|0x00000000cbb00000, 0x00000000cbb00000, 0x00000000cbc00000|  0%| F|  |TAMS 0x00000000cbb00000, 0x00000000cbb00000| Untracked 
| 188|0x00000000cbc00000, 0x00000000cbc00000, 0x00000000cbd00000|  0%| F|  |TAMS 0x00000000cbc00000, 0x00000000cbc00000| Untracked 
| 189|0x00000000cbd00000, 0x00000000cbd00000, 0x00000000cbe00000|  0%| F|  |TAMS 0x00000000cbd00000, 0x00000000cbd00000| Untracked 
| 190|0x00000000cbe00000, 0x00000000cbe00000, 0x00000000cbf00000|  0%| F|  |TAMS 0x00000000cbe00000, 0x00000000cbe00000| Untracked 
| 191|0x00000000cbf00000, 0x00000000cbf00000, 0x00000000cc000000|  0%| F|  |TAMS 0x00000000cbf00000, 0x00000000cbf00000| Untracked 
| 192|0x00000000cc000000, 0x00000000cc000000, 0x00000000cc100000|  0%| F|  |TAMS 0x00000000cc000000, 0x00000000cc000000| Untracked 
| 193|0x00000000cc100000, 0x00000000cc100000, 0x00000000cc200000|  0%| F|  |TAMS 0x00000000cc100000, 0x00000000cc100000| Untracked 
| 194|0x00000000cc200000, 0x00000000cc200000, 0x00000000cc300000|  0%| F|  |TAMS 0x00000000cc200000, 0x00000000cc200000| Untracked 
| 195|0x00000000cc300000, 0x00000000cc300000, 0x00000000cc400000|  0%| F|  |TAMS 0x00000000cc300000, 0x00000000cc300000| Untracked 
| 196|0x00000000cc400000, 0x00000000cc400000, 0x00000000cc500000|  0%| F|  |TAMS 0x00000000cc400000, 0x00000000cc400000| Untracked 
| 197|0x00000000cc500000, 0x00000000cc500000, 0x00000000cc600000|  0%| F|  |TAMS 0x00000000cc500000, 0x00000000cc500000| Untracked 
| 198|0x00000000cc600000, 0x00000000cc600000, 0x00000000cc700000|  0%| F|  |TAMS 0x00000000cc600000, 0x00000000cc600000| Untracked 
| 199|0x00000000cc700000, 0x00000000cc700000, 0x00000000cc800000|  0%| F|  |TAMS 0x00000000cc700000, 0x00000000cc700000| Untracked 
| 200|0x00000000cc800000, 0x00000000cc800000, 0x00000000cc900000|  0%| F|  |TAMS 0x00000000cc800000, 0x00000000cc800000| Untracked 
| 201|0x00000000cc900000, 0x00000000cc900000, 0x00000000cca00000|  0%| F|  |TAMS 0x00000000cc900000, 0x00000000cc900000| Untracked 
| 202|0x00000000cca00000, 0x00000000cca00000, 0x00000000ccb00000|  0%| F|  |TAMS 0x00000000cca00000, 0x00000000cca00000| Untracked 
| 203|0x00000000ccb00000, 0x00000000ccb00000, 0x00000000ccc00000|  0%| F|  |TAMS 0x00000000ccb00000, 0x00000000ccb00000| Untracked 
| 204|0x00000000ccc00000, 0x00000000ccc00000, 0x00000000ccd00000|  0%| F|  |TAMS 0x00000000ccc00000, 0x00000000ccc00000| Untracked 
| 205|0x00000000ccd00000, 0x00000000ccd00000, 0x00000000cce00000|  0%| F|  |TAMS 0x00000000ccd00000, 0x00000000ccd00000| Untracked 
| 206|0x00000000cce00000, 0x00000000cce00000, 0x00000000ccf00000|  0%| F|  |TAMS 0x00000000cce00000, 0x00000000cce00000| Untracked 
| 207|0x00000000ccf00000, 0x00000000ccf00000, 0x00000000cd000000|  0%| F|  |TAMS 0x00000000ccf00000, 0x00000000ccf00000| Untracked 
| 208|0x00000000cd000000, 0x00000000cd000000, 0x00000000cd100000|  0%| F|  |TAMS 0x00000000cd000000, 0x00000000cd000000| Untracked 
| 209|0x00000000cd100000, 0x00000000cd100000, 0x00000000cd200000|  0%| F|  |TAMS 0x00000000cd100000, 0x00000000cd100000| Untracked 
| 210|0x00000000cd200000, 0x00000000cd200000, 0x00000000cd300000|  0%| F|  |TAMS 0x00000000cd200000, 0x00000000cd200000| Untracked 
| 211|0x00000000cd300000, 0x00000000cd300000, 0x00000000cd400000|  0%| F|  |TAMS 0x00000000cd300000, 0x00000000cd300000| Untracked 
| 212|0x00000000cd400000, 0x00000000cd400000, 0x00000000cd500000|  0%| F|  |TAMS 0x00000000cd400000, 0x00000000cd400000| Untracked 
| 213|0x00000000cd500000, 0x00000000cd500000, 0x00000000cd600000|  0%| F|  |TAMS 0x00000000cd500000, 0x00000000cd500000| Untracked 
| 214|0x00000000cd600000, 0x00000000cd600000, 0x00000000cd700000|  0%| F|  |TAMS 0x00000000cd600000, 0x00000000cd600000| Untracked 
| 215|0x00000000cd700000, 0x00000000cd700000, 0x00000000cd800000|  0%| F|  |TAMS 0x00000000cd700000, 0x00000000cd700000| Untracked 
| 216|0x00000000cd800000, 0x00000000cd800000, 0x00000000cd900000|  0%| F|  |TAMS 0x00000000cd800000, 0x00000000cd800000| Untracked 
| 217|0x00000000cd900000, 0x00000000cd914150, 0x00000000cda00000|  7%| E|  |TAMS 0x00000000cd900000, 0x00000000cd900000| Complete 
| 218|0x00000000cda00000, 0x00000000cdb00000, 0x00000000cdb00000|100%| E|CS|TAMS 0x00000000cda00000, 0x00000000cda00000| Complete 
| 219|0x00000000cdb00000, 0x00000000cdc00000, 0x00000000cdc00000|100%| E|CS|TAMS 0x00000000cdb00000, 0x00000000cdb00000| Complete 
| 220|0x00000000cdc00000, 0x00000000cdd00000, 0x00000000cdd00000|100%| E|CS|TAMS 0x00000000cdc00000, 0x00000000cdc00000| Complete 
| 221|0x00000000cdd00000, 0x00000000cde00000, 0x00000000cde00000|100%| E|CS|TAMS 0x00000000cdd00000, 0x00000000cdd00000| Complete 
| 222|0x00000000cde00000, 0x00000000cdf00000, 0x00000000cdf00000|100%| E|CS|TAMS 0x00000000cde00000, 0x00000000cde00000| Complete 
| 223|0x00000000cdf00000, 0x00000000ce000000, 0x00000000ce000000|100%| E|CS|TAMS 0x00000000cdf00000, 0x00000000cdf00000| Complete 
| 224|0x00000000ce000000, 0x00000000ce100000, 0x00000000ce100000|100%| E|CS|TAMS 0x00000000ce000000, 0x00000000ce000000| Complete 

Card table byte_map: [0x00000201b6590000,0x00000201b6790000] _byte_map_base: 0x00000201b5f90000

Marking Bits (Prev, Next): (CMBitMap*) 0x000002019ed68928, (CMBitMap*) 0x000002019ed68960
 Prev Bits: [0x00000201b6990000, 0x00000201b7990000)
 Next Bits: [0x00000201b7990000, 0x00000201b8990000)

Polling page: 0x000002019cd30000

Metaspace:

Usage:
  Non-class:    219.17 MB capacity,   212.02 MB ( 97%) used,     5.38 MB (  2%) free+waste,     1.77 MB ( <1%) overhead. 
      Class:     38.12 MB capacity,    31.48 MB ( 83%) used,     5.78 MB ( 15%) free+waste,   882.13 KB (  2%) overhead. 
       Both:    257.29 MB capacity,   243.49 MB ( 95%) used,    11.17 MB (  4%) free+waste,     2.63 MB (  1%) overhead. 

Virtual space:
  Non-class space:      220.00 MB reserved,     219.28 MB (>99%) committed 
      Class space:        1.00 GB reserved,      38.20 MB (  4%) committed 
             Both:        1.21 GB reserved,     257.48 MB ( 21%) committed 

Chunk freelists:
   Non-Class:  2.63 KB
       Class:  384 bytes
        Both:  3.00 KB

CodeHeap 'non-profiled nmethods': size=120000Kb used=37653Kb max_used=38255Kb free=82346Kb
 bounds [0x00000201aeb30000, 0x00000201b10a0000, 0x00000201b6060000]
CodeHeap 'profiled nmethods': size=120000Kb used=77653Kb max_used=78786Kb free=42346Kb
 bounds [0x00000201a7600000, 0x00000201ac3f0000, 0x00000201aeb30000]
CodeHeap 'non-nmethods': size=5760Kb used=1416Kb max_used=1489Kb free=4343Kb
 bounds [0x00000201a7060000, 0x00000201a72d0000, 0x00000201a7600000]
 total_blobs=64448 nmethods=37047 adapters=762
 compilation: enabled
              stopped_count=0, restarted_count=0
 full_count=0

Compilation events (10 events):
Event: 3509.043 Thread 0x00000201bb3cc000 46698       4       java.lang.invoke.LambdaForm$MH/0x0000000100cb4440::linkToTargetMethod (23 bytes)
Event: 3509.043 Thread 0x00000201bb3cc000 nmethod 46698 0x00000201afdcf590 code [0x00000201afdcf740, 0x00000201afdcf858]
Event: 3509.043 Thread 0x00000201bb3cc000 46699       4       java.lang.invoke.LambdaForm$DMH/0x0000000100cb3440::invokeStatic (30 bytes)
Event: 3509.044 Thread 0x00000201bb3d8000 nmethod 46702 0x00000201a9e3b810 code [0x00000201a9e3bb00, 0x00000201a9e3cbf0]
Event: 3509.044 Thread 0x00000201bb3d8000 46696       3       scala.collection.mutable.PriorityQueue::$plus$eq (6 bytes)
Event: 3509.044 Thread 0x00000201bb3d8000 nmethod 46696 0x00000201a7f1a690 code [0x00000201a7f1a860, 0x00000201a7f1ab10]
Event: 3509.044 Thread 0x00000201bb3d8000 46697       3       scala.collection.mutable.PriorityQueue::addOne (6 bytes)
Event: 3509.044 Thread 0x00000201bb3d8000 nmethod 46697 0x00000201a7bef010 code [0x00000201a7bef1c0, 0x00000201a7bef350]
Event: 3509.045 Thread 0x00000201bb3cc000 nmethod 46699 0x00000201aff16890 code [0x00000201aff16a40, 0x00000201aff16b28]
Event: 3509.045 Thread 0x00000201bb3cc000 46700       4       org.scalafmt.internal.BestFirstSearch$$Lambda$2737/0x0000000100cb3840::get$Lambda (22 bytes)

GC Heap History (10 events):
Event: 3413.150 GC heap after
{Heap after GC invocations=464 (full 0):
 garbage-first heap   total 230400K, used 122477K [0x00000000c0000000, 0x0000000100000000)
  region size 1024K, 2 young (2048K), 2 survivors (2048K)
 Metaspace       used 249261K, capacity 263431K, committed 263660K, reserved 1273856K
  class space    used 32230K, capacity 39036K, committed 39116K, reserved 1048576K
}
Event: 3413.353 GC heap before
{Heap before GC invocations=464 (full 0):
 garbage-first heap   total 230400K, used 130669K [0x00000000c0000000, 0x0000000100000000)
  region size 1024K, 11 young (11264K), 2 survivors (2048K)
 Metaspace       used 249261K, capacity 263431K, committed 263660K, reserved 1273856K
  class space    used 32230K, capacity 39036K, committed 39116K, reserved 1048576K
}
Event: 3413.363 GC heap after
{Heap after GC invocations=465 (full 0):
 garbage-first heap   total 230400K, used 115868K [0x00000000c0000000, 0x0000000100000000)
  region size 1024K, 1 young (1024K), 1 survivors (1024K)
 Metaspace       used 249261K, capacity 263431K, committed 263660K, reserved 1273856K
  class space    used 32230K, capacity 39036K, committed 39116K, reserved 1048576K
}
Event: 3430.423 GC heap before
{Heap before GC invocations=465 (full 0):
 garbage-first heap   total 230400K, used 181404K [0x00000000c0000000, 0x0000000100000000)
  region size 1024K, 65 young (66560K), 1 survivors (1024K)
 Metaspace       used 249298K, capacity 263450K, committed 263660K, reserved 1273856K
  class space    used 32230K, capacity 39036K, committed 39116K, reserved 1048576K
}
Event: 3430.434 GC heap after
{Heap after GC invocations=466 (full 0):
 garbage-first heap   total 230400K, used 121147K [0x00000000c0000000, 0x0000000100000000)
  region size 1024K, 7 young (7168K), 7 survivors (7168K)
 Metaspace       used 249298K, capacity 263450K, committed 263660K, reserved 1273856K
  class space    used 32230K, capacity 39036K, committed 39116K, reserved 1048576K
}
Event: 3454.042 GC heap before
{Heap before GC invocations=467 (full 0):
 garbage-first heap   total 230400K, used 183611K [0x00000000c0000000, 0x0000000100000000)
  region size 1024K, 68 young (69632K), 7 survivors (7168K)
 Metaspace       used 249310K, capacity 263459K, committed 263660K, reserved 1273856K
  class space    used 32231K, capacity 39037K, committed 39116K, reserved 1048576K
}
Event: 3454.051 GC heap after
{Heap after GC invocations=468 (full 0):
 garbage-first heap   total 230400K, used 130472K [0x00000000c0000000, 0x0000000100000000)
  region size 1024K, 9 young (9216K), 9 survivors (9216K)
 Metaspace       used 249310K, capacity 263459K, committed 263660K, reserved 1273856K
  class space    used 32231K, capacity 39037K, committed 39116K, reserved 1048576K
}
Event: 3454.368 GC heap before
{Heap before GC invocations=468 (full 0):
 garbage-first heap   total 230400K, used 132520K [0x00000000c0000000, 0x0000000100000000)
  region size 1024K, 11 young (11264K), 9 survivors (9216K)
 Metaspace       used 249310K, capacity 263459K, committed 263660K, reserved 1273856K
  class space    used 32231K, capacity 39037K, committed 39116K, reserved 1048576K
}
Event: 3454.377 GC heap after
{Heap after GC invocations=469 (full 0):
 garbage-first heap   total 230400K, used 127712K [0x00000000c0000000, 0x0000000100000000)
  region size 1024K, 2 young (2048K), 2 survivors (2048K)
 Metaspace       used 249310K, capacity 263459K, committed 263660K, reserved 1273856K
  class space    used 32231K, capacity 39037K, committed 39116K, reserved 1048576K
}
Event: 3509.046 GC heap before
{Heap before GC invocations=469 (full 0):
 garbage-first heap   total 230400K, used 181984K [0x00000000c0000000, 0x0000000100000000)
  region size 1024K, 55 young (56320K), 2 survivors (2048K)
 Metaspace       used 249336K, capacity 263464K, committed 263660K, reserved 1273856K
  class space    used 32231K, capacity 39037K, committed 39116K, reserved 1048576K
}

Deoptimization events (10 events):
Event: 3411.977 Thread 0x00000201c4a42800 Uncommon trap: reason=class_check action=maybe_recompile pc=0x00000201b0594f00 method=scala.tools.nsc.interactive.InteractiveAnalyzer$InteractiveNamer.enterExistingSym(Lscala/reflect/internal/Symbols$Symbol;Lscala/reflect/internal/Trees$Tree;)Lscala/tools
Event: 3411.978 Thread 0x00000201c4a42800 Uncommon trap: reason=class_check action=maybe_recompile pc=0x00000201b0594f00 method=scala.tools.nsc.interactive.InteractiveAnalyzer$InteractiveNamer.enterExistingSym(Lscala/reflect/internal/Symbols$Symbol;Lscala/reflect/internal/Trees$Tree;)Lscala/tools
Event: 3437.110 Thread 0x00000201c4a42800 Uncommon trap: reason=unstable_if action=reinterpret pc=0x00000201b0c9655c method=scala.tools.nsc.typechecker.Namers$Namer.methodSig(Lscala/reflect/internal/Trees$DefDef;)Lscala/reflect/internal/Types$Type; @ 1586 c2
Event: 3455.033 Thread 0x00000201bde99000 Uncommon trap: reason=class_check action=maybe_recompile pc=0x00000201af2f1200 method=org.scalafmt.internal.BestFirstSearch.isInsideNoOptZone(Lorg/scalafmt/internal/FormatToken;)Z @ 24 c2
Event: 3455.033 Thread 0x00000201bde99000 Uncommon trap: reason=class_check action=maybe_recompile pc=0x00000201af2f1200 method=org.scalafmt.internal.BestFirstSearch.isInsideNoOptZone(Lorg/scalafmt/internal/FormatToken;)Z @ 24 c2
Event: 3455.033 Thread 0x00000201bde99000 Uncommon trap: reason=class_check action=maybe_recompile pc=0x00000201afc5fb10 method=org.scalafmt.internal.BestFirstSearch.isInsideNoOptZone(Lorg/scalafmt/internal/FormatToken;)Z @ 24 c2
Event: 3455.033 Thread 0x00000201bde99000 Uncommon trap: reason=class_check action=maybe_recompile pc=0x00000201af2f1200 method=org.scalafmt.internal.BestFirstSearch.isInsideNoOptZone(Lorg/scalafmt/internal/FormatToken;)Z @ 24 c2
Event: 3455.033 Thread 0x00000201bde99000 Uncommon trap: reason=class_check action=maybe_recompile pc=0x00000201afc5fb10 method=org.scalafmt.internal.BestFirstSearch.isInsideNoOptZone(Lorg/scalafmt/internal/FormatToken;)Z @ 24 c2
Event: 3455.033 Thread 0x00000201bde99000 Uncommon trap: reason=class_check action=maybe_recompile pc=0x00000201b016ecc0 method=org.scalafmt.internal.BestFirstSearch.isInsideNoOptZone(Lorg/scalafmt/internal/FormatToken;)Z @ 24 c2
Event: 3455.033 Thread 0x00000201bde99000 Uncommon trap: reason=class_check action=maybe_recompile pc=0x00000201b07bef18 method=org.scalafmt.internal.BestFirstSearch.isInsideNoOptZone(Lorg/scalafmt/internal/FormatToken;)Z @ 24 c2

Classes redefined (0 events):
No events

Internal exceptions (10 events):
Event: 3455.038 Thread 0x00000201c4a3b000 Exception <a 'sun/nio/fs/WindowsException'{0x00000000cdcfe8b0}> (0x00000000cdcfe8b0) thrown at [t:/workspace/open/src/hotspot/share/prims/jni.cpp, line 615]
Event: 3455.313 Thread 0x00000201c5113000 Exception <a 'sun/nio/fs/WindowsException'{0x00000000cd928180}> (0x00000000cd928180) thrown at [t:/workspace/open/src/hotspot/share/prims/jni.cpp, line 615]
Event: 3455.313 Thread 0x00000201c4a36800 Exception <a 'sun/nio/fs/WindowsException'{0x00000000cd9372d0}> (0x00000000cd9372d0) thrown at [t:/workspace/open/src/hotspot/share/prims/jni.cpp, line 615]
Event: 3456.012 Thread 0x00000201be189000 Exception <a 'sun/nio/fs/WindowsException'{0x00000000cd6f9aa0}> (0x00000000cd6f9aa0) thrown at [t:/workspace/open/src/hotspot/share/prims/jni.cpp, line 615]
Event: 3474.267 Thread 0x00000201c4a36800 Exception <a 'sun/nio/fs/WindowsException'{0x00000000cd5b26b8}> (0x00000000cd5b26b8) thrown at [t:/workspace/open/src/hotspot/share/prims/jni.cpp, line 615]
Event: 3475.120 Thread 0x00000201bde99000 Exception <a 'sun/nio/fs/WindowsException'{0x00000000cd4b6dc0}> (0x00000000cd4b6dc0) thrown at [t:/workspace/open/src/hotspot/share/prims/jni.cpp, line 615]
Event: 3475.365 Thread 0x00000201c4a36800 Exception <a 'sun/nio/fs/WindowsException'{0x00000000cd2cb228}> (0x00000000cd2cb228) thrown at [t:/workspace/open/src/hotspot/share/prims/jni.cpp, line 615]
Event: 3477.144 Thread 0x00000201c5116000 Exception <a 'sun/nio/fs/WindowsException'{0x00000000cd0192e8}> (0x00000000cd0192e8) thrown at [t:/workspace/open/src/hotspot/share/prims/jni.cpp, line 615]
Event: 3480.710 Thread 0x00000201c4a3b000 Exception <a 'sun/nio/fs/WindowsException'{0x00000000cc106dc0}> (0x00000000cc106dc0) thrown at [t:/workspace/open/src/hotspot/share/prims/jni.cpp, line 615]
Event: 3505.282 Thread 0x00000201c5113000 Exception <a 'sun/nio/fs/WindowsException'{0x00000000cb9056d8}> (0x00000000cb9056d8) thrown at [t:/workspace/open/src/hotspot/share/prims/jni.cpp, line 615]

Events (10 events):
Event: 3477.589 Executing VM operation: RevokeBias done
Event: 3477.589 Executing VM operation: RevokeBias
Event: 3477.590 Executing VM operation: RevokeBias done
Event: 3477.590 Thread 0x00000201c510a000 Thread exited: 0x00000201c510a000
Event: 3477.590 Thread 0x00000201c5112000 Thread added: 0x00000201c5112000
Event: 3477.598 Executing VM operation: RevokeBias
Event: 3477.598 Executing VM operation: RevokeBias done
Event: 3509.040 Thread 0x00000201c510a000 Thread added: 0x00000201c510a000
Event: 3509.040 Thread 0x00000201c5113800 Thread added: 0x00000201c5113800
Event: 3509.046 Executing VM operation: G1CollectForAllocation


Dynamic libraries:
0x00007ff726200000 - 0x00007ff726247000 	C:\Program Files\Java\jdk-11.0.2\bin\java.exe
0x00007ffc492b0000 - 0x00007ffc494a5000 	C:\WINDOWS\SYSTEM32\ntdll.dll
0x00007ffc48d30000 - 0x00007ffc48dee000 	C:\WINDOWS\System32\KERNEL32.DLL
0x00007ffc46d60000 - 0x00007ffc47028000 	C:\WINDOWS\System32\KERNELBASE.dll
0x00007ffc49030000 - 0x00007ffc490dc000 	C:\WINDOWS\System32\ADVAPI32.dll
0x00007ffc48390000 - 0x00007ffc4842e000 	C:\WINDOWS\System32\msvcrt.dll
0x00007ffc48c60000 - 0x00007ffc48cfb000 	C:\WINDOWS\System32\sechost.dll
0x00007ffc47a40000 - 0x00007ffc47b6a000 	C:\WINDOWS\System32\RPCRT4.dll
0x00007ffc481e0000 - 0x00007ffc48381000 	C:\WINDOWS\System32\USER32.dll
0x00007ffc472c0000 - 0x00007ffc472e2000 	C:\WINDOWS\System32\win32u.dll
0x00007ffc47b70000 - 0x00007ffc47b9b000 	C:\WINDOWS\System32\GDI32.dll
0x00007ffc46af0000 - 0x00007ffc46bfd000 	C:\WINDOWS\System32\gdi32full.dll
0x00007ffc47030000 - 0x00007ffc470cd000 	C:\WINDOWS\System32\msvcp_win.dll
0x00007ffc469f0000 - 0x00007ffc46af0000 	C:\WINDOWS\System32\ucrtbase.dll
0x00007ffc317b0000 - 0x00007ffc31a4a000 	C:\WINDOWS\WinSxS\amd64_microsoft.windows.common-controls_6595b64144ccf1df_6.0.19041.1110_none_60b5254171f9507e\COMCTL32.dll
0x00007ffc45750000 - 0x00007ffc4575a000 	C:\WINDOWS\SYSTEM32\VERSION.dll
0x00007ffc48d00000 - 0x00007ffc48d30000 	C:\WINDOWS\System32\IMM32.DLL
0x00007ffc36e60000 - 0x00007ffc36e76000 	C:\Program Files\Java\jdk-11.0.2\bin\vcruntime140.dll
0x00007ffbfb460000 - 0x00007ffbfb50a000 	C:\Program Files\Java\jdk-11.0.2\bin\msvcp140.dll
0x00007ffbe6170000 - 0x00007ffbe6c97000 	C:\Program Files\Java\jdk-11.0.2\bin\server\jvm.dll
0x00007ffc48c50000 - 0x00007ffc48c58000 	C:\WINDOWS\System32\PSAPI.DLL
0x00007ffc309b0000 - 0x00007ffc309b9000 	C:\WINDOWS\SYSTEM32\WSOCK32.dll
0x00007ffc48be0000 - 0x00007ffc48c4b000 	C:\WINDOWS\System32\WS2_32.dll
0x00007ffc31070000 - 0x00007ffc31097000 	C:\WINDOWS\SYSTEM32\WINMM.dll
0x00007ffc44b70000 - 0x00007ffc44b82000 	C:\WINDOWS\SYSTEM32\kernel.appcore.dll
0x00007ffc36e30000 - 0x00007ffc36e41000 	C:\Program Files\Java\jdk-11.0.2\bin\verify.dll
0x00007ffc44190000 - 0x00007ffc44374000 	C:\WINDOWS\SYSTEM32\DBGHELP.DLL
0x00007ffc38050000 - 0x00007ffc3807c000 	C:\WINDOWS\SYSTEM32\dbgcore.DLL
0x00007ffc47230000 - 0x00007ffc472b2000 	C:\WINDOWS\System32\bcryptPrimitives.dll
0x00007ffc2aa80000 - 0x00007ffc2aaa9000 	C:\Program Files\Java\jdk-11.0.2\bin\java.dll
0x00007ffc33ad0000 - 0x00007ffc33ae6000 	C:\Program Files\Java\jdk-11.0.2\bin\zip.dll
0x00007ffc3b750000 - 0x00007ffc3b75a000 	C:\Program Files\Java\jdk-11.0.2\bin\jimage.dll
0x00007ffc472f0000 - 0x00007ffc47a34000 	C:\WINDOWS\System32\SHELL32.dll
0x00007ffc44f20000 - 0x00007ffc456b4000 	C:\WINDOWS\SYSTEM32\windows.storage.dll
0x00007ffc48880000 - 0x00007ffc48bd5000 	C:\WINDOWS\System32\combase.dll
0x00007ffc462c0000 - 0x00007ffc462ee000 	C:\WINDOWS\SYSTEM32\Wldp.dll
0x00007ffc48700000 - 0x00007ffc487ad000 	C:\WINDOWS\System32\SHCORE.dll
0x00007ffc49210000 - 0x00007ffc49265000 	C:\WINDOWS\System32\shlwapi.dll
0x00007ffc46900000 - 0x00007ffc4691f000 	C:\WINDOWS\SYSTEM32\profapi.dll
0x00007ffc33920000 - 0x00007ffc33939000 	C:\Program Files\Java\jdk-11.0.2\bin\net.dll
0x00007ffc3cba0000 - 0x00007ffc3ccac000 	C:\WINDOWS\SYSTEM32\WINHTTP.dll
0x00007ffc35e50000 - 0x00007ffc3603b000 	C:\WINDOWS\SYSTEM32\urlmon.dll
0x00007ffc35ba0000 - 0x00007ffc35e50000 	C:\WINDOWS\SYSTEM32\iertutil.dll
0x00007ffc3ae50000 - 0x00007ffc3ae78000 	C:\WINDOWS\SYSTEM32\srvcli.dll
0x00007ffc45eb0000 - 0x00007ffc45ebc000 	C:\WINDOWS\SYSTEM32\netutils.dll
0x00007ffc46040000 - 0x00007ffc460aa000 	C:\WINDOWS\system32\mswsock.dll
0x00007ffc26410000 - 0x00007ffc26423000 	C:\Program Files\Java\jdk-11.0.2\bin\nio.dll
0x00007ffc45d90000 - 0x00007ffc45e5b000 	C:\WINDOWS\SYSTEM32\DNSAPI.dll
0x00007ffc45d50000 - 0x00007ffc45d8b000 	C:\WINDOWS\SYSTEM32\IPHLPAPI.DLL
0x00007ffc48f20000 - 0x00007ffc48f28000 	C:\WINDOWS\System32\NSI.dll
0x00007ffc3bae0000 - 0x00007ffc3baea000 	C:\Windows\System32\rasadhlp.dll
0x00007ffc3aad0000 - 0x00007ffc3ab4f000 	C:\WINDOWS\System32\fwpuclnt.dll
0x00007ffc469c0000 - 0x00007ffc469e7000 	C:\WINDOWS\System32\bcrypt.dll
0x00007ffc46300000 - 0x00007ffc46318000 	C:\WINDOWS\SYSTEM32\CRYPTSP.dll
0x00007ffc459e0000 - 0x00007ffc45a14000 	C:\WINDOWS\system32\rsaenh.dll
0x00007ffc46880000 - 0x00007ffc468ae000 	C:\WINDOWS\SYSTEM32\USERENV.dll
0x00007ffc461d0000 - 0x00007ffc461dc000 	C:\WINDOWS\SYSTEM32\CRYPTBASE.dll
0x00007ffc3bd70000 - 0x00007ffc3bd87000 	C:\WINDOWS\SYSTEM32\dhcpcsvc6.DLL
0x00007ffc3bbe0000 - 0x00007ffc3bbfd000 	C:\WINDOWS\SYSTEM32\dhcpcsvc.DLL
0x000000006fd00000 - 0x000000006fd07000 	C:\Users\brako\AppData\Local\Temp\swoval-jni\5225149843597286523-swoval-files0.dll

dbghelp: loaded successfully - version: 4.0.5 - missing functions: none
symbol engine: initialized successfully - sym options: 0x614 - pdb path: .;C:\Program Files\Java\jdk-11.0.2\bin;C:\WINDOWS\SYSTEM32;C:\WINDOWS\WinSxS\amd64_microsoft.windows.common-controls_6595b64144ccf1df_6.0.19041.1110_none_60b5254171f9507e;C:\Program Files\Java\jdk-11.0.2\bin\server;C:\Users\brako\AppData\Local\Temp\swoval-jni

VM Arguments:
jvm_args: -Xss4m -Xms100m -Dmetals.client=vscode -Xmx1G 
java_command: scala.meta.metals.Main
java_class_path (initial): C:\Users\brako\AppData\Local\Coursier\cache\v1\https\repo1.maven.org\maven2\org\scalameta\metals_2.12\0.10.9\metals_2.12-0.10.9.jar;C:\Users\brako\AppData\Local\Coursier\cache\v1\https\repo1.maven.org\maven2\org\scala-lang\scala-library\2.12.15\scala-library-2.12.15.jar;C:\Users\brako\AppData\Local\Coursier\cache\v1\https\repo1.maven.org\maven2\org\scalameta\mtags_2.12.15\0.10.9\mtags_2.12.15-0.10.9.jar;C:\Users\brako\AppData\Local\Coursier\cache\v1\https\repo1.maven.org\maven2\com\google\guava\guava\31.0.1-jre\guava-31.0.1-jre.jar;C:\Users\brako\AppData\Local\Coursier\cache\v1\https\repo1.maven.org\maven2\com\geirsson\metaconfig-core_2.12\0.9.15\metaconfig-core_2.12-0.9.15.jar;C:\Users\brako\AppData\Local\Coursier\cache\v1\https\repo1.maven.org\maven2\org\openjdk\jol\jol-core\0.16\jol-core-0.16.jar;C:\Users\brako\AppData\Local\Coursier\cache\v1\https\repo1.maven.org\maven2\com\swoval\file-tree-views\2.1.7\file-tree-views-2.1.7.jar;C:\Users\brako\AppData\Local\Coursier\cache\v1\https\repo1.maven.org\maven2\io\undertow\undertow-core\2.2.12.Final\undertow-core-2.2.12.Final.jar;C:\Users\brako\AppData\Local\Coursier\cache\v1\https\repo1.maven.org\maven2\org\jboss\xnio\xnio-nio\3.8.4.Final\xnio-nio-3.8.4.Final.jar;C:\Users\brako\AppData\Local\Coursier\cache\v1\https\repo1.maven.org\maven2\org\flywaydb\flyway-core\8.0.2\flyway-core-8.0.2.jar;C:\Users\brako\AppData\Local\Coursier\cache\v1\https\repo1.maven.org\maven2\com\h2database\h2\1.4.200\h2-1.4.200.jar;C:\Users\brako\AppData\Local\Coursier\cache\v1\https\repo1.maven.org\maven2\org\scala-sbt\ipcsocket\ipcsocket\1.4.0\ipcsocket-1.4.0.jar;C:\Users\brako\AppData\Local\Coursier\cache\v1\https\repo1.maven.org\maven2\ch\epfl\scala\bsp4j\2.0.0-M15\bsp4j-2.0.0-M15.jar;C:\Users\brako\AppData\Local\Coursier\cache\v1\https\repo1.maven.org\maven2\ch\epfl\scala\bloop-launcher_2.12\1.4.11\bloop-launcher_2.12-1.4.11.jar;C:\Users\brako\AppData\Local\Coursier\cache\v1\https\repo1.maven.org\maven2\org\eclips
Launcher Type: SUN_STANDARD

[Global flags]
     intx CICompilerCount                          = 4                                         {product} {ergonomic}
     uint ConcGCThreads                            = 2                                         {product} {ergonomic}
     uint G1ConcRefinementThreads                  = 8                                         {product} {ergonomic}
   size_t G1HeapRegionSize                         = 1048576                                   {product} {ergonomic}
    uintx GCDrainStackTargetSize                   = 64                                        {product} {ergonomic}
   size_t InitialHeapSize                          = 104857600                                 {product} {command line}
   size_t MarkStackSize                            = 4194304                                   {product} {ergonomic}
   size_t MaxHeapSize                              = 1073741824                                {product} {command line}
   size_t MaxNewSize                               = 643825664                                 {product} {ergonomic}
   size_t MinHeapDeltaBytes                        = 1048576                                   {product} {ergonomic}
    uintx NonNMethodCodeHeapSize                   = 5835340                                {pd product} {ergonomic}
    uintx NonProfiledCodeHeapSize                  = 122911450                              {pd product} {ergonomic}
    uintx ProfiledCodeHeapSize                     = 122911450                              {pd product} {ergonomic}
    uintx ReservedCodeCacheSize                    = 251658240                              {pd product} {ergonomic}
     bool SegmentedCodeCache                       = true                                      {product} {ergonomic}
     intx ThreadStackSize                          = 4096                                   {pd product} {command line}
     bool UseCompressedClassPointers               = true                                 {lp64_product} {ergonomic}
     bool UseCompressedOops                        = true                                 {lp64_product} {ergonomic}
     bool UseG1GC                                  = true                                      {product} {ergonomic}
     bool UseLargePagesIndividualAllocation        = false                                  {pd product} {ergonomic}

Logging:
Log output configuration:
 #0: stdout all=warning uptime,level,tags
 #1: stderr all=off uptime,level,tags

Environment Variables:
JAVA_HOME=C:\Program Files\Java\jdk-11.0.2
PATH=C:\Users\brako\AppData\Local\Programs\Python\Python39;C:\Program Files (x86)\Common Files\Oracle\Java\javapath;C:\Python38\Scripts\;C:\Python38\;C:\Python27\;C:\Python27\Scripts;C:\Program Files\Java\jdk-11.0.2\bin;C:\Program Files\Microsoft SQL Server\130\Tools\Binn\;C:\Program Files\dotnet\;C:\Program Files\Microsoft SQL Server\Client SDK\ODBC\170\Tools\Binn\;C:\ProgramData\chocolatey\bin;C:\Program Files\Docker\Docker\resources\bin;C:\ProgramData\DockerDesktop\version-bin;C:\Program Files (x86)\Microsoft SQL Server\150\DTS\Binn\;C:\Program Files\MATLAB\R2020b\bin;C:\Program Files (x86)\Yarn\bin\;C:\ProgramData\ComposerSetup\bin;C:\WINDOWS\system32;C:\WINDOWS;C:\WINDOWS\System32\Wbem;C:\WINDOWS\System32\WindowsPowerShell\v1.0\;C:\WINDOWS\System32\OpenSSH\;C:\ProgramData\ghc-8.10.4\bin\;C:\Program Files\nodejs\;C:\Program Files (x86)\poppler-0.68.0\bin\;C:\antiword\;C:\Program Files\poppler-0.68.0\bin\;C:\Program Files\Tesseract-OCR\;C:\Users\brako\AppData\Local\Programs\Python\Python310\Scripts\;C:\Users\brako\AppData\Local\Programs\Python\Python310\;C:\Program Files\MySQL\MySQL Shell 8.0\bin\;C:\Users\brako\.dotnet\tools;C:\Users\brako\AppData\Local\Programs\Microsoft VS Code\bin;C:\Windows\System32;C:\Program Files\dotnet;C:\Program Files\MongoDB\Server\4.2\bin;C:\Windows\System32\wbem;C:\Program Files\Git\bin\;C:\Program Files\Git\cmd\;C:\User\brako\AppData\Local\Android\Sdk\platform-tools;C:\Users\brako\miniconda3\Library;C:\Users\brako\AppData\Local\groovy-3.0.6\bin;C:\Users\brako\AppData\Local\Yarn\bin;C:\Program Files\PHP\7.3;C:\Users\brako\AppData\Roaming\Composer\vendor\bin;C:\Program Files\Racket;C:\Program Files\JetBrains\PyCharm 2021.2.3\bin;C:\Users\brako\AppData\Roaming\cabal\bin;C:\tools\ghc-9.0.1\bin;C:\tools\msys64;C:\Users\brako\AppData\Roaming\npm;C:\Program Files (x86)\poppler-0.68.0\bin\;C:\antiword\;C:\Program Files\JetBrains\IntelliJ IDEA 2021.2.3\bin;C:\Users\brako\AppData\Local\Coursier\data\bin;C:\Program Files\JetBrains\DataGrip 2021.3
USERNAME=brako
OS=Windows_NT
PROCESSOR_IDENTIFIER=Intel64 Family 6 Model 142 Stepping 10, GenuineIntel



---------------  S Y S T E M  ---------------

OS: Windows 10 , 64 bit Build 19041 (10.0.19041.1348)

CPU:total 8 (initial active 8) (4 cores per cpu, 2 threads per core) family 6 model 142 stepping 10, cmov, cx8, fxsr, mmx, sse, sse2, sse3, ssse3, sse4.1, sse4.2, popcnt, avx, avx2, aes, clmul, erms, 3dnowpref, lzcnt, ht, tsc, tscinvbit, bmi1, bmi2, adx, fma

Memory: 4k page, system-wide physical 16227M (4090M free)
TotalPageFile size 41021M (AvailPageFile size 16219M)
current process WorkingSet (physical memory assigned to process): 719M, peak: 793M
current process commit charge ("private bytes"): 833M, peak: 845M

vm_info: Java HotSpot(TM) 64-Bit Server VM (11.0.2+9-LTS) for windows-amd64 JRE (11.0.2+9-LTS), built on Jan 18 2019 05:24:10 by "mach5one" with MS VC++ 15.5 (VS2017)

END.
