#
# A fatal error has been detected by the Java Runtime Environment:
#
#  EXCEPTION_ACCESS_VIOLATION (0xc0000005) at pc=0x00007ffbe61f7bf2, pid=27276, tid=28668
#
# JRE version: Java(TM) SE Runtime Environment (11.0.2+9) (build 11.0.2+9-LTS)
# Java VM: Java HotSpot(TM) 64-Bit Server VM (11.0.2+9-LTS, mixed mode, tiered, compressed oops, g1 gc, windows-amd64)
# Problematic frame:
# V  [jvm.dll+0x87bf2]
#
# No core dump will be written. Minidumps are not enabled by default on client versions of Windows
#
# If you would like to submit a bug report, please visit:
#   http://bugreport.java.com/bugreport/crash.jsp
#

---------------  S U M M A R Y ------------

Command Line: -Xss4m -Xms100m -Dmetals.client=vscode -Xmx1G scala.meta.metals.Main

Host: Intel(R) Core(TM) i7-8550U CPU @ 1.80GHz, 8 cores, 15G,  Windows 10 , 64 bit Build 19041 (10.0.19041.1348)
Time: Sun Dec 19 14:29:42 2021 W. Europe Standard Time elapsed time: 9234 seconds (0d 2h 33m 54s)

---------------  T H R E A D  ---------------

Current thread (0x00000199d9f49800):  JavaThread "C2 CompilerThread2" daemon [_thread_in_native, id=28668, stack(0x0000007b56600000,0x0000007b56700000)]


Current CompileTask:
C2:9234736 50893       4       org.scalafmt.util.TreeOps$::isSeqMulti (17 bytes)

Stack: [0x0000007b56600000,0x0000007b56700000],  sp=0x0000007b566fc080,  free space=1008k
Native frames: (J=compiled Java code, j=interpreted, Vv=VM code, C=native code)
V  [jvm.dll+0x87bf2]
V  [jvm.dll+0x613696]
V  [jvm.dll+0x5c5986]
V  [jvm.dll+0x5c8369]
V  [jvm.dll+0x2180ed]
V  [jvm.dll+0x2173ea]
V  [jvm.dll+0x194200]
V  [jvm.dll+0x2263af]
V  [jvm.dll+0x2249b8]
V  [jvm.dll+0x738a9d]
V  [jvm.dll+0x6347f2]
C  [ucrtbase.dll+0x21bb2]
C  [KERNEL32.DLL+0x17034]
C  [ntdll.dll+0x52651]


siginfo: EXCEPTION_ACCESS_VIOLATION (0xc0000005), reading address 0xffffffffffffffff


Register to memory mapping:

RIP=0x00007ffbe61f7bf2 jvm.dll
RAX=
[error occurred during error reporting (printing register info), id 0xc0000005, EXCEPTION_ACCESS_VIOLATION (0xc0000005) at pc=0x00007ffbe6462eb6]

Registers:
RAX=0x00000000e668e210, RBX=0x00007ffbe69aaef8, RCX=0x00007ffbe64c7db0, RDX=0x00000199d9de5928
RSP=0x0000007b566fc080, RBP=0x0000007b566fc139, RSI=0x00007ffbe6170000, RDI=0x00000199d9de5928
R8 =0x0000000000000010, R9 =0x0000000000000000, R10=0x00000199d9de5960, R11=0x00000199d9de6a88
R12=0x00007ffbe6a25280, R13=0x0000000000000000, R14=0x00000199d9de5928, R15=0x0000007b566fc5a0
RIP=0x00007ffbe61f7bf2, EFLAGS=0x0000000000010292

Top of Stack: (sp=0x0000007b566fc080)
0x0000007b566fc080:   0000000000000004 0000007b566feb08
0x0000007b566fc090:   0000000000000000 0000000000000000
0x0000007b566fc0a0:   00007ffbe69aaef8 00007ffbe6783696
0x0000007b566fc0b0:   00000199d9de5928 00007ffbe6170000
0x0000007b566fc0c0:   00007ffbe6a25201 0000000000000016
0x0000007b566fc0d0:   0000000000000096 00007ffbe6735986
0x0000007b566fc0e0:   0000000000000003 00007ffbe6170000
0x0000007b566fc0f0:   00000199de710760 0000000000000000
0x0000007b566fc100:   0000000000000000 0000000000000000
0x0000007b566fc110:   0000000000000000 00007ffbe6917c7e
0x0000007b566fc120:   0000000000000000 00000199daf07540
0x0000007b566fc130:   00000199daf089d0 00000199daf070f0
0x0000007b566fc140:   00000199e1c46aa0 00007ffbe6a3af90
0x0000007b566fc150:   00000199e1c46aa0 00007ffc00000002
0x0000007b566fc160:   00000199daf089d0 0000000000000000
0x0000007b566fc170:   00000000000000b0 00000199dacace50 

Instructions: (pc=0x00007ffbe61f7bf2)
0x00007ffbe61f7bd2:   49 10 48 85 c9 74 20 8b 43 20 3b 43 24 75 11 8b
0x00007ffbe61f7be2:   d0 48 8b cb e8 65 df 58 00 8b 43 20 48 8b 4b 10
0x00007ffbe61f7bf2:   48 89 3c c1 ff 43 20 48 8b 5c 24 30 48 83 c4 20
0x00007ffbe61f7c02:   5f c3 cc cc cc cc cc cc cc cc cc cc cc cc 8b 81 


Stack slot to memory mapping:
stack at sp + 0 slots: 0x0000000000000004 is an unknown value
stack at sp + 1 slots: 0x0000007b566feb08 is pointing into the stack for thread: 0x00000199d9f49800
stack at sp + 2 slots: 0x0 is NULL
stack at sp + 3 slots: 0x0 is NULL
stack at sp + 4 slots: 0x00007ffbe69aaef8 jvm.dll
stack at sp + 5 slots: 0x00007ffbe6783696 jvm.dll
stack at sp + 6 slots: 0x00000199d9de5928 points into unknown readable memory: 20 12 9b e6 fb 7f 00 00
stack at sp + 7 slots: 0x00007ffbe6170000 jvm.dll


---------------  P R O C E S S  ---------------

Threads class SMR info:
_java_thread_list=0x00000199e601bf90, length=64, elements={
0x00000199b830a800, 0x00000199d497a000, 0x00000199d4987800, 0x00000199d4999000,
0x00000199d4999800, 0x00000199d499b800, 0x00000199d49a0000, 0x00000199d49a6000,
0x00000199d548d000, 0x00000199d54a0800, 0x00000199d75b9000, 0x00000199d7726000,
0x00000199d7e69000, 0x00000199d7ea6800, 0x00000199d788b800, 0x00000199d5dec800,
0x00000199d601a800, 0x00000199d596c800, 0x00000199d5664000, 0x00000199d5554800,
0x00000199d5552000, 0x00000199d5557000, 0x00000199d5642000, 0x00000199d5643000,
0x00000199d5644800, 0x00000199d563f000, 0x00000199d564b000, 0x00000199d5646000,
0x00000199d5647000, 0x00000199d5648800, 0x00000199d5649800, 0x00000199d564a800,
0x00000199d5645800, 0x00000199d564c000, 0x00000199db0b6800, 0x00000199db0b5800,
0x00000199db0b7800, 0x00000199db0b4000, 0x00000199db0b8000, 0x00000199db0b9000,
0x00000199db0b3000, 0x00000199db0b9800, 0x00000199db0ba800, 0x00000199db0b5000,
0x00000199d9f52000, 0x00000199d9f52800, 0x00000199d9f53800, 0x00000199d9f4e000,
0x00000199d9f54800, 0x00000199d9f4e800, 0x00000199d9f55000, 0x00000199d9f51000,
0x00000199d9f57800, 0x00000199d9ad6000, 0x00000199d9ae0000, 0x00000199d9f49000,
0x00000199d9f4f800, 0x00000199d9f4c000, 0x00000199d9f4d000, 0x00000199d9f56000,
0x00000199d9f4a800, 0x00000199d9f49800, 0x00000199d9f50800, 0x00000199d9f4b800
}

Java Threads: ( => current thread )
  0x00000199b830a800 JavaThread "main" [_thread_blocked, id=11420, stack(0x0000007b56800000,0x0000007b56c00000)]
  0x00000199d497a000 JavaThread "Reference Handler" daemon [_thread_blocked, id=29432, stack(0x0000007b57200000,0x0000007b57600000)]
  0x00000199d4987800 JavaThread "Finalizer" daemon [_thread_blocked, id=9656, stack(0x0000007b57600000,0x0000007b57a00000)]
  0x00000199d4999000 JavaThread "Signal Dispatcher" daemon [_thread_blocked, id=21368, stack(0x0000007b57a00000,0x0000007b57e00000)]
  0x00000199d4999800 JavaThread "Attach Listener" daemon [_thread_blocked, id=26664, stack(0x0000007b57e00000,0x0000007b58200000)]
  0x00000199d499b800 JavaThread "C2 CompilerThread0" daemon [_thread_blocked, id=20400, stack(0x0000007b58200000,0x0000007b58300000)]
  0x00000199d49a0000 JavaThread "C1 CompilerThread0" daemon [_thread_blocked, id=21052, stack(0x0000007b58300000,0x0000007b58400000)]
  0x00000199d49a6000 JavaThread "Sweeper thread" daemon [_thread_blocked, id=11732, stack(0x0000007b58400000,0x0000007b58800000)]
  0x00000199d548d000 JavaThread "Service Thread" daemon [_thread_blocked, id=30316, stack(0x0000007b58800000,0x0000007b58c00000)]
  0x00000199d54a0800 JavaThread "Common-Cleaner" daemon [_thread_blocked, id=14436, stack(0x0000007b58d00000,0x0000007b59100000)]
  0x00000199d75b9000 JavaThread "pool-1-thread-1" [_thread_in_native, id=12968, stack(0x0000007b59400000,0x0000007b59800000)]
  0x00000199d7726000 JavaThread "pool-1-thread-2" [_thread_blocked, id=30728, stack(0x0000007b59800000,0x0000007b59c00000)]
  0x00000199d7e69000 JavaThread "pool-1-thread-3" [_thread_blocked, id=27788, stack(0x0000007b5a100000,0x0000007b5a500000)]
  0x00000199d7ea6800 JavaThread "ForkJoinPool.commonPool-worker-3" daemon [_thread_blocked, id=2976, stack(0x0000007b5a500000,0x0000007b5a900000)]
  0x00000199d788b800 JavaThread "pool-2-thread-1" [_thread_blocked, id=32420, stack(0x0000007b5a900000,0x0000007b5ad00000)]
  0x00000199d5dec800 JavaThread "H2 File Lock Watchdog C:/Users/brako/Desktop/Boris/CVUT/4_winter/OMO/code/coursework/foodchain/.metals/metals.lock.db" daemon [_thread_blocked, id=25676, stack(0x0000007b5ae00000,0x0000007b5b200000)]
  0x00000199d601a800 JavaThread "H2 TCP Server (tcp://localhost:62656)" daemon [_thread_in_native, id=22488, stack(0x0000007b5b300000,0x0000007b5b700000)]
  0x00000199d596c800 JavaThread "H2 Log Writer METALS" daemon [_thread_blocked, id=31048, stack(0x0000007b5b800000,0x0000007b5bc00000)]
  0x00000199d5664000 JavaThread "pool-1-thread-4" [_thread_blocked, id=18912, stack(0x0000007b5bc00000,0x0000007b5c000000)]
  0x00000199d5554800 JavaThread "pool-1-thread-7" [_thread_in_native, id=13784, stack(0x0000007b5c800000,0x0000007b5cc00000)]
  0x00000199d5552000 JavaThread "pool-1-thread-9" [_thread_in_native, id=13332, stack(0x0000007b5d000000,0x0000007b5d400000)]
  0x00000199d5557000 JavaThread "pool-1-thread-12" [_thread_in_native, id=8612, stack(0x0000007b5dc00000,0x0000007b5e000000)]
  0x00000199d5642000 JavaThread "pool-1-thread-15" [_thread_blocked, id=9992, stack(0x0000007b5e800000,0x0000007b5ec00000)]
  0x00000199d5643000 JavaThread "pool-1-thread-16" [_thread_in_native, id=29548, stack(0x0000007b5ec00000,0x0000007b5f000000)]
  0x00000199d5644800 JavaThread "Thread-2" [_thread_in_native, id=25328, stack(0x0000007b60800000,0x0000007b60c00000)]
  0x00000199d563f000 JavaThread "Thread-4" daemon [_thread_blocked, id=11824, stack(0x0000007b60c00000,0x0000007b61000000)]
  0x00000199d564b000 JavaThread "Thread-3" daemon [_thread_blocked, id=20724, stack(0x0000007b61000000,0x0000007b61400000)]
  0x00000199d5646000 JavaThread "bsp-client-to-server" daemon [_thread_in_native, id=17276, stack(0x0000007b61400000,0x0000007b61800000)]
  0x00000199d5647000 JavaThread "bsp-server-to-client" daemon [_thread_in_native, id=15948, stack(0x0000007b61800000,0x0000007b61c00000)]
  0x00000199d5648800 JavaThread "Thread-7" [_thread_in_native, id=32540, stack(0x0000007b61c00000,0x0000007b62000000)]
  0x00000199d5649800 JavaThread "Thread-9" daemon [_thread_blocked, id=32200, stack(0x0000007b62000000,0x0000007b62400000)]
  0x00000199d564a800 JavaThread "Thread-10" [_thread_in_native, id=31984, stack(0x0000007b62400000,0x0000007b62800000)]
  0x00000199d5645800 JavaThread "Thread-8" daemon [_thread_blocked, id=4020, stack(0x0000007b62800000,0x0000007b62c00000)]
  0x00000199d564c000 JavaThread "Thread-12" daemon [_thread_blocked, id=14592, stack(0x0000007b62c00000,0x0000007b63000000)]
  0x00000199db0b6800 JavaThread "Thread-13" [_thread_in_native, id=756, stack(0x0000007b63000000,0x0000007b63400000)]
  0x00000199db0b5800 JavaThread "Thread-15" daemon [_thread_blocked, id=22692, stack(0x0000007b63400000,0x0000007b63800000)]
  0x00000199db0b7800 JavaThread "Thread-11" daemon [_thread_blocked, id=11944, stack(0x0000007b63800000,0x0000007b63c00000)]
  0x00000199db0b4000 JavaThread "Thread-14" daemon [_thread_blocked, id=19740, stack(0x0000007b63c00000,0x0000007b64000000)]
  0x00000199db0b8000 JavaThread "bsp-client-to-server" daemon [_thread_in_native, id=15444, stack(0x0000007b64000000,0x0000007b64400000)]
  0x00000199db0b9000 JavaThread "bsp-server-to-client" daemon [_thread_in_native, id=21348, stack(0x0000007b64400000,0x0000007b64800000)]
  0x00000199db0b3000 JavaThread "bsp-client-to-server" daemon [_thread_in_native, id=19028, stack(0x0000007b64800000,0x0000007b64c00000)]
  0x00000199db0b9800 JavaThread "bsp-server-to-client" daemon [_thread_in_native, id=25852, stack(0x0000007b64c00000,0x0000007b65000000)]
  0x00000199db0ba800 JavaThread "bsp-client-to-server" daemon [_thread_in_native, id=1468, stack(0x0000007b65000000,0x0000007b65400000)]
  0x00000199db0b5000 JavaThread "bsp-server-to-client" daemon [_thread_in_native, id=15732, stack(0x0000007b65400000,0x0000007b65800000)]
  0x00000199d9f52000 JavaThread "FileSystemWatchService" daemon [_thread_in_native, id=30300, stack(0x0000007b67800000,0x0000007b67c00000)]
  0x00000199d9f52800 JavaThread "NioPathWatcher-loop-thread-1" daemon [_thread_blocked, id=31872, stack(0x0000007b69c00000,0x0000007b6a000000)]
  0x00000199d9f53800 JavaThread "com.swoval.files.SymlinkWather.callback-executor-1" [_thread_blocked, id=22164, stack(0x0000007b6a000000,0x0000007b6a400000)]
  0x00000199d9f4e000 JavaThread "FileTreeRepository-callback-executor-1" [_thread_blocked, id=27672, stack(0x0000007b6a400000,0x0000007b6a800000)]
  0x00000199d9f54800 JavaThread "FileSystemWatchService" daemon [_thread_in_native, id=23736, stack(0x0000007b6a800000,0x0000007b6ac00000)]
  0x00000199d9f4e800 JavaThread "NioPathWatcher-loop-thread-2" daemon [_thread_blocked, id=18836, stack(0x0000007b6ac00000,0x0000007b6b000000)]
  0x00000199d9f55000 JavaThread "pool-4-thread-1" [_thread_blocked, id=27060, stack(0x0000007b6b200000,0x0000007b6b600000)]
  0x00000199d9f51000 JavaThread "Scala Presentation Compiler [Metals]" daemon [_thread_blocked, id=30864, stack(0x0000007b6b600000,0x0000007b6ba00000)]
  0x00000199d9f57800 JavaThread "pool-5-thread-1" [_thread_blocked, id=31080, stack(0x0000007b6ba00000,0x0000007b6be00000)]
  0x00000199d9ad6000 JavaThread "Scala Presentation Compiler [Metals]" daemon [_thread_blocked, id=31580, stack(0x0000007b6c200000,0x0000007b6c600000)]
  0x00000199d9ae0000 JavaThread "pool-1-thread-154" [_thread_blocked, id=32624, stack(0x0000007b5c400000,0x0000007b5c800000)]
  0x00000199d9f49000 JavaThread "pool-1-thread-159" [_thread_blocked, id=23148, stack(0x0000007b5c000000,0x0000007b5c400000)]
  0x00000199d9f4f800 JavaThread "pool-1-thread-160" [_thread_blocked, id=23032, stack(0x0000007b5d400000,0x0000007b5d800000)]
  0x00000199d9f4c000 JavaThread "pool-1-thread-162" [_thread_blocked, id=31396, stack(0x0000007b5e000000,0x0000007b5e400000)]
  0x00000199d9f4d000 JavaThread "pool-1-thread-163" [_thread_blocked, id=27660, stack(0x0000007b5e400000,0x0000007b5e800000)]
  0x00000199d9f56000 JavaThread "Scala Presentation Compiler [Metals]" daemon [_thread_blocked, id=29904, stack(0x0000007b5cc00000,0x0000007b5d000000)]
  0x00000199d9f4a800 JavaThread "C2 CompilerThread1" daemon [_thread_blocked, id=32428, stack(0x0000007b56500000,0x0000007b56600000)]
=>0x00000199d9f49800 JavaThread "C2 CompilerThread2" daemon [_thread_in_native, id=28668, stack(0x0000007b56600000,0x0000007b56700000)]
  0x00000199d9f50800 JavaThread "pool-1-thread-164" [_thread_blocked, id=3852, stack(0x0000007b5d800000,0x0000007b5dc00000)]
  0x00000199d9f4b800 JavaThread "pool-1-thread-165" [_thread_blocked, id=28492, stack(0x0000007b5f000000,0x0000007b5f400000)]

Other Threads:
  0x00000199d4973800 VMThread "VM Thread" [stack: 0x0000007b57100000,0x0000007b57200000] [id=29624]
  0x00000199d549b800 WatcherThread [stack: 0x0000007b58c00000,0x0000007b58d00000] [id=19676]
  0x00000199b8322800 GCTaskThread "GC Thread#0" [stack: 0x0000007b56c00000,0x0000007b56d00000] [id=13776]
  0x00000199d723f000 GCTaskThread "GC Thread#1" [stack: 0x0000007b59100000,0x0000007b59200000] [id=13060]
  0x00000199d7a87800 GCTaskThread "GC Thread#2" [stack: 0x0000007b59d00000,0x0000007b59e00000] [id=29408]
  0x00000199d7b77800 GCTaskThread "GC Thread#3" [stack: 0x0000007b59e00000,0x0000007b59f00000] [id=29780]
  0x00000199d77b6000 GCTaskThread "GC Thread#4" [stack: 0x0000007b59f00000,0x0000007b5a000000] [id=18900]
  0x00000199d773b800 GCTaskThread "GC Thread#5" [stack: 0x0000007b5a000000,0x0000007b5a100000] [id=25652]
  0x00000199d773c000 GCTaskThread "GC Thread#6" [stack: 0x0000007b59200000,0x0000007b59300000] [id=29592]
  0x00000199d773f000 GCTaskThread "GC Thread#7" [stack: 0x0000007b59c00000,0x0000007b59d00000] [id=29104]
  0x00000199b8340000 ConcurrentGCThread "G1 Main Marker" [stack: 0x0000007b56d00000,0x0000007b56e00000] [id=10076]
  0x00000199b8341800 ConcurrentGCThread "G1 Conc#0" [stack: 0x0000007b56e00000,0x0000007b56f00000] [id=17176]
  0x00000199d726b000 ConcurrentGCThread "G1 Conc#1" [stack: 0x0000007b59300000,0x0000007b59400000] [id=28436]
  0x00000199b83c3800 ConcurrentGCThread "G1 Refine#0" [stack: 0x0000007b56f00000,0x0000007b57000000] [id=5240]
  0x00000199b83c4800 ConcurrentGCThread "G1 Young RemSet Sampling" [stack: 0x0000007b57000000,0x0000007b57100000] [id=16608]

Threads with active compile tasks:
C2 CompilerThread250893       4       org.scalafmt.util.TreeOps$::isSeqMulti (17 bytes)

VM state:not at safepoint (normal execution)

VM Mutex/Monitor currently owned by a thread: None

Heap address: 0x00000000c0000000, size: 1024 MB, Compressed Oops mode: 32-bit
Narrow klass base: 0x0000000000000000, Narrow klass shift: 3
Compressed class space size: 1073741824 Address: 0x0000000100000000

Heap:
 garbage-first heap   total 234496K, used 149476K [0x00000000c0000000, 0x0000000100000000)
  region size 1024K, 10 young (10240K), 3 survivors (3072K)
 Metaspace       used 255999K, capacity 271129K, committed 271356K, reserved 1280000K
  class space    used 33364K, capacity 40548K, committed 40576K, reserved 1048576K
Heap Regions: E=young(eden), S=young(survivor), O=old, HS=humongous(starts), HC=humongous(continues), CS=collection set, F=free, A=archive, TAMS=top-at-mark-start (previous, next)
|   0|0x00000000c0000000, 0x00000000c0100000, 0x00000000c0100000|100%| O|  |TAMS 0x00000000c0100000, 0x00000000c0100000| Untracked 
|   1|0x00000000c0100000, 0x00000000c0200000, 0x00000000c0200000|100%| O|  |TAMS 0x00000000c0200000, 0x00000000c0200000| Untracked 
|   2|0x00000000c0200000, 0x00000000c0300000, 0x00000000c0300000|100%| O|  |TAMS 0x00000000c0300000, 0x00000000c0300000| Untracked 
|   3|0x00000000c0300000, 0x00000000c0400000, 0x00000000c0400000|100%| O|  |TAMS 0x00000000c0400000, 0x00000000c0400000| Untracked 
|   4|0x00000000c0400000, 0x00000000c0500000, 0x00000000c0500000|100%| O|  |TAMS 0x00000000c0500000, 0x00000000c0500000| Untracked 
|   5|0x00000000c0500000, 0x00000000c0600000, 0x00000000c0600000|100%| O|  |TAMS 0x00000000c0600000, 0x00000000c0600000| Untracked 
|   6|0x00000000c0600000, 0x00000000c0700000, 0x00000000c0700000|100%| O|  |TAMS 0x00000000c0700000, 0x00000000c0700000| Untracked 
|   7|0x00000000c0700000, 0x00000000c0800000, 0x00000000c0800000|100%| O|  |TAMS 0x00000000c0800000, 0x00000000c0800000| Untracked 
|   8|0x00000000c0800000, 0x00000000c0900000, 0x00000000c0900000|100%| O|  |TAMS 0x00000000c0900000, 0x00000000c0900000| Untracked 
|   9|0x00000000c0900000, 0x00000000c0a00000, 0x00000000c0a00000|100%| O|  |TAMS 0x00000000c0a00000, 0x00000000c0a00000| Untracked 
|  10|0x00000000c0a00000, 0x00000000c0b00000, 0x00000000c0b00000|100%| O|  |TAMS 0x00000000c0b00000, 0x00000000c0b00000| Untracked 
|  11|0x00000000c0b00000, 0x00000000c0c00000, 0x00000000c0c00000|100%| O|  |TAMS 0x00000000c0c00000, 0x00000000c0c00000| Untracked 
|  12|0x00000000c0c00000, 0x00000000c0d00000, 0x00000000c0d00000|100%| O|  |TAMS 0x00000000c0d00000, 0x00000000c0d00000| Untracked 
|  13|0x00000000c0d00000, 0x00000000c0e00000, 0x00000000c0e00000|100%| O|  |TAMS 0x00000000c0e00000, 0x00000000c0e00000| Untracked 
|  14|0x00000000c0e00000, 0x00000000c0f00000, 0x00000000c0f00000|100%| O|  |TAMS 0x00000000c0f00000, 0x00000000c0f00000| Untracked 
|  15|0x00000000c0f00000, 0x00000000c1000000, 0x00000000c1000000|100%| O|  |TAMS 0x00000000c1000000, 0x00000000c1000000| Untracked 
|  16|0x00000000c1000000, 0x00000000c1100000, 0x00000000c1100000|100%|HS|  |TAMS 0x00000000c1100000, 0x00000000c1100000| Untracked 
|  17|0x00000000c1100000, 0x00000000c1200000, 0x00000000c1200000|100%|HC|  |TAMS 0x00000000c1200000, 0x00000000c1200000| Untracked 
|  18|0x00000000c1200000, 0x00000000c1300000, 0x00000000c1300000|100%| O|  |TAMS 0x00000000c1300000, 0x00000000c1300000| Untracked 
|  19|0x00000000c1300000, 0x00000000c1400000, 0x00000000c1400000|100%| O|  |TAMS 0x00000000c1400000, 0x00000000c1400000| Untracked 
|  20|0x00000000c1400000, 0x00000000c1500000, 0x00000000c1500000|100%| O|  |TAMS 0x00000000c1500000, 0x00000000c1500000| Untracked 
|  21|0x00000000c1500000, 0x00000000c1600000, 0x00000000c1600000|100%| O|  |TAMS 0x00000000c1500000, 0x00000000c1600000| Untracked 
|  22|0x00000000c1600000, 0x00000000c1700000, 0x00000000c1700000|100%|HS|  |TAMS 0x00000000c1700000, 0x00000000c1700000| Complete 
|  23|0x00000000c1700000, 0x00000000c1700000, 0x00000000c1800000|  0%| F|  |TAMS 0x00000000c1700000, 0x00000000c1700000| Untracked 
|  24|0x00000000c1800000, 0x00000000c1900000, 0x00000000c1900000|100%| O|  |TAMS 0x00000000c1900000, 0x00000000c1900000| Untracked 
|  25|0x00000000c1900000, 0x00000000c1a00000, 0x00000000c1a00000|100%| O|  |TAMS 0x00000000c1a00000, 0x00000000c1a00000| Untracked 
|  26|0x00000000c1a00000, 0x00000000c1b00000, 0x00000000c1b00000|100%|HS|  |TAMS 0x00000000c1b00000, 0x00000000c1b00000| Complete 
|  27|0x00000000c1b00000, 0x00000000c1c00000, 0x00000000c1c00000|100%|HC|  |TAMS 0x00000000c1c00000, 0x00000000c1c00000| Complete 
|  28|0x00000000c1c00000, 0x00000000c1d00000, 0x00000000c1d00000|100%|HC|  |TAMS 0x00000000c1d00000, 0x00000000c1d00000| Complete 
|  29|0x00000000c1d00000, 0x00000000c1e00000, 0x00000000c1e00000|100%| O|  |TAMS 0x00000000c1e00000, 0x00000000c1e00000| Untracked 
|  30|0x00000000c1e00000, 0x00000000c1f00000, 0x00000000c1f00000|100%| O|  |TAMS 0x00000000c1f00000, 0x00000000c1f00000| Untracked 
|  31|0x00000000c1f00000, 0x00000000c2000000, 0x00000000c2000000|100%| O|  |TAMS 0x00000000c2000000, 0x00000000c2000000| Untracked 
|  32|0x00000000c2000000, 0x00000000c2100000, 0x00000000c2100000|100%| O|  |TAMS 0x00000000c2100000, 0x00000000c2100000| Untracked 
|  33|0x00000000c2100000, 0x00000000c2200000, 0x00000000c2200000|100%| O|  |TAMS 0x00000000c2200000, 0x00000000c2200000| Untracked 
|  34|0x00000000c2200000, 0x00000000c2300000, 0x00000000c2300000|100%| O|  |TAMS 0x00000000c2300000, 0x00000000c2300000| Untracked 
|  35|0x00000000c2300000, 0x00000000c2400000, 0x00000000c2400000|100%| O|  |TAMS 0x00000000c2400000, 0x00000000c2400000| Untracked 
|  36|0x00000000c2400000, 0x00000000c2500000, 0x00000000c2500000|100%| O|  |TAMS 0x00000000c2500000, 0x00000000c2500000| Untracked 
|  37|0x00000000c2500000, 0x00000000c2600000, 0x00000000c2600000|100%| O|  |TAMS 0x00000000c2600000, 0x00000000c2600000| Untracked 
|  38|0x00000000c2600000, 0x00000000c2700000, 0x00000000c2700000|100%| O|  |TAMS 0x00000000c2700000, 0x00000000c2700000| Untracked 
|  39|0x00000000c2700000, 0x00000000c2800000, 0x00000000c2800000|100%| O|  |TAMS 0x00000000c2800000, 0x00000000c2800000| Untracked 
|  40|0x00000000c2800000, 0x00000000c2900000, 0x00000000c2900000|100%| O|  |TAMS 0x00000000c2900000, 0x00000000c2900000| Untracked 
|  41|0x00000000c2900000, 0x00000000c2a00000, 0x00000000c2a00000|100%| O|  |TAMS 0x00000000c2a00000, 0x00000000c2a00000| Untracked 
|  42|0x00000000c2a00000, 0x00000000c2b00000, 0x00000000c2b00000|100%| O|  |TAMS 0x00000000c2b00000, 0x00000000c2b00000| Untracked 
|  43|0x00000000c2b00000, 0x00000000c2c00000, 0x00000000c2c00000|100%| O|  |TAMS 0x00000000c2c00000, 0x00000000c2c00000| Untracked 
|  44|0x00000000c2c00000, 0x00000000c2d00000, 0x00000000c2d00000|100%| O|  |TAMS 0x00000000c2d00000, 0x00000000c2d00000| Untracked 
|  45|0x00000000c2d00000, 0x00000000c2e00000, 0x00000000c2e00000|100%| O|  |TAMS 0x00000000c2e00000, 0x00000000c2e00000| Untracked 
|  46|0x00000000c2e00000, 0x00000000c2f00000, 0x00000000c2f00000|100%| O|  |TAMS 0x00000000c2f00000, 0x00000000c2f00000| Untracked 
|  47|0x00000000c2f00000, 0x00000000c3000000, 0x00000000c3000000|100%| O|  |TAMS 0x00000000c3000000, 0x00000000c3000000| Untracked 
|  48|0x00000000c3000000, 0x00000000c3100000, 0x00000000c3100000|100%| O|  |TAMS 0x00000000c3100000, 0x00000000c3100000| Untracked 
|  49|0x00000000c3100000, 0x00000000c3200000, 0x00000000c3200000|100%| O|  |TAMS 0x00000000c3200000, 0x00000000c3200000| Untracked 
|  50|0x00000000c3200000, 0x00000000c3300000, 0x00000000c3300000|100%| O|  |TAMS 0x00000000c3300000, 0x00000000c3300000| Untracked 
|  51|0x00000000c3300000, 0x00000000c3400000, 0x00000000c3400000|100%| O|  |TAMS 0x00000000c3400000, 0x00000000c3400000| Untracked 
|  52|0x00000000c3400000, 0x00000000c3400000, 0x00000000c3500000|  0%| F|  |TAMS 0x00000000c3400000, 0x00000000c3400000| Untracked 
|  53|0x00000000c3500000, 0x00000000c3600000, 0x00000000c3600000|100%| O|  |TAMS 0x00000000c3600000, 0x00000000c3600000| Untracked 
|  54|0x00000000c3600000, 0x00000000c3700000, 0x00000000c3700000|100%| O|  |TAMS 0x00000000c3700000, 0x00000000c3700000| Untracked 
|  55|0x00000000c3700000, 0x00000000c3800000, 0x00000000c3800000|100%| O|  |TAMS 0x00000000c3800000, 0x00000000c3800000| Untracked 
|  56|0x00000000c3800000, 0x00000000c3800000, 0x00000000c3900000|  0%| F|  |TAMS 0x00000000c3800000, 0x00000000c3800000| Untracked 
|  57|0x00000000c3900000, 0x00000000c3a00000, 0x00000000c3a00000|100%|HS|  |TAMS 0x00000000c3a00000, 0x00000000c3a00000| Complete 
|  58|0x00000000c3a00000, 0x00000000c3b00000, 0x00000000c3b00000|100%|HC|  |TAMS 0x00000000c3b00000, 0x00000000c3b00000| Complete 
|  59|0x00000000c3b00000, 0x00000000c3c00000, 0x00000000c3c00000|100%| O|  |TAMS 0x00000000c3be8600, 0x00000000c3c00000| Untracked 
|  60|0x00000000c3c00000, 0x00000000c3d00000, 0x00000000c3d00000|100%| O|  |TAMS 0x00000000c3c00000, 0x00000000c3d00000| Untracked 
|  61|0x00000000c3d00000, 0x00000000c3e00000, 0x00000000c3e00000|100%| O|  |TAMS 0x00000000c3d00000, 0x00000000c3e00000| Untracked 
|  62|0x00000000c3e00000, 0x00000000c3f00000, 0x00000000c3f00000|100%| O|  |TAMS 0x00000000c3f00000, 0x00000000c3f00000| Untracked 
|  63|0x00000000c3f00000, 0x00000000c4000000, 0x00000000c4000000|100%| O|  |TAMS 0x00000000c3f00000, 0x00000000c4000000| Untracked 
|  64|0x00000000c4000000, 0x00000000c4100000, 0x00000000c4100000|100%| O|  |TAMS 0x00000000c4100000, 0x00000000c4100000| Untracked 
|  65|0x00000000c4100000, 0x00000000c4200000, 0x00000000c4200000|100%| O|  |TAMS 0x00000000c4200000, 0x00000000c4200000| Untracked 
|  66|0x00000000c4200000, 0x00000000c4300000, 0x00000000c4300000|100%| O|  |TAMS 0x00000000c4300000, 0x00000000c4300000| Untracked 
|  67|0x00000000c4300000, 0x00000000c4400000, 0x00000000c4400000|100%| O|  |TAMS 0x00000000c4400000, 0x00000000c4400000| Untracked 
|  68|0x00000000c4400000, 0x00000000c4500000, 0x00000000c4500000|100%| O|  |TAMS 0x00000000c4500000, 0x00000000c4500000| Untracked 
|  69|0x00000000c4500000, 0x00000000c4600000, 0x00000000c4600000|100%| O|  |TAMS 0x00000000c4600000, 0x00000000c4600000| Untracked 
|  70|0x00000000c4600000, 0x00000000c4700000, 0x00000000c4700000|100%| O|  |TAMS 0x00000000c4700000, 0x00000000c4700000| Untracked 
|  71|0x00000000c4700000, 0x00000000c4800000, 0x00000000c4800000|100%| O|  |TAMS 0x00000000c4800000, 0x00000000c4800000| Untracked 
|  72|0x00000000c4800000, 0x00000000c4900000, 0x00000000c4900000|100%| O|  |TAMS 0x00000000c4900000, 0x00000000c4900000| Untracked 
|  73|0x00000000c4900000, 0x00000000c4a00000, 0x00000000c4a00000|100%| O|  |TAMS 0x00000000c4900000, 0x00000000c4a00000| Untracked 
|  74|0x00000000c4a00000, 0x00000000c4b00000, 0x00000000c4b00000|100%| O|  |TAMS 0x00000000c4b00000, 0x00000000c4b00000| Untracked 
|  75|0x00000000c4b00000, 0x00000000c4c00000, 0x00000000c4c00000|100%| O|  |TAMS 0x00000000c4c00000, 0x00000000c4c00000| Untracked 
|  76|0x00000000c4c00000, 0x00000000c4d00000, 0x00000000c4d00000|100%| O|  |TAMS 0x00000000c4d00000, 0x00000000c4d00000| Untracked 
|  77|0x00000000c4d00000, 0x00000000c4e00000, 0x00000000c4e00000|100%| O|  |TAMS 0x00000000c4e00000, 0x00000000c4e00000| Untracked 
|  78|0x00000000c4e00000, 0x00000000c4e00000, 0x00000000c4f00000|  0%| F|  |TAMS 0x00000000c4e00000, 0x00000000c4e00000| Untracked 
|  79|0x00000000c4f00000, 0x00000000c5000000, 0x00000000c5000000|100%| O|  |TAMS 0x00000000c5000000, 0x00000000c5000000| Untracked 
|  80|0x00000000c5000000, 0x00000000c5100000, 0x00000000c5100000|100%| O|  |TAMS 0x00000000c5100000, 0x00000000c5100000| Untracked 
|  81|0x00000000c5100000, 0x00000000c5200000, 0x00000000c5200000|100%| O|  |TAMS 0x00000000c5200000, 0x00000000c5200000| Untracked 
|  82|0x00000000c5200000, 0x00000000c5300000, 0x00000000c5300000|100%| O|  |TAMS 0x00000000c5200000, 0x00000000c5300000| Untracked 
|  83|0x00000000c5300000, 0x00000000c5400000, 0x00000000c5400000|100%| O|  |TAMS 0x00000000c5400000, 0x00000000c5400000| Untracked 
|  84|0x00000000c5400000, 0x00000000c5500000, 0x00000000c5500000|100%| O|  |TAMS 0x00000000c5500000, 0x00000000c5500000| Untracked 
|  85|0x00000000c5500000, 0x00000000c5600000, 0x00000000c5600000|100%| O|  |TAMS 0x00000000c5600000, 0x00000000c5600000| Untracked 
|  86|0x00000000c5600000, 0x00000000c5700000, 0x00000000c5700000|100%| O|  |TAMS 0x00000000c5700000, 0x00000000c5700000| Untracked 
|  87|0x00000000c5700000, 0x00000000c5800000, 0x00000000c5800000|100%| O|  |TAMS 0x00000000c5800000, 0x00000000c5800000| Untracked 
|  88|0x00000000c5800000, 0x00000000c5900000, 0x00000000c5900000|100%| O|  |TAMS 0x00000000c5900000, 0x00000000c5900000| Untracked 
|  89|0x00000000c5900000, 0x00000000c5a00000, 0x00000000c5a00000|100%| O|  |TAMS 0x00000000c5a00000, 0x00000000c5a00000| Untracked 
|  90|0x00000000c5a00000, 0x00000000c5b00000, 0x00000000c5b00000|100%| O|  |TAMS 0x00000000c5b00000, 0x00000000c5b00000| Untracked 
|  91|0x00000000c5b00000, 0x00000000c5c00000, 0x00000000c5c00000|100%| O|  |TAMS 0x00000000c5c00000, 0x00000000c5c00000| Untracked 
|  92|0x00000000c5c00000, 0x00000000c5d00000, 0x00000000c5d00000|100%| O|  |TAMS 0x00000000c5c00000, 0x00000000c5d00000| Untracked 
|  93|0x00000000c5d00000, 0x00000000c5e00000, 0x00000000c5e00000|100%| O|  |TAMS 0x00000000c5e00000, 0x00000000c5e00000| Untracked 
|  94|0x00000000c5e00000, 0x00000000c5f00000, 0x00000000c5f00000|100%| O|  |TAMS 0x00000000c5f00000, 0x00000000c5f00000| Untracked 
|  95|0x00000000c5f00000, 0x00000000c6000000, 0x00000000c6000000|100%| O|  |TAMS 0x00000000c6000000, 0x00000000c6000000| Untracked 
|  96|0x00000000c6000000, 0x00000000c6100000, 0x00000000c6100000|100%| O|  |TAMS 0x00000000c6000000, 0x00000000c6100000| Untracked 
|  97|0x00000000c6100000, 0x00000000c6200000, 0x00000000c6200000|100%| O|  |TAMS 0x00000000c6100000, 0x00000000c6200000| Untracked 
|  98|0x00000000c6200000, 0x00000000c6300000, 0x00000000c6300000|100%| O|  |TAMS 0x00000000c6300000, 0x00000000c6300000| Untracked 
|  99|0x00000000c6300000, 0x00000000c6400000, 0x00000000c6400000|100%| O|  |TAMS 0x00000000c6400000, 0x00000000c6400000| Untracked 
| 100|0x00000000c6400000, 0x00000000c6500000, 0x00000000c6500000|100%| O|  |TAMS 0x00000000c6400000, 0x00000000c6500000| Untracked 
| 101|0x00000000c6500000, 0x00000000c6600000, 0x00000000c6600000|100%| O|  |TAMS 0x00000000c6600000, 0x00000000c6600000| Untracked 
| 102|0x00000000c6600000, 0x00000000c6700000, 0x00000000c6700000|100%| O|  |TAMS 0x00000000c6700000, 0x00000000c6700000| Untracked 
| 103|0x00000000c6700000, 0x00000000c6800000, 0x00000000c6800000|100%| O|  |TAMS 0x00000000c6800000, 0x00000000c6800000| Untracked 
| 104|0x00000000c6800000, 0x00000000c6900000, 0x00000000c6900000|100%| O|  |TAMS 0x00000000c6800000, 0x00000000c6900000| Untracked 
| 105|0x00000000c6900000, 0x00000000c6a00000, 0x00000000c6a00000|100%| O|  |TAMS 0x00000000c6900000, 0x00000000c6a00000| Untracked 
| 106|0x00000000c6a00000, 0x00000000c6b00000, 0x00000000c6b00000|100%| O|  |TAMS 0x00000000c6b00000, 0x00000000c6b00000| Untracked 
| 107|0x00000000c6b00000, 0x00000000c6c00000, 0x00000000c6c00000|100%| O|  |TAMS 0x00000000c6c00000, 0x00000000c6c00000| Untracked 
| 108|0x00000000c6c00000, 0x00000000c6d00000, 0x00000000c6d00000|100%| O|  |TAMS 0x00000000c6d00000, 0x00000000c6d00000| Untracked 
| 109|0x00000000c6d00000, 0x00000000c6e00000, 0x00000000c6e00000|100%| O|  |TAMS 0x00000000c6e00000, 0x00000000c6e00000| Untracked 
| 110|0x00000000c6e00000, 0x00000000c6e00000, 0x00000000c6f00000|  0%| F|  |TAMS 0x00000000c6e00000, 0x00000000c6e00000| Untracked 
| 111|0x00000000c6f00000, 0x00000000c7000000, 0x00000000c7000000|100%| O|  |TAMS 0x00000000c7000000, 0x00000000c7000000| Untracked 
| 112|0x00000000c7000000, 0x00000000c7100000, 0x00000000c7100000|100%| O|  |TAMS 0x00000000c7100000, 0x00000000c7100000| Untracked 
| 113|0x00000000c7100000, 0x00000000c7200000, 0x00000000c7200000|100%| O|  |TAMS 0x00000000c7200000, 0x00000000c7200000| Untracked 
| 114|0x00000000c7200000, 0x00000000c7200000, 0x00000000c7300000|  0%| F|  |TAMS 0x00000000c7200000, 0x00000000c7200000| Untracked 
| 115|0x00000000c7300000, 0x00000000c7300000, 0x00000000c7400000|  0%| F|  |TAMS 0x00000000c7300000, 0x00000000c7300000| Untracked 
| 116|0x00000000c7400000, 0x00000000c7500000, 0x00000000c7500000|100%| O|  |TAMS 0x00000000c7500000, 0x00000000c7500000| Untracked 
| 117|0x00000000c7500000, 0x00000000c7600000, 0x00000000c7600000|100%| O|  |TAMS 0x00000000c7600000, 0x00000000c7600000| Untracked 
| 118|0x00000000c7600000, 0x00000000c7600000, 0x00000000c7700000|  0%| F|  |TAMS 0x00000000c7600000, 0x00000000c7600000| Untracked 
| 119|0x00000000c7700000, 0x00000000c7800000, 0x00000000c7800000|100%| O|  |TAMS 0x00000000c7800000, 0x00000000c7800000| Untracked 
| 120|0x00000000c7800000, 0x00000000c7800000, 0x00000000c7900000|  0%| F|  |TAMS 0x00000000c7800000, 0x00000000c7800000| Untracked 
| 121|0x00000000c7900000, 0x00000000c7900000, 0x00000000c7a00000|  0%| F|  |TAMS 0x00000000c7900000, 0x00000000c7900000| Untracked 
| 122|0x00000000c7a00000, 0x00000000c7b00000, 0x00000000c7b00000|100%| O|  |TAMS 0x00000000c7b00000, 0x00000000c7b00000| Untracked 
| 123|0x00000000c7b00000, 0x00000000c7b00000, 0x00000000c7c00000|  0%| F|  |TAMS 0x00000000c7b00000, 0x00000000c7b00000| Untracked 
| 124|0x00000000c7c00000, 0x00000000c7d00000, 0x00000000c7d00000|100%| O|  |TAMS 0x00000000c7d00000, 0x00000000c7d00000| Untracked 
| 125|0x00000000c7d00000, 0x00000000c7e00000, 0x00000000c7e00000|100%| O|  |TAMS 0x00000000c7e00000, 0x00000000c7e00000| Untracked 
| 126|0x00000000c7e00000, 0x00000000c7f00000, 0x00000000c7f00000|100%| O|  |TAMS 0x00000000c7f00000, 0x00000000c7f00000| Untracked 
| 127|0x00000000c7f00000, 0x00000000c7f00000, 0x00000000c8000000|  0%| F|  |TAMS 0x00000000c7f00000, 0x00000000c7f00000| Untracked 
| 128|0x00000000c8000000, 0x00000000c8000000, 0x00000000c8100000|  0%| F|  |TAMS 0x00000000c8000000, 0x00000000c8000000| Untracked 
| 129|0x00000000c8100000, 0x00000000c8100000, 0x00000000c8200000|  0%| F|  |TAMS 0x00000000c8100000, 0x00000000c8100000| Untracked 
| 130|0x00000000c8200000, 0x00000000c8200000, 0x00000000c8300000|  0%| F|  |TAMS 0x00000000c8200000, 0x00000000c8200000| Untracked 
| 131|0x00000000c8300000, 0x00000000c8400000, 0x00000000c8400000|100%| O|  |TAMS 0x00000000c8400000, 0x00000000c8400000| Untracked 
| 132|0x00000000c8400000, 0x00000000c8500000, 0x00000000c8500000|100%| O|  |TAMS 0x00000000c8500000, 0x00000000c8500000| Untracked 
| 133|0x00000000c8500000, 0x00000000c8600000, 0x00000000c8600000|100%|HS|  |TAMS 0x00000000c8600000, 0x00000000c8600000| Complete 
| 134|0x00000000c8600000, 0x00000000c8700000, 0x00000000c8700000|100%|HC|  |TAMS 0x00000000c8700000, 0x00000000c8700000| Complete 
| 135|0x00000000c8700000, 0x00000000c8800000, 0x00000000c8800000|100%|HC|  |TAMS 0x00000000c8800000, 0x00000000c8800000| Complete 
| 136|0x00000000c8800000, 0x00000000c8900000, 0x00000000c8900000|100%| O|  |TAMS 0x00000000c8900000, 0x00000000c8900000| Untracked 
| 137|0x00000000c8900000, 0x00000000c8a00000, 0x00000000c8a00000|100%| O|  |TAMS 0x00000000c8a00000, 0x00000000c8a00000| Untracked 
| 138|0x00000000c8a00000, 0x00000000c8b00000, 0x00000000c8b00000|100%| O|  |TAMS 0x00000000c8b00000, 0x00000000c8b00000| Untracked 
| 139|0x00000000c8b00000, 0x00000000c8c00000, 0x00000000c8c00000|100%| O|  |TAMS 0x00000000c8c00000, 0x00000000c8c00000| Untracked 
| 140|0x00000000c8c00000, 0x00000000c8d00000, 0x00000000c8d00000|100%| O|  |TAMS 0x00000000c8d00000, 0x00000000c8d00000| Untracked 
| 141|0x00000000c8d00000, 0x00000000c8d00000, 0x00000000c8e00000|  0%| F|  |TAMS 0x00000000c8d00000, 0x00000000c8d00000| Untracked 
| 142|0x00000000c8e00000, 0x00000000c8e00000, 0x00000000c8f00000|  0%| F|  |TAMS 0x00000000c8e00000, 0x00000000c8e00000| Untracked 
| 143|0x00000000c8f00000, 0x00000000c8f00000, 0x00000000c9000000|  0%| F|  |TAMS 0x00000000c8f00000, 0x00000000c8f00000| Untracked 
| 144|0x00000000c9000000, 0x00000000c9000000, 0x00000000c9100000|  0%| F|  |TAMS 0x00000000c9000000, 0x00000000c9000000| Untracked 
| 145|0x00000000c9100000, 0x00000000c9100000, 0x00000000c9200000|  0%| F|  |TAMS 0x00000000c9100000, 0x00000000c9100000| Untracked 
| 146|0x00000000c9200000, 0x00000000c9200000, 0x00000000c9300000|  0%| F|  |TAMS 0x00000000c9200000, 0x00000000c9200000| Untracked 
| 147|0x00000000c9300000, 0x00000000c9400000, 0x00000000c9400000|100%| O|  |TAMS 0x00000000c9400000, 0x00000000c9400000| Untracked 
| 148|0x00000000c9400000, 0x00000000c9400000, 0x00000000c9500000|  0%| F|  |TAMS 0x00000000c9400000, 0x00000000c9400000| Untracked 
| 149|0x00000000c9500000, 0x00000000c9500000, 0x00000000c9600000|  0%| F|  |TAMS 0x00000000c9500000, 0x00000000c9500000| Untracked 
| 150|0x00000000c9600000, 0x00000000c9600000, 0x00000000c9700000|  0%| F|  |TAMS 0x00000000c9600000, 0x00000000c9600000| Untracked 
| 151|0x00000000c9700000, 0x00000000c9700000, 0x00000000c9800000|  0%| F|  |TAMS 0x00000000c9700000, 0x00000000c9700000| Untracked 
| 152|0x00000000c9800000, 0x00000000c9900000, 0x00000000c9900000|100%| O|  |TAMS 0x00000000c9900000, 0x00000000c9900000| Untracked 
| 153|0x00000000c9900000, 0x00000000c9a00000, 0x00000000c9a00000|100%|HS|  |TAMS 0x00000000c9a00000, 0x00000000c9a00000| Complete 
| 154|0x00000000c9a00000, 0x00000000c9b00000, 0x00000000c9b00000|100%|HC|  |TAMS 0x00000000c9b00000, 0x00000000c9b00000| Complete 
| 155|0x00000000c9b00000, 0x00000000c9c00000, 0x00000000c9c00000|100%|HC|  |TAMS 0x00000000c9c00000, 0x00000000c9c00000| Complete 
| 156|0x00000000c9c00000, 0x00000000c9d00000, 0x00000000c9d00000|100%|HC|  |TAMS 0x00000000c9d00000, 0x00000000c9d00000| Complete 
| 157|0x00000000c9d00000, 0x00000000c9e00000, 0x00000000c9e00000|100%|HC|  |TAMS 0x00000000c9e00000, 0x00000000c9e00000| Complete 
| 158|0x00000000c9e00000, 0x00000000c9f00000, 0x00000000c9f00000|100%|HC|  |TAMS 0x00000000c9f00000, 0x00000000c9f00000| Complete 
| 159|0x00000000c9f00000, 0x00000000ca000000, 0x00000000ca000000|100%|HC|  |TAMS 0x00000000ca000000, 0x00000000ca000000| Complete 
| 160|0x00000000ca000000, 0x00000000ca100000, 0x00000000ca100000|100%|HC|  |TAMS 0x00000000ca100000, 0x00000000ca100000| Complete 
| 161|0x00000000ca100000, 0x00000000ca200000, 0x00000000ca200000|100%|HC|  |TAMS 0x00000000ca200000, 0x00000000ca200000| Complete 
| 162|0x00000000ca200000, 0x00000000ca200000, 0x00000000ca300000|  0%| F|  |TAMS 0x00000000ca200000, 0x00000000ca200000| Untracked 
| 163|0x00000000ca300000, 0x00000000ca300000, 0x00000000ca400000|  0%| F|  |TAMS 0x00000000ca300000, 0x00000000ca300000| Untracked 
| 164|0x00000000ca400000, 0x00000000ca400000, 0x00000000ca500000|  0%| F|  |TAMS 0x00000000ca400000, 0x00000000ca400000| Untracked 
| 165|0x00000000ca500000, 0x00000000ca500000, 0x00000000ca600000|  0%| F|  |TAMS 0x00000000ca500000, 0x00000000ca500000| Untracked 
| 166|0x00000000ca600000, 0x00000000ca600000, 0x00000000ca700000|  0%| F|  |TAMS 0x00000000ca600000, 0x00000000ca600000| Untracked 
| 167|0x00000000ca700000, 0x00000000ca700000, 0x00000000ca800000|  0%| F|  |TAMS 0x00000000ca700000, 0x00000000ca700000| Untracked 
| 168|0x00000000ca800000, 0x00000000ca800000, 0x00000000ca900000|  0%| F|  |TAMS 0x00000000ca800000, 0x00000000ca800000| Untracked 
| 169|0x00000000ca900000, 0x00000000ca900000, 0x00000000caa00000|  0%| F|  |TAMS 0x00000000ca900000, 0x00000000ca900000| Untracked 
| 170|0x00000000caa00000, 0x00000000caa00000, 0x00000000cab00000|  0%| F|  |TAMS 0x00000000caa00000, 0x00000000caa00000| Untracked 
| 171|0x00000000cab00000, 0x00000000cab00000, 0x00000000cac00000|  0%| F|  |TAMS 0x00000000cab00000, 0x00000000cab00000| Untracked 
| 172|0x00000000cac00000, 0x00000000cac00000, 0x00000000cad00000|  0%| F|  |TAMS 0x00000000cac00000, 0x00000000cac00000| Untracked 
| 173|0x00000000cad00000, 0x00000000cad00000, 0x00000000cae00000|  0%| F|  |TAMS 0x00000000cad00000, 0x00000000cad00000| Untracked 
| 174|0x00000000cae00000, 0x00000000cae00000, 0x00000000caf00000|  0%| F|  |TAMS 0x00000000cae00000, 0x00000000cae00000| Untracked 
| 175|0x00000000caf00000, 0x00000000caff9138, 0x00000000cb000000| 97%| S|CS|TAMS 0x00000000caf00000, 0x00000000caf00000| Complete 
| 176|0x00000000cb000000, 0x00000000cb100000, 0x00000000cb100000|100%| S|CS|TAMS 0x00000000cb000000, 0x00000000cb000000| Complete 
| 177|0x00000000cb100000, 0x00000000cb200000, 0x00000000cb200000|100%| S|CS|TAMS 0x00000000cb100000, 0x00000000cb100000| Complete 
| 178|0x00000000cb200000, 0x00000000cb200000, 0x00000000cb300000|  0%| F|  |TAMS 0x00000000cb200000, 0x00000000cb200000| Untracked 
| 179|0x00000000cb300000, 0x00000000cb300000, 0x00000000cb400000|  0%| F|  |TAMS 0x00000000cb300000, 0x00000000cb300000| Untracked 
| 180|0x00000000cb400000, 0x00000000cb400000, 0x00000000cb500000|  0%| F|  |TAMS 0x00000000cb400000, 0x00000000cb400000| Untracked 
| 181|0x00000000cb500000, 0x00000000cb500000, 0x00000000cb600000|  0%| F|  |TAMS 0x00000000cb500000, 0x00000000cb500000| Untracked 
| 182|0x00000000cb600000, 0x00000000cb600000, 0x00000000cb700000|  0%| F|  |TAMS 0x00000000cb600000, 0x00000000cb600000| Untracked 
| 183|0x00000000cb700000, 0x00000000cb700000, 0x00000000cb800000|  0%| F|  |TAMS 0x00000000cb700000, 0x00000000cb700000| Untracked 
| 184|0x00000000cb800000, 0x00000000cb800000, 0x00000000cb900000|  0%| F|  |TAMS 0x00000000cb800000, 0x00000000cb800000| Untracked 
| 185|0x00000000cb900000, 0x00000000cb900000, 0x00000000cba00000|  0%| F|  |TAMS 0x00000000cb900000, 0x00000000cb900000| Untracked 
| 186|0x00000000cba00000, 0x00000000cba00000, 0x00000000cbb00000|  0%| F|  |TAMS 0x00000000cba00000, 0x00000000cba00000| Untracked 
| 187|0x00000000cbb00000, 0x00000000cbb00000, 0x00000000cbc00000|  0%| F|  |TAMS 0x00000000cbb00000, 0x00000000cbb00000| Untracked 
| 188|0x00000000cbc00000, 0x00000000cbc00000, 0x00000000cbd00000|  0%| F|  |TAMS 0x00000000cbc00000, 0x00000000cbc00000| Untracked 
| 189|0x00000000cbd00000, 0x00000000cbd00000, 0x00000000cbe00000|  0%| F|  |TAMS 0x00000000cbd00000, 0x00000000cbd00000| Untracked 
| 190|0x00000000cbe00000, 0x00000000cbe00000, 0x00000000cbf00000|  0%| F|  |TAMS 0x00000000cbe00000, 0x00000000cbe00000| Untracked 
| 191|0x00000000cbf00000, 0x00000000cbf00000, 0x00000000cc000000|  0%| F|  |TAMS 0x00000000cbf00000, 0x00000000cbf00000| Untracked 
| 192|0x00000000cc000000, 0x00000000cc000000, 0x00000000cc100000|  0%| F|  |TAMS 0x00000000cc000000, 0x00000000cc000000| Untracked 
| 193|0x00000000cc100000, 0x00000000cc100000, 0x00000000cc200000|  0%| F|  |TAMS 0x00000000cc100000, 0x00000000cc100000| Untracked 
| 194|0x00000000cc200000, 0x00000000cc200000, 0x00000000cc300000|  0%| F|  |TAMS 0x00000000cc200000, 0x00000000cc200000| Untracked 
| 195|0x00000000cc300000, 0x00000000cc300000, 0x00000000cc400000|  0%| F|  |TAMS 0x00000000cc300000, 0x00000000cc300000| Untracked 
| 196|0x00000000cc400000, 0x00000000cc400000, 0x00000000cc500000|  0%| F|  |TAMS 0x00000000cc400000, 0x00000000cc400000| Untracked 
| 197|0x00000000cc500000, 0x00000000cc500000, 0x00000000cc600000|  0%| F|  |TAMS 0x00000000cc500000, 0x00000000cc500000| Untracked 
| 198|0x00000000cc600000, 0x00000000cc600000, 0x00000000cc700000|  0%| F|  |TAMS 0x00000000cc600000, 0x00000000cc600000| Untracked 
| 199|0x00000000cc700000, 0x00000000cc700000, 0x00000000cc800000|  0%| F|  |TAMS 0x00000000cc700000, 0x00000000cc700000| Untracked 
| 200|0x00000000cc800000, 0x00000000cc800000, 0x00000000cc900000|  0%| F|  |TAMS 0x00000000cc800000, 0x00000000cc800000| Untracked 
| 201|0x00000000cc900000, 0x00000000cc900000, 0x00000000cca00000|  0%| F|  |TAMS 0x00000000cc900000, 0x00000000cc900000| Untracked 
| 202|0x00000000cca00000, 0x00000000cca00000, 0x00000000ccb00000|  0%| F|  |TAMS 0x00000000cca00000, 0x00000000cca00000| Untracked 
| 203|0x00000000ccb00000, 0x00000000ccb00000, 0x00000000ccc00000|  0%| F|  |TAMS 0x00000000ccb00000, 0x00000000ccb00000| Untracked 
| 204|0x00000000ccc00000, 0x00000000ccc00000, 0x00000000ccd00000|  0%| F|  |TAMS 0x00000000ccc00000, 0x00000000ccc00000| Untracked 
| 205|0x00000000ccd00000, 0x00000000ccd00000, 0x00000000cce00000|  0%| F|  |TAMS 0x00000000ccd00000, 0x00000000ccd00000| Untracked 
| 206|0x00000000cce00000, 0x00000000cce00000, 0x00000000ccf00000|  0%| F|  |TAMS 0x00000000cce00000, 0x00000000cce00000| Untracked 
| 207|0x00000000ccf00000, 0x00000000ccf00000, 0x00000000cd000000|  0%| F|  |TAMS 0x00000000ccf00000, 0x00000000ccf00000| Untracked 
| 208|0x00000000cd000000, 0x00000000cd000000, 0x00000000cd100000|  0%| F|  |TAMS 0x00000000cd000000, 0x00000000cd000000| Untracked 
| 209|0x00000000cd100000, 0x00000000cd100000, 0x00000000cd200000|  0%| F|  |TAMS 0x00000000cd100000, 0x00000000cd100000| Untracked 
| 210|0x00000000cd200000, 0x00000000cd200000, 0x00000000cd300000|  0%| F|  |TAMS 0x00000000cd200000, 0x00000000cd200000| Untracked 
| 211|0x00000000cd300000, 0x00000000cd300000, 0x00000000cd400000|  0%| F|  |TAMS 0x00000000cd300000, 0x00000000cd300000| Untracked 
| 212|0x00000000cd400000, 0x00000000cd400000, 0x00000000cd500000|  0%| F|  |TAMS 0x00000000cd400000, 0x00000000cd400000| Untracked 
| 213|0x00000000cd500000, 0x00000000cd500000, 0x00000000cd600000|  0%| F|  |TAMS 0x00000000cd500000, 0x00000000cd500000| Untracked 
| 214|0x00000000cd600000, 0x00000000cd600000, 0x00000000cd700000|  0%| F|  |TAMS 0x00000000cd600000, 0x00000000cd600000| Untracked 
| 215|0x00000000cd700000, 0x00000000cd700000, 0x00000000cd800000|  0%| F|  |TAMS 0x00000000cd700000, 0x00000000cd700000| Untracked 
| 216|0x00000000cd800000, 0x00000000cd800000, 0x00000000cd900000|  0%| F|  |TAMS 0x00000000cd800000, 0x00000000cd800000| Untracked 
| 217|0x00000000cd900000, 0x00000000cd900000, 0x00000000cda00000|  0%| F|  |TAMS 0x00000000cd900000, 0x00000000cd900000| Untracked 
| 218|0x00000000cda00000, 0x00000000cda00000, 0x00000000cdb00000|  0%| F|  |TAMS 0x00000000cda00000, 0x00000000cda00000| Untracked 
| 219|0x00000000cdb00000, 0x00000000cdb00000, 0x00000000cdc00000|  0%| F|  |TAMS 0x00000000cdb00000, 0x00000000cdb00000| Untracked 
| 220|0x00000000cdc00000, 0x00000000cdc00000, 0x00000000cdd00000|  0%| F|  |TAMS 0x00000000cdc00000, 0x00000000cdc00000| Untracked 
| 221|0x00000000cdd00000, 0x00000000cdd00000, 0x00000000cde00000|  0%| F|  |TAMS 0x00000000cdd00000, 0x00000000cdd00000| Untracked 
| 222|0x00000000cde00000, 0x00000000cdef4180, 0x00000000cdf00000| 95%| E|  |TAMS 0x00000000cde00000, 0x00000000cde00000| Complete 
| 223|0x00000000cdf00000, 0x00000000ce000000, 0x00000000ce000000|100%| E|CS|TAMS 0x00000000cdf00000, 0x00000000cdf00000| Complete 
| 224|0x00000000ce000000, 0x00000000ce100000, 0x00000000ce100000|100%| E|CS|TAMS 0x00000000ce000000, 0x00000000ce000000| Complete 
| 225|0x00000000ce100000, 0x00000000ce200000, 0x00000000ce200000|100%| E|CS|TAMS 0x00000000ce100000, 0x00000000ce100000| Complete 
| 226|0x00000000ce200000, 0x00000000ce300000, 0x00000000ce300000|100%| E|CS|TAMS 0x00000000ce200000, 0x00000000ce200000| Complete 
| 227|0x00000000ce300000, 0x00000000ce400000, 0x00000000ce400000|100%| E|CS|TAMS 0x00000000ce300000, 0x00000000ce300000| Complete 
| 228|0x00000000ce400000, 0x00000000ce500000, 0x00000000ce500000|100%| E|CS|TAMS 0x00000000ce400000, 0x00000000ce400000| Complete 

Card table byte_map: [0x00000199cfb60000,0x00000199cfd60000] _byte_map_base: 0x00000199cf560000

Marking Bits (Prev, Next): (CMBitMap*) 0x00000199b833b2e8, (CMBitMap*) 0x00000199b833b320
 Prev Bits: [0x00000199cff60000, 0x00000199d0f60000)
 Next Bits: [0x00000199d0f60000, 0x00000199d1f60000)

Polling page: 0x00000199b7ae0000

Metaspace:

Usage:
  Non-class:    225.18 MB capacity,   217.42 MB ( 97%) used,     5.88 MB (  3%) free+waste,     1.88 MB ( <1%) overhead. 
      Class:     39.60 MB capacity,    32.58 MB ( 82%) used,     6.10 MB ( 15%) free+waste,   936.31 KB (  2%) overhead. 
       Both:    264.77 MB capacity,   250.00 MB ( 94%) used,    11.98 MB (  5%) free+waste,     2.80 MB (  1%) overhead. 

Virtual space:
  Non-class space:      226.00 MB reserved,     225.37 MB (>99%) committed 
      Class space:        1.00 GB reserved,      39.63 MB (  4%) committed 
             Both:        1.22 GB reserved,     265.00 MB ( 21%) committed 

Chunk freelists:
   Non-Class:  896 bytes
       Class:  0 bytes
        Both:  896 bytes

CodeHeap 'non-profiled nmethods': size=120000Kb used=42439Kb max_used=42439Kb free=77560Kb
 bounds [0x00000199c8100000, 0x00000199caa80000, 0x00000199cf630000]
CodeHeap 'profiled nmethods': size=120000Kb used=79929Kb max_used=81208Kb free=40070Kb
 bounds [0x00000199c0bd0000, 0x00000199c5bb0000, 0x00000199c8100000]
CodeHeap 'non-nmethods': size=5760Kb used=1422Kb max_used=1491Kb free=4337Kb
 bounds [0x00000199c0630000, 0x00000199c08a0000, 0x00000199c0bd0000]
 total_blobs=70779 nmethods=39905 adapters=766
 compilation: enabled
              stopped_count=0, restarted_count=0
 full_count=0

Compilation events (10 events):
Event: 9234.712 Thread 0x00000199d49a0000 50898       3       org.scalafmt.internal.BestFirstSearch::shortestPath (656 bytes)
Event: 9234.724 Thread 0x00000199d49a0000 nmethod 50898 0x00000199c5713910 code [0x00000199c57141a0, 0x00000199c5719770]
Event: 9234.725 Thread 0x00000199d9f4a800 50890       4       scala.Option::nonEmpty (5 bytes)
Event: 9234.725 Thread 0x00000199d9f49800 50893       4       org.scalafmt.util.TreeOps$::isSeqMulti (17 bytes)
Event: 9234.725 Thread 0x00000199d9f4a800 nmethod 50890 0x00000199caa74b90 code [0x00000199caa74d20, 0x00000199caa74d98]
Event: 9234.725 Thread 0x00000199d9f4a800 50894       4       java.lang.invoke.LambdaForm$MH/0x0000000100d13040::linkToTargetMethod (23 bytes)
Event: 9234.726 Thread 0x00000199d9f4a800 nmethod 50894 0x00000199caa74e10 code [0x00000199caa74fc0, 0x00000199caa750d8]
Event: 9234.726 Thread 0x00000199d9f4a800 50895       4       java.lang.invoke.LambdaForm$DMH/0x0000000100d13840::invokeStatic (30 bytes)
Event: 9234.727 Thread 0x00000199d9f4a800 nmethod 50895 0x00000199caa75210 code [0x00000199caa753c0, 0x00000199caa754a8]
Event: 9234.727 Thread 0x00000199d9f4a800 50896       4       org.scalafmt.internal.BestFirstSearch$$Lambda$2916/0x0000000100d14040::get$Lambda (22 bytes)

GC Heap History (10 events):
Event: 9089.936 GC heap before
{Heap before GC invocations=820 (full 0):
 garbage-first heap   total 234496K, used 142814K [0x00000000c0000000, 0x0000000100000000)
  region size 1024K, 11 young (11264K), 5 survivors (5120K)
 Metaspace       used 255946K, capacity 271054K, committed 271100K, reserved 1280000K
  class space    used 33364K, capacity 40548K, committed 40576K, reserved 1048576K
}
Event: 9089.954 GC heap after
{Heap after GC invocations=821 (full 0):
 garbage-first heap   total 234496K, used 134664K [0x00000000c0000000, 0x0000000100000000)
  region size 1024K, 2 young (2048K), 2 survivors (2048K)
 Metaspace       used 255946K, capacity 271054K, committed 271100K, reserved 1280000K
  class space    used 33364K, capacity 40548K, committed 40576K, reserved 1048576K
}
Event: 9100.925 GC heap before
{Heap before GC invocations=821 (full 0):
 garbage-first heap   total 234496K, used 186888K [0x00000000c0000000, 0x0000000100000000)
  region size 1024K, 54 young (55296K), 2 survivors (2048K)
 Metaspace       used 255946K, capacity 271054K, committed 271100K, reserved 1280000K
  class space    used 33364K, capacity 40548K, committed 40576K, reserved 1048576K
}
Event: 9100.947 GC heap after
{Heap after GC invocations=822 (full 0):
 garbage-first heap   total 234496K, used 139944K [0x00000000c0000000, 0x0000000100000000)
  region size 1024K, 7 young (7168K), 7 survivors (7168K)
 Metaspace       used 255946K, capacity 271054K, committed 271100K, reserved 1280000K
  class space    used 33364K, capacity 40548K, committed 40576K, reserved 1048576K
}
Event: 9187.442 GC heap before
{Heap before GC invocations=823 (full 0):
 garbage-first heap   total 234496K, used 189096K [0x00000000c0000000, 0x0000000100000000)
  region size 1024K, 56 young (57344K), 7 survivors (7168K)
 Metaspace       used 255978K, capacity 271124K, committed 271356K, reserved 1280000K
  class space    used 33364K, capacity 40548K, committed 40576K, reserved 1048576K
}
Event: 9187.449 GC heap after
{Heap after GC invocations=824 (full 0):
 garbage-first heap   total 234496K, used 143128K [0x00000000c0000000, 0x0000000100000000)
  region size 1024K, 4 young (4096K), 4 survivors (4096K)
 Metaspace       used 255978K, capacity 271124K, committed 271356K, reserved 1280000K
  class space    used 33364K, capacity 40548K, committed 40576K, reserved 1048576K
}
Event: 9192.687 GC heap before
{Heap before GC invocations=824 (full 0):
 garbage-first heap   total 234496K, used 150296K [0x00000000c0000000, 0x0000000100000000)
  region size 1024K, 11 young (11264K), 4 survivors (4096K)
 Metaspace       used 255978K, capacity 271124K, committed 271356K, reserved 1280000K
  class space    used 33364K, capacity 40548K, committed 40576K, reserved 1048576K
}
Event: 9192.700 GC heap after
{Heap after GC invocations=825 (full 0):
 garbage-first heap   total 234496K, used 140937K [0x00000000c0000000, 0x0000000100000000)
  region size 1024K, 1 young (1024K), 1 survivors (1024K)
 Metaspace       used 255978K, capacity 271124K, committed 271356K, reserved 1280000K
  class space    used 33364K, capacity 40548K, committed 40576K, reserved 1048576K
}
Event: 9234.712 GC heap before
{Heap before GC invocations=825 (full 0):
 garbage-first heap   total 234496K, used 192137K [0x00000000c0000000, 0x0000000100000000)
  region size 1024K, 51 young (52224K), 1 survivors (1024K)
 Metaspace       used 255992K, capacity 271127K, committed 271356K, reserved 1280000K
  class space    used 33364K, capacity 40548K, committed 40576K, reserved 1048576K
}
Event: 9234.718 GC heap after
{Heap after GC invocations=826 (full 0):
 garbage-first heap   total 234496K, used 143332K [0x00000000c0000000, 0x0000000100000000)
  region size 1024K, 3 young (3072K), 3 survivors (3072K)
 Metaspace       used 255992K, capacity 271127K, committed 271356K, reserved 1280000K
  class space    used 33364K, capacity 40548K, committed 40576K, reserved 1048576K
}

Deoptimization events (10 events):
Event: 8305.561 Thread 0x00000199d75b9000 Uncommon trap: reason=unstable_if action=reinterpret pc=0x00000199ca9c8fa8 method=org.scalafmt.internal.FormatOps.$anonfun$rhsOptimalToken$2(Lorg/scalafmt/internal/FormatOps;Lorg/scalafmt/config/ScalafmtConfig;Lorg/scalafmt/internal/FormatToken;)Lscala/Op
Event: 8305.564 Thread 0x00000199d75b9000 Uncommon trap: reason=bimorphic_or_optimized_type_check action=maybe_recompile pc=0x00000199c8e88114 method=org.scalafmt.internal.BestFirstSearch.isInsideNoOptZone(Lorg/scalafmt/internal/FormatToken;)Z @ 24 c2
Event: 8305.564 Thread 0x00000199d75b9000 Uncommon trap: reason=bimorphic_or_optimized_type_check action=maybe_recompile pc=0x00000199c8e88114 method=org.scalafmt.internal.BestFirstSearch.isInsideNoOptZone(Lorg/scalafmt/internal/FormatToken;)Z @ 24 c2
Event: 8305.564 Thread 0x00000199d75b9000 Uncommon trap: reason=bimorphic_or_optimized_type_check action=maybe_recompile pc=0x00000199c87d8550 method=org.scalafmt.internal.BestFirstSearch.isInsideNoOptZone(Lorg/scalafmt/internal/FormatToken;)Z @ 24 c2
Event: 8305.564 Thread 0x00000199d75b9000 Uncommon trap: reason=bimorphic_or_optimized_type_check action=maybe_recompile pc=0x00000199c8e88114 method=org.scalafmt.internal.BestFirstSearch.isInsideNoOptZone(Lorg/scalafmt/internal/FormatToken;)Z @ 24 c2
Event: 8305.564 Thread 0x00000199d75b9000 Uncommon trap: reason=bimorphic_or_optimized_type_check action=maybe_recompile pc=0x00000199c87d8550 method=org.scalafmt.internal.BestFirstSearch.isInsideNoOptZone(Lorg/scalafmt/internal/FormatToken;)Z @ 24 c2
Event: 8305.564 Thread 0x00000199d75b9000 Uncommon trap: reason=bimorphic_or_optimized_type_check action=maybe_recompile pc=0x00000199c85be754 method=org.scalafmt.internal.BestFirstSearch.isInsideNoOptZone(Lorg/scalafmt/internal/FormatToken;)Z @ 24 c2
Event: 8305.564 Thread 0x00000199d75b9000 Uncommon trap: reason=bimorphic_or_optimized_type_check action=maybe_recompile pc=0x00000199ca366ef4 method=org.scalafmt.internal.BestFirstSearch.isInsideNoOptZone(Lorg/scalafmt/internal/FormatToken;)Z @ 24 c2
Event: 9098.797 Thread 0x00000199d75b9000 Uncommon trap: reason=class_check action=maybe_recompile pc=0x00000199c9d1e218 method=scala.meta.Mod$Protected$ModProtectedImpl.within()Lscala/meta/Ref; @ 57 c2
Event: 9098.798 Thread 0x00000199d75b9000 Uncommon trap: reason=class_check action=maybe_recompile pc=0x00000199c9d1e218 method=scala.meta.Mod$Protected$ModProtectedImpl.within()Lscala/meta/Ref; @ 57 c2

Classes redefined (0 events):
No events

Internal exceptions (10 events):
Event: 9190.469 Thread 0x00000199d9f4d000 Exception <a 'sun/nio/fs/WindowsException'{0x00000000ce1d9bd8}> (0x00000000ce1d9bd8) thrown at [t:/workspace/open/src/hotspot/share/prims/jni.cpp, line 615]
Event: 9192.443 Thread 0x00000199d9f4c000 Exception <a 'sun/nio/fs/WindowsException'{0x00000000cde08f10}> (0x00000000cde08f10) thrown at [t:/workspace/open/src/hotspot/share/prims/jni.cpp, line 615]
Event: 9215.070 Thread 0x00000199d9ae0000 Exception <a 'sun/nio/fs/WindowsException'{0x00000000ce3ad580}> (0x00000000ce3ad580) thrown at [t:/workspace/open/src/hotspot/share/prims/jni.cpp, line 615]
Event: 9217.352 Thread 0x00000199d9ae0000 Exception <a 'sun/nio/fs/WindowsException'{0x00000000ce172cd8}> (0x00000000ce172cd8) thrown at [t:/workspace/open/src/hotspot/share/prims/jni.cpp, line 615]
Event: 9223.724 Thread 0x00000199d9ae0000 Exception <a 'sun/nio/fs/WindowsException'{0x00000000cde9e8e0}> (0x00000000cde9e8e0) thrown at [t:/workspace/open/src/hotspot/share/prims/jni.cpp, line 615]
Event: 9225.410 Thread 0x00000199d9f4c000 Exception <a 'sun/nio/fs/WindowsException'{0x00000000cd752d50}> (0x00000000cd752d50) thrown at [t:/workspace/open/src/hotspot/share/prims/jni.cpp, line 615]
Event: 9230.514 Thread 0x00000199d9ae0000 Exception <a 'sun/nio/fs/WindowsException'{0x00000000ccf25368}> (0x00000000ccf25368) thrown at [t:/workspace/open/src/hotspot/share/prims/jni.cpp, line 615]
Event: 9230.514 Thread 0x00000199d9f4c000 Exception <a 'sun/nio/fs/WindowsException'{0x00000000ccf0f680}> (0x00000000ccf0f680) thrown at [t:/workspace/open/src/hotspot/share/prims/jni.cpp, line 615]
Event: 9232.935 Thread 0x00000199d9ae0000 Exception <a 'sun/nio/fs/WindowsException'{0x00000000cc7ce588}> (0x00000000cc7ce588) thrown at [t:/workspace/open/src/hotspot/share/prims/jni.cpp, line 615]
Event: 9234.191 Thread 0x00000199d9f4d000 Exception <a 'sun/nio/fs/WindowsException'{0x00000000cc030748}> (0x00000000cc030748) thrown at [t:/workspace/open/src/hotspot/share/prims/jni.cpp, line 615]

Events (10 events):
Event: 9226.789 loading class cz/cvut/fel/omo/foodchain/blockchain/BlockChain
Event: 9226.789 loading class cz/cvut/fel/omo/foodchain/blockchain/BlockChain done
Event: 9226.789 loading class cz/cvut/fel/omo/foodchain/blockchain/BlockChain
Event: 9226.789 loading class cz/cvut/fel/omo/foodchain/blockchain/BlockChain done
Event: 9226.790 loading class cz/cvut/fel/omo/foodchain/blockchain/BlockChain
Event: 9226.790 loading class cz/cvut/fel/omo/foodchain/blockchain/BlockChain done
Event: 9234.712 Executing VM operation: G1CollectForAllocation
Event: 9234.718 Executing VM operation: G1CollectForAllocation done
Event: 9234.724 Thread 0x00000199d9f4a800 Thread added: 0x00000199d9f4a800
Event: 9234.724 Thread 0x00000199d9f49800 Thread added: 0x00000199d9f49800


Dynamic libraries:
0x00007ff726200000 - 0x00007ff726247000 	C:\Program Files\Java\jdk-11.0.2\bin\java.exe
0x00007ffc492b0000 - 0x00007ffc494a5000 	C:\WINDOWS\SYSTEM32\ntdll.dll
0x00007ffc48d30000 - 0x00007ffc48dee000 	C:\WINDOWS\System32\KERNEL32.DLL
0x00007ffc46d60000 - 0x00007ffc47028000 	C:\WINDOWS\System32\KERNELBASE.dll
0x00007ffc49030000 - 0x00007ffc490dc000 	C:\WINDOWS\System32\ADVAPI32.dll
0x00007ffc48390000 - 0x00007ffc4842e000 	C:\WINDOWS\System32\msvcrt.dll
0x00007ffc48c60000 - 0x00007ffc48cfb000 	C:\WINDOWS\System32\sechost.dll
0x00007ffc47a40000 - 0x00007ffc47b6a000 	C:\WINDOWS\System32\RPCRT4.dll
0x00007ffc481e0000 - 0x00007ffc48381000 	C:\WINDOWS\System32\USER32.dll
0x00007ffc472c0000 - 0x00007ffc472e2000 	C:\WINDOWS\System32\win32u.dll
0x00007ffc47b70000 - 0x00007ffc47b9b000 	C:\WINDOWS\System32\GDI32.dll
0x00007ffc46af0000 - 0x00007ffc46bfd000 	C:\WINDOWS\System32\gdi32full.dll
0x00007ffc47030000 - 0x00007ffc470cd000 	C:\WINDOWS\System32\msvcp_win.dll
0x00007ffc469f0000 - 0x00007ffc46af0000 	C:\WINDOWS\System32\ucrtbase.dll
0x00007ffc317b0000 - 0x00007ffc31a4a000 	C:\WINDOWS\WinSxS\amd64_microsoft.windows.common-controls_6595b64144ccf1df_6.0.19041.1110_none_60b5254171f9507e\COMCTL32.dll
0x00007ffc45750000 - 0x00007ffc4575a000 	C:\WINDOWS\SYSTEM32\VERSION.dll
0x00007ffc48d00000 - 0x00007ffc48d30000 	C:\WINDOWS\System32\IMM32.DLL
0x00007ffc36e60000 - 0x00007ffc36e76000 	C:\Program Files\Java\jdk-11.0.2\bin\vcruntime140.dll
0x00007ffbfb460000 - 0x00007ffbfb50a000 	C:\Program Files\Java\jdk-11.0.2\bin\msvcp140.dll
0x00007ffbe6170000 - 0x00007ffbe6c97000 	C:\Program Files\Java\jdk-11.0.2\bin\server\jvm.dll
0x00007ffc48c50000 - 0x00007ffc48c58000 	C:\WINDOWS\System32\PSAPI.DLL
0x00007ffc309b0000 - 0x00007ffc309b9000 	C:\WINDOWS\SYSTEM32\WSOCK32.dll
0x00007ffc31070000 - 0x00007ffc31097000 	C:\WINDOWS\SYSTEM32\WINMM.dll
0x00007ffc48be0000 - 0x00007ffc48c4b000 	C:\WINDOWS\System32\WS2_32.dll
0x00007ffc44b70000 - 0x00007ffc44b82000 	C:\WINDOWS\SYSTEM32\kernel.appcore.dll
0x00007ffc36e30000 - 0x00007ffc36e41000 	C:\Program Files\Java\jdk-11.0.2\bin\verify.dll
0x00007ffc44190000 - 0x00007ffc44374000 	C:\WINDOWS\SYSTEM32\DBGHELP.DLL
0x00007ffc38050000 - 0x00007ffc3807c000 	C:\WINDOWS\SYSTEM32\dbgcore.DLL
0x00007ffc47230000 - 0x00007ffc472b2000 	C:\WINDOWS\System32\bcryptPrimitives.dll
0x00007ffc2aa80000 - 0x00007ffc2aaa9000 	C:\Program Files\Java\jdk-11.0.2\bin\java.dll
0x00007ffc33ad0000 - 0x00007ffc33ae6000 	C:\Program Files\Java\jdk-11.0.2\bin\zip.dll
0x00007ffc3b750000 - 0x00007ffc3b75a000 	C:\Program Files\Java\jdk-11.0.2\bin\jimage.dll
0x00007ffc472f0000 - 0x00007ffc47a34000 	C:\WINDOWS\System32\SHELL32.dll
0x00007ffc44f20000 - 0x00007ffc456b4000 	C:\WINDOWS\SYSTEM32\windows.storage.dll
0x00007ffc48880000 - 0x00007ffc48bd5000 	C:\WINDOWS\System32\combase.dll
0x00007ffc462c0000 - 0x00007ffc462ee000 	C:\WINDOWS\SYSTEM32\Wldp.dll
0x00007ffc48700000 - 0x00007ffc487ad000 	C:\WINDOWS\System32\SHCORE.dll
0x00007ffc49210000 - 0x00007ffc49265000 	C:\WINDOWS\System32\shlwapi.dll
0x00007ffc46900000 - 0x00007ffc4691f000 	C:\WINDOWS\SYSTEM32\profapi.dll
0x00007ffc33920000 - 0x00007ffc33939000 	C:\Program Files\Java\jdk-11.0.2\bin\net.dll
0x00007ffc35e50000 - 0x00007ffc3603b000 	C:\WINDOWS\SYSTEM32\urlmon.dll
0x00007ffc3cba0000 - 0x00007ffc3ccac000 	C:\WINDOWS\SYSTEM32\WINHTTP.dll
0x00007ffc35ba0000 - 0x00007ffc35e50000 	C:\WINDOWS\SYSTEM32\iertutil.dll
0x00007ffc3ae50000 - 0x00007ffc3ae78000 	C:\WINDOWS\SYSTEM32\srvcli.dll
0x00007ffc45eb0000 - 0x00007ffc45ebc000 	C:\WINDOWS\SYSTEM32\netutils.dll
0x00007ffc46040000 - 0x00007ffc460aa000 	C:\WINDOWS\system32\mswsock.dll
0x00007ffc26410000 - 0x00007ffc26423000 	C:\Program Files\Java\jdk-11.0.2\bin\nio.dll
0x00007ffc45d90000 - 0x00007ffc45e5b000 	C:\WINDOWS\SYSTEM32\DNSAPI.dll
0x00007ffc45d50000 - 0x00007ffc45d8b000 	C:\WINDOWS\SYSTEM32\IPHLPAPI.DLL
0x00007ffc48f20000 - 0x00007ffc48f28000 	C:\WINDOWS\System32\NSI.dll
0x00007ffc3bae0000 - 0x00007ffc3baea000 	C:\Windows\System32\rasadhlp.dll
0x00007ffc3aad0000 - 0x00007ffc3ab4f000 	C:\WINDOWS\System32\fwpuclnt.dll
0x00007ffc469c0000 - 0x00007ffc469e7000 	C:\WINDOWS\System32\bcrypt.dll
0x00007ffc46300000 - 0x00007ffc46318000 	C:\WINDOWS\SYSTEM32\CRYPTSP.dll
0x00007ffc459e0000 - 0x00007ffc45a14000 	C:\WINDOWS\system32\rsaenh.dll
0x00007ffc46880000 - 0x00007ffc468ae000 	C:\WINDOWS\SYSTEM32\USERENV.dll
0x00007ffc461d0000 - 0x00007ffc461dc000 	C:\WINDOWS\SYSTEM32\CRYPTBASE.dll
0x00007ffc3bd70000 - 0x00007ffc3bd87000 	C:\WINDOWS\SYSTEM32\dhcpcsvc6.DLL
0x00007ffc3bbe0000 - 0x00007ffc3bbfd000 	C:\WINDOWS\SYSTEM32\dhcpcsvc.DLL
0x000000006fd00000 - 0x000000006fd07000 	C:\Users\brako\AppData\Local\Temp\swoval-jni\14235983848936950297-swoval-files0.dll

dbghelp: loaded successfully - version: 4.0.5 - missing functions: none
symbol engine: initialized successfully - sym options: 0x614 - pdb path: .;C:\Program Files\Java\jdk-11.0.2\bin;C:\WINDOWS\SYSTEM32;C:\WINDOWS\WinSxS\amd64_microsoft.windows.common-controls_6595b64144ccf1df_6.0.19041.1110_none_60b5254171f9507e;C:\Program Files\Java\jdk-11.0.2\bin\server;C:\Users\brako\AppData\Local\Temp\swoval-jni

VM Arguments:
jvm_args: -Xss4m -Xms100m -Dmetals.client=vscode -Xmx1G 
java_command: scala.meta.metals.Main
java_class_path (initial): C:\Users\brako\AppData\Local\Coursier\cache\v1\https\repo1.maven.org\maven2\org\scalameta\metals_2.12\0.10.9\metals_2.12-0.10.9.jar;C:\Users\brako\AppData\Local\Coursier\cache\v1\https\repo1.maven.org\maven2\org\scala-lang\scala-library\2.12.15\scala-library-2.12.15.jar;C:\Users\brako\AppData\Local\Coursier\cache\v1\https\repo1.maven.org\maven2\org\scalameta\mtags_2.12.15\0.10.9\mtags_2.12.15-0.10.9.jar;C:\Users\brako\AppData\Local\Coursier\cache\v1\https\repo1.maven.org\maven2\com\google\guava\guava\31.0.1-jre\guava-31.0.1-jre.jar;C:\Users\brako\AppData\Local\Coursier\cache\v1\https\repo1.maven.org\maven2\com\geirsson\metaconfig-core_2.12\0.9.15\metaconfig-core_2.12-0.9.15.jar;C:\Users\brako\AppData\Local\Coursier\cache\v1\https\repo1.maven.org\maven2\org\openjdk\jol\jol-core\0.16\jol-core-0.16.jar;C:\Users\brako\AppData\Local\Coursier\cache\v1\https\repo1.maven.org\maven2\com\swoval\file-tree-views\2.1.7\file-tree-views-2.1.7.jar;C:\Users\brako\AppData\Local\Coursier\cache\v1\https\repo1.maven.org\maven2\io\undertow\undertow-core\2.2.12.Final\undertow-core-2.2.12.Final.jar;C:\Users\brako\AppData\Local\Coursier\cache\v1\https\repo1.maven.org\maven2\org\jboss\xnio\xnio-nio\3.8.4.Final\xnio-nio-3.8.4.Final.jar;C:\Users\brako\AppData\Local\Coursier\cache\v1\https\repo1.maven.org\maven2\org\flywaydb\flyway-core\8.0.2\flyway-core-8.0.2.jar;C:\Users\brako\AppData\Local\Coursier\cache\v1\https\repo1.maven.org\maven2\com\h2database\h2\1.4.200\h2-1.4.200.jar;C:\Users\brako\AppData\Local\Coursier\cache\v1\https\repo1.maven.org\maven2\org\scala-sbt\ipcsocket\ipcsocket\1.4.0\ipcsocket-1.4.0.jar;C:\Users\brako\AppData\Local\Coursier\cache\v1\https\repo1.maven.org\maven2\ch\epfl\scala\bsp4j\2.0.0-M15\bsp4j-2.0.0-M15.jar;C:\Users\brako\AppData\Local\Coursier\cache\v1\https\repo1.maven.org\maven2\ch\epfl\scala\bloop-launcher_2.12\1.4.11\bloop-launcher_2.12-1.4.11.jar;C:\Users\brako\AppData\Local\Coursier\cache\v1\https\repo1.maven.org\maven2\org\eclips
Launcher Type: SUN_STANDARD

[Global flags]
     intx CICompilerCount                          = 4                                         {product} {ergonomic}
     uint ConcGCThreads                            = 2                                         {product} {ergonomic}
     uint G1ConcRefinementThreads                  = 8                                         {product} {ergonomic}
   size_t G1HeapRegionSize                         = 1048576                                   {product} {ergonomic}
    uintx GCDrainStackTargetSize                   = 64                                        {product} {ergonomic}
   size_t InitialHeapSize                          = 104857600                                 {product} {command line}
   size_t MarkStackSize                            = 4194304                                   {product} {ergonomic}
   size_t MaxHeapSize                              = 1073741824                                {product} {command line}
   size_t MaxNewSize                               = 643825664                                 {product} {ergonomic}
   size_t MinHeapDeltaBytes                        = 1048576                                   {product} {ergonomic}
    uintx NonNMethodCodeHeapSize                   = 5835340                                {pd product} {ergonomic}
    uintx NonProfiledCodeHeapSize                  = 122911450                              {pd product} {ergonomic}
    uintx ProfiledCodeHeapSize                     = 122911450                              {pd product} {ergonomic}
    uintx ReservedCodeCacheSize                    = 251658240                              {pd product} {ergonomic}
     bool SegmentedCodeCache                       = true                                      {product} {ergonomic}
     intx ThreadStackSize                          = 4096                                   {pd product} {command line}
     bool UseCompressedClassPointers               = true                                 {lp64_product} {ergonomic}
     bool UseCompressedOops                        = true                                 {lp64_product} {ergonomic}
     bool UseG1GC                                  = true                                      {product} {ergonomic}
     bool UseLargePagesIndividualAllocation        = false                                  {pd product} {ergonomic}

Logging:
Log output configuration:
 #0: stdout all=warning uptime,level,tags
 #1: stderr all=off uptime,level,tags

Environment Variables:
JAVA_HOME=C:\Program Files\Java\jdk-11.0.2
PATH=C:\Users\brako\AppData\Local\Programs\Python\Python39;C:\Program Files (x86)\Common Files\Oracle\Java\javapath;C:\Python38\Scripts\;C:\Python38\;C:\Python27\;C:\Python27\Scripts;C:\Program Files\Java\jdk-11.0.2\bin;C:\Program Files\Microsoft SQL Server\130\Tools\Binn\;C:\Program Files\dotnet\;C:\Program Files\Microsoft SQL Server\Client SDK\ODBC\170\Tools\Binn\;C:\ProgramData\chocolatey\bin;C:\Program Files\Docker\Docker\resources\bin;C:\ProgramData\DockerDesktop\version-bin;C:\Program Files (x86)\Microsoft SQL Server\150\DTS\Binn\;C:\Program Files\MATLAB\R2020b\bin;C:\Program Files (x86)\Yarn\bin\;C:\ProgramData\ComposerSetup\bin;C:\WINDOWS\system32;C:\WINDOWS;C:\WINDOWS\System32\Wbem;C:\WINDOWS\System32\WindowsPowerShell\v1.0\;C:\WINDOWS\System32\OpenSSH\;C:\ProgramData\ghc-8.10.4\bin\;C:\Program Files\nodejs\;C:\Program Files (x86)\poppler-0.68.0\bin\;C:\antiword\;C:\Program Files\poppler-0.68.0\bin\;C:\Program Files\Tesseract-OCR\;C:\Users\brako\AppData\Local\Programs\Python\Python310\Scripts\;C:\Users\brako\AppData\Local\Programs\Python\Python310\;C:\Program Files\MySQL\MySQL Shell 8.0\bin\;C:\Users\brako\.dotnet\tools;C:\Users\brako\AppData\Local\Programs\Microsoft VS Code\bin;C:\Windows\System32;C:\Program Files\dotnet;C:\Program Files\MongoDB\Server\4.2\bin;C:\Windows\System32\wbem;C:\Program Files\Git\bin\;C:\Program Files\Git\cmd\;C:\User\brako\AppData\Local\Android\Sdk\platform-tools;C:\Users\brako\miniconda3\Library;C:\Users\brako\AppData\Local\groovy-3.0.6\bin;C:\Users\brako\AppData\Local\Yarn\bin;C:\Program Files\PHP\7.3;C:\Users\brako\AppData\Roaming\Composer\vendor\bin;C:\Program Files\Racket;C:\Program Files\JetBrains\PyCharm 2021.2.3\bin;C:\Users\brako\AppData\Roaming\cabal\bin;C:\tools\ghc-9.0.1\bin;C:\tools\msys64;C:\Users\brako\AppData\Roaming\npm;C:\Program Files (x86)\poppler-0.68.0\bin\;C:\antiword\;C:\Program Files\JetBrains\IntelliJ IDEA 2021.2.3\bin;C:\Users\brako\AppData\Local\Coursier\data\bin;C:\Program Files\JetBrains\DataGrip 2021.3
USERNAME=brako
OS=Windows_NT
PROCESSOR_IDENTIFIER=Intel64 Family 6 Model 142 Stepping 10, GenuineIntel



---------------  S Y S T E M  ---------------

OS: Windows 10 , 64 bit Build 19041 (10.0.19041.1348)

CPU:total 8 (initial active 8) (4 cores per cpu, 2 threads per core) family 6 model 142 stepping 10, cmov, cx8, fxsr, mmx, sse, sse2, sse3, ssse3, sse4.1, sse4.2, popcnt, avx, avx2, aes, clmul, erms, 3dnowpref, lzcnt, ht, tsc, tscinvbit, bmi1, bmi2, adx, fma

Memory: 4k page, system-wide physical 16227M (3795M free)
TotalPageFile size 41021M (AvailPageFile size 16191M)
current process WorkingSet (physical memory assigned to process): 631M, peak: 810M
current process commit charge ("private bytes"): 857M, peak: 859M

vm_info: Java HotSpot(TM) 64-Bit Server VM (11.0.2+9-LTS) for windows-amd64 JRE (11.0.2+9-LTS), built on Jan 18 2019 05:24:10 by "mach5one" with MS VC++ 15.5 (VS2017)

END.
