#
# A fatal error has been detected by the Java Runtime Environment:
#
#  EXCEPTION_ACCESS_VIOLATION (0xc0000005) at pc=0x00007fffdc557bf2, pid=34104, tid=11544
#
# JRE version: Java(TM) SE Runtime Environment (11.0.2+9) (build 11.0.2+9-LTS)
# Java VM: Java HotSpot(TM) 64-Bit Server VM (11.0.2+9-LTS, mixed mode, tiered, compressed oops, g1 gc, windows-amd64)
# Problematic frame:
# V  [jvm.dll+0x87bf2]
#
# No core dump will be written. Minidumps are not enabled by default on client versions of Windows
#
# If you would like to submit a bug report, please visit:
#   http://bugreport.java.com/bugreport/crash.jsp
#

---------------  S U M M A R Y ------------

Command Line: -Xss4m -Xms100m -Dmetals.client=vscode -Xmx1G scala.meta.metals.Main

Host: Intel(R) Core(TM) i7-8550U CPU @ 1.80GHz, 8 cores, 15G,  Windows 10 , 64 bit Build 19041 (10.0.19041.1348)
Time: Sat Dec 25 13:31:58 2021 W. Europe Standard Time elapsed time: 169510 seconds (1d 23h 5m 10s)

---------------  T H R E A D  ---------------

Current thread (0x00000181ffc6d800):  JavaThread "C2 CompilerThread0" daemon [_thread_in_native, id=11544, stack(0x000000104d800000,0x000000104d900000)]


Current CompileTask:
C2:169510033 66770       4       org.scalafmt.util.TreeOps$::isSeqMulti (17 bytes)

Stack: [0x000000104d800000,0x000000104d900000],  sp=0x000000104d8fc040,  free space=1008k
Native frames: (J=compiled Java code, j=interpreted, Vv=VM code, C=native code)
V  [jvm.dll+0x87bf2]
V  [jvm.dll+0x613696]
V  [jvm.dll+0x5c5986]
V  [jvm.dll+0x5c8369]
V  [jvm.dll+0x2180ed]
V  [jvm.dll+0x2173ea]
V  [jvm.dll+0x194200]
V  [jvm.dll+0x2263af]
V  [jvm.dll+0x2249b8]
V  [jvm.dll+0x738a9d]
V  [jvm.dll+0x6347f2]
C  [ucrtbase.dll+0x21bb2]
C  [KERNEL32.DLL+0x17034]
C  [ntdll.dll+0x52651]


siginfo: EXCEPTION_ACCESS_VIOLATION (0xc0000005), reading address 0xffffffffffffffff


Register to memory mapping:

RIP=0x00007fffdc557bf2 jvm.dll
RAX=
[error occurred during error reporting (printing register info), id 0xc0000005, EXCEPTION_ACCESS_VIOLATION (0xc0000005) at pc=0x00007fffdc7c2eb6]

Registers:
RAX=0x00000000dc9ee210, RBX=0x00007fffdcd0aef8, RCX=0x00007fffdc827db0, RDX=0x00000181a584e4f8
RSP=0x000000104d8fc040, RBP=0x000000104d8fc0f9, RSI=0x00007fffdc4d0000, RDI=0x00000181a584e4f8
R8 =0x0000000000000010, R9 =0x0000000000000000, R10=0x00000181a584e530, R11=0x00000181a584f658
R12=0x00007fffdcd85280, R13=0x0000000000000000, R14=0x00000181a584e4f8, R15=0x000000104d8fc560
RIP=0x00007fffdc557bf2, EFLAGS=0x0000000000010296

Top of Stack: (sp=0x000000104d8fc040)
0x000000104d8fc040:   0000000000000004 000000104d8feac8
0x000000104d8fc050:   0000000000000000 0000000000000000
0x000000104d8fc060:   00007fffdcd0aef8 00007fffdcae3696
0x000000104d8fc070:   00000181a584e4f8 00007fffdc4d0000
0x000000104d8fc080:   00007fffdcd85201 0000000000000016
0x000000104d8fc090:   0000000000000096 00007fffdca95986
0x000000104d8fc0a0:   0000000000000003 00007fffdc4d0000
0x000000104d8fc0b0:   000001819e5c82f0 0000000000000000
0x000000104d8fc0c0:   0000000000000000 0000000000000000
0x000000104d8fc0d0:   0000000000000000 0000000000000000
0x000000104d8fc0e0:   0000000000000000 00000181a5eed2b0
0x000000104d8fc0f0:   00000181a5eee740 00000181a5eece60
0x000000104d8fc100:   00000181ffc5ff50 00007fffdcd9af90
0x000000104d8fc110:   00000181ffc5ff50 00007ff800000002
0x000000104d8fc120:   00000181a5eee740 0000000000000000
0x000000104d8fc130:   00000000000000b0 00000181a2466460 

Instructions: (pc=0x00007fffdc557bf2)
0x00007fffdc557bd2:   49 10 48 85 c9 74 20 8b 43 20 3b 43 24 75 11 8b
0x00007fffdc557be2:   d0 48 8b cb e8 65 df 58 00 8b 43 20 48 8b 4b 10
0x00007fffdc557bf2:   48 89 3c c1 ff 43 20 48 8b 5c 24 30 48 83 c4 20
0x00007fffdc557c02:   5f c3 cc cc cc cc cc cc cc cc cc cc cc cc 8b 81 


Stack slot to memory mapping:
stack at sp + 0 slots: 0x0000000000000004 is an unknown value
stack at sp + 1 slots: 0x000000104d8feac8 is pointing into the stack for thread: 0x00000181ffc6d800
stack at sp + 2 slots: 0x0 is NULL
stack at sp + 3 slots: 0x0 is NULL
stack at sp + 4 slots: 0x00007fffdcd0aef8 jvm.dll
stack at sp + 5 slots: 0x00007fffdcae3696 jvm.dll
stack at sp + 6 slots: 0x00000181a584e4f8 points into unknown readable memory: 20 12 d1 dc ff 7f 00 00
stack at sp + 7 slots: 0x00007fffdc4d0000 jvm.dll


---------------  P R O C E S S  ---------------

Threads class SMR info:
_java_thread_list=0x00000181b20d2740, length=60, elements={
0x00000181fc8ba000, 0x00000181ffc46800, 0x00000181ffc4a000, 0x00000181ffc68800,
0x00000181ffc69800, 0x00000181ffc6d800, 0x00000181ffc6e800, 0x00000181ffc6f800,
0x000001819bc11000, 0x000001819bc12000, 0x000001819dbab800, 0x000001819dd13000,
0x000001819cac6000, 0x000001819cac6800, 0x000001819d136000, 0x000001819e3b2000,
0x000001819f65b000, 0x000001819c3a6000, 0x000001819c13b800, 0x000001819dd81800,
0x000001819dd7c000, 0x000001819dd82800, 0x00000181a0383800, 0x00000181a0381000,
0x00000181a0387800, 0x00000181a0386000, 0x00000181a0381800, 0x00000181a038d000,
0x00000181a038e000, 0x00000181a038f000, 0x00000181a038b800, 0x00000181a038a000,
0x00000181a0389000, 0x00000181a038a800, 0x00000181a038f800, 0x00000181a038c800,
0x000001819e182000, 0x000001819e17f000, 0x000001819e183800, 0x000001819e183000,
0x000001819e184800, 0x000001819e185800, 0x000001819e180800, 0x000001819e17f800,
0x000001819e18b000, 0x000001819e18c800, 0x00000181a0388800, 0x00000181a4654000,
0x00000181a4653800, 0x00000181a4652800, 0x00000181a4656800, 0x00000181a4ce1800,
0x000001819c4ef000, 0x000001819f611000, 0x00000181a3ca8800, 0x00000181a3ca9800,
0x00000181a3655000, 0x000001819c4f1800, 0x000001819c4f1000, 0x00000181a5129800
}

Java Threads: ( => current thread )
  0x00000181fc8ba000 JavaThread "main" [_thread_blocked, id=30292, stack(0x000000104be00000,0x000000104c200000)]
  0x00000181ffc46800 JavaThread "Reference Handler" daemon [_thread_blocked, id=25576, stack(0x000000104c800000,0x000000104cc00000)]
  0x00000181ffc4a000 JavaThread "Finalizer" daemon [_thread_blocked, id=24476, stack(0x000000104cc00000,0x000000104d000000)]
  0x00000181ffc68800 JavaThread "Signal Dispatcher" daemon [_thread_blocked, id=22084, stack(0x000000104d000000,0x000000104d400000)]
  0x00000181ffc69800 JavaThread "Attach Listener" daemon [_thread_blocked, id=3232, stack(0x000000104d400000,0x000000104d800000)]
=>0x00000181ffc6d800 JavaThread "C2 CompilerThread0" daemon [_thread_in_native, id=11544, stack(0x000000104d800000,0x000000104d900000)]
  0x00000181ffc6e800 JavaThread "C1 CompilerThread0" daemon [_thread_blocked, id=16456, stack(0x000000104d900000,0x000000104da00000)]
  0x00000181ffc6f800 JavaThread "Sweeper thread" daemon [_thread_blocked, id=29244, stack(0x000000104da00000,0x000000104de00000)]
  0x000001819bc11000 JavaThread "Service Thread" daemon [_thread_blocked, id=30200, stack(0x000000104de00000,0x000000104e200000)]
  0x000001819bc12000 JavaThread "Common-Cleaner" daemon [_thread_blocked, id=16924, stack(0x000000104e300000,0x000000104e700000)]
  0x000001819dbab800 JavaThread "pool-1-thread-1" [_thread_in_native, id=33944, stack(0x000000104ea00000,0x000000104ee00000)]
  0x000001819dd13000 JavaThread "pool-1-thread-2" [_thread_blocked, id=5496, stack(0x000000104ee00000,0x000000104f200000)]
  0x000001819cac6000 JavaThread "ForkJoinPool.commonPool-worker-3" daemon [_thread_blocked, id=32704, stack(0x000000104fb00000,0x000000104ff00000)]
  0x000001819cac6800 JavaThread "pool-2-thread-1" [_thread_blocked, id=33540, stack(0x000000104ff00000,0x0000001050300000)]
  0x000001819d136000 JavaThread "H2 File Lock Watchdog C:/Users/brako/Desktop/Boris/CVUT/4_winter/OMO/code/coursework/foodchain/.metals/metals.lock.db" daemon [_thread_blocked, id=29580, stack(0x0000001050300000,0x0000001050700000)]
  0x000001819e3b2000 JavaThread "H2 TCP Server (tcp://localhost:50697)" daemon [_thread_in_native, id=8364, stack(0x0000001050a00000,0x0000001050e00000)]
  0x000001819f65b000 JavaThread "H2 Log Writer METALS" daemon [_thread_blocked, id=19216, stack(0x0000001050e00000,0x0000001051200000)]
  0x000001819c3a6000 JavaThread "pool-1-thread-4" [_thread_blocked, id=18856, stack(0x0000001051200000,0x0000001051600000)]
  0x000001819c13b800 JavaThread "pool-1-thread-5" [_thread_in_native, id=30868, stack(0x0000001051600000,0x0000001051a00000)]
  0x000001819dd81800 JavaThread "pool-1-thread-7" [_thread_blocked, id=29888, stack(0x0000001051e00000,0x0000001052200000)]
  0x000001819dd7c000 JavaThread "pool-1-thread-9" [_thread_blocked, id=11588, stack(0x0000001052600000,0x0000001052a00000)]
  0x000001819dd82800 JavaThread "pool-1-thread-10" [_thread_in_native, id=33472, stack(0x0000001052a00000,0x0000001052e00000)]
  0x00000181a0383800 JavaThread "Thread-2" [_thread_in_native, id=25288, stack(0x0000001054a00000,0x0000001054e00000)]
  0x00000181a0381000 JavaThread "Thread-4" daemon [_thread_blocked, id=31388, stack(0x0000001054e00000,0x0000001055200000)]
  0x00000181a0387800 JavaThread "Thread-3" daemon [_thread_blocked, id=21620, stack(0x0000001055200000,0x0000001055600000)]
  0x00000181a0386000 JavaThread "bsp-client-to-server" daemon [_thread_in_native, id=25168, stack(0x0000001055600000,0x0000001055a00000)]
  0x00000181a0381800 JavaThread "bsp-server-to-client" daemon [_thread_in_native, id=19788, stack(0x0000001055a00000,0x0000001055e00000)]
  0x00000181a038d000 JavaThread "Thread-7" [_thread_in_native, id=3548, stack(0x0000001055e00000,0x0000001056200000)]
  0x00000181a038e000 JavaThread "Thread-9" daemon [_thread_blocked, id=31808, stack(0x0000001056200000,0x0000001056600000)]
  0x00000181a038f000 JavaThread "Thread-10" [_thread_in_native, id=34896, stack(0x0000001056600000,0x0000001056a00000)]
  0x00000181a038b800 JavaThread "Thread-12" daemon [_thread_blocked, id=32360, stack(0x0000001056a00000,0x0000001056e00000)]
  0x00000181a038a000 JavaThread "Thread-8" daemon [_thread_blocked, id=18736, stack(0x0000001056e00000,0x0000001057200000)]
  0x00000181a0389000 JavaThread "Thread-13" [_thread_in_native, id=30260, stack(0x0000001057200000,0x0000001057600000)]
  0x00000181a038a800 JavaThread "Thread-11" daemon [_thread_blocked, id=5116, stack(0x0000001057600000,0x0000001057a00000)]
  0x00000181a038f800 JavaThread "Thread-15" daemon [_thread_blocked, id=26452, stack(0x0000001057a00000,0x0000001057e00000)]
  0x00000181a038c800 JavaThread "Thread-14" daemon [_thread_blocked, id=9612, stack(0x0000001057e00000,0x0000001058200000)]
  0x000001819e182000 JavaThread "bsp-client-to-server" daemon [_thread_in_native, id=32056, stack(0x0000001058200000,0x0000001058600000)]
  0x000001819e17f000 JavaThread "bsp-server-to-client" daemon [_thread_in_native, id=30460, stack(0x0000001058600000,0x0000001058a00000)]
  0x000001819e183800 JavaThread "bsp-client-to-server" daemon [_thread_in_native, id=18792, stack(0x0000001058a00000,0x0000001058e00000)]
  0x000001819e183000 JavaThread "bsp-client-to-server" daemon [_thread_in_native, id=10992, stack(0x0000001058e00000,0x0000001059200000)]
  0x000001819e184800 JavaThread "bsp-server-to-client" daemon [_thread_in_native, id=30008, stack(0x0000001059200000,0x0000001059600000)]
  0x000001819e185800 JavaThread "bsp-server-to-client" daemon [_thread_in_native, id=15568, stack(0x0000001059600000,0x0000001059a00000)]
  0x000001819e180800 JavaThread "pool-1-thread-12" [_thread_in_native, id=10244, stack(0x0000001059a00000,0x0000001059e00000)]
  0x000001819e17f800 JavaThread "pool-1-thread-13" [_thread_in_native, id=14156, stack(0x0000001059e00000,0x000000105a200000)]
  0x000001819e18b000 JavaThread "FileSystemWatchService" daemon [_thread_in_native, id=9368, stack(0x000000105ba00000,0x000000105be00000)]
  0x000001819e18c800 JavaThread "NioPathWatcher-loop-thread-1" daemon [_thread_blocked, id=21080, stack(0x000000105be00000,0x000000105c200000)]
  0x00000181a0388800 JavaThread "com.swoval.files.SymlinkWather.callback-executor-1" [_thread_blocked, id=2244, stack(0x000000105c200000,0x000000105c600000)]
  0x00000181a4654000 JavaThread "FileTreeRepository-callback-executor-1" [_thread_blocked, id=17292, stack(0x000000105c600000,0x000000105ca00000)]
  0x00000181a4653800 JavaThread "FileSystemWatchService" daemon [_thread_in_native, id=25652, stack(0x000000105ca00000,0x000000105ce00000)]
  0x00000181a4652800 JavaThread "NioPathWatcher-loop-thread-2" daemon [_thread_blocked, id=29524, stack(0x000000105ce00000,0x000000105d200000)]
  0x00000181a4656800 JavaThread "pool-5-thread-1" [_thread_blocked, id=6868, stack(0x000000105da00000,0x000000105de00000)]
  0x00000181a4ce1800 JavaThread "Scala Presentation Compiler [Metals]" daemon [_thread_blocked, id=30688, stack(0x0000001065e00000,0x0000001066200000)]
  0x000001819c4ef000 JavaThread "pool-4-thread-3" [_thread_blocked, id=12348, stack(0x0000001054200000,0x0000001054600000)]
  0x000001819f611000 JavaThread "pool-1-thread-1260" [_thread_blocked, id=18772, stack(0x0000001051a00000,0x0000001051e00000)]
  0x00000181a3ca8800 JavaThread "pool-1-thread-1262" [_thread_blocked, id=34916, stack(0x0000001052e00000,0x0000001053200000)]
  0x00000181a3ca9800 JavaThread "pool-1-thread-1263" [_thread_blocked, id=31320, stack(0x0000001053200000,0x0000001053600000)]
  0x00000181a3655000 JavaThread "pool-1-thread-1266" [_thread_blocked, id=23960, stack(0x0000001052200000,0x0000001052600000)]
  0x000001819c4f1800 JavaThread "pool-1-thread-1267" [_thread_blocked, id=31304, stack(0x0000001053600000,0x0000001053a00000)]
  0x000001819c4f1000 JavaThread "pool-1-thread-1268" [_thread_blocked, id=32400, stack(0x000000104f700000,0x000000104fb00000)]
  0x00000181a5129800 JavaThread "Scala Presentation Compiler [Metals]" daemon [_thread_blocked, id=32312, stack(0x0000001053e00000,0x0000001054200000)]

Other Threads:
  0x00000181ffc12000 VMThread "VM Thread" [stack: 0x000000104c700000,0x000000104c800000] [id=27592]
  0x000001819bc15800 WatcherThread [stack: 0x000000104e200000,0x000000104e300000] [id=11844]
  0x00000181fc8d2000 GCTaskThread "GC Thread#0" [stack: 0x000000104c200000,0x000000104c300000] [id=34076]
  0x000001819d7ab000 GCTaskThread "GC Thread#1" [stack: 0x000000104e700000,0x000000104e800000] [id=26348]
  0x000001819dda2800 GCTaskThread "GC Thread#2" [stack: 0x000000104f300000,0x000000104f400000] [id=21876]
  0x000001819ddeb000 GCTaskThread "GC Thread#3" [stack: 0x000000104f400000,0x000000104f500000] [id=33208]
  0x000001819dfd5800 GCTaskThread "GC Thread#4" [stack: 0x000000104f500000,0x000000104f600000] [id=32772]
  0x000001819e1b3000 GCTaskThread "GC Thread#5" [stack: 0x000000104f600000,0x000000104f700000] [id=26788]
  0x000001819cac9800 GCTaskThread "GC Thread#6" [stack: 0x000000104e800000,0x000000104e900000] [id=29256]
  0x000001819bd5a000 GCTaskThread "GC Thread#7" [stack: 0x0000001050700000,0x0000001050800000] [id=33580]
  0x00000181fc8ee800 ConcurrentGCThread "G1 Main Marker" [stack: 0x000000104c300000,0x000000104c400000] [id=28372]
  0x00000181fc8f0800 ConcurrentGCThread "G1 Conc#0" [stack: 0x000000104c400000,0x000000104c500000] [id=34564]
  0x000001819d7ce800 ConcurrentGCThread "G1 Conc#1" [stack: 0x000000104e900000,0x000000104ea00000] [id=22672]
  0x00000181fc974000 ConcurrentGCThread "G1 Refine#0" [stack: 0x000000104c500000,0x000000104c600000] [id=24776]
  0x000001819d996000 ConcurrentGCThread "G1 Refine#1" [stack: 0x000000105d300000,0x000000105d400000] [id=4844]
  0x00000181fc975000 ConcurrentGCThread "G1 Young RemSet Sampling" [stack: 0x000000104c600000,0x000000104c700000] [id=33584]

Threads with active compile tasks:
C2 CompilerThread066770       4       org.scalafmt.util.TreeOps$::isSeqMulti (17 bytes)

VM state:not at safepoint (normal execution)

VM Mutex/Monitor currently owned by a thread: None

Heap address: 0x00000000c0000000, size: 1024 MB, Compressed Oops mode: 32-bit
Narrow klass base: 0x0000000000000000, Narrow klass shift: 3
Compressed class space size: 1073741824 Address: 0x0000000100000000

Heap:
 garbage-first heap   total 324608K, used 218258K [0x00000000c0000000, 0x0000000100000000)
  region size 1024K, 25 young (25600K), 8 survivors (8192K)
 Metaspace       used 265926K, capacity 281986K, committed 282264K, reserved 1290240K
  class space    used 33713K, capacity 41037K, committed 41112K, reserved 1048576K
Heap Regions: E=young(eden), S=young(survivor), O=old, HS=humongous(starts), HC=humongous(continues), CS=collection set, F=free, A=archive, TAMS=top-at-mark-start (previous, next)
|   0|0x00000000c0000000, 0x00000000c0100000, 0x00000000c0100000|100%| O|  |TAMS 0x00000000c0100000, 0x00000000c0000000| Untracked 
|   1|0x00000000c0100000, 0x00000000c0200000, 0x00000000c0200000|100%| O|  |TAMS 0x00000000c0200000, 0x00000000c0100000| Untracked 
|   2|0x00000000c0200000, 0x00000000c0300000, 0x00000000c0300000|100%| O|  |TAMS 0x00000000c0300000, 0x00000000c0200000| Complete 
|   3|0x00000000c0300000, 0x00000000c0400000, 0x00000000c0400000|100%| O|  |TAMS 0x00000000c0400000, 0x00000000c0300000| Untracked 
|   4|0x00000000c0400000, 0x00000000c0500000, 0x00000000c0500000|100%| O|  |TAMS 0x00000000c0500000, 0x00000000c0400000| Untracked 
|   5|0x00000000c0500000, 0x00000000c0600000, 0x00000000c0600000|100%| O|  |TAMS 0x00000000c0600000, 0x00000000c0500000| Untracked 
|   6|0x00000000c0600000, 0x00000000c0700000, 0x00000000c0700000|100%| O|  |TAMS 0x00000000c0700000, 0x00000000c0600000| Complete 
|   7|0x00000000c0700000, 0x00000000c0800000, 0x00000000c0800000|100%| O|  |TAMS 0x00000000c0800000, 0x00000000c0700000| Complete 
|   8|0x00000000c0800000, 0x00000000c0900000, 0x00000000c0900000|100%| O|  |TAMS 0x00000000c0900000, 0x00000000c0800000| Untracked 
|   9|0x00000000c0900000, 0x00000000c0a00000, 0x00000000c0a00000|100%| O|  |TAMS 0x00000000c0a00000, 0x00000000c0900000| Complete 
|  10|0x00000000c0a00000, 0x00000000c0b00000, 0x00000000c0b00000|100%| O|  |TAMS 0x00000000c0b00000, 0x00000000c0a00000| Untracked 
|  11|0x00000000c0b00000, 0x00000000c0b00000, 0x00000000c0c00000|  0%| F|  |TAMS 0x00000000c0b00000, 0x00000000c0b00000| Untracked 
|  12|0x00000000c0c00000, 0x00000000c0d00000, 0x00000000c0d00000|100%| O|  |TAMS 0x00000000c0d00000, 0x00000000c0c00000| Untracked 
|  13|0x00000000c0d00000, 0x00000000c0e00000, 0x00000000c0e00000|100%| O|  |TAMS 0x00000000c0e00000, 0x00000000c0d00000| Complete 
|  14|0x00000000c0e00000, 0x00000000c0f00000, 0x00000000c0f00000|100%| O|  |TAMS 0x00000000c0f00000, 0x00000000c0e00000| Complete 
|  15|0x00000000c0f00000, 0x00000000c1000000, 0x00000000c1000000|100%| O|  |TAMS 0x00000000c1000000, 0x00000000c0f00000| Untracked 
|  16|0x00000000c1000000, 0x00000000c1100000, 0x00000000c1100000|100%|HS|  |TAMS 0x00000000c1100000, 0x00000000c1000000| Untracked 
|  17|0x00000000c1100000, 0x00000000c1200000, 0x00000000c1200000|100%|HC|  |TAMS 0x00000000c1200000, 0x00000000c1100000| Untracked 
|  18|0x00000000c1200000, 0x00000000c1300000, 0x00000000c1300000|100%| O|  |TAMS 0x00000000c1300000, 0x00000000c1200000| Complete 
|  19|0x00000000c1300000, 0x00000000c1400000, 0x00000000c1400000|100%| O|  |TAMS 0x00000000c1400000, 0x00000000c1300000| Complete 
|  20|0x00000000c1400000, 0x00000000c1500000, 0x00000000c1500000|100%| O|  |TAMS 0x00000000c1500000, 0x00000000c1400000| Complete 
|  21|0x00000000c1500000, 0x00000000c1600000, 0x00000000c1600000|100%| O|  |TAMS 0x00000000c1600000, 0x00000000c1500000| Complete 
|  22|0x00000000c1600000, 0x00000000c1700000, 0x00000000c1700000|100%| O|  |TAMS 0x00000000c1700000, 0x00000000c1600000| Complete 
|  23|0x00000000c1700000, 0x00000000c1724800, 0x00000000c1800000| 14%| O|  |TAMS 0x00000000c1724800, 0x00000000c1700000| Untracked 
|  24|0x00000000c1800000, 0x00000000c1800000, 0x00000000c1900000|  0%| F|  |TAMS 0x00000000c1800000, 0x00000000c1800000| Untracked 
|  25|0x00000000c1900000, 0x00000000c1a00000, 0x00000000c1a00000|100%|HS|  |TAMS 0x00000000c1a00000, 0x00000000c1900000| Complete 
|  26|0x00000000c1a00000, 0x00000000c1b00000, 0x00000000c1b00000|100%|HC|  |TAMS 0x00000000c1b00000, 0x00000000c1a00000| Complete 
|  27|0x00000000c1b00000, 0x00000000c1c00000, 0x00000000c1c00000|100%|HC|  |TAMS 0x00000000c1c00000, 0x00000000c1b00000| Complete 
|  28|0x00000000c1c00000, 0x00000000c1d00000, 0x00000000c1d00000|100%| O|  |TAMS 0x00000000c1d00000, 0x00000000c1c00000| Untracked 
|  29|0x00000000c1d00000, 0x00000000c1e00000, 0x00000000c1e00000|100%| O|  |TAMS 0x00000000c1e00000, 0x00000000c1d00000| Untracked 
|  30|0x00000000c1e00000, 0x00000000c1f00000, 0x00000000c1f00000|100%| O|  |TAMS 0x00000000c1f00000, 0x00000000c1e00000| Complete 
|  31|0x00000000c1f00000, 0x00000000c2000000, 0x00000000c2000000|100%| O|  |TAMS 0x00000000c2000000, 0x00000000c1f00000| Complete 
|  32|0x00000000c2000000, 0x00000000c2000000, 0x00000000c2100000|  0%| F|  |TAMS 0x00000000c2000000, 0x00000000c2000000| Untracked 
|  33|0x00000000c2100000, 0x00000000c2200000, 0x00000000c2200000|100%| O|  |TAMS 0x00000000c2200000, 0x00000000c2100000| Untracked 
|  34|0x00000000c2200000, 0x00000000c2300000, 0x00000000c2300000|100%| O|  |TAMS 0x00000000c2300000, 0x00000000c2200000| Untracked 
|  35|0x00000000c2300000, 0x00000000c2400000, 0x00000000c2400000|100%| O|  |TAMS 0x00000000c2400000, 0x00000000c2300000| Complete 
|  36|0x00000000c2400000, 0x00000000c2500000, 0x00000000c2500000|100%| O|  |TAMS 0x00000000c2500000, 0x00000000c2400000| Untracked 
|  37|0x00000000c2500000, 0x00000000c2600000, 0x00000000c2600000|100%| O|  |TAMS 0x00000000c2600000, 0x00000000c2500000| Complete 
|  38|0x00000000c2600000, 0x00000000c2700000, 0x00000000c2700000|100%| O|  |TAMS 0x00000000c2700000, 0x00000000c2600000| Untracked 
|  39|0x00000000c2700000, 0x00000000c2800000, 0x00000000c2800000|100%| O|  |TAMS 0x00000000c2800000, 0x00000000c2700000| Complete 
|  40|0x00000000c2800000, 0x00000000c2900000, 0x00000000c2900000|100%| O|  |TAMS 0x00000000c2900000, 0x00000000c2800000| Untracked 
|  41|0x00000000c2900000, 0x00000000c2a00000, 0x00000000c2a00000|100%| O|  |TAMS 0x00000000c2a00000, 0x00000000c2900000| Complete 
|  42|0x00000000c2a00000, 0x00000000c2b00000, 0x00000000c2b00000|100%| O|  |TAMS 0x00000000c2b00000, 0x00000000c2a00000| Complete 
|  43|0x00000000c2b00000, 0x00000000c2c00000, 0x00000000c2c00000|100%| O|  |TAMS 0x00000000c2c00000, 0x00000000c2b00000| Complete 
|  44|0x00000000c2c00000, 0x00000000c2d00000, 0x00000000c2d00000|100%| O|  |TAMS 0x00000000c2d00000, 0x00000000c2c00000| Complete 
|  45|0x00000000c2d00000, 0x00000000c2e00000, 0x00000000c2e00000|100%| O|  |TAMS 0x00000000c2e00000, 0x00000000c2d00000| Untracked 
|  46|0x00000000c2e00000, 0x00000000c2f00000, 0x00000000c2f00000|100%| O|  |TAMS 0x00000000c2f00000, 0x00000000c2e00000| Untracked 
|  47|0x00000000c2f00000, 0x00000000c3000000, 0x00000000c3000000|100%| O|  |TAMS 0x00000000c3000000, 0x00000000c2f00000| Complete 
|  48|0x00000000c3000000, 0x00000000c3100000, 0x00000000c3100000|100%| O|  |TAMS 0x00000000c3100000, 0x00000000c3000000| Complete 
|  49|0x00000000c3100000, 0x00000000c3200000, 0x00000000c3200000|100%| O|  |TAMS 0x00000000c3200000, 0x00000000c3100000| Complete 
|  50|0x00000000c3200000, 0x00000000c3300000, 0x00000000c3300000|100%| O|  |TAMS 0x00000000c3300000, 0x00000000c3200000| Complete 
|  51|0x00000000c3300000, 0x00000000c3400000, 0x00000000c3400000|100%| O|  |TAMS 0x00000000c3400000, 0x00000000c3300000| Complete 
|  52|0x00000000c3400000, 0x00000000c3500000, 0x00000000c3500000|100%| O|  |TAMS 0x00000000c3500000, 0x00000000c3400000| Complete 
|  53|0x00000000c3500000, 0x00000000c3600000, 0x00000000c3600000|100%| O|  |TAMS 0x00000000c3600000, 0x00000000c3500000| Complete 
|  54|0x00000000c3600000, 0x00000000c3700000, 0x00000000c3700000|100%| O|  |TAMS 0x00000000c3700000, 0x00000000c3600000| Untracked 
|  55|0x00000000c3700000, 0x00000000c3800000, 0x00000000c3800000|100%| O|  |TAMS 0x00000000c3800000, 0x00000000c3700000| Untracked 
|  56|0x00000000c3800000, 0x00000000c3900000, 0x00000000c3900000|100%| O|  |TAMS 0x00000000c3900000, 0x00000000c3800000| Untracked 
|  57|0x00000000c3900000, 0x00000000c3a00000, 0x00000000c3a00000|100%| O|  |TAMS 0x00000000c3a00000, 0x00000000c3900000| Complete 
|  58|0x00000000c3a00000, 0x00000000c3b00000, 0x00000000c3b00000|100%| O|  |TAMS 0x00000000c3b00000, 0x00000000c3a00000| Untracked 
|  59|0x00000000c3b00000, 0x00000000c3c00000, 0x00000000c3c00000|100%| O|  |TAMS 0x00000000c3c00000, 0x00000000c3b00000| Complete 
|  60|0x00000000c3c00000, 0x00000000c3d00000, 0x00000000c3d00000|100%| O|  |TAMS 0x00000000c3d00000, 0x00000000c3c00000| Untracked 
|  61|0x00000000c3d00000, 0x00000000c3e00000, 0x00000000c3e00000|100%| O|  |TAMS 0x00000000c3e00000, 0x00000000c3d00000| Complete 
|  62|0x00000000c3e00000, 0x00000000c3f00000, 0x00000000c3f00000|100%| O|  |TAMS 0x00000000c3f00000, 0x00000000c3e00000| Untracked 
|  63|0x00000000c3f00000, 0x00000000c4000000, 0x00000000c4000000|100%| O|  |TAMS 0x00000000c4000000, 0x00000000c3f00000| Complete 
|  64|0x00000000c4000000, 0x00000000c4000000, 0x00000000c4100000|  0%| F|  |TAMS 0x00000000c4000000, 0x00000000c4000000| Untracked 
|  65|0x00000000c4100000, 0x00000000c4200000, 0x00000000c4200000|100%| O|  |TAMS 0x00000000c4200000, 0x00000000c4100000| Complete 
|  66|0x00000000c4200000, 0x00000000c4300000, 0x00000000c4300000|100%| O|  |TAMS 0x00000000c4300000, 0x00000000c4200000| Complete 
|  67|0x00000000c4300000, 0x00000000c4400000, 0x00000000c4400000|100%| O|  |TAMS 0x00000000c4400000, 0x00000000c4300000| Untracked 
|  68|0x00000000c4400000, 0x00000000c4400000, 0x00000000c4500000|  0%| F|  |TAMS 0x00000000c4400000, 0x00000000c4400000| Untracked 
|  69|0x00000000c4500000, 0x00000000c4600000, 0x00000000c4600000|100%| O|  |TAMS 0x00000000c4600000, 0x00000000c4500000| Untracked 
|  70|0x00000000c4600000, 0x00000000c4700000, 0x00000000c4700000|100%| O|  |TAMS 0x00000000c4700000, 0x00000000c4600000| Untracked 
|  71|0x00000000c4700000, 0x00000000c4800000, 0x00000000c4800000|100%| O|  |TAMS 0x00000000c4800000, 0x00000000c4700000| Complete 
|  72|0x00000000c4800000, 0x00000000c4900000, 0x00000000c4900000|100%| O|  |TAMS 0x00000000c4900000, 0x00000000c4800000| Untracked 
|  73|0x00000000c4900000, 0x00000000c4a00000, 0x00000000c4a00000|100%| O|  |TAMS 0x00000000c4a00000, 0x00000000c4900000| Untracked 
|  74|0x00000000c4a00000, 0x00000000c4a00000, 0x00000000c4b00000|  0%| F|  |TAMS 0x00000000c4a00000, 0x00000000c4a00000| Untracked 
|  75|0x00000000c4b00000, 0x00000000c4c00000, 0x00000000c4c00000|100%| O|  |TAMS 0x00000000c4c00000, 0x00000000c4b00000| Untracked 
|  76|0x00000000c4c00000, 0x00000000c4d00000, 0x00000000c4d00000|100%| O|  |TAMS 0x00000000c4d00000, 0x00000000c4c00000| Complete 
|  77|0x00000000c4d00000, 0x00000000c4e00000, 0x00000000c4e00000|100%| O|  |TAMS 0x00000000c4e00000, 0x00000000c4d00000| Complete 
|  78|0x00000000c4e00000, 0x00000000c4f00000, 0x00000000c4f00000|100%| O|  |TAMS 0x00000000c4f00000, 0x00000000c4e00000| Untracked 
|  79|0x00000000c4f00000, 0x00000000c5000000, 0x00000000c5000000|100%| O|  |TAMS 0x00000000c5000000, 0x00000000c4f00000| Complete 
|  80|0x00000000c5000000, 0x00000000c5100000, 0x00000000c5100000|100%| O|  |TAMS 0x00000000c5100000, 0x00000000c5000000| Complete 
|  81|0x00000000c5100000, 0x00000000c5200000, 0x00000000c5200000|100%| O|  |TAMS 0x00000000c5200000, 0x00000000c5100000| Untracked 
|  82|0x00000000c5200000, 0x00000000c5300000, 0x00000000c5300000|100%| O|  |TAMS 0x00000000c5300000, 0x00000000c5200000| Complete 
|  83|0x00000000c5300000, 0x00000000c5400000, 0x00000000c5400000|100%| O|  |TAMS 0x00000000c5400000, 0x00000000c5300000| Complete 
|  84|0x00000000c5400000, 0x00000000c5500000, 0x00000000c5500000|100%| O|  |TAMS 0x00000000c5500000, 0x00000000c5400000| Complete 
|  85|0x00000000c5500000, 0x00000000c5600000, 0x00000000c5600000|100%| O|  |TAMS 0x00000000c5600000, 0x00000000c5500000| Complete 
|  86|0x00000000c5600000, 0x00000000c5700000, 0x00000000c5700000|100%| O|  |TAMS 0x00000000c5700000, 0x00000000c5600000| Untracked 
|  87|0x00000000c5700000, 0x00000000c5800000, 0x00000000c5800000|100%| O|  |TAMS 0x00000000c5800000, 0x00000000c5700000| Untracked 
|  88|0x00000000c5800000, 0x00000000c5900000, 0x00000000c5900000|100%| O|  |TAMS 0x00000000c5900000, 0x00000000c5800000| Untracked 
|  89|0x00000000c5900000, 0x00000000c5a00000, 0x00000000c5a00000|100%| O|  |TAMS 0x00000000c5a00000, 0x00000000c5900000| Complete 
|  90|0x00000000c5a00000, 0x00000000c5b00000, 0x00000000c5b00000|100%| O|  |TAMS 0x00000000c5b00000, 0x00000000c5a00000| Complete 
|  91|0x00000000c5b00000, 0x00000000c5c00000, 0x00000000c5c00000|100%| O|  |TAMS 0x00000000c5c00000, 0x00000000c5b00000| Complete 
|  92|0x00000000c5c00000, 0x00000000c5d00000, 0x00000000c5d00000|100%| O|  |TAMS 0x00000000c5d00000, 0x00000000c5c00000| Complete 
|  93|0x00000000c5d00000, 0x00000000c5e00000, 0x00000000c5e00000|100%| O|  |TAMS 0x00000000c5e00000, 0x00000000c5d00000| Untracked 
|  94|0x00000000c5e00000, 0x00000000c5f00000, 0x00000000c5f00000|100%| O|  |TAMS 0x00000000c5f00000, 0x00000000c5e00000| Untracked 
|  95|0x00000000c5f00000, 0x00000000c6000000, 0x00000000c6000000|100%| O|  |TAMS 0x00000000c6000000, 0x00000000c5f00000| Complete 
|  96|0x00000000c6000000, 0x00000000c6100000, 0x00000000c6100000|100%| O|  |TAMS 0x00000000c6100000, 0x00000000c6000000| Complete 
|  97|0x00000000c6100000, 0x00000000c6200000, 0x00000000c6200000|100%| O|  |TAMS 0x00000000c6200000, 0x00000000c6100000| Untracked 
|  98|0x00000000c6200000, 0x00000000c6300000, 0x00000000c6300000|100%| O|  |TAMS 0x00000000c6300000, 0x00000000c6200000| Untracked 
|  99|0x00000000c6300000, 0x00000000c6300000, 0x00000000c6400000|  0%| F|  |TAMS 0x00000000c6300000, 0x00000000c6300000| Untracked 
| 100|0x00000000c6400000, 0x00000000c6500000, 0x00000000c6500000|100%| O|  |TAMS 0x00000000c6500000, 0x00000000c6400000| Untracked 
| 101|0x00000000c6500000, 0x00000000c6600000, 0x00000000c6600000|100%| O|  |TAMS 0x00000000c6600000, 0x00000000c6500000| Complete 
| 102|0x00000000c6600000, 0x00000000c6700000, 0x00000000c6700000|100%| O|  |TAMS 0x00000000c6700000, 0x00000000c6600000| Complete 
| 103|0x00000000c6700000, 0x00000000c6800000, 0x00000000c6800000|100%| O|  |TAMS 0x00000000c6800000, 0x00000000c6700000| Complete 
| 104|0x00000000c6800000, 0x00000000c6800000, 0x00000000c6900000|  0%| F|  |TAMS 0x00000000c6800000, 0x00000000c6800000| Untracked 
| 105|0x00000000c6900000, 0x00000000c6a00000, 0x00000000c6a00000|100%| O|  |TAMS 0x00000000c6a00000, 0x00000000c6900000| Complete 
| 106|0x00000000c6a00000, 0x00000000c6a00000, 0x00000000c6b00000|  0%| F|  |TAMS 0x00000000c6a00000, 0x00000000c6a00000| Untracked 
| 107|0x00000000c6b00000, 0x00000000c6c00000, 0x00000000c6c00000|100%| O|  |TAMS 0x00000000c6c00000, 0x00000000c6b00000| Untracked 
| 108|0x00000000c6c00000, 0x00000000c6d00000, 0x00000000c6d00000|100%|HS|  |TAMS 0x00000000c6d00000, 0x00000000c6c00000| Complete 
| 109|0x00000000c6d00000, 0x00000000c6e00000, 0x00000000c6e00000|100%|HC|  |TAMS 0x00000000c6e00000, 0x00000000c6d00000| Complete 
| 110|0x00000000c6e00000, 0x00000000c6f00000, 0x00000000c6f00000|100%|HC|  |TAMS 0x00000000c6f00000, 0x00000000c6e00000| Complete 
| 111|0x00000000c6f00000, 0x00000000c6f00000, 0x00000000c7000000|  0%| F|  |TAMS 0x00000000c6f00000, 0x00000000c6f00000| Untracked 
| 112|0x00000000c7000000, 0x00000000c7000000, 0x00000000c7100000|  0%| F|  |TAMS 0x00000000c7000000, 0x00000000c7000000| Untracked 
| 113|0x00000000c7100000, 0x00000000c7100000, 0x00000000c7200000|  0%| F|  |TAMS 0x00000000c7100000, 0x00000000c7100000| Untracked 
| 114|0x00000000c7200000, 0x00000000c7200000, 0x00000000c7300000|  0%| F|  |TAMS 0x00000000c7200000, 0x00000000c7200000| Untracked 
| 115|0x00000000c7300000, 0x00000000c7400000, 0x00000000c7400000|100%| O|  |TAMS 0x00000000c7400000, 0x00000000c7300000| Untracked 
| 116|0x00000000c7400000, 0x00000000c7500000, 0x00000000c7500000|100%| O|  |TAMS 0x00000000c7500000, 0x00000000c7400000| Complete 
| 117|0x00000000c7500000, 0x00000000c7600000, 0x00000000c7600000|100%| O|  |TAMS 0x00000000c7600000, 0x00000000c7500000| Complete 
| 118|0x00000000c7600000, 0x00000000c7600000, 0x00000000c7700000|  0%| F|  |TAMS 0x00000000c7600000, 0x00000000c7600000| Untracked 
| 119|0x00000000c7700000, 0x00000000c7800000, 0x00000000c7800000|100%| O|  |TAMS 0x00000000c7800000, 0x00000000c7700000| Complete 
| 120|0x00000000c7800000, 0x00000000c7900000, 0x00000000c7900000|100%| O|  |TAMS 0x00000000c7900000, 0x00000000c7800000| Complete 
| 121|0x00000000c7900000, 0x00000000c7a00000, 0x00000000c7a00000|100%| O|  |TAMS 0x00000000c7a00000, 0x00000000c7900000| Complete 
| 122|0x00000000c7a00000, 0x00000000c7a00000, 0x00000000c7b00000|  0%| F|  |TAMS 0x00000000c7a00000, 0x00000000c7a00000| Untracked 
| 123|0x00000000c7b00000, 0x00000000c7c00000, 0x00000000c7c00000|100%| O|  |TAMS 0x00000000c7c00000, 0x00000000c7b00000| Untracked 
| 124|0x00000000c7c00000, 0x00000000c7d00000, 0x00000000c7d00000|100%| O|  |TAMS 0x00000000c7d00000, 0x00000000c7c00000| Untracked 
| 125|0x00000000c7d00000, 0x00000000c7e00000, 0x00000000c7e00000|100%| O|  |TAMS 0x00000000c7e00000, 0x00000000c7d00000| Complete 
| 126|0x00000000c7e00000, 0x00000000c7f00000, 0x00000000c7f00000|100%| O|  |TAMS 0x00000000c7f00000, 0x00000000c7e00000| Complete 
| 127|0x00000000c7f00000, 0x00000000c8000000, 0x00000000c8000000|100%| O|  |TAMS 0x00000000c8000000, 0x00000000c7f00000| Complete 
| 128|0x00000000c8000000, 0x00000000c8100000, 0x00000000c8100000|100%| O|  |TAMS 0x00000000c8100000, 0x00000000c8000000| Complete 
| 129|0x00000000c8100000, 0x00000000c8200000, 0x00000000c8200000|100%| O|  |TAMS 0x00000000c8200000, 0x00000000c8100000| Complete 
| 130|0x00000000c8200000, 0x00000000c8300000, 0x00000000c8300000|100%| O|  |TAMS 0x00000000c8300000, 0x00000000c8200000| Untracked 
| 131|0x00000000c8300000, 0x00000000c8400000, 0x00000000c8400000|100%| O|  |TAMS 0x00000000c8400000, 0x00000000c8300000| Untracked 
| 132|0x00000000c8400000, 0x00000000c8400000, 0x00000000c8500000|  0%| F|  |TAMS 0x00000000c8400000, 0x00000000c8400000| Untracked 
| 133|0x00000000c8500000, 0x00000000c8500000, 0x00000000c8600000|  0%| F|  |TAMS 0x00000000c8500000, 0x00000000c8500000| Untracked 
| 134|0x00000000c8600000, 0x00000000c8700000, 0x00000000c8700000|100%| O|  |TAMS 0x00000000c8700000, 0x00000000c8600000| Complete 
| 135|0x00000000c8700000, 0x00000000c8700000, 0x00000000c8800000|  0%| F|  |TAMS 0x00000000c8700000, 0x00000000c8700000| Untracked 
| 136|0x00000000c8800000, 0x00000000c8800000, 0x00000000c8900000|  0%| F|  |TAMS 0x00000000c8800000, 0x00000000c8800000| Untracked 
| 137|0x00000000c8900000, 0x00000000c8900000, 0x00000000c8a00000|  0%| F|  |TAMS 0x00000000c8900000, 0x00000000c8900000| Untracked 
| 138|0x00000000c8a00000, 0x00000000c8a00000, 0x00000000c8b00000|  0%| F|  |TAMS 0x00000000c8a00000, 0x00000000c8a00000| Untracked 
| 139|0x00000000c8b00000, 0x00000000c8b00000, 0x00000000c8c00000|  0%| F|  |TAMS 0x00000000c8b00000, 0x00000000c8b00000| Untracked 
| 140|0x00000000c8c00000, 0x00000000c8d00000, 0x00000000c8d00000|100%| O|  |TAMS 0x00000000c8d00000, 0x00000000c8c00000| Complete 
| 141|0x00000000c8d00000, 0x00000000c8e00000, 0x00000000c8e00000|100%| O|  |TAMS 0x00000000c8e00000, 0x00000000c8d00000| Complete 
| 142|0x00000000c8e00000, 0x00000000c8f00000, 0x00000000c8f00000|100%| O|  |TAMS 0x00000000c8f00000, 0x00000000c8e00000| Complete 
| 143|0x00000000c8f00000, 0x00000000c8f00000, 0x00000000c9000000|  0%| F|  |TAMS 0x00000000c8f00000, 0x00000000c8f00000| Untracked 
| 144|0x00000000c9000000, 0x00000000c9000000, 0x00000000c9100000|  0%| F|  |TAMS 0x00000000c9000000, 0x00000000c9000000| Untracked 
| 145|0x00000000c9100000, 0x00000000c9100000, 0x00000000c9200000|  0%| F|  |TAMS 0x00000000c9100000, 0x00000000c9100000| Untracked 
| 146|0x00000000c9200000, 0x00000000c9300000, 0x00000000c9300000|100%| O|  |TAMS 0x00000000c9300000, 0x00000000c9200000| Complete 
| 147|0x00000000c9300000, 0x00000000c9300000, 0x00000000c9400000|  0%| F|  |TAMS 0x00000000c9300000, 0x00000000c9300000| Untracked 
| 148|0x00000000c9400000, 0x00000000c9400000, 0x00000000c9500000|  0%| F|  |TAMS 0x00000000c9400000, 0x00000000c9400000| Untracked 
| 149|0x00000000c9500000, 0x00000000c9500000, 0x00000000c9600000|  0%| F|  |TAMS 0x00000000c9500000, 0x00000000c9500000| Untracked 
| 150|0x00000000c9600000, 0x00000000c9600000, 0x00000000c9700000|  0%| F|  |TAMS 0x00000000c9600000, 0x00000000c9600000| Untracked 
| 151|0x00000000c9700000, 0x00000000c9700000, 0x00000000c9800000|  0%| F|  |TAMS 0x00000000c9700000, 0x00000000c9700000| Untracked 
| 152|0x00000000c9800000, 0x00000000c9800000, 0x00000000c9900000|  0%| F|  |TAMS 0x00000000c9800000, 0x00000000c9800000| Untracked 
| 153|0x00000000c9900000, 0x00000000c9900000, 0x00000000c9a00000|  0%| F|  |TAMS 0x00000000c9900000, 0x00000000c9900000| Untracked 
| 154|0x00000000c9a00000, 0x00000000c9a00000, 0x00000000c9b00000|  0%| F|  |TAMS 0x00000000c9a00000, 0x00000000c9a00000| Untracked 
| 155|0x00000000c9b00000, 0x00000000c9b00000, 0x00000000c9c00000|  0%| F|  |TAMS 0x00000000c9b00000, 0x00000000c9b00000| Untracked 
| 156|0x00000000c9c00000, 0x00000000c9c00000, 0x00000000c9d00000|  0%| F|  |TAMS 0x00000000c9c00000, 0x00000000c9c00000| Untracked 
| 157|0x00000000c9d00000, 0x00000000c9d00000, 0x00000000c9e00000|  0%| F|  |TAMS 0x00000000c9d00000, 0x00000000c9d00000| Untracked 
| 158|0x00000000c9e00000, 0x00000000c9e00000, 0x00000000c9f00000|  0%| F|  |TAMS 0x00000000c9e00000, 0x00000000c9e00000| Untracked 
| 159|0x00000000c9f00000, 0x00000000c9f00000, 0x00000000ca000000|  0%| F|  |TAMS 0x00000000c9f00000, 0x00000000c9f00000| Untracked 
| 160|0x00000000ca000000, 0x00000000ca000000, 0x00000000ca100000|  0%| F|  |TAMS 0x00000000ca000000, 0x00000000ca000000| Untracked 
| 161|0x00000000ca100000, 0x00000000ca100000, 0x00000000ca200000|  0%| F|  |TAMS 0x00000000ca100000, 0x00000000ca100000| Untracked 
| 162|0x00000000ca200000, 0x00000000ca200000, 0x00000000ca300000|  0%| F|  |TAMS 0x00000000ca200000, 0x00000000ca200000| Untracked 
| 163|0x00000000ca300000, 0x00000000ca300000, 0x00000000ca400000|  0%| F|  |TAMS 0x00000000ca300000, 0x00000000ca300000| Untracked 
| 164|0x00000000ca400000, 0x00000000ca400000, 0x00000000ca500000|  0%| F|  |TAMS 0x00000000ca400000, 0x00000000ca400000| Untracked 
| 165|0x00000000ca500000, 0x00000000ca500000, 0x00000000ca600000|  0%| F|  |TAMS 0x00000000ca500000, 0x00000000ca500000| Untracked 
| 166|0x00000000ca600000, 0x00000000ca600000, 0x00000000ca700000|  0%| F|  |TAMS 0x00000000ca600000, 0x00000000ca600000| Untracked 
| 167|0x00000000ca700000, 0x00000000ca700000, 0x00000000ca800000|  0%| F|  |TAMS 0x00000000ca700000, 0x00000000ca700000| Untracked 
| 168|0x00000000ca800000, 0x00000000ca800000, 0x00000000ca900000|  0%| F|  |TAMS 0x00000000ca800000, 0x00000000ca800000| Untracked 
| 169|0x00000000ca900000, 0x00000000ca900000, 0x00000000caa00000|  0%| F|  |TAMS 0x00000000ca900000, 0x00000000ca900000| Untracked 
| 170|0x00000000caa00000, 0x00000000caa00000, 0x00000000cab00000|  0%| F|  |TAMS 0x00000000caa00000, 0x00000000caa00000| Untracked 
| 171|0x00000000cab00000, 0x00000000cab00000, 0x00000000cac00000|  0%| F|  |TAMS 0x00000000cab00000, 0x00000000cab00000| Untracked 
| 172|0x00000000cac00000, 0x00000000cac00000, 0x00000000cad00000|  0%| F|  |TAMS 0x00000000cac00000, 0x00000000cac00000| Untracked 
| 173|0x00000000cad00000, 0x00000000cad00000, 0x00000000cae00000|  0%| F|  |TAMS 0x00000000cad00000, 0x00000000cad00000| Untracked 
| 174|0x00000000cae00000, 0x00000000cae00000, 0x00000000caf00000|  0%| F|  |TAMS 0x00000000cae00000, 0x00000000cae00000| Untracked 
| 175|0x00000000caf00000, 0x00000000caf00000, 0x00000000cb000000|  0%| F|  |TAMS 0x00000000caf00000, 0x00000000caf00000| Untracked 
| 176|0x00000000cb000000, 0x00000000cb000000, 0x00000000cb100000|  0%| F|  |TAMS 0x00000000cb000000, 0x00000000cb000000| Untracked 
| 177|0x00000000cb100000, 0x00000000cb100000, 0x00000000cb200000|  0%| F|  |TAMS 0x00000000cb100000, 0x00000000cb100000| Untracked 
| 178|0x00000000cb200000, 0x00000000cb200000, 0x00000000cb300000|  0%| F|  |TAMS 0x00000000cb200000, 0x00000000cb200000| Untracked 
| 179|0x00000000cb300000, 0x00000000cb300000, 0x00000000cb400000|  0%| F|  |TAMS 0x00000000cb300000, 0x00000000cb300000| Untracked 
| 180|0x00000000cb400000, 0x00000000cb400000, 0x00000000cb500000|  0%| F|  |TAMS 0x00000000cb400000, 0x00000000cb400000| Untracked 
| 181|0x00000000cb500000, 0x00000000cb500000, 0x00000000cb600000|  0%| F|  |TAMS 0x00000000cb500000, 0x00000000cb500000| Untracked 
| 182|0x00000000cb600000, 0x00000000cb600000, 0x00000000cb700000|  0%| F|  |TAMS 0x00000000cb600000, 0x00000000cb600000| Untracked 
| 183|0x00000000cb700000, 0x00000000cb800000, 0x00000000cb800000|100%| S|CS|TAMS 0x00000000cb700000, 0x00000000cb700000| Complete 
| 184|0x00000000cb800000, 0x00000000cb900000, 0x00000000cb900000|100%| S|CS|TAMS 0x00000000cb800000, 0x00000000cb800000| Complete 
| 185|0x00000000cb900000, 0x00000000cba00000, 0x00000000cba00000|100%| S|CS|TAMS 0x00000000cb900000, 0x00000000cb900000| Complete 
| 186|0x00000000cba00000, 0x00000000cbb00000, 0x00000000cbb00000|100%| S|CS|TAMS 0x00000000cba00000, 0x00000000cba00000| Complete 
| 187|0x00000000cbb00000, 0x00000000cbc00000, 0x00000000cbc00000|100%| S|CS|TAMS 0x00000000cbb00000, 0x00000000cbb00000| Complete 
| 188|0x00000000cbc00000, 0x00000000cbd00000, 0x00000000cbd00000|100%| S|CS|TAMS 0x00000000cbc00000, 0x00000000cbc00000| Complete 
| 189|0x00000000cbd00000, 0x00000000cbe00000, 0x00000000cbe00000|100%| S|CS|TAMS 0x00000000cbd00000, 0x00000000cbd00000| Complete 
| 190|0x00000000cbe00000, 0x00000000cbf00000, 0x00000000cbf00000|100%| S|CS|TAMS 0x00000000cbe00000, 0x00000000cbe00000| Complete 
| 191|0x00000000cbf00000, 0x00000000cbf00000, 0x00000000cc000000|  0%| F|  |TAMS 0x00000000cbf00000, 0x00000000cbf00000| Untracked 
| 192|0x00000000cc000000, 0x00000000cc000000, 0x00000000cc100000|  0%| F|  |TAMS 0x00000000cc000000, 0x00000000cc000000| Untracked 
| 193|0x00000000cc100000, 0x00000000cc100000, 0x00000000cc200000|  0%| F|  |TAMS 0x00000000cc100000, 0x00000000cc100000| Untracked 
| 194|0x00000000cc200000, 0x00000000cc200000, 0x00000000cc300000|  0%| F|  |TAMS 0x00000000cc200000, 0x00000000cc200000| Untracked 
| 195|0x00000000cc300000, 0x00000000cc300000, 0x00000000cc400000|  0%| F|  |TAMS 0x00000000cc300000, 0x00000000cc300000| Untracked 
| 196|0x00000000cc400000, 0x00000000cc400000, 0x00000000cc500000|  0%| F|  |TAMS 0x00000000cc400000, 0x00000000cc400000| Untracked 
| 197|0x00000000cc500000, 0x00000000cc500000, 0x00000000cc600000|  0%| F|  |TAMS 0x00000000cc500000, 0x00000000cc500000| Untracked 
| 198|0x00000000cc600000, 0x00000000cc600000, 0x00000000cc700000|  0%| F|  |TAMS 0x00000000cc600000, 0x00000000cc600000| Untracked 
| 199|0x00000000cc700000, 0x00000000cc700000, 0x00000000cc800000|  0%| F|  |TAMS 0x00000000cc700000, 0x00000000cc700000| Untracked 
| 200|0x00000000cc800000, 0x00000000cc800000, 0x00000000cc900000|  0%| F|  |TAMS 0x00000000cc800000, 0x00000000cc800000| Untracked 
| 201|0x00000000cc900000, 0x00000000cc900000, 0x00000000cca00000|  0%| F|  |TAMS 0x00000000cc900000, 0x00000000cc900000| Untracked 
| 202|0x00000000cca00000, 0x00000000cca00000, 0x00000000ccb00000|  0%| F|  |TAMS 0x00000000cca00000, 0x00000000cca00000| Untracked 
| 203|0x00000000ccb00000, 0x00000000ccb00000, 0x00000000ccc00000|  0%| F|  |TAMS 0x00000000ccb00000, 0x00000000ccb00000| Untracked 
| 204|0x00000000ccc00000, 0x00000000ccc00000, 0x00000000ccd00000|  0%| F|  |TAMS 0x00000000ccc00000, 0x00000000ccc00000| Untracked 
| 205|0x00000000ccd00000, 0x00000000ccd00000, 0x00000000cce00000|  0%| F|  |TAMS 0x00000000ccd00000, 0x00000000ccd00000| Untracked 
| 206|0x00000000cce00000, 0x00000000cce00000, 0x00000000ccf00000|  0%| F|  |TAMS 0x00000000cce00000, 0x00000000cce00000| Untracked 
| 207|0x00000000ccf00000, 0x00000000ccf00000, 0x00000000cd000000|  0%| F|  |TAMS 0x00000000ccf00000, 0x00000000ccf00000| Untracked 
| 208|0x00000000cd000000, 0x00000000cd000000, 0x00000000cd100000|  0%| F|  |TAMS 0x00000000cd000000, 0x00000000cd000000| Untracked 
| 209|0x00000000cd100000, 0x00000000cd100000, 0x00000000cd200000|  0%| F|  |TAMS 0x00000000cd100000, 0x00000000cd100000| Untracked 
| 210|0x00000000cd200000, 0x00000000cd200000, 0x00000000cd300000|  0%| F|  |TAMS 0x00000000cd200000, 0x00000000cd200000| Untracked 
| 211|0x00000000cd300000, 0x00000000cd300000, 0x00000000cd400000|  0%| F|  |TAMS 0x00000000cd300000, 0x00000000cd300000| Untracked 
| 212|0x00000000cd400000, 0x00000000cd400000, 0x00000000cd500000|  0%| F|  |TAMS 0x00000000cd400000, 0x00000000cd400000| Untracked 
| 213|0x00000000cd500000, 0x00000000cd500000, 0x00000000cd600000|  0%| F|  |TAMS 0x00000000cd500000, 0x00000000cd500000| Untracked 
| 214|0x00000000cd600000, 0x00000000cd600000, 0x00000000cd700000|  0%| F|  |TAMS 0x00000000cd600000, 0x00000000cd600000| Untracked 
| 215|0x00000000cd700000, 0x00000000cd700000, 0x00000000cd800000|  0%| F|  |TAMS 0x00000000cd700000, 0x00000000cd700000| Untracked 
| 216|0x00000000cd800000, 0x00000000cd800000, 0x00000000cd900000|  0%| F|  |TAMS 0x00000000cd800000, 0x00000000cd800000| Untracked 
| 217|0x00000000cd900000, 0x00000000cd900000, 0x00000000cda00000|  0%| F|  |TAMS 0x00000000cd900000, 0x00000000cd900000| Untracked 
| 218|0x00000000cda00000, 0x00000000cda00000, 0x00000000cdb00000|  0%| F|  |TAMS 0x00000000cda00000, 0x00000000cda00000| Untracked 
| 219|0x00000000cdb00000, 0x00000000cdb00000, 0x00000000cdc00000|  0%| F|  |TAMS 0x00000000cdb00000, 0x00000000cdb00000| Untracked 
| 220|0x00000000cdc00000, 0x00000000cdc00000, 0x00000000cdd00000|  0%| F|  |TAMS 0x00000000cdc00000, 0x00000000cdc00000| Untracked 
| 221|0x00000000cdd00000, 0x00000000cdd00000, 0x00000000cde00000|  0%| F|  |TAMS 0x00000000cdd00000, 0x00000000cdd00000| Untracked 
| 222|0x00000000cde00000, 0x00000000cde00000, 0x00000000cdf00000|  0%| F|  |TAMS 0x00000000cde00000, 0x00000000cde00000| Untracked 
| 223|0x00000000cdf00000, 0x00000000cdf00000, 0x00000000ce000000|  0%| F|  |TAMS 0x00000000cdf00000, 0x00000000cdf00000| Untracked 
| 224|0x00000000ce000000, 0x00000000ce000000, 0x00000000ce100000|  0%| F|  |TAMS 0x00000000ce000000, 0x00000000ce000000| Untracked 
| 225|0x00000000ce100000, 0x00000000ce100000, 0x00000000ce200000|  0%| F|  |TAMS 0x00000000ce100000, 0x00000000ce100000| Untracked 
| 226|0x00000000ce200000, 0x00000000ce200000, 0x00000000ce300000|  0%| F|  |TAMS 0x00000000ce200000, 0x00000000ce200000| Untracked 
| 227|0x00000000ce300000, 0x00000000ce300000, 0x00000000ce400000|  0%| F|  |TAMS 0x00000000ce300000, 0x00000000ce300000| Untracked 
| 228|0x00000000ce400000, 0x00000000ce400000, 0x00000000ce500000|  0%| F|  |TAMS 0x00000000ce400000, 0x00000000ce400000| Untracked 
| 229|0x00000000ce500000, 0x00000000ce500000, 0x00000000ce600000|  0%| F|  |TAMS 0x00000000ce500000, 0x00000000ce500000| Untracked 
| 230|0x00000000ce600000, 0x00000000ce600000, 0x00000000ce700000|  0%| F|  |TAMS 0x00000000ce600000, 0x00000000ce600000| Untracked 
| 231|0x00000000ce700000, 0x00000000ce7dd5e0, 0x00000000ce800000| 86%| E|  |TAMS 0x00000000ce700000, 0x00000000ce700000| Complete 
| 232|0x00000000ce800000, 0x00000000ce900000, 0x00000000ce900000|100%| E|CS|TAMS 0x00000000ce800000, 0x00000000ce800000| Complete 
| 233|0x00000000ce900000, 0x00000000cea00000, 0x00000000cea00000|100%| E|CS|TAMS 0x00000000ce900000, 0x00000000ce900000| Complete 
| 234|0x00000000cea00000, 0x00000000ceb00000, 0x00000000ceb00000|100%| E|CS|TAMS 0x00000000cea00000, 0x00000000cea00000| Complete 
| 235|0x00000000ceb00000, 0x00000000cec00000, 0x00000000cec00000|100%| E|CS|TAMS 0x00000000ceb00000, 0x00000000ceb00000| Complete 
| 236|0x00000000cec00000, 0x00000000ced00000, 0x00000000ced00000|100%| E|CS|TAMS 0x00000000cec00000, 0x00000000cec00000| Complete 
| 237|0x00000000ced00000, 0x00000000cee00000, 0x00000000cee00000|100%| E|CS|TAMS 0x00000000ced00000, 0x00000000ced00000| Complete 
| 238|0x00000000cee00000, 0x00000000cef00000, 0x00000000cef00000|100%| E|CS|TAMS 0x00000000cee00000, 0x00000000cee00000| Complete 
| 239|0x00000000cef00000, 0x00000000cf000000, 0x00000000cf000000|100%| E|CS|TAMS 0x00000000cef00000, 0x00000000cef00000| Complete 
| 240|0x00000000cf000000, 0x00000000cf100000, 0x00000000cf100000|100%| E|CS|TAMS 0x00000000cf000000, 0x00000000cf000000| Complete 
| 241|0x00000000cf100000, 0x00000000cf200000, 0x00000000cf200000|100%| E|CS|TAMS 0x00000000cf100000, 0x00000000cf100000| Complete 
| 242|0x00000000cf200000, 0x00000000cf300000, 0x00000000cf300000|100%| E|CS|TAMS 0x00000000cf200000, 0x00000000cf200000| Complete 
| 243|0x00000000cf300000, 0x00000000cf400000, 0x00000000cf400000|100%| E|CS|TAMS 0x00000000cf300000, 0x00000000cf300000| Complete 
| 244|0x00000000cf400000, 0x00000000cf500000, 0x00000000cf500000|100%| E|  |TAMS 0x00000000cf400000, 0x00000000cf400000| Complete 
| 245|0x00000000cf500000, 0x00000000cf600000, 0x00000000cf600000|100%| E|CS|TAMS 0x00000000cf500000, 0x00000000cf500000| Complete 
| 246|0x00000000cf600000, 0x00000000cf700000, 0x00000000cf700000|100%| E|CS|TAMS 0x00000000cf600000, 0x00000000cf600000| Complete 
| 247|0x00000000cf700000, 0x00000000cf800000, 0x00000000cf800000|100%| E|CS|TAMS 0x00000000cf700000, 0x00000000cf700000| Complete 
| 248|0x00000000cf800000, 0x00000000cf900000, 0x00000000cf900000|100%|HS|  |TAMS 0x00000000cf900000, 0x00000000cf800000| Complete 
| 249|0x00000000cf900000, 0x00000000cfa00000, 0x00000000cfa00000|100%|HC|  |TAMS 0x00000000cfa00000, 0x00000000cf900000| Complete 
| 250|0x00000000cfa00000, 0x00000000cfb00000, 0x00000000cfb00000|100%|HC|  |TAMS 0x00000000cfb00000, 0x00000000cfa00000| Complete 
| 251|0x00000000cfb00000, 0x00000000cfc00000, 0x00000000cfc00000|100%|HC|  |TAMS 0x00000000cfc00000, 0x00000000cfb00000| Complete 
| 252|0x00000000cfc00000, 0x00000000cfd00000, 0x00000000cfd00000|100%|HC|  |TAMS 0x00000000cfd00000, 0x00000000cfc00000| Complete 
| 253|0x00000000cfd00000, 0x00000000cfe00000, 0x00000000cfe00000|100%|HC|  |TAMS 0x00000000cfe00000, 0x00000000cfd00000| Complete 
| 254|0x00000000cfe00000, 0x00000000cff00000, 0x00000000cff00000|100%|HC|  |TAMS 0x00000000cff00000, 0x00000000cfe00000| Complete 
| 255|0x00000000cff00000, 0x00000000d0000000, 0x00000000d0000000|100%|HC|  |TAMS 0x00000000d0000000, 0x00000000cff00000| Complete 
| 256|0x00000000d0000000, 0x00000000d0100000, 0x00000000d0100000|100%|HC|  |TAMS 0x00000000d0100000, 0x00000000d0000000| Complete 
| 257|0x00000000d0100000, 0x00000000d0200000, 0x00000000d0200000|100%|HC|  |TAMS 0x00000000d0200000, 0x00000000d0100000| Complete 
| 258|0x00000000d0200000, 0x00000000d0300000, 0x00000000d0300000|100%|HC|  |TAMS 0x00000000d0300000, 0x00000000d0200000| Complete 
| 259|0x00000000d0300000, 0x00000000d0400000, 0x00000000d0400000|100%|HC|  |TAMS 0x00000000d0400000, 0x00000000d0300000| Complete 
| 260|0x00000000d0400000, 0x00000000d0500000, 0x00000000d0500000|100%|HC|  |TAMS 0x00000000d0500000, 0x00000000d0400000| Complete 
| 261|0x00000000d0500000, 0x00000000d0600000, 0x00000000d0600000|100%|HC|  |TAMS 0x00000000d0600000, 0x00000000d0500000| Complete 
| 262|0x00000000d0600000, 0x00000000d0700000, 0x00000000d0700000|100%|HC|  |TAMS 0x00000000d0700000, 0x00000000d0600000| Complete 
| 263|0x00000000d0700000, 0x00000000d0800000, 0x00000000d0800000|100%|HC|  |TAMS 0x00000000d0800000, 0x00000000d0700000| Complete 
| 264|0x00000000d0800000, 0x00000000d0900000, 0x00000000d0900000|100%|HC|  |TAMS 0x00000000d0900000, 0x00000000d0800000| Complete 
| 265|0x00000000d0900000, 0x00000000d0a00000, 0x00000000d0a00000|100%|HC|  |TAMS 0x00000000d0a00000, 0x00000000d0900000| Complete 
| 266|0x00000000d0a00000, 0x00000000d0b00000, 0x00000000d0b00000|100%|HC|  |TAMS 0x00000000d0b00000, 0x00000000d0a00000| Complete 
| 267|0x00000000d0b00000, 0x00000000d0c00000, 0x00000000d0c00000|100%|HC|  |TAMS 0x00000000d0c00000, 0x00000000d0b00000| Complete 
| 268|0x00000000d0c00000, 0x00000000d0d00000, 0x00000000d0d00000|100%|HC|  |TAMS 0x00000000d0d00000, 0x00000000d0c00000| Complete 
| 269|0x00000000d0d00000, 0x00000000d0e00000, 0x00000000d0e00000|100%|HC|  |TAMS 0x00000000d0e00000, 0x00000000d0d00000| Complete 
| 270|0x00000000d0e00000, 0x00000000d0f00000, 0x00000000d0f00000|100%|HC|  |TAMS 0x00000000d0f00000, 0x00000000d0e00000| Complete 
| 271|0x00000000d0f00000, 0x00000000d1000000, 0x00000000d1000000|100%|HC|  |TAMS 0x00000000d1000000, 0x00000000d0f00000| Complete 
| 272|0x00000000d1000000, 0x00000000d1100000, 0x00000000d1100000|100%|HC|  |TAMS 0x00000000d1100000, 0x00000000d1000000| Complete 
| 273|0x00000000d1100000, 0x00000000d1200000, 0x00000000d1200000|100%|HC|  |TAMS 0x00000000d1200000, 0x00000000d1100000| Complete 
| 274|0x00000000d1200000, 0x00000000d1300000, 0x00000000d1300000|100%|HC|  |TAMS 0x00000000d1300000, 0x00000000d1200000| Complete 
| 275|0x00000000d1300000, 0x00000000d1400000, 0x00000000d1400000|100%|HC|  |TAMS 0x00000000d1400000, 0x00000000d1300000| Complete 
| 276|0x00000000d1400000, 0x00000000d1500000, 0x00000000d1500000|100%|HC|  |TAMS 0x00000000d1500000, 0x00000000d1400000| Complete 
| 277|0x00000000d1500000, 0x00000000d1600000, 0x00000000d1600000|100%|HC|  |TAMS 0x00000000d1600000, 0x00000000d1500000| Complete 
| 278|0x00000000d1600000, 0x00000000d1700000, 0x00000000d1700000|100%|HC|  |TAMS 0x00000000d1700000, 0x00000000d1600000| Complete 
| 279|0x00000000d1700000, 0x00000000d1800000, 0x00000000d1800000|100%|HC|  |TAMS 0x00000000d1800000, 0x00000000d1700000| Complete 
| 280|0x00000000d1800000, 0x00000000d1900000, 0x00000000d1900000|100%|HC|  |TAMS 0x00000000d1900000, 0x00000000d1800000| Complete 
| 281|0x00000000d1900000, 0x00000000d1a00000, 0x00000000d1a00000|100%|HC|  |TAMS 0x00000000d1a00000, 0x00000000d1900000| Complete 
| 282|0x00000000d1a00000, 0x00000000d1b00000, 0x00000000d1b00000|100%|HC|  |TAMS 0x00000000d1b00000, 0x00000000d1a00000| Complete 
| 283|0x00000000d1b00000, 0x00000000d1c00000, 0x00000000d1c00000|100%|HC|  |TAMS 0x00000000d1c00000, 0x00000000d1b00000| Complete 
| 284|0x00000000d1c00000, 0x00000000d1d00000, 0x00000000d1d00000|100%|HC|  |TAMS 0x00000000d1d00000, 0x00000000d1c00000| Complete 
| 285|0x00000000d1d00000, 0x00000000d1e00000, 0x00000000d1e00000|100%|HC|  |TAMS 0x00000000d1e00000, 0x00000000d1d00000| Complete 
| 286|0x00000000d1e00000, 0x00000000d1f00000, 0x00000000d1f00000|100%|HC|  |TAMS 0x00000000d1f00000, 0x00000000d1e00000| Complete 
| 287|0x00000000d1f00000, 0x00000000d2000000, 0x00000000d2000000|100%|HC|  |TAMS 0x00000000d2000000, 0x00000000d1f00000| Complete 
| 288|0x00000000d2000000, 0x00000000d2100000, 0x00000000d2100000|100%|HC|  |TAMS 0x00000000d2100000, 0x00000000d2000000| Complete 
| 289|0x00000000d2100000, 0x00000000d2200000, 0x00000000d2200000|100%|HC|  |TAMS 0x00000000d2200000, 0x00000000d2100000| Complete 
| 290|0x00000000d2200000, 0x00000000d2300000, 0x00000000d2300000|100%|HC|  |TAMS 0x00000000d2300000, 0x00000000d2200000| Complete 
| 291|0x00000000d2300000, 0x00000000d2400000, 0x00000000d2400000|100%|HC|  |TAMS 0x00000000d2400000, 0x00000000d2300000| Complete 
| 292|0x00000000d2400000, 0x00000000d2500000, 0x00000000d2500000|100%|HC|  |TAMS 0x00000000d2500000, 0x00000000d2400000| Complete 
| 293|0x00000000d2500000, 0x00000000d2600000, 0x00000000d2600000|100%|HC|  |TAMS 0x00000000d2600000, 0x00000000d2500000| Complete 
| 294|0x00000000d2600000, 0x00000000d2700000, 0x00000000d2700000|100%|HC|  |TAMS 0x00000000d2700000, 0x00000000d2600000| Complete 
| 295|0x00000000d2700000, 0x00000000d2800000, 0x00000000d2800000|100%|HC|  |TAMS 0x00000000d2800000, 0x00000000d2700000| Complete 
| 296|0x00000000d2800000, 0x00000000d2900000, 0x00000000d2900000|100%|HC|  |TAMS 0x00000000d2900000, 0x00000000d2800000| Complete 
| 297|0x00000000d2900000, 0x00000000d2a00000, 0x00000000d2a00000|100%|HC|  |TAMS 0x00000000d2a00000, 0x00000000d2900000| Complete 
| 298|0x00000000d2a00000, 0x00000000d2b00000, 0x00000000d2b00000|100%|HC|  |TAMS 0x00000000d2b00000, 0x00000000d2a00000| Complete 
| 299|0x00000000d2b00000, 0x00000000d2c00000, 0x00000000d2c00000|100%|HC|  |TAMS 0x00000000d2c00000, 0x00000000d2b00000| Complete 
| 300|0x00000000d2c00000, 0x00000000d2d00000, 0x00000000d2d00000|100%|HC|  |TAMS 0x00000000d2d00000, 0x00000000d2c00000| Complete 
| 301|0x00000000d2d00000, 0x00000000d2e00000, 0x00000000d2e00000|100%|HC|  |TAMS 0x00000000d2e00000, 0x00000000d2d00000| Complete 
| 302|0x00000000d2e00000, 0x00000000d2f00000, 0x00000000d2f00000|100%|HC|  |TAMS 0x00000000d2f00000, 0x00000000d2e00000| Complete 
| 303|0x00000000d2f00000, 0x00000000d3000000, 0x00000000d3000000|100%|HC|  |TAMS 0x00000000d3000000, 0x00000000d2f00000| Complete 
| 304|0x00000000d3000000, 0x00000000d3100000, 0x00000000d3100000|100%|HC|  |TAMS 0x00000000d3100000, 0x00000000d3000000| Complete 
| 305|0x00000000d3100000, 0x00000000d3200000, 0x00000000d3200000|100%|HC|  |TAMS 0x00000000d3200000, 0x00000000d3100000| Complete 
| 306|0x00000000d3200000, 0x00000000d3300000, 0x00000000d3300000|100%|HC|  |TAMS 0x00000000d3300000, 0x00000000d3200000| Complete 
| 307|0x00000000d3300000, 0x00000000d3400000, 0x00000000d3400000|100%|HC|  |TAMS 0x00000000d3400000, 0x00000000d3300000| Complete 
| 308|0x00000000d3400000, 0x00000000d3500000, 0x00000000d3500000|100%|HC|  |TAMS 0x00000000d3500000, 0x00000000d3400000| Complete 
| 309|0x00000000d3500000, 0x00000000d3600000, 0x00000000d3600000|100%|HC|  |TAMS 0x00000000d3600000, 0x00000000d3500000| Complete 
| 310|0x00000000d3600000, 0x00000000d3700000, 0x00000000d3700000|100%|HC|  |TAMS 0x00000000d3700000, 0x00000000d3600000| Complete 
| 311|0x00000000d3700000, 0x00000000d3800000, 0x00000000d3800000|100%|HC|  |TAMS 0x00000000d3800000, 0x00000000d3700000| Complete 
| 312|0x00000000d3800000, 0x00000000d3900000, 0x00000000d3900000|100%|HC|  |TAMS 0x00000000d3900000, 0x00000000d3800000| Complete 
| 313|0x00000000d3900000, 0x00000000d3a00000, 0x00000000d3a00000|100%|HC|  |TAMS 0x00000000d3a00000, 0x00000000d3900000| Complete 
| 314|0x00000000d3a00000, 0x00000000d3b00000, 0x00000000d3b00000|100%|HC|  |TAMS 0x00000000d3b00000, 0x00000000d3a00000| Complete 
| 315|0x00000000d3b00000, 0x00000000d3c00000, 0x00000000d3c00000|100%|HC|  |TAMS 0x00000000d3c00000, 0x00000000d3b00000| Complete 
| 316|0x00000000d3c00000, 0x00000000d3d00000, 0x00000000d3d00000|100%|HC|  |TAMS 0x00000000d3d00000, 0x00000000d3c00000| Complete 

Card table byte_map: [0x00000181fedd0000,0x00000181fefd0000] _byte_map_base: 0x00000181fe7d0000

Marking Bits (Prev, Next): (CMBitMap*) 0x00000181fc8e9c78, (CMBitMap*) 0x00000181fc8e9cb0
 Prev Bits: [0x0000018197250000, 0x0000018198250000)
 Next Bits: [0x0000018198250000, 0x0000018199250000)

Polling page: 0x00000181fc990000

Metaspace:

Usage:
  Non-class:    235.30 MB capacity,   226.77 MB ( 96%) used,     6.54 MB (  3%) free+waste,     1.99 MB ( <1%) overhead. 
      Class:     40.08 MB capacity,    32.92 MB ( 82%) used,     6.22 MB ( 16%) free+waste,   956.50 KB (  2%) overhead. 
       Both:    275.38 MB capacity,   259.69 MB ( 94%) used,    12.75 MB (  5%) free+waste,     2.93 MB (  1%) overhead. 

Virtual space:
  Non-class space:      236.00 MB reserved,     235.50 MB (>99%) committed 
      Class space:        1.00 GB reserved,      40.15 MB (  4%) committed 
             Both:        1.23 GB reserved,     275.65 MB ( 22%) committed 

Chunk freelists:
   Non-Class:  0 bytes
       Class:  0 bytes
        Both:  0 bytes

CodeHeap 'non-profiled nmethods': size=120000Kb used=65406Kb max_used=65625Kb free=54594Kb
 bounds [0x000001818fd20000, 0x0000018193d60000, 0x0000018197250000]
CodeHeap 'profiled nmethods': size=120000Kb used=80173Kb max_used=82259Kb free=39826Kb
 bounds [0x00000181887f0000, 0x000001818d9d0000, 0x000001818fd20000]
CodeHeap 'non-nmethods': size=5760Kb used=1414Kb max_used=1496Kb free=4346Kb
 bounds [0x0000018188250000, 0x00000181884c0000, 0x00000181887f0000]
 total_blobs=98636 nmethods=48208 adapters=755
 compilation: enabled
              stopped_count=0, restarted_count=0
 full_count=0

Compilation events (10 events):
Event: 169473.080 Thread 0x00000181ffc6d800 nmethod 66766 0x0000018190f17290 code [0x0000018190f17420, 0x0000018190f17498]
Event: 169509.989 Thread 0x00000181ffc6d800 66768       4       scala.meta.internal.parsers.ScalametaParser::stat (55 bytes)
Event: 169509.990 Thread 0x00000181ffc6d800 nmethod 66768 0x00000181914ccf10 code [0x00000181914cd0c0, 0x00000181914cd248]
Event: 169509.990 Thread 0x00000181ffc6d800 66769       4       scala.meta.internal.parsers.ScalametaParser$StatSep$$anon$45::apply (9 bytes)
Event: 169509.997 Thread 0x00000181ffc6d800 nmethod 66769 0x00000181914cc090 code [0x00000181914cc2a0, 0x00000181914cca90]
Event: 169510.003 Thread 0x00000181ffc6d800 66770       4       org.scalafmt.util.TreeOps$::isSeqMulti (17 bytes)
Event: 169510.004 Thread 0x00000181ffc6e800 66772       3       scala.collection.mutable.PriorityQueue::$plus$eq (6 bytes)
Event: 169510.004 Thread 0x00000181ffc6e800 nmethod 66772 0x0000018188df5690 code [0x0000018188df5860, 0x0000018188df5b10]
Event: 169510.004 Thread 0x00000181ffc6e800 66773       3       scala.collection.mutable.PriorityQueue::addOne (6 bytes)
Event: 169510.004 Thread 0x00000181ffc6e800 nmethod 66773 0x00000181888aad90 code [0x00000181888aaf40, 0x00000181888ab0d0]

GC Heap History (10 events):
Event: 169465.330 GC heap before
{Heap before GC invocations=6193 (full 0):
 garbage-first heap   total 324608K, used 226745K [0x00000000c0000000, 0x0000000100000000)
  region size 1024K, 15 young (15360K), 2 survivors (2048K)
 Metaspace       used 265888K, capacity 281950K, committed 282264K, reserved 1290240K
  class space    used 33711K, capacity 41032K, committed 41112K, reserved 1048576K
}
Event: 169465.335 GC heap after
{Heap after GC invocations=6194 (full 0):
 garbage-first heap   total 324608K, used 202439K [0x00000000c0000000, 0x0000000100000000)
  region size 1024K, 1 young (1024K), 1 survivors (1024K)
 Metaspace       used 265888K, capacity 281950K, committed 282264K, reserved 1290240K
  class space    used 33711K, capacity 41032K, committed 41112K, reserved 1048576K
}
Event: 169471.654 GC heap before
{Heap before GC invocations=6194 (full 0):
 garbage-first heap   total 324608K, used 236231K [0x00000000c0000000, 0x0000000100000000)
  region size 1024K, 35 young (35840K), 1 survivors (1024K)
 Metaspace       used 265891K, capacity 281950K, committed 282264K, reserved 1290240K
  class space    used 33711K, capacity 41032K, committed 41112K, reserved 1048576K
}
Event: 169471.661 GC heap after
{Heap after GC invocations=6195 (full 0):
 garbage-first heap   total 324608K, used 204800K [0x00000000c0000000, 0x0000000100000000)
  region size 1024K, 3 young (3072K), 3 survivors (3072K)
 Metaspace       used 265891K, capacity 281950K, committed 282264K, reserved 1290240K
  class space    used 33711K, capacity 41032K, committed 41112K, reserved 1048576K
}
Event: 169475.369 GC heap before
{Heap before GC invocations=6196 (full 0):
 garbage-first heap   total 324608K, used 259072K [0x00000000c0000000, 0x0000000100000000)
  region size 1024K, 55 young (56320K), 3 survivors (3072K)
 Metaspace       used 265904K, capacity 281971K, committed 282264K, reserved 1290240K
  class space    used 33713K, capacity 41037K, committed 41112K, reserved 1048576K
}
Event: 169475.378 GC heap after
{Heap after GC invocations=6197 (full 0):
 garbage-first heap   total 324608K, used 208411K [0x00000000c0000000, 0x0000000100000000)
  region size 1024K, 6 young (6144K), 6 survivors (6144K)
 Metaspace       used 265904K, capacity 281971K, committed 282264K, reserved 1290240K
  class space    used 33713K, capacity 41037K, committed 41112K, reserved 1048576K
}
Event: 169476.739 GC heap before
{Heap before GC invocations=6197 (full 0):
 garbage-first heap   total 324608K, used 217627K [0x00000000c0000000, 0x0000000100000000)
  region size 1024K, 15 young (15360K), 6 survivors (6144K)
 Metaspace       used 265904K, capacity 281971K, committed 282264K, reserved 1290240K
  class space    used 33713K, capacity 41037K, committed 41112K, reserved 1048576K
}
Event: 169476.754 GC heap after
{Heap after GC invocations=6198 (full 0):
 garbage-first heap   total 324608K, used 199751K [0x00000000c0000000, 0x0000000100000000)
  region size 1024K, 1 young (1024K), 1 survivors (1024K)
 Metaspace       used 265904K, capacity 281971K, committed 282264K, reserved 1290240K
  class space    used 33713K, capacity 41037K, committed 41112K, reserved 1048576K
}
Event: 169494.144 GC heap before
{Heap before GC invocations=6198 (full 0):
 garbage-first heap   total 324608K, used 256071K [0x00000000c0000000, 0x0000000100000000)
  region size 1024K, 57 young (58368K), 1 survivors (1024K)
 Metaspace       used 265904K, capacity 281971K, committed 282264K, reserved 1290240K
  class space    used 33713K, capacity 41037K, committed 41112K, reserved 1048576K
}
Event: 169494.155 GC heap after
{Heap after GC invocations=6199 (full 0):
 garbage-first heap   total 324608K, used 210066K [0x00000000c0000000, 0x0000000100000000)
  region size 1024K, 8 young (8192K), 8 survivors (8192K)
 Metaspace       used 265904K, capacity 281971K, committed 282264K, reserved 1290240K
  class space    used 33713K, capacity 41037K, committed 41112K, reserved 1048576K
}

Deoptimization events (10 events):
Event: 169129.679 Thread 0x000001819c4ef000 Uncommon trap: reason=class_check action=maybe_recompile pc=0x000001819347fe78 method=scala.reflect.internal.Types$GenPolyType$.unapply(Lscala/reflect/internal/Types$Type;)Lscala/Some; @ 1 c2
Event: 169149.839 Thread 0x000001819c4ef000 Uncommon trap: reason=class_check action=maybe_recompile pc=0x000001819347fe78 method=scala.reflect.internal.Types$GenPolyType$.unapply(Lscala/reflect/internal/Types$Type;)Lscala/Some; @ 1 c2
Event: 169315.897 Thread 0x000001819c4ef000 Uncommon trap: reason=unstable_if action=reinterpret pc=0x0000018192c79760 method=scala.tools.nsc.typechecker.Typers$Typer.loop$1(Lscala/reflect/internal/Trees$Tree;Lscala/collection/immutable/Seq;)Z @ 12 c2
Event: 169377.617 Thread 0x000001819dbab800 Uncommon trap: reason=class_check action=maybe_recompile pc=0x000001819100c204 method=scala.collection.Iterator$$anon$6.hasNext()Z @ 61 c2
Event: 169473.073 Thread 0x000001819dbab800 Uncommon trap: reason=unstable_if action=reinterpret pc=0x0000018193958a84 method=org.scalafmt.internal.FormatOps.$anonfun$rhsOptimalToken$2(Lorg/scalafmt/internal/FormatOps;Lorg/scalafmt/config/ScalafmtConfig;Lorg/scalafmt/internal/FormatToken;)Lscala/Op
Event: 169473.076 Thread 0x000001819dbab800 Uncommon trap: reason=bimorphic_or_optimized_type_check action=maybe_recompile pc=0x0000018192039ab8 method=org.scalafmt.internal.BestFirstSearch.shortestPath(Lorg/scalafmt/internal/State;Lscala/meta/tokens/Token;II)Lorg/scalafmt/internal/State; @ 263 c2
Event: 169473.078 Thread 0x000001819dbab800 Uncommon trap: reason=bimorphic_or_optimized_type_check action=maybe_recompile pc=0x0000018192039ab8 method=org.scalafmt.internal.BestFirstSearch.shortestPath(Lorg/scalafmt/internal/State;Lscala/meta/tokens/Token;II)Lorg/scalafmt/internal/State; @ 263 c2
Event: 169485.121 Thread 0x000001819f611000 Uncommon trap: reason=unstable_if action=reinterpret pc=0x0000018193385a1c method=scala.meta.internal.parsers.ScalametaParser.argumentExprsOrPrefixExpr()Lscala/collection/immutable/List; @ 224 c2
Event: 169510.002 Thread 0x000001819dbab800 Uncommon trap: reason=bimorphic_or_optimized_type_check action=maybe_recompile pc=0x0000018192039ab8 method=org.scalafmt.internal.BestFirstSearch.shortestPath(Lorg/scalafmt/internal/State;Lscala/meta/tokens/Token;II)Lorg/scalafmt/internal/State; @ 263 c2
Event: 169510.003 Thread 0x000001819dbab800 Uncommon trap: reason=bimorphic_or_optimized_type_check action=maybe_recompile pc=0x0000018192039ab8 method=org.scalafmt.internal.BestFirstSearch.shortestPath(Lorg/scalafmt/internal/State;Lscala/meta/tokens/Token;II)Lorg/scalafmt/internal/State; @ 263 c2

Classes redefined (0 events):
No events

Internal exceptions (10 events):
Event: 169480.689 Thread 0x00000181a3ca8800 Exception <a 'sun/nio/fs/WindowsException'{0x00000000cdacb7c8}> (0x00000000cdacb7c8) thrown at [t:/workspace/open/src/hotspot/share/prims/jni.cpp, line 615]
Event: 169480.689 Thread 0x000001819f611000 Exception <a 'sun/nio/fs/WindowsException'{0x00000000cd9f6dc0}> (0x00000000cd9f6dc0) thrown at [t:/workspace/open/src/hotspot/share/prims/jni.cpp, line 615]
Event: 169485.147 Thread 0x000001819f611000 Exception <a 'sun/nio/fs/WindowsException'{0x00000000cd4d89c8}> (0x00000000cd4d89c8) thrown at [t:/workspace/open/src/hotspot/share/prims/jni.cpp, line 615]
Event: 169485.627 Thread 0x000001819f611000 Exception <a 'sun/nio/fs/WindowsException'{0x00000000ccf54480}> (0x00000000ccf54480) thrown at [t:/workspace/open/src/hotspot/share/prims/jni.cpp, line 615]
Event: 169485.907 Thread 0x00000181a3ca8800 Exception <a 'sun/nio/fs/WindowsException'{0x00000000ccb3b818}> (0x00000000ccb3b818) thrown at [t:/workspace/open/src/hotspot/share/prims/jni.cpp, line 615]
Event: 169486.243 Thread 0x00000181a3ca8800 Exception <a 'sun/nio/fs/WindowsException'{0x00000000cc625fe8}> (0x00000000cc625fe8) thrown at [t:/workspace/open/src/hotspot/share/prims/jni.cpp, line 615]
Event: 169491.337 Thread 0x000001819f611000 Exception <a 'sun/nio/fs/WindowsException'{0x00000000cc39cea8}> (0x00000000cc39cea8) thrown at [t:/workspace/open/src/hotspot/share/prims/jni.cpp, line 615]
Event: 169491.338 Thread 0x000001819c4f1800 Exception <a 'sun/nio/fs/WindowsException'{0x00000000cc3aace0}> (0x00000000cc3aace0) thrown at [t:/workspace/open/src/hotspot/share/prims/jni.cpp, line 615]
Event: 169494.140 Thread 0x000001819c4f1000 Exception <a 'sun/nio/fs/WindowsException'{0x00000000cbfca468}> (0x00000000cbfca468) thrown at [t:/workspace/open/src/hotspot/share/prims/jni.cpp, line 615]
Event: 169499.310 Thread 0x00000181a3ca8800 Exception <a 'sun/nio/fs/WindowsException'{0x00000000cf6a0738}> (0x00000000cf6a0738) thrown at [t:/workspace/open/src/hotspot/share/prims/jni.cpp, line 615]

Events (10 events):
Event: 169494.229 Executing VM operation: CGC_Operation
Event: 169494.249 Executing VM operation: CGC_Operation done
Event: 169494.313 Executing VM operation: CGC_Operation
Event: 169494.313 Executing VM operation: CGC_Operation done
Event: 169510.002 Thread 0x000001819dbab800 Uncommon trap: trap_request=0xffffffc6 fr.pc=0x0000018192039ab8 relative=0x00000000000031d8
Event: 169510.002 Thread 0x000001819dbab800 DEOPT PACKING pc=0x0000018192039ab8 sp=0x000000104edfd760
Event: 169510.002 Thread 0x000001819dbab800 DEOPT UNPACKING pc=0x0000018188278f2f sp=0x000000104edfd740 mode 2
Event: 169510.003 Thread 0x000001819dbab800 Uncommon trap: trap_request=0xffffffc6 fr.pc=0x0000018192039ab8 relative=0x00000000000031d8
Event: 169510.003 Thread 0x000001819dbab800 DEOPT PACKING pc=0x0000018192039ab8 sp=0x000000104edfd500
Event: 169510.003 Thread 0x000001819dbab800 DEOPT UNPACKING pc=0x0000018188278f2f sp=0x000000104edfd4e0 mode 2


Dynamic libraries:
0x00007ff6e4140000 - 0x00007ff6e4187000 	C:\Program Files\Java\jdk-11.0.2\bin\java.exe
0x00007ff8515d0000 - 0x00007ff8517c5000 	C:\WINDOWS\SYSTEM32\ntdll.dll
0x00007ff8501f0000 - 0x00007ff8502ae000 	C:\WINDOWS\System32\KERNEL32.DLL
0x00007ff84ee80000 - 0x00007ff84f148000 	C:\WINDOWS\System32\KERNELBASE.dll
0x00007ff850340000 - 0x00007ff8503ec000 	C:\WINDOWS\System32\ADVAPI32.dll
0x00007ff8504f0000 - 0x00007ff85058e000 	C:\WINDOWS\System32\msvcrt.dll
0x00007ff8508f0000 - 0x00007ff85098b000 	C:\WINDOWS\System32\sechost.dll
0x00007ff84f8c0000 - 0x00007ff84f9ea000 	C:\WINDOWS\System32\RPCRT4.dll
0x00007ff84f710000 - 0x00007ff84f8b1000 	C:\WINDOWS\System32\USER32.dll
0x00007ff84f1e0000 - 0x00007ff84f202000 	C:\WINDOWS\System32\win32u.dll
0x00007ff8504c0000 - 0x00007ff8504eb000 	C:\WINDOWS\System32\GDI32.dll
0x00007ff84f500000 - 0x00007ff84f60d000 	C:\WINDOWS\System32\gdi32full.dll
0x00007ff84ede0000 - 0x00007ff84ee7d000 	C:\WINDOWS\System32\msvcp_win.dll
0x00007ff84f400000 - 0x00007ff84f500000 	C:\WINDOWS\System32\ucrtbase.dll
0x00007ff82f0a0000 - 0x00007ff82f33a000 	C:\WINDOWS\WinSxS\amd64_microsoft.windows.common-controls_6595b64144ccf1df_6.0.19041.1110_none_60b5254171f9507e\COMCTL32.dll
0x00007ff84db10000 - 0x00007ff84db1a000 	C:\WINDOWS\SYSTEM32\VERSION.dll
0x00007ff850d00000 - 0x00007ff850d30000 	C:\WINDOWS\System32\IMM32.DLL
0x00007ff833600000 - 0x00007ff833616000 	C:\Program Files\Java\jdk-11.0.2\bin\vcruntime140.dll
0x00007ffffc360000 - 0x00007ffffc40a000 	C:\Program Files\Java\jdk-11.0.2\bin\msvcp140.dll
0x00007fffdc4d0000 - 0x00007fffdcff7000 	C:\Program Files\Java\jdk-11.0.2\bin\server\jvm.dll
0x00007ff850a60000 - 0x00007ff850a68000 	C:\WINDOWS\System32\PSAPI.DLL
0x00007ff832180000 - 0x00007ff832189000 	C:\WINDOWS\SYSTEM32\WSOCK32.dll
0x00007ff850450000 - 0x00007ff8504bb000 	C:\WINDOWS\System32\WS2_32.dll
0x00007ff833720000 - 0x00007ff833747000 	C:\WINDOWS\SYSTEM32\WINMM.dll
0x00007ff84cbd0000 - 0x00007ff84cbe2000 	C:\WINDOWS\SYSTEM32\kernel.appcore.dll
0x00007ff828e40000 - 0x00007ff828e51000 	C:\Program Files\Java\jdk-11.0.2\bin\verify.dll
0x00007ff84c350000 - 0x00007ff84c534000 	C:\WINDOWS\SYSTEM32\DBGHELP.DLL
0x00007ff82a890000 - 0x00007ff82a8bc000 	C:\WINDOWS\SYSTEM32\dbgcore.DLL
0x00007ff84f150000 - 0x00007ff84f1d2000 	C:\WINDOWS\System32\bcryptPrimitives.dll
0x00007ff81f480000 - 0x00007ff81f4a9000 	C:\Program Files\Java\jdk-11.0.2\bin\java.dll
0x00007ff827ce0000 - 0x00007ff827cf6000 	C:\Program Files\Java\jdk-11.0.2\bin\zip.dll
0x00007ff8335f0000 - 0x00007ff8335fa000 	C:\Program Files\Java\jdk-11.0.2\bin\jimage.dll
0x00007ff850d30000 - 0x00007ff851474000 	C:\WINDOWS\System32\SHELL32.dll
0x00007ff84d240000 - 0x00007ff84d9d4000 	C:\WINDOWS\SYSTEM32\windows.storage.dll
0x00007ff850590000 - 0x00007ff8508e5000 	C:\WINDOWS\System32\combase.dll
0x00007ff84e580000 - 0x00007ff84e5ae000 	C:\WINDOWS\SYSTEM32\Wldp.dll
0x00007ff84fcc0000 - 0x00007ff84fd6d000 	C:\WINDOWS\System32\SHCORE.dll
0x00007ff8509a0000 - 0x00007ff8509f5000 	C:\WINDOWS\System32\shlwapi.dll
0x00007ff84ec20000 - 0x00007ff84ec3f000 	C:\WINDOWS\SYSTEM32\profapi.dll
0x00007ff8276c0000 - 0x00007ff8276d9000 	C:\Program Files\Java\jdk-11.0.2\bin\net.dll
0x00007ff8449c0000 - 0x00007ff844acc000 	C:\WINDOWS\SYSTEM32\WINHTTP.dll
0x00007ff83de00000 - 0x00007ff83dfeb000 	C:\WINDOWS\SYSTEM32\urlmon.dll
0x00007ff83e190000 - 0x00007ff83e440000 	C:\WINDOWS\SYSTEM32\iertutil.dll
0x00007ff842410000 - 0x00007ff842438000 	C:\WINDOWS\SYSTEM32\srvcli.dll
0x00007ff84e180000 - 0x00007ff84e18c000 	C:\WINDOWS\SYSTEM32\netutils.dll
0x00007ff84e360000 - 0x00007ff84e3ca000 	C:\WINDOWS\system32\mswsock.dll
0x00007ff8270d0000 - 0x00007ff8270e3000 	C:\Program Files\Java\jdk-11.0.2\bin\nio.dll
0x00007ff84e0b0000 - 0x00007ff84e17b000 	C:\WINDOWS\SYSTEM32\DNSAPI.dll
0x00007ff84e070000 - 0x00007ff84e0ab000 	C:\WINDOWS\SYSTEM32\IPHLPAPI.DLL
0x00007ff8502b0000 - 0x00007ff8502b8000 	C:\WINDOWS\System32\NSI.dll
0x00007ff843270000 - 0x00007ff84327a000 	C:\Windows\System32\rasadhlp.dll
0x00007ff841d40000 - 0x00007ff841dbf000 	C:\WINDOWS\System32\fwpuclnt.dll
0x00007ff84f370000 - 0x00007ff84f397000 	C:\WINDOWS\System32\bcrypt.dll
0x00007ff84e5c0000 - 0x00007ff84e5d8000 	C:\WINDOWS\SYSTEM32\CRYPTSP.dll
0x00007ff84dd00000 - 0x00007ff84dd34000 	C:\WINDOWS\system32\rsaenh.dll
0x00007ff84ebe0000 - 0x00007ff84ec0e000 	C:\WINDOWS\SYSTEM32\USERENV.dll
0x00007ff84e4f0000 - 0x00007ff84e4fc000 	C:\WINDOWS\SYSTEM32\CRYPTBASE.dll
0x00007ff8413c0000 - 0x00007ff8413d7000 	C:\WINDOWS\SYSTEM32\dhcpcsvc6.DLL
0x00007ff8413a0000 - 0x00007ff8413bd000 	C:\WINDOWS\SYSTEM32\dhcpcsvc.DLL
0x000000006fd00000 - 0x000000006fd07000 	C:\Users\brako\AppData\Local\Temp\swoval-jni\7070685630788446618-swoval-files0.dll

dbghelp: loaded successfully - version: 4.0.5 - missing functions: none
symbol engine: initialized successfully - sym options: 0x614 - pdb path: .;C:\Program Files\Java\jdk-11.0.2\bin;C:\WINDOWS\SYSTEM32;C:\WINDOWS\WinSxS\amd64_microsoft.windows.common-controls_6595b64144ccf1df_6.0.19041.1110_none_60b5254171f9507e;C:\Program Files\Java\jdk-11.0.2\bin\server;C:\Users\brako\AppData\Local\Temp\swoval-jni

VM Arguments:
jvm_args: -Xss4m -Xms100m -Dmetals.client=vscode -Xmx1G 
java_command: scala.meta.metals.Main
java_class_path (initial): C:\Users\brako\AppData\Local\Coursier\cache\v1\https\repo1.maven.org\maven2\org\scalameta\metals_2.12\0.10.9\metals_2.12-0.10.9.jar;C:\Users\brako\AppData\Local\Coursier\cache\v1\https\repo1.maven.org\maven2\org\scala-lang\scala-library\2.12.15\scala-library-2.12.15.jar;C:\Users\brako\AppData\Local\Coursier\cache\v1\https\repo1.maven.org\maven2\org\scalameta\mtags_2.12.15\0.10.9\mtags_2.12.15-0.10.9.jar;C:\Users\brako\AppData\Local\Coursier\cache\v1\https\repo1.maven.org\maven2\com\google\guava\guava\31.0.1-jre\guava-31.0.1-jre.jar;C:\Users\brako\AppData\Local\Coursier\cache\v1\https\repo1.maven.org\maven2\com\geirsson\metaconfig-core_2.12\0.9.15\metaconfig-core_2.12-0.9.15.jar;C:\Users\brako\AppData\Local\Coursier\cache\v1\https\repo1.maven.org\maven2\org\openjdk\jol\jol-core\0.16\jol-core-0.16.jar;C:\Users\brako\AppData\Local\Coursier\cache\v1\https\repo1.maven.org\maven2\com\swoval\file-tree-views\2.1.7\file-tree-views-2.1.7.jar;C:\Users\brako\AppData\Local\Coursier\cache\v1\https\repo1.maven.org\maven2\io\undertow\undertow-core\2.2.12.Final\undertow-core-2.2.12.Final.jar;C:\Users\brako\AppData\Local\Coursier\cache\v1\https\repo1.maven.org\maven2\org\jboss\xnio\xnio-nio\3.8.4.Final\xnio-nio-3.8.4.Final.jar;C:\Users\brako\AppData\Local\Coursier\cache\v1\https\repo1.maven.org\maven2\org\flywaydb\flyway-core\8.0.2\flyway-core-8.0.2.jar;C:\Users\brako\AppData\Local\Coursier\cache\v1\https\repo1.maven.org\maven2\com\h2database\h2\1.4.200\h2-1.4.200.jar;C:\Users\brako\AppData\Local\Coursier\cache\v1\https\repo1.maven.org\maven2\org\scala-sbt\ipcsocket\ipcsocket\1.4.0\ipcsocket-1.4.0.jar;C:\Users\brako\AppData\Local\Coursier\cache\v1\https\repo1.maven.org\maven2\ch\epfl\scala\bsp4j\2.0.0-M15\bsp4j-2.0.0-M15.jar;C:\Users\brako\AppData\Local\Coursier\cache\v1\https\repo1.maven.org\maven2\ch\epfl\scala\bloop-launcher_2.12\1.4.11\bloop-launcher_2.12-1.4.11.jar;C:\Users\brako\AppData\Local\Coursier\cache\v1\https\repo1.maven.org\maven2\org\eclips
Launcher Type: SUN_STANDARD

[Global flags]
     intx CICompilerCount                          = 4                                         {product} {ergonomic}
     uint ConcGCThreads                            = 2                                         {product} {ergonomic}
     uint G1ConcRefinementThreads                  = 8                                         {product} {ergonomic}
   size_t G1HeapRegionSize                         = 1048576                                   {product} {ergonomic}
    uintx GCDrainStackTargetSize                   = 64                                        {product} {ergonomic}
   size_t InitialHeapSize                          = 104857600                                 {product} {command line}
   size_t MarkStackSize                            = 4194304                                   {product} {ergonomic}
   size_t MaxHeapSize                              = 1073741824                                {product} {command line}
   size_t MaxNewSize                               = 643825664                                 {product} {ergonomic}
   size_t MinHeapDeltaBytes                        = 1048576                                   {product} {ergonomic}
    uintx NonNMethodCodeHeapSize                   = 5835340                                {pd product} {ergonomic}
    uintx NonProfiledCodeHeapSize                  = 122911450                              {pd product} {ergonomic}
    uintx ProfiledCodeHeapSize                     = 122911450                              {pd product} {ergonomic}
    uintx ReservedCodeCacheSize                    = 251658240                              {pd product} {ergonomic}
     bool SegmentedCodeCache                       = true                                      {product} {ergonomic}
     intx ThreadStackSize                          = 4096                                   {pd product} {command line}
     bool UseCompressedClassPointers               = true                                 {lp64_product} {ergonomic}
     bool UseCompressedOops                        = true                                 {lp64_product} {ergonomic}
     bool UseG1GC                                  = true                                      {product} {ergonomic}
     bool UseLargePagesIndividualAllocation        = false                                  {pd product} {ergonomic}

Logging:
Log output configuration:
 #0: stdout all=warning uptime,level,tags
 #1: stderr all=off uptime,level,tags

Environment Variables:
JAVA_HOME=C:\Program Files\Java\jdk-11.0.2
PATH=C:\Users\brako\AppData\Local\Programs\Python\Python39;C:\Program Files (x86)\Common Files\Oracle\Java\javapath;C:\Python38\Scripts\;C:\Python38\;C:\Python27\;C:\Python27\Scripts;C:\Program Files\Java\jdk-11.0.2\bin;C:\Program Files\Microsoft SQL Server\130\Tools\Binn\;C:\Program Files\dotnet\;C:\Program Files\Microsoft SQL Server\Client SDK\ODBC\170\Tools\Binn\;C:\ProgramData\chocolatey\bin;C:\Program Files\Docker\Docker\resources\bin;C:\ProgramData\DockerDesktop\version-bin;C:\Program Files (x86)\Microsoft SQL Server\150\DTS\Binn\;C:\Program Files\MATLAB\R2020b\bin;C:\Program Files (x86)\Yarn\bin\;C:\ProgramData\ComposerSetup\bin;C:\WINDOWS\system32;C:\WINDOWS;C:\WINDOWS\System32\Wbem;C:\WINDOWS\System32\WindowsPowerShell\v1.0\;C:\WINDOWS\System32\OpenSSH\;C:\ProgramData\ghc-8.10.4\bin\;C:\Program Files\nodejs\;C:\Program Files (x86)\poppler-0.68.0\bin\;C:\antiword\;C:\Program Files\poppler-0.68.0\bin\;C:\Program Files\Tesseract-OCR\;C:\Users\brako\AppData\Local\Programs\Python\Python310\Scripts\;C:\Users\brako\AppData\Local\Programs\Python\Python310\;C:\Program Files\MySQL\MySQL Shell 8.0\bin\;C:\Users\brako\.dotnet\tools;C:\Users\brako\AppData\Local\Programs\Microsoft VS Code\bin;C:\Windows\System32;C:\Program Files\dotnet;C:\Program Files\MongoDB\Server\4.2\bin;C:\Windows\System32\wbem;C:\Program Files\Git\bin\;C:\Program Files\Git\cmd\;C:\User\brako\AppData\Local\Android\Sdk\platform-tools;C:\Users\brako\miniconda3\Library;C:\Users\brako\AppData\Local\groovy-3.0.6\bin;C:\Users\brako\AppData\Local\Yarn\bin;C:\Program Files\PHP\7.3;C:\Users\brako\AppData\Roaming\Composer\vendor\bin;C:\Program Files\Racket;C:\Program Files\JetBrains\PyCharm 2021.2.3\bin;C:\Users\brako\AppData\Roaming\cabal\bin;C:\tools\ghc-9.0.1\bin;C:\tools\msys64;C:\Users\brako\AppData\Roaming\npm;C:\Program Files (x86)\poppler-0.68.0\bin\;C:\antiword\;C:\Program Files\JetBrains\IntelliJ IDEA 2021.2.3\bin;C:\Users\brako\AppData\Local\Coursier\data\bin;C:\Program Files\JetBrains\DataGrip 2021.3
USERNAME=brako
OS=Windows_NT
PROCESSOR_IDENTIFIER=Intel64 Family 6 Model 142 Stepping 10, GenuineIntel



---------------  S Y S T E M  ---------------

OS: Windows 10 , 64 bit Build 19041 (10.0.19041.1348)

CPU:total 8 (initial active 8) (4 cores per cpu, 2 threads per core) family 6 model 142 stepping 10, cmov, cx8, fxsr, mmx, sse, sse2, sse3, ssse3, sse4.1, sse4.2, popcnt, avx, avx2, aes, clmul, erms, 3dnowpref, lzcnt, ht, tsc, tscinvbit, bmi1, bmi2, adx, fma

Memory: 4k page, system-wide physical 16227M (2373M free)
TotalPageFile size 42797M (AvailPageFile size 8879M)
current process WorkingSet (physical memory assigned to process): 767M, peak: 838M
current process commit charge ("private bytes"): 989M, peak: 1000M

vm_info: Java HotSpot(TM) 64-Bit Server VM (11.0.2+9-LTS) for windows-amd64 JRE (11.0.2+9-LTS), built on Jan 18 2019 05:24:10 by "mach5one" with MS VC++ 15.5 (VS2017)

END.
