#
# A fatal error has been detected by the Java Runtime Environment:
#
#  EXCEPTION_ACCESS_VIOLATION (0xc0000005) at pc=0x00007fffdc557bf2, pid=27248, tid=33272
#
# JRE version: Java(TM) SE Runtime Environment (11.0.2+9) (build 11.0.2+9-LTS)
# Java VM: Java HotSpot(TM) 64-Bit Server VM (11.0.2+9-LTS, mixed mode, tiered, compressed oops, g1 gc, windows-amd64)
# Problematic frame:
# V  [jvm.dll+0x87bf2]
#
# No core dump will be written. Minidumps are not enabled by default on client versions of Windows
#
# If you would like to submit a bug report, please visit:
#   http://bugreport.java.com/bugreport/crash.jsp
#

---------------  S U M M A R Y ------------

Command Line: -Xss4m -Xms100m -Dmetals.client=vscode -Xmx1G scala.meta.metals.Main

Host: Intel(R) Core(TM) i7-8550U CPU @ 1.80GHz, 8 cores, 15G,  Windows 10 , 64 bit Build 19041 (10.0.19041.1348)
Time: Thu Dec 23 14:27:33 2021 W. Europe Standard Time elapsed time: 80189 seconds (0d 22h 16m 29s)

---------------  T H R E A D  ---------------

Current thread (0x000001b70f4ed000):  JavaThread "C2 CompilerThread0" daemon [_thread_in_native, id=33272, stack(0x000000a7dd600000,0x000000a7dd700000)]


Current CompileTask:
C2:80189504 52243       4       org.scalafmt.util.TreeOps$::isSeqMulti (17 bytes)

Stack: [0x000000a7dd600000,0x000000a7dd700000],  sp=0x000000a7dd6fbad0,  free space=1006k
Native frames: (J=compiled Java code, j=interpreted, Vv=VM code, C=native code)
V  [jvm.dll+0x87bf2]
V  [jvm.dll+0x613696]
V  [jvm.dll+0x5c5986]
V  [jvm.dll+0x5c8369]
V  [jvm.dll+0x2180ed]
V  [jvm.dll+0x2173ea]
V  [jvm.dll+0x194200]
V  [jvm.dll+0x2263af]
V  [jvm.dll+0x2249b8]
V  [jvm.dll+0x738a9d]
V  [jvm.dll+0x6347f2]
C  [ucrtbase.dll+0x21bb2]
C  [KERNEL32.DLL+0x17034]
C  [ntdll.dll+0x52651]


siginfo: EXCEPTION_ACCESS_VIOLATION (0xc0000005), reading address 0xffffffffffffffff


Register to memory mapping:

RIP=0x00007fffdc557bf2 jvm.dll
RAX=
[error occurred during error reporting (printing register info), id 0xc0000005, EXCEPTION_ACCESS_VIOLATION (0xc0000005) at pc=0x00007fffdc7c2eb6]

Registers:
RAX=0x00000000dc9ee210, RBX=0x00007fffdcd0aef8, RCX=0x00007fffdc827db0, RDX=0x000001b715e64868
RSP=0x000000a7dd6fbad0, RBP=0x000000a7dd6fbb89, RSI=0x00007fffdc4d0000, RDI=0x000001b715e64868
R8 =0x0000000000000010, R9 =0x0000000000000000, R10=0x000001b715e648a0, R11=0x000001b715e659c8
R12=0x00007fffdcd85280, R13=0x0000000000000000, R14=0x000001b715e64868, R15=0x000000a7dd6fbff0
RIP=0x00007fffdc557bf2, EFLAGS=0x0000000000010296

Top of Stack: (sp=0x000000a7dd6fbad0)
0x000000a7dd6fbad0:   0000000000000004 000000a7dd6fe558
0x000000a7dd6fbae0:   0000000000000000 0000000000000000
0x000000a7dd6fbaf0:   00007fffdcd0aef8 00007fffdcae3696
0x000000a7dd6fbb00:   000001b715e64868 00007fffdc4d0000
0x000000a7dd6fbb10:   00007fffdcd85201 0000000000000016
0x000000a7dd6fbb20:   0000000000000096 00007fffdca95986
0x000000a7dd6fbb30:   0000000000000003 00007fffdc4d0000
0x000000a7dd6fbb40:   000001b71a61bcf0 0000000000000000
0x000000a7dd6fbb50:   0000000000000000 0000000000000000
0x000000a7dd6fbb60:   0000000000000000 0000000000000000
0x000000a7dd6fbb70:   0000000000000000 000001b7102404e0
0x000000a7dd6fbb80:   000001b710241970 000001b710240090
0x000000a7dd6fbb90:   000001b70f4e2540 00007fffdcd9af90
0x000000a7dd6fbba0:   000001b70f4e2540 00007ff800000002
0x000000a7dd6fbbb0:   000001b710241970 0000000000000000
0x000000a7dd6fbbc0:   00000000000000b0 000001b71a60d3e0 

Instructions: (pc=0x00007fffdc557bf2)
0x00007fffdc557bd2:   49 10 48 85 c9 74 20 8b 43 20 3b 43 24 75 11 8b
0x00007fffdc557be2:   d0 48 8b cb e8 65 df 58 00 8b 43 20 48 8b 4b 10
0x00007fffdc557bf2:   48 89 3c c1 ff 43 20 48 8b 5c 24 30 48 83 c4 20
0x00007fffdc557c02:   5f c3 cc cc cc cc cc cc cc cc cc cc cc cc 8b 81 


Stack slot to memory mapping:
stack at sp + 0 slots: 0x0000000000000004 is an unknown value
stack at sp + 1 slots: 0x000000a7dd6fe558 is pointing into the stack for thread: 0x000001b70f4ed000
stack at sp + 2 slots: 0x0 is NULL
stack at sp + 3 slots: 0x0 is NULL
stack at sp + 4 slots: 0x00007fffdcd0aef8 jvm.dll
stack at sp + 5 slots: 0x00007fffdcae3696 jvm.dll
stack at sp + 6 slots: 0x000001b715e64868 points into unknown readable memory: 20 12 d1 dc ff 7f 00 00
stack at sp + 7 slots: 0x00007fffdc4d0000 jvm.dll


---------------  P R O C E S S  ---------------

Threads class SMR info:
_java_thread_list=0x000001b719fb5ab0, length=62, elements={
0x000001b772d89800, 0x000001b70f4c6000, 0x000001b70f4d1800, 0x000001b70f4ea800,
0x000001b70f4eb000, 0x000001b70f4ed000, 0x000001b70f4f0000, 0x000001b70f4f1000,
0x000001b70ffc8800, 0x000001b70ffcc000, 0x000001b70ff9a000, 0x000001b711645000,
0x000001b710ec8000, 0x000001b712528800, 0x000001b711656000, 0x000001b711654000,
0x000001b711656800, 0x000001b711652800, 0x000001b711659000, 0x000001b711653800,
0x000001b711655000, 0x000001b715a5b800, 0x000001b715a5a000, 0x000001b715a5c800,
0x000001b715a60800, 0x000001b715a5d800, 0x000001b715a5b000, 0x000001b715a64000,
0x000001b715a63000, 0x000001b715a62000, 0x000001b715a5e000, 0x000001b715a64800,
0x000001b715baa800, 0x000001b715bac800, 0x000001b715bab800, 0x000001b715baa000,
0x000001b715ba6800, 0x000001b715ba7800, 0x000001b715ba8000, 0x000001b715baf000,
0x000001b715bae000, 0x000001b715ba9000, 0x000001b715bb3800, 0x000001b715bb3000,
0x000001b715030800, 0x000001b715034000, 0x000001b715033000, 0x000001b715035000,
0x000001b715035800, 0x000001b715037800, 0x000001b718d30800, 0x000001b715059800,
0x000001b715055800, 0x000001b718d3b000, 0x000001b715052800, 0x000001b71505b800,
0x000001b715055000, 0x000001b718d34800, 0x000001b718d35000, 0x000001b718d31000,
0x000001b718d37800, 0x000001b718d32000
}

Java Threads: ( => current thread )
  0x000001b772d89800 JavaThread "main" [_thread_blocked, id=29200, stack(0x000000a7dbb00000,0x000000a7dbf00000)]
  0x000001b70f4c6000 JavaThread "Reference Handler" daemon [_thread_blocked, id=14888, stack(0x000000a7dc500000,0x000000a7dc900000)]
  0x000001b70f4d1800 JavaThread "Finalizer" daemon [_thread_blocked, id=2740, stack(0x000000a7dc900000,0x000000a7dcd00000)]
  0x000001b70f4ea800 JavaThread "Signal Dispatcher" daemon [_thread_blocked, id=22472, stack(0x000000a7dce00000,0x000000a7dd200000)]
  0x000001b70f4eb000 JavaThread "Attach Listener" daemon [_thread_blocked, id=21708, stack(0x000000a7dd200000,0x000000a7dd600000)]
=>0x000001b70f4ed000 JavaThread "C2 CompilerThread0" daemon [_thread_in_native, id=33272, stack(0x000000a7dd600000,0x000000a7dd700000)]
  0x000001b70f4f0000 JavaThread "C1 CompilerThread0" daemon [_thread_blocked, id=29960, stack(0x000000a7dd700000,0x000000a7dd800000)]
  0x000001b70f4f1000 JavaThread "Sweeper thread" daemon [_thread_blocked, id=32224, stack(0x000000a7dd800000,0x000000a7ddc00000)]
  0x000001b70ffc8800 JavaThread "Service Thread" daemon [_thread_blocked, id=9720, stack(0x000000a7ddc00000,0x000000a7de000000)]
  0x000001b70ffcc000 JavaThread "Common-Cleaner" daemon [_thread_blocked, id=5020, stack(0x000000a7de100000,0x000000a7de500000)]
  0x000001b70ff9a000 JavaThread "pool-1-thread-1" [_thread_in_native, id=29900, stack(0x000000a7de800000,0x000000a7dec00000)]
  0x000001b711645000 JavaThread "pool-1-thread-2" [_thread_blocked, id=29724, stack(0x000000a7dec00000,0x000000a7df000000)]
  0x000001b710ec8000 JavaThread "ForkJoinPool.commonPool-worker-3" daemon [_thread_blocked, id=18004, stack(0x000000a7df900000,0x000000a7dfd00000)]
  0x000001b712528800 JavaThread "pool-2-thread-1" [_thread_blocked, id=1416, stack(0x000000a7dfd00000,0x000000a7e0100000)]
  0x000001b711656000 JavaThread "H2 File Lock Watchdog C:/Users/brako/Desktop/Boris/CVUT/4_winter/OMO/code/coursework/foodchain/.metals/metals.lock.db" daemon [_thread_blocked, id=29368, stack(0x000000a7e0200000,0x000000a7e0600000)]
  0x000001b711654000 JavaThread "H2 TCP Server (tcp://localhost:50432)" daemon [_thread_in_native, id=4112, stack(0x000000a7e0600000,0x000000a7e0a00000)]
  0x000001b711656800 JavaThread "H2 Log Writer METALS" daemon [_thread_blocked, id=35080, stack(0x000000a7e0a00000,0x000000a7e0e00000)]
  0x000001b711652800 JavaThread "pool-1-thread-4" [_thread_blocked, id=8792, stack(0x000000a7e0f00000,0x000000a7e1300000)]
  0x000001b711659000 JavaThread "pool-1-thread-7" [_thread_in_native, id=4636, stack(0x000000a7e1b00000,0x000000a7e1f00000)]
  0x000001b711653800 JavaThread "pool-1-thread-8" [_thread_in_native, id=5396, stack(0x000000a7e1f00000,0x000000a7e2300000)]
  0x000001b711655000 JavaThread "pool-1-thread-9" [_thread_blocked, id=6508, stack(0x000000a7e2400000,0x000000a7e2800000)]
  0x000001b715a5b800 JavaThread "pool-1-thread-10" [_thread_blocked, id=10644, stack(0x000000a7e2800000,0x000000a7e2c00000)]
  0x000001b715a5a000 JavaThread "Thread-2" [_thread_in_native, id=35704, stack(0x000000a7e4800000,0x000000a7e4c00000)]
  0x000001b715a5c800 JavaThread "Thread-4" daemon [_thread_blocked, id=27504, stack(0x000000a7e4c00000,0x000000a7e5000000)]
  0x000001b715a60800 JavaThread "Thread-3" daemon [_thread_blocked, id=17984, stack(0x000000a7e5000000,0x000000a7e5400000)]
  0x000001b715a5d800 JavaThread "bsp-client-to-server" daemon [_thread_in_native, id=28132, stack(0x000000a7e5400000,0x000000a7e5800000)]
  0x000001b715a5b000 JavaThread "bsp-server-to-client" daemon [_thread_in_native, id=26092, stack(0x000000a7e5800000,0x000000a7e5c00000)]
  0x000001b715a64000 JavaThread "Thread-7" [_thread_in_native, id=24772, stack(0x000000a7e5c00000,0x000000a7e6000000)]
  0x000001b715a63000 JavaThread "Thread-8" [_thread_in_native, id=27408, stack(0x000000a7e6000000,0x000000a7e6400000)]
  0x000001b715a62000 JavaThread "Thread-9" [_thread_in_native, id=31428, stack(0x000000a7e6400000,0x000000a7e6800000)]
  0x000001b715a5e000 JavaThread "Thread-11" daemon [_thread_blocked, id=30888, stack(0x000000a7e6800000,0x000000a7e6c00000)]
  0x000001b715a64800 JavaThread "Thread-13" daemon [_thread_blocked, id=22832, stack(0x000000a7e6c00000,0x000000a7e7000000)]
  0x000001b715baa800 JavaThread "Thread-15" daemon [_thread_blocked, id=12780, stack(0x000000a7e7000000,0x000000a7e7400000)]
  0x000001b715bac800 JavaThread "Thread-12" daemon [_thread_blocked, id=32244, stack(0x000000a7e7400000,0x000000a7e7800000)]
  0x000001b715bab800 JavaThread "Thread-14" daemon [_thread_blocked, id=29852, stack(0x000000a7e7800000,0x000000a7e7c00000)]
  0x000001b715baa000 JavaThread "Thread-10" daemon [_thread_blocked, id=33356, stack(0x000000a7e7c00000,0x000000a7e8000000)]
  0x000001b715ba6800 JavaThread "bsp-client-to-server" daemon [_thread_in_native, id=21364, stack(0x000000a7e8000000,0x000000a7e8400000)]
  0x000001b715ba7800 JavaThread "bsp-client-to-server" daemon [_thread_in_native, id=35284, stack(0x000000a7e8400000,0x000000a7e8800000)]
  0x000001b715ba8000 JavaThread "bsp-server-to-client" daemon [_thread_in_native, id=23064, stack(0x000000a7e8800000,0x000000a7e8c00000)]
  0x000001b715baf000 JavaThread "bsp-server-to-client" daemon [_thread_in_native, id=21544, stack(0x000000a7e8c00000,0x000000a7e9000000)]
  0x000001b715bae000 JavaThread "bsp-client-to-server" daemon [_thread_in_native, id=29940, stack(0x000000a7e9400000,0x000000a7e9800000)]
  0x000001b715ba9000 JavaThread "bsp-server-to-client" daemon [_thread_in_native, id=12756, stack(0x000000a7e9800000,0x000000a7e9c00000)]
  0x000001b715bb3800 JavaThread "pool-1-thread-13" [_thread_in_native, id=35684, stack(0x000000a7e9c00000,0x000000a7ea000000)]
  0x000001b715bb3000 JavaThread "pool-1-thread-14" [_thread_in_native, id=30908, stack(0x000000a7ea000000,0x000000a7ea400000)]
  0x000001b715030800 JavaThread "FileSystemWatchService" daemon [_thread_in_native, id=24956, stack(0x000000a7ea800000,0x000000a7eac00000)]
  0x000001b715034000 JavaThread "NioPathWatcher-loop-thread-1" daemon [_thread_blocked, id=31588, stack(0x000000a7eb800000,0x000000a7ebc00000)]
  0x000001b715033000 JavaThread "com.swoval.files.SymlinkWather.callback-executor-1" [_thread_blocked, id=17924, stack(0x000000a7ebc00000,0x000000a7ec000000)]
  0x000001b715035000 JavaThread "FileTreeRepository-callback-executor-1" [_thread_blocked, id=9976, stack(0x000000a7ec000000,0x000000a7ec400000)]
  0x000001b715035800 JavaThread "FileSystemWatchService" daemon [_thread_in_native, id=17044, stack(0x000000a7ec400000,0x000000a7ec800000)]
  0x000001b715037800 JavaThread "NioPathWatcher-loop-thread-2" daemon [_thread_blocked, id=17816, stack(0x000000a7ec800000,0x000000a7ecc00000)]
  0x000001b718d30800 JavaThread "pool-5-thread-1" [_thread_blocked, id=27240, stack(0x000000a7eef00000,0x000000a7ef300000)]
  0x000001b715059800 JavaThread "Scala Presentation Compiler [Metals]" daemon [_thread_blocked, id=30256, stack(0x000000a7f5f00000,0x000000a7f6300000)]
  0x000001b715055800 JavaThread "pool-4-thread-2" [_thread_blocked, id=11124, stack(0x000000a7e1700000,0x000000a7e1b00000)]
  0x000001b718d3b000 JavaThread "pool-1-thread-268" [_thread_blocked, id=1124, stack(0x000000a7e9000000,0x000000a7e9400000)]
  0x000001b715052800 JavaThread "pool-1-thread-272" [_thread_blocked, id=30852, stack(0x000000a7e1300000,0x000000a7e1700000)]
  0x000001b71505b800 JavaThread "pool-1-thread-276" [_thread_blocked, id=33256, stack(0x000000a7e3400000,0x000000a7e3800000)]
  0x000001b715055000 JavaThread "pool-1-thread-278" [_thread_blocked, id=3520, stack(0x000000a7e3000000,0x000000a7e3400000)]
  0x000001b718d34800 JavaThread "pool-1-thread-279" [_thread_blocked, id=23732, stack(0x000000a7df500000,0x000000a7df900000)]
  0x000001b718d35000 JavaThread "pool-1-thread-280" [_thread_blocked, id=12044, stack(0x000000a7e2c00000,0x000000a7e3000000)]
  0x000001b718d31000 JavaThread "pool-1-thread-282" [_thread_blocked, id=30368, stack(0x000000a7e3800000,0x000000a7e3c00000)]
  0x000001b718d37800 JavaThread "Scala Presentation Compiler [Metals]" daemon [_thread_blocked, id=34732, stack(0x000000a7e4000000,0x000000a7e4400000)]
  0x000001b718d32000 JavaThread "C2 CompilerThread1" daemon [_thread_blocked, id=10036, stack(0x000000a7db900000,0x000000a7dba00000)]

Other Threads:
  0x000001b70f4c4800 VMThread "VM Thread" [stack: 0x000000a7dc400000,0x000000a7dc500000] [id=23172]
  0x000001b70ffce800 WatcherThread [stack: 0x000000a7de000000,0x000000a7de100000] [id=27704]
  0x000001b772da1800 GCTaskThread "GC Thread#0" [stack: 0x000000a7dbf00000,0x000000a7dc000000] [id=34884]
  0x000001b711d96800 GCTaskThread "GC Thread#1" [stack: 0x000000a7de500000,0x000000a7de600000] [id=892]
  0x000001b711122800 GCTaskThread "GC Thread#2" [stack: 0x000000a7df100000,0x000000a7df200000] [id=32340]
  0x000001b711791800 GCTaskThread "GC Thread#3" [stack: 0x000000a7df200000,0x000000a7df300000] [id=34356]
  0x000001b7113ec000 GCTaskThread "GC Thread#4" [stack: 0x000000a7df300000,0x000000a7df400000] [id=30092]
  0x000001b710d2f800 GCTaskThread "GC Thread#5" [stack: 0x000000a7df400000,0x000000a7df500000] [id=35152]
  0x000001b7105b3000 GCTaskThread "GC Thread#6" [stack: 0x000000a7de600000,0x000000a7de700000] [id=33880]
  0x000001b7105b3800 GCTaskThread "GC Thread#7" [stack: 0x000000a7df000000,0x000000a7df100000] [id=35592]
  0x000001b772dbe800 ConcurrentGCThread "G1 Main Marker" [stack: 0x000000a7dc000000,0x000000a7dc100000] [id=22292]
  0x000001b772dc0000 ConcurrentGCThread "G1 Conc#0" [stack: 0x000000a7dc100000,0x000000a7dc200000] [id=21456]
  0x000001b711dc5800 ConcurrentGCThread "G1 Conc#1" [stack: 0x000000a7de700000,0x000000a7de800000] [id=29444]
  0x000001b772e46800 ConcurrentGCThread "G1 Refine#0" [stack: 0x000000a7dc200000,0x000000a7dc300000] [id=8476]
  0x000001b7151c3800 ConcurrentGCThread "G1 Refine#1" [stack: 0x000000a7e2300000,0x000000a7e2400000] [id=30160]
  0x000001b772e47800 ConcurrentGCThread "G1 Young RemSet Sampling" [stack: 0x000000a7dc300000,0x000000a7dc400000] [id=32288]

Threads with active compile tasks:
C2 CompilerThread052243       4       org.scalafmt.util.TreeOps$::isSeqMulti (17 bytes)

VM state:not at safepoint (normal execution)

VM Mutex/Monitor currently owned by a thread: None

Heap address: 0x00000000c0000000, size: 1024 MB, Compressed Oops mode: 32-bit
Narrow klass base: 0x0000000000000000, Narrow klass shift: 3
Compressed class space size: 1073741824 Address: 0x0000000100000000

Heap:
 garbage-first heap   total 226304K, used 170734K [0x00000000c0000000, 0x0000000100000000)
  region size 1024K, 23 young (23552K), 2 survivors (2048K)
 Metaspace       used 258919K, capacity 273938K, committed 274084K, reserved 1282048K
  class space    used 33480K, capacity 40554K, committed 40612K, reserved 1048576K
Heap Regions: E=young(eden), S=young(survivor), O=old, HS=humongous(starts), HC=humongous(continues), CS=collection set, F=free, A=archive, TAMS=top-at-mark-start (previous, next)
|   0|0x00000000c0000000, 0x00000000c0100000, 0x00000000c0100000|100%| O|  |TAMS 0x00000000c0100000, 0x00000000c0000000| Untracked 
|   1|0x00000000c0100000, 0x00000000c0100000, 0x00000000c0200000|  0%| F|  |TAMS 0x00000000c0100000, 0x00000000c0100000| Untracked 
|   2|0x00000000c0200000, 0x00000000c0300000, 0x00000000c0300000|100%| O|  |TAMS 0x00000000c0300000, 0x00000000c0200000| Untracked 
|   3|0x00000000c0300000, 0x00000000c0400000, 0x00000000c0400000|100%| O|  |TAMS 0x00000000c0400000, 0x00000000c0300000| Untracked 
|   4|0x00000000c0400000, 0x00000000c0500000, 0x00000000c0500000|100%| O|  |TAMS 0x00000000c0500000, 0x00000000c0400000| Untracked 
|   5|0x00000000c0500000, 0x00000000c0600000, 0x00000000c0600000|100%| O|  |TAMS 0x00000000c0600000, 0x00000000c0500000| Untracked 
|   6|0x00000000c0600000, 0x00000000c0700000, 0x00000000c0700000|100%| O|  |TAMS 0x00000000c0700000, 0x00000000c0600000| Untracked 
|   7|0x00000000c0700000, 0x00000000c0700000, 0x00000000c0800000|  0%| F|  |TAMS 0x00000000c0700000, 0x00000000c0700000| Untracked 
|   8|0x00000000c0800000, 0x00000000c0900000, 0x00000000c0900000|100%| O|  |TAMS 0x00000000c0900000, 0x00000000c0800000| Untracked 
|   9|0x00000000c0900000, 0x00000000c0a00000, 0x00000000c0a00000|100%| O|  |TAMS 0x00000000c0900000, 0x00000000c0900000| Untracked 
|  10|0x00000000c0a00000, 0x00000000c0a00000, 0x00000000c0b00000|  0%| F|  |TAMS 0x00000000c0a00000, 0x00000000c0a00000| Untracked 
|  11|0x00000000c0b00000, 0x00000000c0c00000, 0x00000000c0c00000|100%| O|  |TAMS 0x00000000c0c00000, 0x00000000c0b00000| Untracked 
|  12|0x00000000c0c00000, 0x00000000c0c00000, 0x00000000c0d00000|  0%| F|  |TAMS 0x00000000c0c00000, 0x00000000c0c00000| Untracked 
|  13|0x00000000c0d00000, 0x00000000c0e00000, 0x00000000c0e00000|100%| O|  |TAMS 0x00000000c0e00000, 0x00000000c0d00000| Untracked 
|  14|0x00000000c0e00000, 0x00000000c0f00000, 0x00000000c0f00000|100%| O|  |TAMS 0x00000000c0f00000, 0x00000000c0e00000| Untracked 
|  15|0x00000000c0f00000, 0x00000000c1000000, 0x00000000c1000000|100%| O|  |TAMS 0x00000000c1000000, 0x00000000c0f00000| Untracked 
|  16|0x00000000c1000000, 0x00000000c1100000, 0x00000000c1100000|100%|HS|  |TAMS 0x00000000c1100000, 0x00000000c1000000| Complete 
|  17|0x00000000c1100000, 0x00000000c1200000, 0x00000000c1200000|100%|HC|  |TAMS 0x00000000c1200000, 0x00000000c1100000| Complete 
|  18|0x00000000c1200000, 0x00000000c1300000, 0x00000000c1300000|100%| O|  |TAMS 0x00000000c1300000, 0x00000000c1200000| Untracked 
|  19|0x00000000c1300000, 0x00000000c1400000, 0x00000000c1400000|100%| O|  |TAMS 0x00000000c1400000, 0x00000000c1300000| Untracked 
|  20|0x00000000c1400000, 0x00000000c1500000, 0x00000000c1500000|100%| O|  |TAMS 0x00000000c1500000, 0x00000000c1400000| Untracked 
|  21|0x00000000c1500000, 0x00000000c1600000, 0x00000000c1600000|100%| O|  |TAMS 0x00000000c1600000, 0x00000000c1500000| Untracked 
|  22|0x00000000c1600000, 0x00000000c1700000, 0x00000000c1700000|100%| O|  |TAMS 0x00000000c1700000, 0x00000000c1600000| Untracked 
|  23|0x00000000c1700000, 0x00000000c1800000, 0x00000000c1800000|100%| O|  |TAMS 0x00000000c1800000, 0x00000000c1700000| Untracked 
|  24|0x00000000c1800000, 0x00000000c1800000, 0x00000000c1900000|  0%| F|  |TAMS 0x00000000c1800000, 0x00000000c1800000| Untracked 
|  25|0x00000000c1900000, 0x00000000c1a00000, 0x00000000c1a00000|100%| O|  |TAMS 0x00000000c1a00000, 0x00000000c1900000| Untracked 
|  26|0x00000000c1a00000, 0x00000000c1b00000, 0x00000000c1b00000|100%|HS|  |TAMS 0x00000000c1b00000, 0x00000000c1a00000| Complete 
|  27|0x00000000c1b00000, 0x00000000c1c00000, 0x00000000c1c00000|100%|HC|  |TAMS 0x00000000c1c00000, 0x00000000c1b00000| Complete 
|  28|0x00000000c1c00000, 0x00000000c1d00000, 0x00000000c1d00000|100%|HC|  |TAMS 0x00000000c1d00000, 0x00000000c1c00000| Complete 
|  29|0x00000000c1d00000, 0x00000000c1e00000, 0x00000000c1e00000|100%| O|  |TAMS 0x00000000c1e00000, 0x00000000c1d00000| Untracked 
|  30|0x00000000c1e00000, 0x00000000c1e00000, 0x00000000c1f00000|  0%| F|  |TAMS 0x00000000c1e00000, 0x00000000c1e00000| Untracked 
|  31|0x00000000c1f00000, 0x00000000c2000000, 0x00000000c2000000|100%| O|  |TAMS 0x00000000c2000000, 0x00000000c1f00000| Untracked 
|  32|0x00000000c2000000, 0x00000000c2100000, 0x00000000c2100000|100%| O|  |TAMS 0x00000000c2100000, 0x00000000c2000000| Untracked 
|  33|0x00000000c2100000, 0x00000000c2200000, 0x00000000c2200000|100%| O|  |TAMS 0x00000000c2200000, 0x00000000c2100000| Untracked 
|  34|0x00000000c2200000, 0x00000000c2300000, 0x00000000c2300000|100%| O|  |TAMS 0x00000000c2300000, 0x00000000c2200000| Untracked 
|  35|0x00000000c2300000, 0x00000000c2300000, 0x00000000c2400000|  0%| F|  |TAMS 0x00000000c2300000, 0x00000000c2300000| Untracked 
|  36|0x00000000c2400000, 0x00000000c2400000, 0x00000000c2500000|  0%| F|  |TAMS 0x00000000c2400000, 0x00000000c2400000| Untracked 
|  37|0x00000000c2500000, 0x00000000c2500000, 0x00000000c2600000|  0%| F|  |TAMS 0x00000000c2500000, 0x00000000c2500000| Untracked 
|  38|0x00000000c2600000, 0x00000000c2700000, 0x00000000c2700000|100%| O|  |TAMS 0x00000000c2700000, 0x00000000c2600000| Untracked 
|  39|0x00000000c2700000, 0x00000000c2800000, 0x00000000c2800000|100%| O|  |TAMS 0x00000000c2800000, 0x00000000c2700000| Untracked 
|  40|0x00000000c2800000, 0x00000000c2900000, 0x00000000c2900000|100%| O|  |TAMS 0x00000000c2900000, 0x00000000c2800000| Untracked 
|  41|0x00000000c2900000, 0x00000000c2900000, 0x00000000c2a00000|  0%| F|  |TAMS 0x00000000c2900000, 0x00000000c2900000| Untracked 
|  42|0x00000000c2a00000, 0x00000000c2b00000, 0x00000000c2b00000|100%| O|  |TAMS 0x00000000c2b00000, 0x00000000c2a00000| Untracked 
|  43|0x00000000c2b00000, 0x00000000c2c00000, 0x00000000c2c00000|100%| O|  |TAMS 0x00000000c2c00000, 0x00000000c2b00000| Untracked 
|  44|0x00000000c2c00000, 0x00000000c2d00000, 0x00000000c2d00000|100%| O|  |TAMS 0x00000000c2d00000, 0x00000000c2c00000| Untracked 
|  45|0x00000000c2d00000, 0x00000000c2e00000, 0x00000000c2e00000|100%| O|  |TAMS 0x00000000c2e00000, 0x00000000c2d00000| Untracked 
|  46|0x00000000c2e00000, 0x00000000c2f00000, 0x00000000c2f00000|100%| O|  |TAMS 0x00000000c2f00000, 0x00000000c2e00000| Untracked 
|  47|0x00000000c2f00000, 0x00000000c3000000, 0x00000000c3000000|100%| O|  |TAMS 0x00000000c3000000, 0x00000000c2f00000| Untracked 
|  48|0x00000000c3000000, 0x00000000c3100000, 0x00000000c3100000|100%| O|  |TAMS 0x00000000c3100000, 0x00000000c3000000| Untracked 
|  49|0x00000000c3100000, 0x00000000c3200000, 0x00000000c3200000|100%| O|  |TAMS 0x00000000c3200000, 0x00000000c3100000| Untracked 
|  50|0x00000000c3200000, 0x00000000c3300000, 0x00000000c3300000|100%| O|  |TAMS 0x00000000c3300000, 0x00000000c3200000| Untracked 
|  51|0x00000000c3300000, 0x00000000c3400000, 0x00000000c3400000|100%| O|  |TAMS 0x00000000c3400000, 0x00000000c3300000| Untracked 
|  52|0x00000000c3400000, 0x00000000c3500000, 0x00000000c3500000|100%|HS|  |TAMS 0x00000000c3500000, 0x00000000c3400000| Complete 
|  53|0x00000000c3500000, 0x00000000c3600000, 0x00000000c3600000|100%| O|  |TAMS 0x00000000c3600000, 0x00000000c3500000| Untracked 
|  54|0x00000000c3600000, 0x00000000c3700000, 0x00000000c3700000|100%| O|  |TAMS 0x00000000c3700000, 0x00000000c3600000| Untracked 
|  55|0x00000000c3700000, 0x00000000c3800000, 0x00000000c3800000|100%| O|  |TAMS 0x00000000c3800000, 0x00000000c3700000| Untracked 
|  56|0x00000000c3800000, 0x00000000c3900000, 0x00000000c3900000|100%| O|  |TAMS 0x00000000c3900000, 0x00000000c3800000| Untracked 
|  57|0x00000000c3900000, 0x00000000c3a00000, 0x00000000c3a00000|100%| O|  |TAMS 0x00000000c3a00000, 0x00000000c3900000| Untracked 
|  58|0x00000000c3a00000, 0x00000000c3b00000, 0x00000000c3b00000|100%| O|  |TAMS 0x00000000c3b00000, 0x00000000c3a00000| Untracked 
|  59|0x00000000c3b00000, 0x00000000c3c00000, 0x00000000c3c00000|100%| O|  |TAMS 0x00000000c3c00000, 0x00000000c3b00000| Untracked 
|  60|0x00000000c3c00000, 0x00000000c3d00000, 0x00000000c3d00000|100%| O|  |TAMS 0x00000000c3d00000, 0x00000000c3c00000| Untracked 
|  61|0x00000000c3d00000, 0x00000000c3e00000, 0x00000000c3e00000|100%| O|  |TAMS 0x00000000c3e00000, 0x00000000c3d00000| Untracked 
|  62|0x00000000c3e00000, 0x00000000c3f00000, 0x00000000c3f00000|100%| O|  |TAMS 0x00000000c3f00000, 0x00000000c3e00000| Untracked 
|  63|0x00000000c3f00000, 0x00000000c4000000, 0x00000000c4000000|100%| O|  |TAMS 0x00000000c4000000, 0x00000000c3f00000| Untracked 
|  64|0x00000000c4000000, 0x00000000c4100000, 0x00000000c4100000|100%| O|  |TAMS 0x00000000c4100000, 0x00000000c4000000| Untracked 
|  65|0x00000000c4100000, 0x00000000c4200000, 0x00000000c4200000|100%| O|  |TAMS 0x00000000c4200000, 0x00000000c4100000| Untracked 
|  66|0x00000000c4200000, 0x00000000c4300000, 0x00000000c4300000|100%| O|  |TAMS 0x00000000c4300000, 0x00000000c4200000| Untracked 
|  67|0x00000000c4300000, 0x00000000c4400000, 0x00000000c4400000|100%| O|  |TAMS 0x00000000c4400000, 0x00000000c4300000| Untracked 
|  68|0x00000000c4400000, 0x00000000c4500000, 0x00000000c4500000|100%| O|  |TAMS 0x00000000c4500000, 0x00000000c4400000| Untracked 
|  69|0x00000000c4500000, 0x00000000c4600000, 0x00000000c4600000|100%| O|  |TAMS 0x00000000c4600000, 0x00000000c4500000| Untracked 
|  70|0x00000000c4600000, 0x00000000c4700000, 0x00000000c4700000|100%|HS|  |TAMS 0x00000000c4700000, 0x00000000c4600000| Complete 
|  71|0x00000000c4700000, 0x00000000c4800000, 0x00000000c4800000|100%|HC|  |TAMS 0x00000000c4800000, 0x00000000c4700000| Complete 
|  72|0x00000000c4800000, 0x00000000c4900000, 0x00000000c4900000|100%|HC|  |TAMS 0x00000000c4900000, 0x00000000c4800000| Complete 
|  73|0x00000000c4900000, 0x00000000c4a00000, 0x00000000c4a00000|100%| O|  |TAMS 0x00000000c4a00000, 0x00000000c4900000| Untracked 
|  74|0x00000000c4a00000, 0x00000000c4b00000, 0x00000000c4b00000|100%| O|  |TAMS 0x00000000c4b00000, 0x00000000c4a00000| Untracked 
|  75|0x00000000c4b00000, 0x00000000c4c00000, 0x00000000c4c00000|100%| O|  |TAMS 0x00000000c4c00000, 0x00000000c4b00000| Untracked 
|  76|0x00000000c4c00000, 0x00000000c4d00000, 0x00000000c4d00000|100%| O|  |TAMS 0x00000000c4d00000, 0x00000000c4c00000| Untracked 
|  77|0x00000000c4d00000, 0x00000000c4e00000, 0x00000000c4e00000|100%| O|  |TAMS 0x00000000c4e00000, 0x00000000c4d00000| Untracked 
|  78|0x00000000c4e00000, 0x00000000c4f00000, 0x00000000c4f00000|100%| O|  |TAMS 0x00000000c4f00000, 0x00000000c4e00000| Untracked 
|  79|0x00000000c4f00000, 0x00000000c5000000, 0x00000000c5000000|100%| O|  |TAMS 0x00000000c5000000, 0x00000000c4f00000| Untracked 
|  80|0x00000000c5000000, 0x00000000c5100000, 0x00000000c5100000|100%| O|  |TAMS 0x00000000c5100000, 0x00000000c5000000| Untracked 
|  81|0x00000000c5100000, 0x00000000c5200000, 0x00000000c5200000|100%| O|  |TAMS 0x00000000c5200000, 0x00000000c5100000| Untracked 
|  82|0x00000000c5200000, 0x00000000c5300000, 0x00000000c5300000|100%| O|  |TAMS 0x00000000c5300000, 0x00000000c5200000| Untracked 
|  83|0x00000000c5300000, 0x00000000c5400000, 0x00000000c5400000|100%| O|  |TAMS 0x00000000c5400000, 0x00000000c5300000| Untracked 
|  84|0x00000000c5400000, 0x00000000c5500000, 0x00000000c5500000|100%| O|  |TAMS 0x00000000c5500000, 0x00000000c5400000| Untracked 
|  85|0x00000000c5500000, 0x00000000c5600000, 0x00000000c5600000|100%| O|  |TAMS 0x00000000c5600000, 0x00000000c5500000| Untracked 
|  86|0x00000000c5600000, 0x00000000c5700000, 0x00000000c5700000|100%| O|  |TAMS 0x00000000c5700000, 0x00000000c5600000| Untracked 
|  87|0x00000000c5700000, 0x00000000c5800000, 0x00000000c5800000|100%| O|  |TAMS 0x00000000c5800000, 0x00000000c5700000| Untracked 
|  88|0x00000000c5800000, 0x00000000c5900000, 0x00000000c5900000|100%| O|  |TAMS 0x00000000c5900000, 0x00000000c5800000| Untracked 
|  89|0x00000000c5900000, 0x00000000c5a00000, 0x00000000c5a00000|100%| O|  |TAMS 0x00000000c5a00000, 0x00000000c5900000| Untracked 
|  90|0x00000000c5a00000, 0x00000000c5b00000, 0x00000000c5b00000|100%| O|  |TAMS 0x00000000c5b00000, 0x00000000c5a00000| Untracked 
|  91|0x00000000c5b00000, 0x00000000c5c00000, 0x00000000c5c00000|100%| O|  |TAMS 0x00000000c5c00000, 0x00000000c5b00000| Untracked 
|  92|0x00000000c5c00000, 0x00000000c5c00000, 0x00000000c5d00000|  0%| F|  |TAMS 0x00000000c5c00000, 0x00000000c5c00000| Untracked 
|  93|0x00000000c5d00000, 0x00000000c5e00000, 0x00000000c5e00000|100%| O|  |TAMS 0x00000000c5e00000, 0x00000000c5d00000| Untracked 
|  94|0x00000000c5e00000, 0x00000000c5e00000, 0x00000000c5f00000|  0%| F|  |TAMS 0x00000000c5e00000, 0x00000000c5e00000| Untracked 
|  95|0x00000000c5f00000, 0x00000000c6000000, 0x00000000c6000000|100%| O|  |TAMS 0x00000000c6000000, 0x00000000c5f00000| Untracked 
|  96|0x00000000c6000000, 0x00000000c6100000, 0x00000000c6100000|100%| O|  |TAMS 0x00000000c6100000, 0x00000000c6000000| Untracked 
|  97|0x00000000c6100000, 0x00000000c6200000, 0x00000000c6200000|100%| O|  |TAMS 0x00000000c6200000, 0x00000000c6100000| Untracked 
|  98|0x00000000c6200000, 0x00000000c6300000, 0x00000000c6300000|100%| O|  |TAMS 0x00000000c6300000, 0x00000000c6200000| Untracked 
|  99|0x00000000c6300000, 0x00000000c6400000, 0x00000000c6400000|100%| O|  |TAMS 0x00000000c6400000, 0x00000000c6300000| Untracked 
| 100|0x00000000c6400000, 0x00000000c6500000, 0x00000000c6500000|100%| O|  |TAMS 0x00000000c6500000, 0x00000000c6400000| Untracked 
| 101|0x00000000c6500000, 0x00000000c6600000, 0x00000000c6600000|100%| O|  |TAMS 0x00000000c6500000, 0x00000000c6500000| Untracked 
| 102|0x00000000c6600000, 0x00000000c6700000, 0x00000000c6700000|100%| O|  |TAMS 0x00000000c6700000, 0x00000000c6600000| Untracked 
| 103|0x00000000c6700000, 0x00000000c6800000, 0x00000000c6800000|100%| O|  |TAMS 0x00000000c6800000, 0x00000000c6700000| Untracked 
| 104|0x00000000c6800000, 0x00000000c6900000, 0x00000000c6900000|100%| O|  |TAMS 0x00000000c6900000, 0x00000000c6800000| Untracked 
| 105|0x00000000c6900000, 0x00000000c6a00000, 0x00000000c6a00000|100%| O|  |TAMS 0x00000000c6a00000, 0x00000000c6900000| Untracked 
| 106|0x00000000c6a00000, 0x00000000c6b00000, 0x00000000c6b00000|100%| O|  |TAMS 0x00000000c6b00000, 0x00000000c6a00000| Untracked 
| 107|0x00000000c6b00000, 0x00000000c6c00000, 0x00000000c6c00000|100%| O|  |TAMS 0x00000000c6c00000, 0x00000000c6b00000| Untracked 
| 108|0x00000000c6c00000, 0x00000000c6d00000, 0x00000000c6d00000|100%| O|  |TAMS 0x00000000c6d00000, 0x00000000c6c00000| Untracked 
| 109|0x00000000c6d00000, 0x00000000c6e00000, 0x00000000c6e00000|100%| O|  |TAMS 0x00000000c6e00000, 0x00000000c6d00000| Untracked 
| 110|0x00000000c6e00000, 0x00000000c6f00000, 0x00000000c6f00000|100%| O|  |TAMS 0x00000000c6e00000, 0x00000000c6e00000| Untracked 
| 111|0x00000000c6f00000, 0x00000000c7000000, 0x00000000c7000000|100%| O|  |TAMS 0x00000000c6f00000, 0x00000000c6f00000| Untracked 
| 112|0x00000000c7000000, 0x00000000c7000000, 0x00000000c7100000|  0%| F|  |TAMS 0x00000000c7000000, 0x00000000c7000000| Untracked 
| 113|0x00000000c7100000, 0x00000000c7200000, 0x00000000c7200000|100%| O|  |TAMS 0x00000000c7200000, 0x00000000c7100000| Untracked 
| 114|0x00000000c7200000, 0x00000000c7300000, 0x00000000c7300000|100%| O|  |TAMS 0x00000000c7300000, 0x00000000c7200000| Untracked 
| 115|0x00000000c7300000, 0x00000000c7300000, 0x00000000c7400000|  0%| F|  |TAMS 0x00000000c7300000, 0x00000000c7300000| Untracked 
| 116|0x00000000c7400000, 0x00000000c7500000, 0x00000000c7500000|100%| O|  |TAMS 0x00000000c7400000, 0x00000000c7400000| Untracked 
| 117|0x00000000c7500000, 0x00000000c7600000, 0x00000000c7600000|100%| O|  |TAMS 0x00000000c7600000, 0x00000000c7500000| Untracked 
| 118|0x00000000c7600000, 0x00000000c7600000, 0x00000000c7700000|  0%| F|  |TAMS 0x00000000c7600000, 0x00000000c7600000| Untracked 
| 119|0x00000000c7700000, 0x00000000c7700000, 0x00000000c7800000|  0%| F|  |TAMS 0x00000000c7700000, 0x00000000c7700000| Untracked 
| 120|0x00000000c7800000, 0x00000000c7900000, 0x00000000c7900000|100%| O|  |TAMS 0x00000000c7900000, 0x00000000c7800000| Untracked 
| 121|0x00000000c7900000, 0x00000000c7a00000, 0x00000000c7a00000|100%| O|  |TAMS 0x00000000c7a00000, 0x00000000c7900000| Untracked 
| 122|0x00000000c7a00000, 0x00000000c7b00000, 0x00000000c7b00000|100%| O|  |TAMS 0x00000000c7b00000, 0x00000000c7a00000| Untracked 
| 123|0x00000000c7b00000, 0x00000000c7c00000, 0x00000000c7c00000|100%| O|  |TAMS 0x00000000c7c00000, 0x00000000c7b00000| Untracked 
| 124|0x00000000c7c00000, 0x00000000c7d00000, 0x00000000c7d00000|100%| O|  |TAMS 0x00000000c7d00000, 0x00000000c7c00000| Untracked 
| 125|0x00000000c7d00000, 0x00000000c7d00000, 0x00000000c7e00000|  0%| F|  |TAMS 0x00000000c7d00000, 0x00000000c7d00000| Untracked 
| 126|0x00000000c7e00000, 0x00000000c7f00000, 0x00000000c7f00000|100%| O|  |TAMS 0x00000000c7e57800, 0x00000000c7e00000| Untracked 
| 127|0x00000000c7f00000, 0x00000000c8000000, 0x00000000c8000000|100%|HS|  |TAMS 0x00000000c7f00000, 0x00000000c7f00000| Complete 
| 128|0x00000000c8000000, 0x00000000c8100000, 0x00000000c8100000|100%| O|  |TAMS 0x00000000c8000000, 0x00000000c8000000| Untracked 
| 129|0x00000000c8100000, 0x00000000c8200000, 0x00000000c8200000|100%| O|  |TAMS 0x00000000c8100000, 0x00000000c8100000| Untracked 
| 130|0x00000000c8200000, 0x00000000c8300000, 0x00000000c8300000|100%| O|  |TAMS 0x00000000c8200000, 0x00000000c8200000| Untracked 
| 131|0x00000000c8300000, 0x00000000c8400000, 0x00000000c8400000|100%| O|  |TAMS 0x00000000c8300000, 0x00000000c8300000| Untracked 
| 132|0x00000000c8400000, 0x00000000c8500000, 0x00000000c8500000|100%| O|  |TAMS 0x00000000c8500000, 0x00000000c8400000| Untracked 
| 133|0x00000000c8500000, 0x00000000c8600000, 0x00000000c8600000|100%| O|  |TAMS 0x00000000c8500000, 0x00000000c8500000| Untracked 
| 134|0x00000000c8600000, 0x00000000c8700000, 0x00000000c8700000|100%| O|  |TAMS 0x00000000c8600000, 0x00000000c8600000| Untracked 
| 135|0x00000000c8700000, 0x00000000c8800000, 0x00000000c8800000|100%|HS|  |TAMS 0x00000000c8700000, 0x00000000c8700000| Complete 
| 136|0x00000000c8800000, 0x00000000c8900000, 0x00000000c8900000|100%| O|  |TAMS 0x00000000c8800000, 0x00000000c8800000| Untracked 
| 137|0x00000000c8900000, 0x00000000c8a00000, 0x00000000c8a00000|100%| O|  |TAMS 0x00000000c8900000, 0x00000000c8900000| Untracked 
| 138|0x00000000c8a00000, 0x00000000c8b00000, 0x00000000c8b00000|100%| O|  |TAMS 0x00000000c8b00000, 0x00000000c8a00000| Untracked 
| 139|0x00000000c8b00000, 0x00000000c8c00000, 0x00000000c8c00000|100%| O|  |TAMS 0x00000000c8b00000, 0x00000000c8b00000| Untracked 
| 140|0x00000000c8c00000, 0x00000000c8d00000, 0x00000000c8d00000|100%| O|  |TAMS 0x00000000c8c00000, 0x00000000c8c00000| Untracked 
| 141|0x00000000c8d00000, 0x00000000c8e00000, 0x00000000c8e00000|100%| O|  |TAMS 0x00000000c8d00000, 0x00000000c8d00000| Untracked 
| 142|0x00000000c8e00000, 0x00000000c8f00000, 0x00000000c8f00000|100%| O|  |TAMS 0x00000000c8e00000, 0x00000000c8e00000| Untracked 
| 143|0x00000000c8f00000, 0x00000000c9000000, 0x00000000c9000000|100%| O|  |TAMS 0x00000000c8f00000, 0x00000000c8f00000| Untracked 
| 144|0x00000000c9000000, 0x00000000c9063400, 0x00000000c9100000| 38%| O|  |TAMS 0x00000000c9000000, 0x00000000c9000000| Untracked 
| 145|0x00000000c9100000, 0x00000000c9100000, 0x00000000c9200000|  0%| F|  |TAMS 0x00000000c9100000, 0x00000000c9100000| Untracked 
| 146|0x00000000c9200000, 0x00000000c9200000, 0x00000000c9300000|  0%| F|  |TAMS 0x00000000c9200000, 0x00000000c9200000| Untracked 
| 147|0x00000000c9300000, 0x00000000c9300000, 0x00000000c9400000|  0%| F|  |TAMS 0x00000000c9300000, 0x00000000c9300000| Untracked 
| 148|0x00000000c9400000, 0x00000000c9400000, 0x00000000c9500000|  0%| F|  |TAMS 0x00000000c9400000, 0x00000000c9400000| Untracked 
| 149|0x00000000c9500000, 0x00000000c9600000, 0x00000000c9600000|100%|HS|  |TAMS 0x00000000c9600000, 0x00000000c9500000| Complete 
| 150|0x00000000c9600000, 0x00000000c9700000, 0x00000000c9700000|100%|HC|  |TAMS 0x00000000c9700000, 0x00000000c9600000| Complete 
| 151|0x00000000c9700000, 0x00000000c9800000, 0x00000000c9800000|100%|HC|  |TAMS 0x00000000c9800000, 0x00000000c9700000| Complete 
| 152|0x00000000c9800000, 0x00000000c9900000, 0x00000000c9900000|100%|HC|  |TAMS 0x00000000c9900000, 0x00000000c9800000| Complete 
| 153|0x00000000c9900000, 0x00000000c9a00000, 0x00000000c9a00000|100%|HC|  |TAMS 0x00000000c9a00000, 0x00000000c9900000| Complete 
| 154|0x00000000c9a00000, 0x00000000c9b00000, 0x00000000c9b00000|100%|HC|  |TAMS 0x00000000c9b00000, 0x00000000c9a00000| Complete 
| 155|0x00000000c9b00000, 0x00000000c9c00000, 0x00000000c9c00000|100%|HC|  |TAMS 0x00000000c9c00000, 0x00000000c9b00000| Complete 
| 156|0x00000000c9c00000, 0x00000000c9d00000, 0x00000000c9d00000|100%|HC|  |TAMS 0x00000000c9d00000, 0x00000000c9c00000| Complete 
| 157|0x00000000c9d00000, 0x00000000c9e00000, 0x00000000c9e00000|100%|HC|  |TAMS 0x00000000c9e00000, 0x00000000c9d00000| Complete 
| 158|0x00000000c9e00000, 0x00000000c9f00000, 0x00000000c9f00000|100%|HC|  |TAMS 0x00000000c9f00000, 0x00000000c9e00000| Complete 
| 159|0x00000000c9f00000, 0x00000000ca000000, 0x00000000ca000000|100%|HC|  |TAMS 0x00000000ca000000, 0x00000000c9f00000| Complete 
| 160|0x00000000ca000000, 0x00000000ca100000, 0x00000000ca100000|100%|HC|  |TAMS 0x00000000ca100000, 0x00000000ca000000| Complete 
| 161|0x00000000ca100000, 0x00000000ca200000, 0x00000000ca200000|100%|HC|  |TAMS 0x00000000ca200000, 0x00000000ca100000| Complete 
| 162|0x00000000ca200000, 0x00000000ca300000, 0x00000000ca300000|100%|HC|  |TAMS 0x00000000ca300000, 0x00000000ca200000| Complete 
| 163|0x00000000ca300000, 0x00000000ca400000, 0x00000000ca400000|100%|HC|  |TAMS 0x00000000ca400000, 0x00000000ca300000| Complete 
| 164|0x00000000ca400000, 0x00000000ca500000, 0x00000000ca500000|100%|HC|  |TAMS 0x00000000ca500000, 0x00000000ca400000| Complete 
| 165|0x00000000ca500000, 0x00000000ca600000, 0x00000000ca600000|100%|HC|  |TAMS 0x00000000ca600000, 0x00000000ca500000| Complete 
| 166|0x00000000ca600000, 0x00000000ca700000, 0x00000000ca700000|100%|HC|  |TAMS 0x00000000ca700000, 0x00000000ca600000| Complete 
| 167|0x00000000ca700000, 0x00000000ca700000, 0x00000000ca800000|  0%| F|  |TAMS 0x00000000ca700000, 0x00000000ca700000| Untracked 
| 168|0x00000000ca800000, 0x00000000ca800000, 0x00000000ca900000|  0%| F|  |TAMS 0x00000000ca800000, 0x00000000ca800000| Untracked 
| 169|0x00000000ca900000, 0x00000000ca900000, 0x00000000caa00000|  0%| F|  |TAMS 0x00000000ca900000, 0x00000000ca900000| Untracked 
| 170|0x00000000caa00000, 0x00000000caa00000, 0x00000000cab00000|  0%| F|  |TAMS 0x00000000caa00000, 0x00000000caa00000| Untracked 
| 171|0x00000000cab00000, 0x00000000cab00000, 0x00000000cac00000|  0%| F|  |TAMS 0x00000000cab00000, 0x00000000cab00000| Untracked 
| 172|0x00000000cac00000, 0x00000000cac00000, 0x00000000cad00000|  0%| F|  |TAMS 0x00000000cac00000, 0x00000000cac00000| Untracked 
| 173|0x00000000cad00000, 0x00000000cad00000, 0x00000000cae00000|  0%| F|  |TAMS 0x00000000cad00000, 0x00000000cad00000| Untracked 
| 174|0x00000000cae00000, 0x00000000cae00000, 0x00000000caf00000|  0%| F|  |TAMS 0x00000000cae00000, 0x00000000cae00000| Untracked 
| 175|0x00000000caf00000, 0x00000000caf00000, 0x00000000cb000000|  0%| F|  |TAMS 0x00000000caf00000, 0x00000000caf00000| Untracked 
| 176|0x00000000cb000000, 0x00000000cb000000, 0x00000000cb100000|  0%| F|  |TAMS 0x00000000cb000000, 0x00000000cb000000| Untracked 
| 177|0x00000000cb100000, 0x00000000cb100000, 0x00000000cb200000|  0%| F|  |TAMS 0x00000000cb100000, 0x00000000cb100000| Untracked 
| 178|0x00000000cb200000, 0x00000000cb200000, 0x00000000cb300000|  0%| F|  |TAMS 0x00000000cb200000, 0x00000000cb200000| Untracked 
| 179|0x00000000cb300000, 0x00000000cb300000, 0x00000000cb400000|  0%| F|  |TAMS 0x00000000cb300000, 0x00000000cb300000| Untracked 
| 180|0x00000000cb400000, 0x00000000cb400000, 0x00000000cb500000|  0%| F|  |TAMS 0x00000000cb400000, 0x00000000cb400000| Untracked 
| 181|0x00000000cb500000, 0x00000000cb500000, 0x00000000cb600000|  0%| F|  |TAMS 0x00000000cb500000, 0x00000000cb500000| Untracked 
| 182|0x00000000cb600000, 0x00000000cb600000, 0x00000000cb700000|  0%| F|  |TAMS 0x00000000cb600000, 0x00000000cb600000| Untracked 
| 183|0x00000000cb700000, 0x00000000cb700000, 0x00000000cb800000|  0%| F|  |TAMS 0x00000000cb700000, 0x00000000cb700000| Untracked 
| 184|0x00000000cb800000, 0x00000000cb800000, 0x00000000cb900000|  0%| F|  |TAMS 0x00000000cb800000, 0x00000000cb800000| Untracked 
| 185|0x00000000cb900000, 0x00000000cb900000, 0x00000000cba00000|  0%| F|  |TAMS 0x00000000cb900000, 0x00000000cb900000| Untracked 
| 186|0x00000000cba00000, 0x00000000cba00000, 0x00000000cbb00000|  0%| F|  |TAMS 0x00000000cba00000, 0x00000000cba00000| Untracked 
| 187|0x00000000cbb00000, 0x00000000cbb00000, 0x00000000cbc00000|  0%| F|  |TAMS 0x00000000cbb00000, 0x00000000cbb00000| Untracked 
| 188|0x00000000cbc00000, 0x00000000cbc00000, 0x00000000cbd00000|  0%| F|  |TAMS 0x00000000cbc00000, 0x00000000cbc00000| Untracked 
| 189|0x00000000cbd00000, 0x00000000cbd00000, 0x00000000cbe00000|  0%| F|  |TAMS 0x00000000cbd00000, 0x00000000cbd00000| Untracked 
| 190|0x00000000cbe00000, 0x00000000cbe00000, 0x00000000cbf00000|  0%| F|  |TAMS 0x00000000cbe00000, 0x00000000cbe00000| Untracked 
| 191|0x00000000cbf00000, 0x00000000cbf00000, 0x00000000cc000000|  0%| F|  |TAMS 0x00000000cbf00000, 0x00000000cbf00000| Untracked 
| 192|0x00000000cc000000, 0x00000000cc000000, 0x00000000cc100000|  0%| F|  |TAMS 0x00000000cc000000, 0x00000000cc000000| Untracked 
| 193|0x00000000cc100000, 0x00000000cc100000, 0x00000000cc200000|  0%| F|  |TAMS 0x00000000cc100000, 0x00000000cc100000| Untracked 
| 194|0x00000000cc200000, 0x00000000cc200000, 0x00000000cc300000|  0%| F|  |TAMS 0x00000000cc200000, 0x00000000cc200000| Untracked 
| 195|0x00000000cc300000, 0x00000000cc300000, 0x00000000cc400000|  0%| F|  |TAMS 0x00000000cc300000, 0x00000000cc300000| Untracked 
| 196|0x00000000cc400000, 0x00000000cc400000, 0x00000000cc500000|  0%| F|  |TAMS 0x00000000cc400000, 0x00000000cc400000| Untracked 
| 197|0x00000000cc500000, 0x00000000cc500000, 0x00000000cc600000|  0%| F|  |TAMS 0x00000000cc500000, 0x00000000cc500000| Untracked 
| 198|0x00000000cc600000, 0x00000000cc6bf370, 0x00000000cc700000| 74%| E|  |TAMS 0x00000000cc600000, 0x00000000cc600000| Complete 
| 199|0x00000000cc700000, 0x00000000cc800000, 0x00000000cc800000|100%| E|CS|TAMS 0x00000000cc700000, 0x00000000cc700000| Complete 
| 200|0x00000000cc800000, 0x00000000cc900000, 0x00000000cc900000|100%| E|CS|TAMS 0x00000000cc800000, 0x00000000cc800000| Complete 
| 201|0x00000000cc900000, 0x00000000cca00000, 0x00000000cca00000|100%| E|CS|TAMS 0x00000000cc900000, 0x00000000cc900000| Complete 
| 202|0x00000000cca00000, 0x00000000ccb00000, 0x00000000ccb00000|100%| E|CS|TAMS 0x00000000cca00000, 0x00000000cca00000| Complete 
| 203|0x00000000ccb00000, 0x00000000ccc00000, 0x00000000ccc00000|100%| E|CS|TAMS 0x00000000ccb00000, 0x00000000ccb00000| Complete 
| 204|0x00000000ccc00000, 0x00000000ccd00000, 0x00000000ccd00000|100%| E|CS|TAMS 0x00000000ccc00000, 0x00000000ccc00000| Complete 
| 205|0x00000000ccd00000, 0x00000000cce00000, 0x00000000cce00000|100%| E|CS|TAMS 0x00000000ccd00000, 0x00000000ccd00000| Complete 
| 206|0x00000000cce00000, 0x00000000ccf00000, 0x00000000ccf00000|100%| E|CS|TAMS 0x00000000cce00000, 0x00000000cce00000| Complete 
| 207|0x00000000ccf00000, 0x00000000cd000000, 0x00000000cd000000|100%| E|CS|TAMS 0x00000000ccf00000, 0x00000000ccf00000| Complete 
| 208|0x00000000cd000000, 0x00000000cd100000, 0x00000000cd100000|100%| E|CS|TAMS 0x00000000cd000000, 0x00000000cd000000| Complete 
| 209|0x00000000cd100000, 0x00000000cd200000, 0x00000000cd200000|100%| E|CS|TAMS 0x00000000cd100000, 0x00000000cd100000| Complete 
| 210|0x00000000cd200000, 0x00000000cd300000, 0x00000000cd300000|100%| E|CS|TAMS 0x00000000cd200000, 0x00000000cd200000| Complete 
| 211|0x00000000cd300000, 0x00000000cd400000, 0x00000000cd400000|100%| E|CS|TAMS 0x00000000cd300000, 0x00000000cd300000| Complete 
| 212|0x00000000cd400000, 0x00000000cd500000, 0x00000000cd500000|100%| E|CS|TAMS 0x00000000cd400000, 0x00000000cd400000| Complete 
| 213|0x00000000cd500000, 0x00000000cd558620, 0x00000000cd600000| 34%| S|CS|TAMS 0x00000000cd500000, 0x00000000cd500000| Complete 
| 214|0x00000000cd600000, 0x00000000cd700000, 0x00000000cd700000|100%| S|CS|TAMS 0x00000000cd600000, 0x00000000cd600000| Complete 
| 215|0x00000000cd700000, 0x00000000cd800000, 0x00000000cd800000|100%| E|CS|TAMS 0x00000000cd700000, 0x00000000cd700000| Complete 
| 216|0x00000000cd800000, 0x00000000cd900000, 0x00000000cd900000|100%| E|CS|TAMS 0x00000000cd800000, 0x00000000cd800000| Complete 
| 217|0x00000000cd900000, 0x00000000cda00000, 0x00000000cda00000|100%| E|CS|TAMS 0x00000000cd900000, 0x00000000cd900000| Complete 
| 218|0x00000000cda00000, 0x00000000cdb00000, 0x00000000cdb00000|100%| E|CS|TAMS 0x00000000cda00000, 0x00000000cda00000| Complete 
| 219|0x00000000cdb00000, 0x00000000cdc00000, 0x00000000cdc00000|100%| E|CS|TAMS 0x00000000cdb00000, 0x00000000cdb00000| Complete 
| 220|0x00000000cdc00000, 0x00000000cdd00000, 0x00000000cdd00000|100%| E|CS|TAMS 0x00000000cdc00000, 0x00000000cdc00000| Complete 

Card table byte_map: [0x000001b77b5e0000,0x000001b77b7e0000] _byte_map_base: 0x000001b77afe0000

Marking Bits (Prev, Next): (CMBitMap*) 0x000001b772db9d10, (CMBitMap*) 0x000001b772db9cd8
 Prev Bits: [0x000001b77c9e0000, 0x000001b77d9e0000)
 Next Bits: [0x000001b77b9e0000, 0x000001b77c9e0000)

Polling page: 0x000001b770f10000

Metaspace:

Usage:
  Non-class:    227.91 MB capacity,   220.15 MB ( 97%) used,     5.91 MB (  3%) free+waste,     1.85 MB ( <1%) overhead. 
      Class:     39.60 MB capacity,    32.70 MB ( 83%) used,     6.01 MB ( 15%) free+waste,   918.19 KB (  2%) overhead. 
       Both:    267.52 MB capacity,   252.85 MB ( 95%) used,    11.92 MB (  4%) free+waste,     2.75 MB (  1%) overhead. 

Virtual space:
  Non-class space:      228.00 MB reserved,     228.00 MB (100%) committed 
      Class space:        1.00 GB reserved,      39.66 MB (  4%) committed 
             Both:        1.22 GB reserved,     267.66 MB ( 21%) committed 

Chunk freelists:
   Non-Class:  3.00 KB
       Class:  0 bytes
        Both:  3.00 KB

CodeHeap 'non-profiled nmethods': size=120000Kb used=44771Kb max_used=44771Kb free=75228Kb
 bounds [0x000001b707ad0000, 0x000001b70a6a0000, 0x000001b70f000000]
CodeHeap 'profiled nmethods': size=120000Kb used=78148Kb max_used=80097Kb free=41851Kb
 bounds [0x000001b7005a0000, 0x000001b705640000, 0x000001b707ad0000]
CodeHeap 'non-nmethods': size=5760Kb used=1428Kb max_used=1502Kb free=4331Kb
 bounds [0x000001b700000000, 0x000001b700270000, 0x000001b7005a0000]
 total_blobs=74039 nmethods=40322 adapters=779
 compilation: enabled
              stopped_count=0, restarted_count=0
 full_count=0

Compilation events (10 events):
Event: 80189.099 Thread 0x000001b70f4f0000 nmethod 52248 0x000001b703dabc90 code [0x000001b703dabe80, 0x000001b703dac2d0]
Event: 80189.476 Thread 0x000001b70f4ed000 nmethod 52241 0x000001b70a68a190 code [0x000001b70a68a780, 0x000001b70a68f6c8]
Event: 80189.477 Thread 0x000001b70f4ed000 52243       4       org.scalafmt.util.TreeOps$::isSeqMulti (17 bytes)
Event: 80189.477 Thread 0x000001b718d32000 52244       4       scala.collection.mutable.PriorityQueue::isEmpty (15 bytes)
Event: 80189.477 Thread 0x000001b718d32000 nmethod 52244 0x000001b70a695210 code [0x000001b70a6953a0, 0x000001b70a695438]
Event: 80189.477 Thread 0x000001b718d32000 52245       4       java.lang.invoke.LambdaForm$MH/0x0000000100cdbc40::linkToTargetMethod (23 bytes)
Event: 80189.478 Thread 0x000001b718d32000 nmethod 52245 0x000001b70a695510 code [0x000001b70a6956c0, 0x000001b70a6957d8]
Event: 80189.478 Thread 0x000001b718d32000 52246       4       java.lang.invoke.LambdaForm$DMH/0x0000000100cdcc40::invokeStatic (30 bytes)
Event: 80189.479 Thread 0x000001b718d32000 nmethod 52246 0x000001b70a695910 code [0x000001b70a695ac0, 0x000001b70a695ba8]
Event: 80189.479 Thread 0x000001b718d32000 52247       4       org.scalafmt.internal.BestFirstSearch$$Lambda$2837/0x0000000100cdc040::get$Lambda (22 bytes)

GC Heap History (10 events):
Event: 80112.281 GC heap before
{Heap before GC invocations=1433 (full 0):
 garbage-first heap   total 226304K, used 182637K [0x00000000c0000000, 0x0000000100000000)
  region size 1024K, 52 young (53248K), 4 survivors (4096K)
 Metaspace       used 258894K, capacity 273928K, committed 274084K, reserved 1282048K
  class space    used 33480K, capacity 40554K, committed 40612K, reserved 1048576K
}
Event: 80112.311 GC heap after
{Heap after GC invocations=1434 (full 0):
 garbage-first heap   total 226304K, used 143020K [0x00000000c0000000, 0x0000000100000000)
  region size 1024K, 7 young (7168K), 7 survivors (7168K)
 Metaspace       used 258894K, capacity 273928K, committed 274084K, reserved 1282048K
  class space    used 33480K, capacity 40554K, committed 40612K, reserved 1048576K
}
Event: 80172.577 GC heap before
{Heap before GC invocations=1435 (full 0):
 garbage-first heap   total 226304K, used 186028K [0x00000000c0000000, 0x0000000100000000)
  region size 1024K, 49 young (50176K), 7 survivors (7168K)
 Metaspace       used 258914K, capacity 273933K, committed 274084K, reserved 1282048K
  class space    used 33480K, capacity 40554K, committed 40612K, reserved 1048576K
}
Event: 80172.585 GC heap after
{Heap after GC invocations=1436 (full 0):
 garbage-first heap   total 226304K, used 146277K [0x00000000c0000000, 0x0000000100000000)
  region size 1024K, 2 young (2048K), 2 survivors (2048K)
 Metaspace       used 258914K, capacity 273933K, committed 274084K, reserved 1282048K
  class space    used 33480K, capacity 40554K, committed 40612K, reserved 1048576K
}
Event: 80178.362 GC heap before
{Heap before GC invocations=1436 (full 0):
 garbage-first heap   total 226304K, used 170853K [0x00000000c0000000, 0x0000000100000000)
  region size 1024K, 27 young (27648K), 2 survivors (2048K)
 Metaspace       used 258915K, capacity 273933K, committed 274084K, reserved 1282048K
  class space    used 33480K, capacity 40554K, committed 40612K, reserved 1048576K
}
Event: 80178.385 GC heap after
{Heap after GC invocations=1437 (full 0):
 garbage-first heap   total 226304K, used 155998K [0x00000000c0000000, 0x0000000100000000)
  region size 1024K, 6 young (6144K), 6 survivors (6144K)
 Metaspace       used 258915K, capacity 273933K, committed 274084K, reserved 1282048K
  class space    used 33480K, capacity 40554K, committed 40612K, reserved 1048576K
}
Event: 80183.610 GC heap before
{Heap before GC invocations=1438 (full 0):
 garbage-first heap   total 226304K, used 180574K [0x00000000c0000000, 0x0000000100000000)
  region size 1024K, 34 young (34816K), 6 survivors (6144K)
 Metaspace       used 258915K, capacity 273933K, committed 274084K, reserved 1282048K
  class space    used 33480K, capacity 40554K, committed 40612K, reserved 1048576K
}
Event: 80183.624 GC heap after
{Heap after GC invocations=1439 (full 0):
 garbage-first heap   total 226304K, used 162026K [0x00000000c0000000, 0x0000000100000000)
  region size 1024K, 5 young (5120K), 5 survivors (5120K)
 Metaspace       used 258915K, capacity 273933K, committed 274084K, reserved 1282048K
  class space    used 33480K, capacity 40554K, committed 40612K, reserved 1048576K
}
Event: 80188.648 GC heap before
{Heap before GC invocations=1439 (full 0):
 garbage-first heap   total 226304K, used 169194K [0x00000000c0000000, 0x0000000100000000)
  region size 1024K, 11 young (11264K), 5 survivors (5120K)
 Metaspace       used 258915K, capacity 273933K, committed 274084K, reserved 1282048K
  class space    used 33480K, capacity 40554K, committed 40612K, reserved 1048576K
}
Event: 80188.666 GC heap after
{Heap after GC invocations=1440 (full 0):
 garbage-first heap   total 226304K, used 150254K [0x00000000c0000000, 0x0000000100000000)
  region size 1024K, 2 young (2048K), 2 survivors (2048K)
 Metaspace       used 258915K, capacity 273933K, committed 274084K, reserved 1282048K
  class space    used 33480K, capacity 40554K, committed 40612K, reserved 1048576K
}

Deoptimization events (10 events):
Event: 80083.655 Thread 0x000001b715055800 Uncommon trap: reason=bimorphic_or_optimized_type_check action=maybe_recompile pc=0x000001b708da67a4 method=scala.tools.nsc.interactive.Global$Members.$anonfun$addNonShadowed$2(Lscala/tools/nsc/interactive/Global$Members;Lscala/Tuple2;)V @ 37 c2
Event: 80083.986 Thread 0x000001b715055800 Uncommon trap: reason=bimorphic_or_optimized_type_check action=maybe_recompile pc=0x000001b708da67a4 method=scala.tools.nsc.interactive.Global$Members.$anonfun$addNonShadowed$2(Lscala/tools/nsc/interactive/Global$Members;Lscala/Tuple2;)V @ 37 c2
Event: 80092.448 Thread 0x000001b715055800 Uncommon trap: reason=unstable_if action=reinterpret pc=0x000001b70a5f5698 method=scala.tools.nsc.interactive.Global.$anonfun$syncTopLevelSyms$1(Lscala/tools/nsc/interactive/Global;Lscala/tools/nsc/interactive/RichCompilationUnits$RichCompilationUnit;Lsca
Event: 80092.448 Thread 0x000001b715055800 Uncommon trap: reason=class_check action=maybe_recompile pc=0x000001b7093494a0 method=scala.collection.mutable.HashTable.removeEntry0(Ljava/lang/Object;I)Lscala/collection/mutable/HashEntry; @ 1 c2
Event: 80092.448 Thread 0x000001b715055800 Uncommon trap: reason=class_check action=maybe_recompile pc=0x000001b7093494a0 method=scala.collection.mutable.HashTable.removeEntry0(Ljava/lang/Object;I)Lscala/collection/mutable/HashEntry; @ 1 c2
Event: 80106.281 Thread 0x000001b715055800 Uncommon trap: reason=bimorphic_or_optimized_type_check action=maybe_recompile pc=0x000001b708da67a4 method=scala.tools.nsc.interactive.Global$Members.$anonfun$addNonShadowed$2(Lscala/tools/nsc/interactive/Global$Members;Lscala/Tuple2;)V @ 37 c2
Event: 80112.314 Thread 0x000001b715055800 Uncommon trap: reason=unstable_if action=reinterpret pc=0x000001b70a1245e4 method=scala.tools.nsc.typechecker.Contexts$Context.isAccessible(Lscala/reflect/internal/Symbols$Symbol;Lscala/reflect/internal/Types$Type;Z)Z @ 106 c2
Event: 80182.952 Thread 0x000001b70ff9a000 Uncommon trap: reason=unstable_if action=reinterpret pc=0x000001b708f0caf0 method=org.scalafmt.internal.FormatOps.$anonfun$getForceConfigStyle$1(Lorg/scalafmt/internal/FormatOps;ILscala/collection/mutable/Builder;Lscala/collection/mutable/Builder;Lorg/sca
Event: 80182.955 Thread 0x000001b70ff9a000 Uncommon trap: reason=class_check action=maybe_recompile pc=0x000001b709cc60d4 method=org.scalafmt.internal.BestFirstSearch.shortestPath(Lorg/scalafmt/internal/State;Lscala/meta/tokens/Token;II)Lorg/scalafmt/internal/State; @ 263 c2
Event: 80182.955 Thread 0x000001b70ff9a000 Uncommon trap: reason=class_check action=maybe_recompile pc=0x000001b709cc60d4 method=org.scalafmt.internal.BestFirstSearch.shortestPath(Lorg/scalafmt/internal/State;Lscala/meta/tokens/Token;II)Lorg/scalafmt/internal/State; @ 263 c2

Classes redefined (0 events):
No events

Internal exceptions (10 events):
Event: 80179.557 Thread 0x000001b718d3b000 Exception <a 'sun/nio/fs/WindowsException'{0x00000000cdc7a6d0}> (0x00000000cdc7a6d0) thrown at [t:/workspace/open/src/hotspot/share/prims/jni.cpp, line 615]
Event: 80181.478 Thread 0x000001b715055000 Exception <a 'sun/nio/fs/WindowsException'{0x00000000cd94f418}> (0x00000000cd94f418) thrown at [t:/workspace/open/src/hotspot/share/prims/jni.cpp, line 615]
Event: 80183.276 Thread 0x000001b718d3b000 Exception <a 'sun/nio/fs/WindowsException'{0x00000000cd305520}> (0x00000000cd305520) thrown at [t:/workspace/open/src/hotspot/share/prims/jni.cpp, line 615]
Event: 80183.277 Thread 0x000001b718d34800 Exception <a 'sun/nio/fs/WindowsException'{0x00000000cd310488}> (0x00000000cd310488) thrown at [t:/workspace/open/src/hotspot/share/prims/jni.cpp, line 615]
Event: 80185.085 Thread 0x000001b718d34800 Exception <a 'sun/nio/fs/WindowsException'{0x00000000cdbd70d0}> (0x00000000cdbd70d0) thrown at [t:/workspace/open/src/hotspot/share/prims/jni.cpp, line 615]
Event: 80185.280 Thread 0x000001b718d3b000 Exception <a 'sun/nio/fs/WindowsException'{0x00000000cda47668}> (0x00000000cda47668) thrown at [t:/workspace/open/src/hotspot/share/prims/jni.cpp, line 615]
Event: 80185.965 Thread 0x000001b718d3b000 Exception <a 'sun/nio/fs/WindowsException'{0x00000000cd91dd40}> (0x00000000cd91dd40) thrown at [t:/workspace/open/src/hotspot/share/prims/jni.cpp, line 615]
Event: 80188.420 Thread 0x000001b70ff9a000 Exception <a 'sun/nio/fs/WindowsException'{0x00000000cd8db1f8}> (0x00000000cd8db1f8) thrown at [t:/workspace/open/src/hotspot/share/prims/jni.cpp, line 615]
Event: 80188.646 Thread 0x000001b71505b800 Exception <a 'sun/nio/fs/WindowsException'{0x00000000cd7deca0}> (0x00000000cd7deca0) thrown at [t:/workspace/open/src/hotspot/share/prims/jni.cpp, line 615]
Event: 80189.375 Thread 0x000001b718d31000 Exception <a 'sun/nio/fs/WindowsException'{0x00000000cc97c100}> (0x00000000cc97c100) thrown at [t:/workspace/open/src/hotspot/share/prims/jni.cpp, line 615]

Events (10 events):
Event: 80183.573 Thread 0x000001b718d37800 Thread added: 0x000001b718d37800
Event: 80183.573 Executing VM operation: BulkRevokeBias
Event: 80183.574 Executing VM operation: BulkRevokeBias done
Event: 80183.578 Executing VM operation: RevokeBias
Event: 80183.578 Executing VM operation: RevokeBias done
Event: 80183.610 Executing VM operation: G1CollectForAllocation
Event: 80183.624 Executing VM operation: G1CollectForAllocation done
Event: 80188.647 Executing VM operation: G1CollectForAllocation
Event: 80188.666 Executing VM operation: G1CollectForAllocation done
Event: 80189.477 Thread 0x000001b718d32000 Thread added: 0x000001b718d32000


Dynamic libraries:
0x00007ff6e4140000 - 0x00007ff6e4187000 	C:\Program Files\Java\jdk-11.0.2\bin\java.exe
0x00007ff8515d0000 - 0x00007ff8517c5000 	C:\WINDOWS\SYSTEM32\ntdll.dll
0x00007ff8501f0000 - 0x00007ff8502ae000 	C:\WINDOWS\System32\KERNEL32.DLL
0x00007ff84ee80000 - 0x00007ff84f148000 	C:\WINDOWS\System32\KERNELBASE.dll
0x00007ff850340000 - 0x00007ff8503ec000 	C:\WINDOWS\System32\ADVAPI32.dll
0x00007ff8504f0000 - 0x00007ff85058e000 	C:\WINDOWS\System32\msvcrt.dll
0x00007ff8508f0000 - 0x00007ff85098b000 	C:\WINDOWS\System32\sechost.dll
0x00007ff84f8c0000 - 0x00007ff84f9ea000 	C:\WINDOWS\System32\RPCRT4.dll
0x00007ff84f710000 - 0x00007ff84f8b1000 	C:\WINDOWS\System32\USER32.dll
0x00007ff84f1e0000 - 0x00007ff84f202000 	C:\WINDOWS\System32\win32u.dll
0x00007ff8504c0000 - 0x00007ff8504eb000 	C:\WINDOWS\System32\GDI32.dll
0x00007ff84f500000 - 0x00007ff84f60d000 	C:\WINDOWS\System32\gdi32full.dll
0x00007ff84ede0000 - 0x00007ff84ee7d000 	C:\WINDOWS\System32\msvcp_win.dll
0x00007ff84f400000 - 0x00007ff84f500000 	C:\WINDOWS\System32\ucrtbase.dll
0x00007ff84db10000 - 0x00007ff84db1a000 	C:\WINDOWS\SYSTEM32\VERSION.dll
0x00007ff82f0a0000 - 0x00007ff82f33a000 	C:\WINDOWS\WinSxS\amd64_microsoft.windows.common-controls_6595b64144ccf1df_6.0.19041.1110_none_60b5254171f9507e\COMCTL32.dll
0x00007ff850d00000 - 0x00007ff850d30000 	C:\WINDOWS\System32\IMM32.DLL
0x00007ff833600000 - 0x00007ff833616000 	C:\Program Files\Java\jdk-11.0.2\bin\vcruntime140.dll
0x00007ffffc360000 - 0x00007ffffc40a000 	C:\Program Files\Java\jdk-11.0.2\bin\msvcp140.dll
0x00007fffdc4d0000 - 0x00007fffdcff7000 	C:\Program Files\Java\jdk-11.0.2\bin\server\jvm.dll
0x00007ff850a60000 - 0x00007ff850a68000 	C:\WINDOWS\System32\PSAPI.DLL
0x00007ff832180000 - 0x00007ff832189000 	C:\WINDOWS\SYSTEM32\WSOCK32.dll
0x00007ff850450000 - 0x00007ff8504bb000 	C:\WINDOWS\System32\WS2_32.dll
0x00007ff833720000 - 0x00007ff833747000 	C:\WINDOWS\SYSTEM32\WINMM.dll
0x00007ff84cbd0000 - 0x00007ff84cbe2000 	C:\WINDOWS\SYSTEM32\kernel.appcore.dll
0x00007ff828e40000 - 0x00007ff828e51000 	C:\Program Files\Java\jdk-11.0.2\bin\verify.dll
0x00007ff84c350000 - 0x00007ff84c534000 	C:\WINDOWS\SYSTEM32\DBGHELP.DLL
0x00007ff82a890000 - 0x00007ff82a8bc000 	C:\WINDOWS\SYSTEM32\dbgcore.DLL
0x00007ff84f150000 - 0x00007ff84f1d2000 	C:\WINDOWS\System32\bcryptPrimitives.dll
0x00007ff81f480000 - 0x00007ff81f4a9000 	C:\Program Files\Java\jdk-11.0.2\bin\java.dll
0x00007ff827ce0000 - 0x00007ff827cf6000 	C:\Program Files\Java\jdk-11.0.2\bin\zip.dll
0x00007ff8335f0000 - 0x00007ff8335fa000 	C:\Program Files\Java\jdk-11.0.2\bin\jimage.dll
0x00007ff850d30000 - 0x00007ff851474000 	C:\WINDOWS\System32\SHELL32.dll
0x00007ff84d240000 - 0x00007ff84d9d4000 	C:\WINDOWS\SYSTEM32\windows.storage.dll
0x00007ff850590000 - 0x00007ff8508e5000 	C:\WINDOWS\System32\combase.dll
0x00007ff84e580000 - 0x00007ff84e5ae000 	C:\WINDOWS\SYSTEM32\Wldp.dll
0x00007ff84fcc0000 - 0x00007ff84fd6d000 	C:\WINDOWS\System32\SHCORE.dll
0x00007ff8509a0000 - 0x00007ff8509f5000 	C:\WINDOWS\System32\shlwapi.dll
0x00007ff84ec20000 - 0x00007ff84ec3f000 	C:\WINDOWS\SYSTEM32\profapi.dll
0x00007ff8276c0000 - 0x00007ff8276d9000 	C:\Program Files\Java\jdk-11.0.2\bin\net.dll
0x00007ff83de00000 - 0x00007ff83dfeb000 	C:\WINDOWS\SYSTEM32\urlmon.dll
0x00007ff8449c0000 - 0x00007ff844acc000 	C:\WINDOWS\SYSTEM32\WINHTTP.dll
0x00007ff842410000 - 0x00007ff842438000 	C:\WINDOWS\SYSTEM32\srvcli.dll
0x00007ff83e190000 - 0x00007ff83e440000 	C:\WINDOWS\SYSTEM32\iertutil.dll
0x00007ff84e180000 - 0x00007ff84e18c000 	C:\WINDOWS\SYSTEM32\netutils.dll
0x00007ff84e360000 - 0x00007ff84e3ca000 	C:\WINDOWS\system32\mswsock.dll
0x00007ff8270d0000 - 0x00007ff8270e3000 	C:\Program Files\Java\jdk-11.0.2\bin\nio.dll
0x00007ff84e0b0000 - 0x00007ff84e17b000 	C:\WINDOWS\SYSTEM32\DNSAPI.dll
0x00007ff84e070000 - 0x00007ff84e0ab000 	C:\WINDOWS\SYSTEM32\IPHLPAPI.DLL
0x00007ff8502b0000 - 0x00007ff8502b8000 	C:\WINDOWS\System32\NSI.dll
0x00007ff843270000 - 0x00007ff84327a000 	C:\Windows\System32\rasadhlp.dll
0x00007ff841d40000 - 0x00007ff841dbf000 	C:\WINDOWS\System32\fwpuclnt.dll
0x00007ff84f370000 - 0x00007ff84f397000 	C:\WINDOWS\System32\bcrypt.dll
0x00007ff84e5c0000 - 0x00007ff84e5d8000 	C:\WINDOWS\SYSTEM32\CRYPTSP.dll
0x00007ff84dd00000 - 0x00007ff84dd34000 	C:\WINDOWS\system32\rsaenh.dll
0x00007ff84ebe0000 - 0x00007ff84ec0e000 	C:\WINDOWS\SYSTEM32\USERENV.dll
0x00007ff84e4f0000 - 0x00007ff84e4fc000 	C:\WINDOWS\SYSTEM32\CRYPTBASE.dll
0x00007ff8413c0000 - 0x00007ff8413d7000 	C:\WINDOWS\SYSTEM32\dhcpcsvc6.DLL
0x00007ff8413a0000 - 0x00007ff8413bd000 	C:\WINDOWS\SYSTEM32\dhcpcsvc.DLL
0x00007ff829170000 - 0x00007ff829197000 	C:\Program Files\Java\jdk-11.0.2\bin\sunec.dll
0x00007ff833660000 - 0x00007ff83366d000 	C:\Program Files\Java\jdk-11.0.2\bin\sunmscapi.dll
0x00007ff84f210000 - 0x00007ff84f366000 	C:\WINDOWS\System32\CRYPT32.dll
0x00007ff84e6d0000 - 0x00007ff84e6f7000 	C:\WINDOWS\SYSTEM32\ncrypt.dll
0x00007ff84e690000 - 0x00007ff84e6cb000 	C:\WINDOWS\SYSTEM32\NTASN1.dll
0x000000006fd00000 - 0x000000006fd07000 	C:\Users\brako\AppData\Local\Temp\swoval-jni\6074933531146385156-swoval-files0.dll

dbghelp: loaded successfully - version: 4.0.5 - missing functions: none
symbol engine: initialized successfully - sym options: 0x614 - pdb path: .;C:\Program Files\Java\jdk-11.0.2\bin;C:\WINDOWS\SYSTEM32;C:\WINDOWS\WinSxS\amd64_microsoft.windows.common-controls_6595b64144ccf1df_6.0.19041.1110_none_60b5254171f9507e;C:\Program Files\Java\jdk-11.0.2\bin\server;C:\Users\brako\AppData\Local\Temp\swoval-jni

VM Arguments:
jvm_args: -Xss4m -Xms100m -Dmetals.client=vscode -Xmx1G 
java_command: scala.meta.metals.Main
java_class_path (initial): C:\Users\brako\AppData\Local\Coursier\cache\v1\https\repo1.maven.org\maven2\org\scalameta\metals_2.12\0.10.9\metals_2.12-0.10.9.jar;C:\Users\brako\AppData\Local\Coursier\cache\v1\https\repo1.maven.org\maven2\org\scala-lang\scala-library\2.12.15\scala-library-2.12.15.jar;C:\Users\brako\AppData\Local\Coursier\cache\v1\https\repo1.maven.org\maven2\org\scalameta\mtags_2.12.15\0.10.9\mtags_2.12.15-0.10.9.jar;C:\Users\brako\AppData\Local\Coursier\cache\v1\https\repo1.maven.org\maven2\com\google\guava\guava\31.0.1-jre\guava-31.0.1-jre.jar;C:\Users\brako\AppData\Local\Coursier\cache\v1\https\repo1.maven.org\maven2\com\geirsson\metaconfig-core_2.12\0.9.15\metaconfig-core_2.12-0.9.15.jar;C:\Users\brako\AppData\Local\Coursier\cache\v1\https\repo1.maven.org\maven2\org\openjdk\jol\jol-core\0.16\jol-core-0.16.jar;C:\Users\brako\AppData\Local\Coursier\cache\v1\https\repo1.maven.org\maven2\com\swoval\file-tree-views\2.1.7\file-tree-views-2.1.7.jar;C:\Users\brako\AppData\Local\Coursier\cache\v1\https\repo1.maven.org\maven2\io\undertow\undertow-core\2.2.12.Final\undertow-core-2.2.12.Final.jar;C:\Users\brako\AppData\Local\Coursier\cache\v1\https\repo1.maven.org\maven2\org\jboss\xnio\xnio-nio\3.8.4.Final\xnio-nio-3.8.4.Final.jar;C:\Users\brako\AppData\Local\Coursier\cache\v1\https\repo1.maven.org\maven2\org\flywaydb\flyway-core\8.0.2\flyway-core-8.0.2.jar;C:\Users\brako\AppData\Local\Coursier\cache\v1\https\repo1.maven.org\maven2\com\h2database\h2\1.4.200\h2-1.4.200.jar;C:\Users\brako\AppData\Local\Coursier\cache\v1\https\repo1.maven.org\maven2\org\scala-sbt\ipcsocket\ipcsocket\1.4.0\ipcsocket-1.4.0.jar;C:\Users\brako\AppData\Local\Coursier\cache\v1\https\repo1.maven.org\maven2\ch\epfl\scala\bsp4j\2.0.0-M15\bsp4j-2.0.0-M15.jar;C:\Users\brako\AppData\Local\Coursier\cache\v1\https\repo1.maven.org\maven2\ch\epfl\scala\bloop-launcher_2.12\1.4.11\bloop-launcher_2.12-1.4.11.jar;C:\Users\brako\AppData\Local\Coursier\cache\v1\https\repo1.maven.org\maven2\org\eclips
Launcher Type: SUN_STANDARD

[Global flags]
     intx CICompilerCount                          = 4                                         {product} {ergonomic}
     uint ConcGCThreads                            = 2                                         {product} {ergonomic}
     uint G1ConcRefinementThreads                  = 8                                         {product} {ergonomic}
   size_t G1HeapRegionSize                         = 1048576                                   {product} {ergonomic}
    uintx GCDrainStackTargetSize                   = 64                                        {product} {ergonomic}
   size_t InitialHeapSize                          = 104857600                                 {product} {command line}
   size_t MarkStackSize                            = 4194304                                   {product} {ergonomic}
   size_t MaxHeapSize                              = 1073741824                                {product} {command line}
   size_t MaxNewSize                               = 643825664                                 {product} {ergonomic}
   size_t MinHeapDeltaBytes                        = 1048576                                   {product} {ergonomic}
    uintx NonNMethodCodeHeapSize                   = 5835340                                {pd product} {ergonomic}
    uintx NonProfiledCodeHeapSize                  = 122911450                              {pd product} {ergonomic}
    uintx ProfiledCodeHeapSize                     = 122911450                              {pd product} {ergonomic}
    uintx ReservedCodeCacheSize                    = 251658240                              {pd product} {ergonomic}
     bool SegmentedCodeCache                       = true                                      {product} {ergonomic}
     intx ThreadStackSize                          = 4096                                   {pd product} {command line}
     bool UseCompressedClassPointers               = true                                 {lp64_product} {ergonomic}
     bool UseCompressedOops                        = true                                 {lp64_product} {ergonomic}
     bool UseG1GC                                  = true                                      {product} {ergonomic}
     bool UseLargePagesIndividualAllocation        = false                                  {pd product} {ergonomic}

Logging:
Log output configuration:
 #0: stdout all=warning uptime,level,tags
 #1: stderr all=off uptime,level,tags

Environment Variables:
JAVA_HOME=C:\Program Files\Java\jdk-11.0.2
PATH=C:\Users\brako\AppData\Local\Programs\Python\Python39;C:\Program Files (x86)\Common Files\Oracle\Java\javapath;C:\Python38\Scripts\;C:\Python38\;C:\Python27\;C:\Python27\Scripts;C:\Program Files\Java\jdk-11.0.2\bin;C:\Program Files\Microsoft SQL Server\130\Tools\Binn\;C:\Program Files\dotnet\;C:\Program Files\Microsoft SQL Server\Client SDK\ODBC\170\Tools\Binn\;C:\ProgramData\chocolatey\bin;C:\Program Files\Docker\Docker\resources\bin;C:\ProgramData\DockerDesktop\version-bin;C:\Program Files (x86)\Microsoft SQL Server\150\DTS\Binn\;C:\Program Files\MATLAB\R2020b\bin;C:\Program Files (x86)\Yarn\bin\;C:\ProgramData\ComposerSetup\bin;C:\WINDOWS\system32;C:\WINDOWS;C:\WINDOWS\System32\Wbem;C:\WINDOWS\System32\WindowsPowerShell\v1.0\;C:\WINDOWS\System32\OpenSSH\;C:\ProgramData\ghc-8.10.4\bin\;C:\Program Files\nodejs\;C:\Program Files (x86)\poppler-0.68.0\bin\;C:\antiword\;C:\Program Files\poppler-0.68.0\bin\;C:\Program Files\Tesseract-OCR\;C:\Users\brako\AppData\Local\Programs\Python\Python310\Scripts\;C:\Users\brako\AppData\Local\Programs\Python\Python310\;C:\Program Files\MySQL\MySQL Shell 8.0\bin\;C:\Users\brako\.dotnet\tools;C:\Users\brako\AppData\Local\Programs\Microsoft VS Code\bin;C:\Windows\System32;C:\Program Files\dotnet;C:\Program Files\MongoDB\Server\4.2\bin;C:\Windows\System32\wbem;C:\Program Files\Git\bin\;C:\Program Files\Git\cmd\;C:\User\brako\AppData\Local\Android\Sdk\platform-tools;C:\Users\brako\miniconda3\Library;C:\Users\brako\AppData\Local\groovy-3.0.6\bin;C:\Users\brako\AppData\Local\Yarn\bin;C:\Program Files\PHP\7.3;C:\Users\brako\AppData\Roaming\Composer\vendor\bin;C:\Program Files\Racket;C:\Program Files\JetBrains\PyCharm 2021.2.3\bin;C:\Users\brako\AppData\Roaming\cabal\bin;C:\tools\ghc-9.0.1\bin;C:\tools\msys64;C:\Users\brako\AppData\Roaming\npm;C:\Program Files (x86)\poppler-0.68.0\bin\;C:\antiword\;C:\Program Files\JetBrains\IntelliJ IDEA 2021.2.3\bin;C:\Users\brako\AppData\Local\Coursier\data\bin;C:\Program Files\JetBrains\DataGrip 2021.3
USERNAME=brako
OS=Windows_NT
PROCESSOR_IDENTIFIER=Intel64 Family 6 Model 142 Stepping 10, GenuineIntel



---------------  S Y S T E M  ---------------

OS: Windows 10 , 64 bit Build 19041 (10.0.19041.1348)

CPU:total 8 (initial active 8) (4 cores per cpu, 2 threads per core) family 6 model 142 stepping 10, cmov, cx8, fxsr, mmx, sse, sse2, sse3, ssse3, sse4.1, sse4.2, popcnt, avx, avx2, aes, clmul, erms, 3dnowpref, lzcnt, ht, tsc, tscinvbit, bmi1, bmi2, adx, fma

Memory: 4k page, system-wide physical 16227M (1833M free)
TotalPageFile size 42797M (AvailPageFile size 10952M)
current process WorkingSet (physical memory assigned to process): 638M, peak: 741M
current process commit charge ("private bytes"): 857M, peak: 868M

vm_info: Java HotSpot(TM) 64-Bit Server VM (11.0.2+9-LTS) for windows-amd64 JRE (11.0.2+9-LTS), built on Jan 18 2019 05:24:10 by "mach5one" with MS VC++ 15.5 (VS2017)

END.
