#
# A fatal error has been detected by the Java Runtime Environment:
#
#  EXCEPTION_ACCESS_VIOLATION (0xc0000005) at pc=0x00007fffdc557bf2, pid=7352, tid=30248
#
# JRE version: Java(TM) SE Runtime Environment (11.0.2+9) (build 11.0.2+9-LTS)
# Java VM: Java HotSpot(TM) 64-Bit Server VM (11.0.2+9-LTS, mixed mode, tiered, compressed oops, g1 gc, windows-amd64)
# Problematic frame:
# V  [jvm.dll+0x87bf2]
#
# No core dump will be written. Minidumps are not enabled by default on client versions of Windows
#
# If you would like to submit a bug report, please visit:
#   http://bugreport.java.com/bugreport/crash.jsp
#

---------------  S U M M A R Y ------------

Command Line: -Xss4m -Xms100m -Dmetals.client=vscode -Xmx1G scala.meta.metals.Main

Host: Intel(R) Core(TM) i7-8550U CPU @ 1.80GHz, 8 cores, 15G,  Windows 10 , 64 bit Build 19041 (10.0.19041.1348)
Time: Mon Dec 20 23:00:28 2021 W. Europe Standard Time elapsed time: 55837 seconds (0d 15h 30m 37s)

---------------  T H R E A D  ---------------

Current thread (0x00000261b8828800):  JavaThread "C2 CompilerThread2" daemon [_thread_in_native, id=30248, stack(0x000000c989000000,0x000000c989100000)]


Current CompileTask:
C2:55837712 40977       4       org.scalafmt.util.TreeOps$::isSeqMulti (17 bytes)

Stack: [0x000000c989000000,0x000000c989100000],  sp=0x000000c9890fbe60,  free space=1007k
Native frames: (J=compiled Java code, j=interpreted, Vv=VM code, C=native code)
V  [jvm.dll+0x87bf2]
V  [jvm.dll+0x613696]
V  [jvm.dll+0x5c5986]
V  [jvm.dll+0x5c8369]
V  [jvm.dll+0x2180ed]
V  [jvm.dll+0x2173ea]
V  [jvm.dll+0x194200]
V  [jvm.dll+0x2263af]
V  [jvm.dll+0x2249b8]
V  [jvm.dll+0x738a9d]
V  [jvm.dll+0x6347f2]
C  [ucrtbase.dll+0x21bb2]
C  [KERNEL32.DLL+0x17034]
C  [ntdll.dll+0x52651]


siginfo: EXCEPTION_ACCESS_VIOLATION (0xc0000005), reading address 0xffffffffffffffff


Register to memory mapping:

RIP=0x00007fffdc557bf2 jvm.dll
RAX=
[error occurred during error reporting (printing register info), id 0xc0000005, EXCEPTION_ACCESS_VIOLATION (0xc0000005) at pc=0x00007fffdc7c2eb6]

Registers:
RAX=0x00000000dc9ee210, RBX=0x00007fffdcd0aef8, RCX=0x00007fffdc827db0, RDX=0x00000261b4fee658
RSP=0x000000c9890fbe60, RBP=0x000000c9890fbf19, RSI=0x00007fffdc4d0000, RDI=0x00000261b4fee658
R8 =0x0000000000000010, R9 =0x0000000000000000, R10=0x00000261b4fee690, R11=0x00000261b4fef7b8
R12=0x00007fffdcd85280, R13=0x0000000000000000, R14=0x00000261b4fee658, R15=0x000000c9890fc380
RIP=0x00007fffdc557bf2, EFLAGS=0x0000000000010296

Top of Stack: (sp=0x000000c9890fbe60)
0x000000c9890fbe60:   0000000000000004 000000c9890fe8e8
0x000000c9890fbe70:   0000000000000000 0000000000000000
0x000000c9890fbe80:   00007fffdcd0aef8 00007fffdcae3696
0x000000c9890fbe90:   00000261b4fee658 00007fffdc4d0000
0x000000c9890fbea0:   00007fffdcd85201 0000000000000016
0x000000c9890fbeb0:   0000000000000096 00007fffdca95986
0x000000c9890fbec0:   0000000000000003 00007fffdc4d0000
0x000000c9890fbed0:   00000261b5cd43d0 0000000000000000
0x000000c9890fbee0:   0000000000000000 0000000000000000
0x000000c9890fbef0:   0000000000000000 00007fffdcc77c7e
0x000000c9890fbf00:   0000000000000000 00000261bfd83510
0x000000c9890fbf10:   00000261bfd849a0 00000261bfd830c0
0x000000c9890fbf20:   00000261bfd92b30 00007fffdcd9af90
0x000000c9890fbf30:   00000261bfd92b30 00007ff800000002
0x000000c9890fbf40:   00000261bfd849a0 0000000000000000
0x000000c9890fbf50:   00000000000000b0 00000261b923fd20 

Instructions: (pc=0x00007fffdc557bf2)
0x00007fffdc557bd2:   49 10 48 85 c9 74 20 8b 43 20 3b 43 24 75 11 8b
0x00007fffdc557be2:   d0 48 8b cb e8 65 df 58 00 8b 43 20 48 8b 4b 10
0x00007fffdc557bf2:   48 89 3c c1 ff 43 20 48 8b 5c 24 30 48 83 c4 20
0x00007fffdc557c02:   5f c3 cc cc cc cc cc cc cc cc cc cc cc cc 8b 81 


Stack slot to memory mapping:
stack at sp + 0 slots: 0x0000000000000004 is an unknown value
stack at sp + 1 slots: 0x000000c9890fe8e8 is pointing into the stack for thread: 0x00000261b8828800
stack at sp + 2 slots: 0x0 is NULL
stack at sp + 3 slots: 0x0 is NULL
stack at sp + 4 slots: 0x00007fffdcd0aef8 jvm.dll
stack at sp + 5 slots: 0x00007fffdcae3696 jvm.dll
stack at sp + 6 slots: 0x00000261b4fee658 points into unknown readable memory: 20 12 d1 dc ff 7f 00 00
stack at sp + 7 slots: 0x00007fffdc4d0000 jvm.dll


---------------  P R O C E S S  ---------------

Threads class SMR info:
_java_thread_list=0x00000261b842ed30, length=63, elements={
0x000002619774a800, 0x00000261b3db8800, 0x00000261b3dc5800, 0x00000261b3dd8000,
0x00000261b3dd8800, 0x00000261b3dda800, 0x00000261b3ddd800, 0x00000261b3e0d800,
0x00000261b488f000, 0x00000261b4890000, 0x00000261b6870000, 0x00000261b55b7800,
0x00000261b9a93800, 0x00000261b68fc000, 0x00000261b4aa7800, 0x00000261b5c6e800,
0x00000261b4ae6800, 0x00000261b58ef800, 0x00000261b500d000, 0x00000261b5c0a000,
0x00000261b539c000, 0x00000261b53a0000, 0x00000261b539a800, 0x00000261b9bc0000,
0x00000261b9bc2800, 0x00000261b9bc0800, 0x00000261b9bc1800, 0x00000261b9bc3000,
0x00000261b68c9800, 0x00000261b68c8000, 0x00000261b68ca800, 0x00000261b68cc000,
0x00000261b68c7800, 0x00000261b68c9000, 0x00000261b68cb800, 0x00000261b68c6800,
0x00000261b68ce800, 0x00000261b68d2000, 0x00000261b68d0800, 0x00000261b68cf800,
0x00000261b68d2800, 0x00000261b68cd000, 0x00000261b68d1000, 0x00000261b68ce000,
0x00000261b8825800, 0x00000261b8824800, 0x00000261b8823800, 0x00000261b881f800,
0x00000261b8826000, 0x00000261b8821800, 0x00000261b8828000, 0x00000261b8822000,
0x00000261b882c800, 0x00000261b8827000, 0x00000261b8823000, 0x00000261b539d000,
0x00000261b539f800, 0x00000261b9bc4000, 0x00000261b9bbe800, 0x00000261b8820800,
0x00000261b882b000, 0x00000261b882c000, 0x00000261b8828800
}

Java Threads: ( => current thread )
  0x000002619774a800 JavaThread "main" [_thread_blocked, id=22040, stack(0x000000c989200000,0x000000c989600000)]
  0x00000261b3db8800 JavaThread "Reference Handler" daemon [_thread_blocked, id=9972, stack(0x000000c989c00000,0x000000c98a000000)]
  0x00000261b3dc5800 JavaThread "Finalizer" daemon [_thread_blocked, id=22836, stack(0x000000c98a000000,0x000000c98a400000)]
  0x00000261b3dd8000 JavaThread "Signal Dispatcher" daemon [_thread_blocked, id=19204, stack(0x000000c98a400000,0x000000c98a800000)]
  0x00000261b3dd8800 JavaThread "Attach Listener" daemon [_thread_blocked, id=21480, stack(0x000000c98a800000,0x000000c98ac00000)]
  0x00000261b3dda800 JavaThread "C2 CompilerThread0" daemon [_thread_blocked, id=14212, stack(0x000000c98ac00000,0x000000c98ad00000)]
  0x00000261b3ddd800 JavaThread "C1 CompilerThread0" daemon [_thread_blocked, id=19404, stack(0x000000c98ad00000,0x000000c98ae00000)]
  0x00000261b3e0d800 JavaThread "Sweeper thread" daemon [_thread_blocked, id=21288, stack(0x000000c98ae00000,0x000000c98b200000)]
  0x00000261b488f000 JavaThread "Service Thread" daemon [_thread_blocked, id=15968, stack(0x000000c98b200000,0x000000c98b600000)]
  0x00000261b4890000 JavaThread "Common-Cleaner" daemon [_thread_blocked, id=23896, stack(0x000000c98b700000,0x000000c98bb00000)]
  0x00000261b6870000 JavaThread "pool-1-thread-1" [_thread_in_native, id=8388, stack(0x000000c98bf00000,0x000000c98c300000)]
  0x00000261b55b7800 JavaThread "pool-1-thread-2" [_thread_blocked, id=14820, stack(0x000000c98c300000,0x000000c98c700000)]
  0x00000261b9a93800 JavaThread "pool-1-thread-3" [_thread_blocked, id=19004, stack(0x000000c98cb00000,0x000000c98cf00000)]
  0x00000261b68fc000 JavaThread "ForkJoinPool.commonPool-worker-3" daemon [_thread_blocked, id=19560, stack(0x000000c98cf00000,0x000000c98d300000)]
  0x00000261b4aa7800 JavaThread "pool-2-thread-1" [_thread_blocked, id=22576, stack(0x000000c98d300000,0x000000c98d700000)]
  0x00000261b5c6e800 JavaThread "H2 File Lock Watchdog C:/Users/brako/Desktop/Boris/CVUT/4_winter/OMO/code/coursework/foodchain/.metals/metals.lock.db" daemon [_thread_blocked, id=20916, stack(0x000000c98d700000,0x000000c98db00000)]
  0x00000261b4ae6800 JavaThread "H2 TCP Server (tcp://localhost:52362)" daemon [_thread_in_native, id=10696, stack(0x000000c98db00000,0x000000c98df00000)]
  0x00000261b58ef800 JavaThread "H2 Log Writer METALS" daemon [_thread_blocked, id=17672, stack(0x000000c98df00000,0x000000c98e300000)]
  0x00000261b500d000 JavaThread "pool-1-thread-4" [_thread_in_native, id=23668, stack(0x000000c98e400000,0x000000c98e800000)]
  0x00000261b5c0a000 JavaThread "pool-1-thread-5" [_thread_in_native, id=14288, stack(0x000000c98e800000,0x000000c98ec00000)]
  0x00000261b539c000 JavaThread "pool-1-thread-7" [_thread_in_native, id=12356, stack(0x000000c98f000000,0x000000c98f400000)]
  0x00000261b53a0000 JavaThread "pool-1-thread-8" [_thread_blocked, id=19272, stack(0x000000c98f400000,0x000000c98f800000)]
  0x00000261b539a800 JavaThread "pool-1-thread-9" [_thread_blocked, id=20584, stack(0x000000c98fa00000,0x000000c98fe00000)]
  0x00000261b9bc0000 JavaThread "Thread-2" [_thread_in_native, id=21784, stack(0x000000c991e00000,0x000000c992200000)]
  0x00000261b9bc2800 JavaThread "Thread-4" daemon [_thread_blocked, id=23176, stack(0x000000c992200000,0x000000c992600000)]
  0x00000261b9bc0800 JavaThread "Thread-3" daemon [_thread_blocked, id=21536, stack(0x000000c992600000,0x000000c992a00000)]
  0x00000261b9bc1800 JavaThread "bsp-client-to-server" daemon [_thread_in_native, id=19712, stack(0x000000c992a00000,0x000000c992e00000)]
  0x00000261b9bc3000 JavaThread "bsp-server-to-client" daemon [_thread_in_native, id=13948, stack(0x000000c992e00000,0x000000c993200000)]
  0x00000261b68c9800 JavaThread "Thread-7" [_thread_in_native, id=24572, stack(0x000000c993200000,0x000000c993600000)]
  0x00000261b68c8000 JavaThread "Thread-8" [_thread_in_native, id=23760, stack(0x000000c993600000,0x000000c993a00000)]
  0x00000261b68ca800 JavaThread "Thread-10" daemon [_thread_blocked, id=8492, stack(0x000000c993a00000,0x000000c993e00000)]
  0x00000261b68cc000 JavaThread "Thread-9" daemon [_thread_blocked, id=24444, stack(0x000000c993e00000,0x000000c994200000)]
  0x00000261b68c7800 JavaThread "Thread-11" [_thread_in_native, id=23740, stack(0x000000c994200000,0x000000c994600000)]
  0x00000261b68c9000 JavaThread "Thread-13" daemon [_thread_blocked, id=21412, stack(0x000000c994600000,0x000000c994a00000)]
  0x00000261b68cb800 JavaThread "Thread-15" daemon [_thread_blocked, id=23480, stack(0x000000c994a00000,0x000000c994e00000)]
  0x00000261b68c6800 JavaThread "Thread-12" daemon [_thread_blocked, id=24092, stack(0x000000c994e00000,0x000000c995200000)]
  0x00000261b68ce800 JavaThread "Thread-14" daemon [_thread_blocked, id=14872, stack(0x000000c995200000,0x000000c995600000)]
  0x00000261b68d2000 JavaThread "bsp-client-to-server" daemon [_thread_in_native, id=18848, stack(0x000000c995600000,0x000000c995a00000)]
  0x00000261b68d0800 JavaThread "bsp-server-to-client" daemon [_thread_in_native, id=23952, stack(0x000000c995a00000,0x000000c995e00000)]
  0x00000261b68cf800 JavaThread "bsp-client-to-server" daemon [_thread_in_native, id=20776, stack(0x000000c995e00000,0x000000c996200000)]
  0x00000261b68d2800 JavaThread "bsp-server-to-client" daemon [_thread_in_native, id=15492, stack(0x000000c996200000,0x000000c996600000)]
  0x00000261b68cd000 JavaThread "bsp-client-to-server" daemon [_thread_in_native, id=22064, stack(0x000000c996600000,0x000000c996a00000)]
  0x00000261b68d1000 JavaThread "bsp-server-to-client" daemon [_thread_in_native, id=23364, stack(0x000000c996a00000,0x000000c996e00000)]
  0x00000261b68ce000 JavaThread "pool-1-thread-13" [_thread_in_native, id=23616, stack(0x000000c997200000,0x000000c997600000)]
  0x00000261b8825800 JavaThread "FileSystemWatchService" daemon [_thread_in_native, id=12688, stack(0x000000c998200000,0x000000c998600000)]
  0x00000261b8824800 JavaThread "NioPathWatcher-loop-thread-1" daemon [_thread_blocked, id=22448, stack(0x000000c998600000,0x000000c998a00000)]
  0x00000261b8823800 JavaThread "com.swoval.files.SymlinkWather.callback-executor-1" [_thread_blocked, id=2420, stack(0x000000c998a00000,0x000000c998e00000)]
  0x00000261b881f800 JavaThread "FileTreeRepository-callback-executor-1" [_thread_blocked, id=1984, stack(0x000000c998e00000,0x000000c999200000)]
  0x00000261b8826000 JavaThread "FileSystemWatchService" daemon [_thread_in_native, id=21432, stack(0x000000c999200000,0x000000c999600000)]
  0x00000261b8821800 JavaThread "NioPathWatcher-loop-thread-2" daemon [_thread_blocked, id=22452, stack(0x000000c999600000,0x000000c999a00000)]
  0x00000261b8828000 JavaThread "pool-3-thread-1" [_thread_blocked, id=21328, stack(0x000000c99a200000,0x000000c99a600000)]
  0x00000261b8822000 JavaThread "pool-4-thread-1" [_thread_blocked, id=21244, stack(0x000000c99a600000,0x000000c99aa00000)]
  0x00000261b882c800 JavaThread "Scala Presentation Compiler [Metals]" daemon [_thread_blocked, id=22672, stack(0x000000c99b200000,0x000000c99b600000)]
  0x00000261b8827000 JavaThread "pool-1-thread-85" [_thread_blocked, id=28164, stack(0x000000c990600000,0x000000c990a00000)]
  0x00000261b8823000 JavaThread "pool-1-thread-87" [_thread_in_Java, id=21620, stack(0x000000c990e00000,0x000000c991200000)]
  0x00000261b539d000 JavaThread "pool-1-thread-92" [_thread_blocked, id=20544, stack(0x000000c98ec00000,0x000000c98f000000)]
  0x00000261b539f800 JavaThread "pool-1-thread-94" [_thread_blocked, id=30368, stack(0x000000c990200000,0x000000c990600000)]
  0x00000261b9bc4000 JavaThread "pool-1-thread-95" [_thread_in_Java, id=11432, stack(0x000000c98fe00000,0x000000c990200000)]
  0x00000261b9bbe800 JavaThread "pool-1-thread-96" [_thread_blocked, id=24920, stack(0x000000c990a00000,0x000000c990e00000)]
  0x00000261b8820800 JavaThread "pool-1-thread-97" [_thread_blocked, id=21664, stack(0x000000c991200000,0x000000c991600000)]
  0x00000261b882b000 JavaThread "pool-1-thread-98" [_thread_blocked, id=312, stack(0x000000c991600000,0x000000c991a00000)]
  0x00000261b882c000 JavaThread "C2 CompilerThread1" daemon [_thread_blocked, id=25784, stack(0x000000c988f00000,0x000000c989000000)]
=>0x00000261b8828800 JavaThread "C2 CompilerThread2" daemon [_thread_in_native, id=30248, stack(0x000000c989000000,0x000000c989100000)]

Other Threads:
  0x00000261b3db6000 VMThread "VM Thread" [stack: 0x000000c989b00000,0x000000c989c00000] [id=18940]
  0x00000261b48a8000 WatcherThread [stack: 0x000000c98b600000,0x000000c98b700000] [id=21836]
  0x0000026197762000 GCTaskThread "GC Thread#0" [stack: 0x000000c989600000,0x000000c989700000] [id=23648]
  0x00000261b6677800 GCTaskThread "GC Thread#1" [stack: 0x000000c98bb00000,0x000000c98bc00000] [id=9572]
  0x00000261b5390000 GCTaskThread "GC Thread#2" [stack: 0x000000c98c700000,0x000000c98c800000] [id=23972]
  0x00000261b699b800 GCTaskThread "GC Thread#3" [stack: 0x000000c98c800000,0x000000c98c900000] [id=24448]
  0x00000261b699c000 GCTaskThread "GC Thread#4" [stack: 0x000000c98c900000,0x000000c98ca00000] [id=14208]
  0x00000261b4f59800 GCTaskThread "GC Thread#5" [stack: 0x000000c98ca00000,0x000000c98cb00000] [id=19684]
  0x00000261b5ff6000 GCTaskThread "GC Thread#6" [stack: 0x000000c98bd00000,0x000000c98be00000] [id=19076]
  0x00000261b6082000 GCTaskThread "GC Thread#7" [stack: 0x000000c98e300000,0x000000c98e400000] [id=20896]
  0x000002619777f000 ConcurrentGCThread "G1 Main Marker" [stack: 0x000000c989700000,0x000000c989800000] [id=1988]
  0x0000026197780800 ConcurrentGCThread "G1 Conc#0" [stack: 0x000000c989800000,0x000000c989900000] [id=22640]
  0x00000261b59fe000 ConcurrentGCThread "G1 Conc#1" [stack: 0x000000c98be00000,0x000000c98bf00000] [id=19132]
  0x0000026197806000 ConcurrentGCThread "G1 Refine#0" [stack: 0x000000c989900000,0x000000c989a00000] [id=22700]
  0x00000261bcded000 ConcurrentGCThread "G1 Refine#1" [stack: 0x000000c99ae00000,0x000000c99af00000] [id=21892]
  0x00000261b7132000 ConcurrentGCThread "G1 Refine#2" [stack: 0x000000c99af00000,0x000000c99b000000] [id=21212]
  0x0000026197807000 ConcurrentGCThread "G1 Young RemSet Sampling" [stack: 0x000000c989a00000,0x000000c989b00000] [id=20536]

Threads with active compile tasks:
C2 CompilerThread240977       4       org.scalafmt.util.TreeOps$::isSeqMulti (17 bytes)

VM state:not at safepoint (normal execution)

VM Mutex/Monitor currently owned by a thread: None

Heap address: 0x00000000c0000000, size: 1024 MB, Compressed Oops mode: 32-bit
Narrow klass base: 0x0000000000000000, Narrow klass shift: 3
Compressed class space size: 1073741824 Address: 0x0000000100000000

Heap:
 garbage-first heap   total 147456K, used 116905K [0x00000000c0000000, 0x0000000100000000)
  region size 1024K, 21 young (21504K), 1 survivors (1024K)
 Metaspace       used 214450K, capacity 226254K, committed 226440K, reserved 1243136K
  class space    used 27370K, capacity 32859K, committed 32948K, reserved 1048576K
Heap Regions: E=young(eden), S=young(survivor), O=old, HS=humongous(starts), HC=humongous(continues), CS=collection set, F=free, A=archive, TAMS=top-at-mark-start (previous, next)
|   0|0x00000000c0000000, 0x00000000c0100000, 0x00000000c0100000|100%| O|  |TAMS 0x00000000c0100000, 0x00000000c0000000| Untracked 
|   1|0x00000000c0100000, 0x00000000c0200000, 0x00000000c0200000|100%| O|  |TAMS 0x00000000c0200000, 0x00000000c0100000| Untracked 
|   2|0x00000000c0200000, 0x00000000c0300000, 0x00000000c0300000|100%| O|  |TAMS 0x00000000c0300000, 0x00000000c0200000| Untracked 
|   3|0x00000000c0300000, 0x00000000c0400000, 0x00000000c0400000|100%| O|  |TAMS 0x00000000c0400000, 0x00000000c0300000| Untracked 
|   4|0x00000000c0400000, 0x00000000c0500000, 0x00000000c0500000|100%| O|  |TAMS 0x00000000c0500000, 0x00000000c0400000| Untracked 
|   5|0x00000000c0500000, 0x00000000c0600000, 0x00000000c0600000|100%| O|  |TAMS 0x00000000c0600000, 0x00000000c0500000| Untracked 
|   6|0x00000000c0600000, 0x00000000c0700000, 0x00000000c0700000|100%| O|  |TAMS 0x00000000c0700000, 0x00000000c0600000| Untracked 
|   7|0x00000000c0700000, 0x00000000c0800000, 0x00000000c0800000|100%| O|  |TAMS 0x00000000c0800000, 0x00000000c0700000| Untracked 
|   8|0x00000000c0800000, 0x00000000c0900000, 0x00000000c0900000|100%| O|  |TAMS 0x00000000c0900000, 0x00000000c0800000| Untracked 
|   9|0x00000000c0900000, 0x00000000c0a00000, 0x00000000c0a00000|100%| O|  |TAMS 0x00000000c0a00000, 0x00000000c0900000| Untracked 
|  10|0x00000000c0a00000, 0x00000000c0b00000, 0x00000000c0b00000|100%| O|  |TAMS 0x00000000c0b00000, 0x00000000c0a00000| Untracked 
|  11|0x00000000c0b00000, 0x00000000c0c00000, 0x00000000c0c00000|100%| O|  |TAMS 0x00000000c0c00000, 0x00000000c0b00000| Untracked 
|  12|0x00000000c0c00000, 0x00000000c0d00000, 0x00000000c0d00000|100%| O|  |TAMS 0x00000000c0d00000, 0x00000000c0c00000| Untracked 
|  13|0x00000000c0d00000, 0x00000000c0e00000, 0x00000000c0e00000|100%| O|  |TAMS 0x00000000c0e00000, 0x00000000c0d00000| Untracked 
|  14|0x00000000c0e00000, 0x00000000c0f00000, 0x00000000c0f00000|100%| O|  |TAMS 0x00000000c0f00000, 0x00000000c0e00000| Untracked 
|  15|0x00000000c0f00000, 0x00000000c1000000, 0x00000000c1000000|100%| O|  |TAMS 0x00000000c1000000, 0x00000000c0f00000| Untracked 
|  16|0x00000000c1000000, 0x00000000c1100000, 0x00000000c1100000|100%|HS|  |TAMS 0x00000000c1100000, 0x00000000c1000000| Complete 
|  17|0x00000000c1100000, 0x00000000c1200000, 0x00000000c1200000|100%|HC|  |TAMS 0x00000000c1200000, 0x00000000c1100000| Complete 
|  18|0x00000000c1200000, 0x00000000c1300000, 0x00000000c1300000|100%| O|  |TAMS 0x00000000c1300000, 0x00000000c1200000| Untracked 
|  19|0x00000000c1300000, 0x00000000c1300000, 0x00000000c1400000|  0%| F|  |TAMS 0x00000000c1300000, 0x00000000c1300000| Untracked 
|  20|0x00000000c1400000, 0x00000000c1500000, 0x00000000c1500000|100%| O|  |TAMS 0x00000000c1500000, 0x00000000c1400000| Untracked 
|  21|0x00000000c1500000, 0x00000000c1600000, 0x00000000c1600000|100%| O|  |TAMS 0x00000000c1600000, 0x00000000c1500000| Untracked 
|  22|0x00000000c1600000, 0x00000000c1700000, 0x00000000c1700000|100%| O|  |TAMS 0x00000000c1700000, 0x00000000c1600000| Untracked 
|  23|0x00000000c1700000, 0x00000000c1800000, 0x00000000c1800000|100%| O|  |TAMS 0x00000000c1800000, 0x00000000c1700000| Untracked 
|  24|0x00000000c1800000, 0x00000000c1900000, 0x00000000c1900000|100%| O|  |TAMS 0x00000000c1900000, 0x00000000c1800000| Untracked 
|  25|0x00000000c1900000, 0x00000000c1a00000, 0x00000000c1a00000|100%| O|  |TAMS 0x00000000c1a00000, 0x00000000c1900000| Untracked 
|  26|0x00000000c1a00000, 0x00000000c1b00000, 0x00000000c1b00000|100%|HS|  |TAMS 0x00000000c1b00000, 0x00000000c1a00000| Complete 
|  27|0x00000000c1b00000, 0x00000000c1c00000, 0x00000000c1c00000|100%|HC|  |TAMS 0x00000000c1c00000, 0x00000000c1b00000| Complete 
|  28|0x00000000c1c00000, 0x00000000c1d00000, 0x00000000c1d00000|100%|HC|  |TAMS 0x00000000c1d00000, 0x00000000c1c00000| Complete 
|  29|0x00000000c1d00000, 0x00000000c1e00000, 0x00000000c1e00000|100%| O|  |TAMS 0x00000000c1e00000, 0x00000000c1d00000| Untracked 
|  30|0x00000000c1e00000, 0x00000000c1f00000, 0x00000000c1f00000|100%| O|  |TAMS 0x00000000c1f00000, 0x00000000c1e00000| Untracked 
|  31|0x00000000c1f00000, 0x00000000c2000000, 0x00000000c2000000|100%| O|  |TAMS 0x00000000c2000000, 0x00000000c1f00000| Untracked 
|  32|0x00000000c2000000, 0x00000000c2100000, 0x00000000c2100000|100%| O|  |TAMS 0x00000000c2100000, 0x00000000c2000000| Untracked 
|  33|0x00000000c2100000, 0x00000000c2200000, 0x00000000c2200000|100%| O|  |TAMS 0x00000000c2200000, 0x00000000c2100000| Untracked 
|  34|0x00000000c2200000, 0x00000000c2300000, 0x00000000c2300000|100%| O|  |TAMS 0x00000000c2300000, 0x00000000c2200000| Untracked 
|  35|0x00000000c2300000, 0x00000000c2400000, 0x00000000c2400000|100%| O|  |TAMS 0x00000000c2400000, 0x00000000c2300000| Untracked 
|  36|0x00000000c2400000, 0x00000000c2500000, 0x00000000c2500000|100%| O|  |TAMS 0x00000000c2500000, 0x00000000c2400000| Untracked 
|  37|0x00000000c2500000, 0x00000000c2600000, 0x00000000c2600000|100%| O|  |TAMS 0x00000000c2600000, 0x00000000c2500000| Untracked 
|  38|0x00000000c2600000, 0x00000000c2700000, 0x00000000c2700000|100%| O|  |TAMS 0x00000000c2700000, 0x00000000c2600000| Untracked 
|  39|0x00000000c2700000, 0x00000000c2800000, 0x00000000c2800000|100%| O|  |TAMS 0x00000000c2800000, 0x00000000c2700000| Untracked 
|  40|0x00000000c2800000, 0x00000000c2900000, 0x00000000c2900000|100%| O|  |TAMS 0x00000000c2900000, 0x00000000c2800000| Untracked 
|  41|0x00000000c2900000, 0x00000000c2a00000, 0x00000000c2a00000|100%| O|  |TAMS 0x00000000c2a00000, 0x00000000c2900000| Untracked 
|  42|0x00000000c2a00000, 0x00000000c2b00000, 0x00000000c2b00000|100%| O|  |TAMS 0x00000000c2b00000, 0x00000000c2a00000| Untracked 
|  43|0x00000000c2b00000, 0x00000000c2c00000, 0x00000000c2c00000|100%| O|  |TAMS 0x00000000c2c00000, 0x00000000c2b00000| Untracked 
|  44|0x00000000c2c00000, 0x00000000c2d00000, 0x00000000c2d00000|100%| O|  |TAMS 0x00000000c2d00000, 0x00000000c2c00000| Untracked 
|  45|0x00000000c2d00000, 0x00000000c2e00000, 0x00000000c2e00000|100%| O|  |TAMS 0x00000000c2e00000, 0x00000000c2d00000| Untracked 
|  46|0x00000000c2e00000, 0x00000000c2f00000, 0x00000000c2f00000|100%| O|  |TAMS 0x00000000c2f00000, 0x00000000c2e00000| Untracked 
|  47|0x00000000c2f00000, 0x00000000c3000000, 0x00000000c3000000|100%| O|  |TAMS 0x00000000c3000000, 0x00000000c2f00000| Untracked 
|  48|0x00000000c3000000, 0x00000000c3100000, 0x00000000c3100000|100%| O|  |TAMS 0x00000000c3100000, 0x00000000c3000000| Untracked 
|  49|0x00000000c3100000, 0x00000000c3200000, 0x00000000c3200000|100%| O|  |TAMS 0x00000000c3200000, 0x00000000c3100000| Untracked 
|  50|0x00000000c3200000, 0x00000000c3300000, 0x00000000c3300000|100%| O|  |TAMS 0x00000000c3300000, 0x00000000c3200000| Untracked 
|  51|0x00000000c3300000, 0x00000000c3400000, 0x00000000c3400000|100%| O|  |TAMS 0x00000000c3400000, 0x00000000c3300000| Untracked 
|  52|0x00000000c3400000, 0x00000000c3500000, 0x00000000c3500000|100%| O|  |TAMS 0x00000000c3500000, 0x00000000c3400000| Untracked 
|  53|0x00000000c3500000, 0x00000000c3600000, 0x00000000c3600000|100%| O|  |TAMS 0x00000000c3600000, 0x00000000c3500000| Untracked 
|  54|0x00000000c3600000, 0x00000000c3700000, 0x00000000c3700000|100%| O|  |TAMS 0x00000000c3700000, 0x00000000c3600000| Untracked 
|  55|0x00000000c3700000, 0x00000000c3800000, 0x00000000c3800000|100%| O|  |TAMS 0x00000000c3800000, 0x00000000c3700000| Untracked 
|  56|0x00000000c3800000, 0x00000000c3900000, 0x00000000c3900000|100%| O|  |TAMS 0x00000000c3900000, 0x00000000c3800000| Untracked 
|  57|0x00000000c3900000, 0x00000000c3a00000, 0x00000000c3a00000|100%| O|  |TAMS 0x00000000c3a00000, 0x00000000c3900000| Untracked 
|  58|0x00000000c3a00000, 0x00000000c3b00000, 0x00000000c3b00000|100%| O|  |TAMS 0x00000000c3b00000, 0x00000000c3a00000| Untracked 
|  59|0x00000000c3b00000, 0x00000000c3c00000, 0x00000000c3c00000|100%| O|  |TAMS 0x00000000c3c00000, 0x00000000c3b00000| Untracked 
|  60|0x00000000c3c00000, 0x00000000c3d00000, 0x00000000c3d00000|100%| O|  |TAMS 0x00000000c3d00000, 0x00000000c3c00000| Untracked 
|  61|0x00000000c3d00000, 0x00000000c3e00000, 0x00000000c3e00000|100%| O|  |TAMS 0x00000000c3e00000, 0x00000000c3d00000| Untracked 
|  62|0x00000000c3e00000, 0x00000000c3f00000, 0x00000000c3f00000|100%| O|  |TAMS 0x00000000c3e98800, 0x00000000c3e00000| Untracked 
|  63|0x00000000c3f00000, 0x00000000c4000000, 0x00000000c4000000|100%| O|  |TAMS 0x00000000c3f00000, 0x00000000c3f00000| Untracked 
|  64|0x00000000c4000000, 0x00000000c4100000, 0x00000000c4100000|100%| O|  |TAMS 0x00000000c4000000, 0x00000000c4000000| Untracked 
|  65|0x00000000c4100000, 0x00000000c4200000, 0x00000000c4200000|100%| O|  |TAMS 0x00000000c4200000, 0x00000000c4100000| Untracked 
|  66|0x00000000c4200000, 0x00000000c4300000, 0x00000000c4300000|100%| O|  |TAMS 0x00000000c4200000, 0x00000000c4200000| Untracked 
|  67|0x00000000c4300000, 0x00000000c4400000, 0x00000000c4400000|100%| O|  |TAMS 0x00000000c4400000, 0x00000000c4300000| Untracked 
|  68|0x00000000c4400000, 0x00000000c4500000, 0x00000000c4500000|100%| O|  |TAMS 0x00000000c4500000, 0x00000000c4400000| Untracked 
|  69|0x00000000c4500000, 0x00000000c4600000, 0x00000000c4600000|100%| O|  |TAMS 0x00000000c4600000, 0x00000000c4500000| Untracked 
|  70|0x00000000c4600000, 0x00000000c4700000, 0x00000000c4700000|100%| O|  |TAMS 0x00000000c4700000, 0x00000000c4600000| Untracked 
|  71|0x00000000c4700000, 0x00000000c4800000, 0x00000000c4800000|100%| O|  |TAMS 0x00000000c4700000, 0x00000000c4700000| Untracked 
|  72|0x00000000c4800000, 0x00000000c4900000, 0x00000000c4900000|100%| O|  |TAMS 0x00000000c4900000, 0x00000000c4800000| Untracked 
|  73|0x00000000c4900000, 0x00000000c4a00000, 0x00000000c4a00000|100%| O|  |TAMS 0x00000000c4a00000, 0x00000000c4900000| Untracked 
|  74|0x00000000c4a00000, 0x00000000c4a2a600, 0x00000000c4b00000| 16%| O|  |TAMS 0x00000000c4a00000, 0x00000000c4a00000| Untracked 
|  75|0x00000000c4b00000, 0x00000000c4b00000, 0x00000000c4c00000|  0%| F|  |TAMS 0x00000000c4b00000, 0x00000000c4b00000| Untracked 
|  76|0x00000000c4c00000, 0x00000000c4c00000, 0x00000000c4d00000|  0%| F|  |TAMS 0x00000000c4c00000, 0x00000000c4c00000| Untracked 
|  77|0x00000000c4d00000, 0x00000000c4d00000, 0x00000000c4e00000|  0%| F|  |TAMS 0x00000000c4d00000, 0x00000000c4d00000| Untracked 
|  78|0x00000000c4e00000, 0x00000000c4f00000, 0x00000000c4f00000|100%| O|  |TAMS 0x00000000c4f00000, 0x00000000c4e00000| Untracked 
|  79|0x00000000c4f00000, 0x00000000c4f00000, 0x00000000c5000000|  0%| F|  |TAMS 0x00000000c4f00000, 0x00000000c4f00000| Untracked 
|  80|0x00000000c5000000, 0x00000000c5100000, 0x00000000c5100000|100%| O|  |TAMS 0x00000000c5100000, 0x00000000c5000000| Untracked 
|  81|0x00000000c5100000, 0x00000000c5100000, 0x00000000c5200000|  0%| F|  |TAMS 0x00000000c5100000, 0x00000000c5100000| Untracked 
|  82|0x00000000c5200000, 0x00000000c5300000, 0x00000000c5300000|100%| O|  |TAMS 0x00000000c5300000, 0x00000000c5200000| Untracked 
|  83|0x00000000c5300000, 0x00000000c5400000, 0x00000000c5400000|100%| O|  |TAMS 0x00000000c5400000, 0x00000000c5300000| Untracked 
|  84|0x00000000c5400000, 0x00000000c5500000, 0x00000000c5500000|100%| O|  |TAMS 0x00000000c5500000, 0x00000000c5400000| Untracked 
|  85|0x00000000c5500000, 0x00000000c5600000, 0x00000000c5600000|100%| O|  |TAMS 0x00000000c5600000, 0x00000000c5500000| Untracked 
|  86|0x00000000c5600000, 0x00000000c5600000, 0x00000000c5700000|  0%| F|  |TAMS 0x00000000c5600000, 0x00000000c5600000| Untracked 
|  87|0x00000000c5700000, 0x00000000c5700000, 0x00000000c5800000|  0%| F|  |TAMS 0x00000000c5700000, 0x00000000c5700000| Untracked 
|  88|0x00000000c5800000, 0x00000000c5900000, 0x00000000c5900000|100%| O|  |TAMS 0x00000000c5900000, 0x00000000c5800000| Untracked 
|  89|0x00000000c5900000, 0x00000000c5a00000, 0x00000000c5a00000|100%| O|  |TAMS 0x00000000c5a00000, 0x00000000c5900000| Untracked 
|  90|0x00000000c5a00000, 0x00000000c5b00000, 0x00000000c5b00000|100%| O|  |TAMS 0x00000000c5b00000, 0x00000000c5a00000| Untracked 
|  91|0x00000000c5b00000, 0x00000000c5b00000, 0x00000000c5c00000|  0%| F|  |TAMS 0x00000000c5b00000, 0x00000000c5b00000| Untracked 
|  92|0x00000000c5c00000, 0x00000000c5c00000, 0x00000000c5d00000|  0%| F|  |TAMS 0x00000000c5c00000, 0x00000000c5c00000| Untracked 
|  93|0x00000000c5d00000, 0x00000000c5d00000, 0x00000000c5e00000|  0%| F|  |TAMS 0x00000000c5d00000, 0x00000000c5d00000| Untracked 
|  94|0x00000000c5e00000, 0x00000000c5f00000, 0x00000000c5f00000|100%| O|  |TAMS 0x00000000c5f00000, 0x00000000c5e00000| Untracked 
|  95|0x00000000c5f00000, 0x00000000c6000000, 0x00000000c6000000|100%| O|  |TAMS 0x00000000c6000000, 0x00000000c5f00000| Untracked 
|  96|0x00000000c6000000, 0x00000000c6100000, 0x00000000c6100000|100%| O|  |TAMS 0x00000000c6100000, 0x00000000c6000000| Untracked 
|  97|0x00000000c6100000, 0x00000000c6200000, 0x00000000c6200000|100%| O|  |TAMS 0x00000000c6200000, 0x00000000c6100000| Untracked 
|  98|0x00000000c6200000, 0x00000000c6300000, 0x00000000c6300000|100%| O|  |TAMS 0x00000000c6300000, 0x00000000c6200000| Untracked 
|  99|0x00000000c6300000, 0x00000000c6300000, 0x00000000c6400000|  0%| F|  |TAMS 0x00000000c6300000, 0x00000000c6300000| Untracked 
| 100|0x00000000c6400000, 0x00000000c6500000, 0x00000000c6500000|100%|HS|  |TAMS 0x00000000c6500000, 0x00000000c6400000| Complete 
| 101|0x00000000c6500000, 0x00000000c6600000, 0x00000000c6600000|100%|HC|  |TAMS 0x00000000c6600000, 0x00000000c6500000| Complete 
| 102|0x00000000c6600000, 0x00000000c6700000, 0x00000000c6700000|100%|HC|  |TAMS 0x00000000c6700000, 0x00000000c6600000| Complete 
| 103|0x00000000c6700000, 0x00000000c6700000, 0x00000000c6800000|  0%| F|  |TAMS 0x00000000c6700000, 0x00000000c6700000| Untracked 
| 104|0x00000000c6800000, 0x00000000c6900000, 0x00000000c6900000|100%| O|  |TAMS 0x00000000c6900000, 0x00000000c6800000| Untracked 
| 105|0x00000000c6900000, 0x00000000c6900000, 0x00000000c6a00000|  0%| F|  |TAMS 0x00000000c6900000, 0x00000000c6900000| Untracked 
| 106|0x00000000c6a00000, 0x00000000c6b00000, 0x00000000c6b00000|100%|HS|  |TAMS 0x00000000c6b00000, 0x00000000c6a00000| Complete 
| 107|0x00000000c6b00000, 0x00000000c6c00000, 0x00000000c6c00000|100%|HC|  |TAMS 0x00000000c6c00000, 0x00000000c6b00000| Complete 
| 108|0x00000000c6c00000, 0x00000000c6d00000, 0x00000000c6d00000|100%|HC|  |TAMS 0x00000000c6d00000, 0x00000000c6c00000| Complete 
| 109|0x00000000c6d00000, 0x00000000c6d00000, 0x00000000c6e00000|  0%| F|  |TAMS 0x00000000c6d00000, 0x00000000c6d00000| Untracked 
| 110|0x00000000c6e00000, 0x00000000c6e00000, 0x00000000c6f00000|  0%| F|  |TAMS 0x00000000c6e00000, 0x00000000c6e00000| Untracked 
| 111|0x00000000c6f00000, 0x00000000c6f00000, 0x00000000c7000000|  0%| F|  |TAMS 0x00000000c6f00000, 0x00000000c6f00000| Untracked 
| 112|0x00000000c7000000, 0x00000000c7000000, 0x00000000c7100000|  0%| F|  |TAMS 0x00000000c7000000, 0x00000000c7000000| Untracked 
| 113|0x00000000c7100000, 0x00000000c7100000, 0x00000000c7200000|  0%| F|  |TAMS 0x00000000c7100000, 0x00000000c7100000| Untracked 
| 114|0x00000000c7200000, 0x00000000c7200000, 0x00000000c7300000|  0%| F|  |TAMS 0x00000000c7200000, 0x00000000c7200000| Untracked 
| 115|0x00000000c7300000, 0x00000000c7300000, 0x00000000c7400000|  0%| F|  |TAMS 0x00000000c7300000, 0x00000000c7300000| Untracked 
| 116|0x00000000c7400000, 0x00000000c7400000, 0x00000000c7500000|  0%| F|  |TAMS 0x00000000c7400000, 0x00000000c7400000| Untracked 
| 117|0x00000000c7500000, 0x00000000c7500000, 0x00000000c7600000|  0%| F|  |TAMS 0x00000000c7500000, 0x00000000c7500000| Untracked 
| 118|0x00000000c7600000, 0x00000000c7600000, 0x00000000c7700000|  0%| F|  |TAMS 0x00000000c7600000, 0x00000000c7600000| Untracked 
| 119|0x00000000c7700000, 0x00000000c7700000, 0x00000000c7800000|  0%| F|  |TAMS 0x00000000c7700000, 0x00000000c7700000| Untracked 
| 120|0x00000000c7800000, 0x00000000c7800000, 0x00000000c7900000|  0%| F|  |TAMS 0x00000000c7800000, 0x00000000c7800000| Untracked 
| 121|0x00000000c7900000, 0x00000000c79b8068, 0x00000000c7a00000| 71%| E|  |TAMS 0x00000000c7900000, 0x00000000c7900000| Complete 
| 122|0x00000000c7a00000, 0x00000000c7b00000, 0x00000000c7b00000|100%| E|CS|TAMS 0x00000000c7a00000, 0x00000000c7a00000| Complete 
| 123|0x00000000c7b00000, 0x00000000c7c00000, 0x00000000c7c00000|100%| E|CS|TAMS 0x00000000c7b00000, 0x00000000c7b00000| Complete 
| 124|0x00000000c7c00000, 0x00000000c7d00000, 0x00000000c7d00000|100%| E|CS|TAMS 0x00000000c7c00000, 0x00000000c7c00000| Complete 
| 125|0x00000000c7d00000, 0x00000000c7e00000, 0x00000000c7e00000|100%| E|CS|TAMS 0x00000000c7d00000, 0x00000000c7d00000| Complete 
| 126|0x00000000c7e00000, 0x00000000c7f00000, 0x00000000c7f00000|100%| E|CS|TAMS 0x00000000c7e00000, 0x00000000c7e00000| Complete 
| 127|0x00000000c7f00000, 0x00000000c8000000, 0x00000000c8000000|100%| E|CS|TAMS 0x00000000c7f00000, 0x00000000c7f00000| Complete 
| 128|0x00000000c8000000, 0x00000000c8100000, 0x00000000c8100000|100%| E|CS|TAMS 0x00000000c8000000, 0x00000000c8000000| Complete 
| 129|0x00000000c8100000, 0x00000000c8200000, 0x00000000c8200000|100%| E|CS|TAMS 0x00000000c8100000, 0x00000000c8100000| Complete 
| 130|0x00000000c8200000, 0x00000000c8300000, 0x00000000c8300000|100%| E|CS|TAMS 0x00000000c8200000, 0x00000000c8200000| Complete 
| 131|0x00000000c8300000, 0x00000000c8400000, 0x00000000c8400000|100%| E|CS|TAMS 0x00000000c8300000, 0x00000000c8300000| Complete 
| 132|0x00000000c8400000, 0x00000000c8500000, 0x00000000c8500000|100%| E|CS|TAMS 0x00000000c8400000, 0x00000000c8400000| Complete 
| 133|0x00000000c8500000, 0x00000000c8600000, 0x00000000c8600000|100%| E|CS|TAMS 0x00000000c8500000, 0x00000000c8500000| Complete 
| 134|0x00000000c8600000, 0x00000000c8700000, 0x00000000c8700000|100%| E|CS|TAMS 0x00000000c8600000, 0x00000000c8600000| Complete 
| 135|0x00000000c8700000, 0x00000000c8800000, 0x00000000c8800000|100%| E|CS|TAMS 0x00000000c8700000, 0x00000000c8700000| Complete 
| 136|0x00000000c8800000, 0x00000000c8900000, 0x00000000c8900000|100%| E|CS|TAMS 0x00000000c8800000, 0x00000000c8800000| Complete 
| 137|0x00000000c8900000, 0x00000000c8a00000, 0x00000000c8a00000|100%| S|CS|TAMS 0x00000000c8900000, 0x00000000c8900000| Complete 
| 138|0x00000000c8a00000, 0x00000000c8b00000, 0x00000000c8b00000|100%| E|CS|TAMS 0x00000000c8a00000, 0x00000000c8a00000| Complete 
| 139|0x00000000c8b00000, 0x00000000c8c00000, 0x00000000c8c00000|100%| E|CS|TAMS 0x00000000c8b00000, 0x00000000c8b00000| Complete 
| 140|0x00000000c8c00000, 0x00000000c8d00000, 0x00000000c8d00000|100%| E|CS|TAMS 0x00000000c8c00000, 0x00000000c8c00000| Complete 
| 141|0x00000000c8d00000, 0x00000000c8e00000, 0x00000000c8e00000|100%| E|CS|TAMS 0x00000000c8d00000, 0x00000000c8d00000| Complete 
| 142|0x00000000c8e00000, 0x00000000c8f00000, 0x00000000c8f00000|100%| E|CS|TAMS 0x00000000c8e00000, 0x00000000c8e00000| Complete 
| 143|0x00000000c8f00000, 0x00000000c9000000, 0x00000000c9000000|100%| E|CS|TAMS 0x00000000c8f00000, 0x00000000c8f00000| Complete 

Card table byte_map: [0x00000261aefa0000,0x00000261af1a0000] _byte_map_base: 0x00000261ae9a0000

Marking Bits (Prev, Next): (CMBitMap*) 0x000002619777a388, (CMBitMap*) 0x000002619777a3c0
 Prev Bits: [0x00000261af3a0000, 0x00000261b03a0000)
 Next Bits: [0x00000261b03a0000, 0x00000261b13a0000)

Polling page: 0x00000261956f0000

Metaspace:

Usage:
  Non-class:    188.86 MB capacity,   182.69 MB ( 97%) used,     4.72 MB (  2%) free+waste,     1.45 MB ( <1%) overhead. 
      Class:     32.09 MB capacity,    26.73 MB ( 83%) used,     4.67 MB ( 15%) free+waste,   709.81 KB (  2%) overhead. 
       Both:    220.95 MB capacity,   209.42 MB ( 95%) used,     9.39 MB (  4%) free+waste,     2.14 MB ( <1%) overhead. 

Virtual space:
  Non-class space:      190.00 MB reserved,     188.96 MB (>99%) committed 
      Class space:        1.00 GB reserved,      32.18 MB (  3%) committed 
             Both:        1.19 GB reserved,     221.13 MB ( 18%) committed 

Chunk freelists:
   Non-Class:  4.13 KB
       Class:  0 bytes
        Both:  4.13 KB

CodeHeap 'non-profiled nmethods': size=120000Kb used=30834Kb max_used=30852Kb free=89165Kb
 bounds [0x00000261a7540000, 0x00000261a9370000, 0x00000261aea70000]
CodeHeap 'profiled nmethods': size=120000Kb used=70856Kb max_used=74138Kb free=49144Kb
 bounds [0x00000261a0010000, 0x00000261a48f0000, 0x00000261a7540000]
CodeHeap 'non-nmethods': size=5760Kb used=1372Kb max_used=1448Kb free=4387Kb
 bounds [0x000002619fa70000, 0x000002619fce0000, 0x00000261a0010000]
 total_blobs=56445 nmethods=32877 adapters=696
 compilation: enabled
              stopped_count=0, restarted_count=0
 full_count=0

Compilation events (10 events):
Event: 55837.688 Thread 0x00000261b3ddd800 nmethod 40988 0x00000261a0632290 code [0x00000261a0632460, 0x00000261a0632840]
Event: 55837.688 Thread 0x00000261b3ddd800 40989       3       java.lang.invoke.LambdaForm$DMH/0x0000000101d3dc40::invokeStatic (24 bytes)
Event: 55837.688 Thread 0x00000261b3ddd800 nmethod 40989 0x00000261a0747310 code [0x00000261a0747500, 0x00000261a07479a0]
Event: 55837.688 Thread 0x00000261b3ddd800 40990       3       org.scalafmt.internal.FormatWriter$FormatLocations$$Lambda$6158/0x0000000101d3e040::get$Lambda (16 bytes)
Event: 55837.688 Thread 0x00000261b3ddd800 nmethod 40990 0x00000261a060a410 code [0x00000261a060a5c0, 0x00000261a060a7d0]
Event: 55837.688 Thread 0x00000261b3ddd800 40983       3       scala.collection.mutable.PriorityQueue::$plus$eq (6 bytes)
Event: 55837.689 Thread 0x00000261b3ddd800 nmethod 40983 0x00000261a0658910 code [0x00000261a0658ae0, 0x00000261a0658d90]
Event: 55837.689 Thread 0x00000261b3ddd800 40984       3       scala.collection.mutable.PriorityQueue::addOne (6 bytes)
Event: 55837.689 Thread 0x00000261b3ddd800 nmethod 40984 0x00000261a01cb790 code [0x00000261a01cb940, 0x00000261a01cbad0]
Event: 55837.691 Thread 0x00000261b882c000 nmethod 40985 0x00000261a886bd10 code [0x00000261a886bee0, 0x00000261a886c318]

GC Heap History (10 events):
Event: 55807.477 GC heap before
{Heap before GC invocations=775 (full 0):
 garbage-first heap   total 147456K, used 127877K [0x00000000c0000000, 0x0000000100000000)
  region size 1024K, 40 young (40960K), 1 survivors (1024K)
 Metaspace       used 214086K, capacity 225806K, committed 226056K, reserved 1243136K
  class space    used 27316K, capacity 32794K, committed 32820K, reserved 1048576K
}
Event: 55807.493 GC heap after
{Heap after GC invocations=776 (full 0):
 garbage-first heap   total 147456K, used 90310K [0x00000000c0000000, 0x0000000100000000)
  region size 1024K, 4 young (4096K), 4 survivors (4096K)
 Metaspace       used 214086K, capacity 225806K, committed 226056K, reserved 1243136K
  class space    used 27316K, capacity 32794K, committed 32820K, reserved 1048576K
}
Event: 55821.367 GC heap before
{Heap before GC invocations=777 (full 0):
 garbage-first heap   total 147456K, used 126150K [0x00000000c0000000, 0x0000000100000000)
  region size 1024K, 39 young (39936K), 4 survivors (4096K)
 Metaspace       used 214093K, capacity 225806K, committed 226056K, reserved 1243136K
  class space    used 27316K, capacity 32794K, committed 32820K, reserved 1048576K
}
Event: 55821.371 GC heap after
{Heap after GC invocations=778 (full 0):
 garbage-first heap   total 147456K, used 88884K [0x00000000c0000000, 0x0000000100000000)
  region size 1024K, 2 young (2048K), 2 survivors (2048K)
 Metaspace       used 214093K, capacity 225806K, committed 226056K, reserved 1243136K
  class space    used 27316K, capacity 32794K, committed 32820K, reserved 1048576K
}
Event: 55826.073 GC heap before
{Heap before GC invocations=778 (full 0):
 garbage-first heap   total 147456K, used 124724K [0x00000000c0000000, 0x0000000100000000)
  region size 1024K, 38 young (38912K), 2 survivors (2048K)
 Metaspace       used 214398K, capacity 226173K, committed 226440K, reserved 1243136K
  class space    used 27369K, capacity 32857K, committed 32948K, reserved 1048576K
}
Event: 55826.081 GC heap after
{Heap after GC invocations=779 (full 0):
 garbage-first heap   total 147456K, used 97890K [0x00000000c0000000, 0x0000000100000000)
  region size 1024K, 5 young (5120K), 5 survivors (5120K)
 Metaspace       used 214398K, capacity 226173K, committed 226440K, reserved 1243136K
  class space    used 27369K, capacity 32857K, committed 32948K, reserved 1048576K
}
Event: 55836.605 GC heap before
{Heap before GC invocations=780 (full 0):
 garbage-first heap   total 147456K, used 123490K [0x00000000c0000000, 0x0000000100000000)
  region size 1024K, 30 young (30720K), 5 survivors (5120K)
 Metaspace       used 214424K, capacity 226185K, committed 226440K, reserved 1243136K
  class space    used 27370K, capacity 32859K, committed 32948K, reserved 1048576K
}
Event: 55836.612 GC heap after
{Heap after GC invocations=781 (full 0):
 garbage-first heap   total 147456K, used 97510K [0x00000000c0000000, 0x0000000100000000)
  region size 1024K, 1 young (1024K), 1 survivors (1024K)
 Metaspace       used 214424K, capacity 226185K, committed 226440K, reserved 1243136K
  class space    used 27370K, capacity 32859K, committed 32948K, reserved 1048576K
}
Event: 55837.479 GC heap before
{Heap before GC invocations=781 (full 0):
 garbage-first heap   total 147456K, used 103654K [0x00000000c0000000, 0x0000000100000000)
  region size 1024K, 7 young (7168K), 1 survivors (1024K)
 Metaspace       used 214424K, capacity 226185K, committed 226440K, reserved 1243136K
  class space    used 27370K, capacity 32859K, committed 32948K, reserved 1048576K
}
Event: 55837.482 GC heap after
{Heap after GC invocations=782 (full 0):
 garbage-first heap   total 147456K, used 97449K [0x00000000c0000000, 0x0000000100000000)
  region size 1024K, 1 young (1024K), 1 survivors (1024K)
 Metaspace       used 214424K, capacity 226185K, committed 226440K, reserved 1243136K
  class space    used 27370K, capacity 32859K, committed 32948K, reserved 1048576K
}

Deoptimization events (10 events):
Event: 55826.071 Thread 0x00000261b6870000 Uncommon trap: reason=bimorphic_or_optimized_type_check action=maybe_recompile pc=0x00000261a86e118c method=scala.meta.Term$Param$TermParamImpl.$anonfun$decltpe$2(Lscala/meta/Term$Param$TermParamImpl;Lscala/meta/Type;)Lscala/meta/Type; @ 5 c2
Event: 55826.071 Thread 0x00000261b6870000 Uncommon trap: reason=bimorphic_or_optimized_type_check action=maybe_recompile pc=0x00000261a86e11c8 method=scala.meta.Term$Param$TermParamImpl.$anonfun$decltpe$2(Lscala/meta/Term$Param$TermParamImpl;Lscala/meta/Type;)Lscala/meta/Type; @ 5 c2
Event: 55826.071 Thread 0x00000261b6870000 Uncommon trap: reason=bimorphic_or_optimized_type_check action=maybe_recompile pc=0x00000261a86e11c8 method=scala.meta.Term$Param$TermParamImpl.$anonfun$decltpe$2(Lscala/meta/Term$Param$TermParamImpl;Lscala/meta/Type;)Lscala/meta/Type; @ 5 c2
Event: 55826.071 Thread 0x00000261b6870000 Uncommon trap: reason=bimorphic_or_optimized_type_check action=maybe_recompile pc=0x00000261a86e11c8 method=scala.meta.Term$Param$TermParamImpl.$anonfun$decltpe$2(Lscala/meta/Term$Param$TermParamImpl;Lscala/meta/Type;)Lscala/meta/Type; @ 5 c2
Event: 55826.071 Thread 0x00000261b6870000 Uncommon trap: reason=bimorphic_or_optimized_type_check action=maybe_recompile pc=0x00000261a86e11c8 method=scala.meta.Term$Param$TermParamImpl.$anonfun$decltpe$2(Lscala/meta/Term$Param$TermParamImpl;Lscala/meta/Type;)Lscala/meta/Type; @ 5 c2
Event: 55826.071 Thread 0x00000261b6870000 Uncommon trap: reason=bimorphic_or_optimized_type_check action=maybe_recompile pc=0x00000261a86e11c8 method=scala.meta.Term$Param$TermParamImpl.$anonfun$decltpe$2(Lscala/meta/Term$Param$TermParamImpl;Lscala/meta/Type;)Lscala/meta/Type; @ 5 c2
Event: 55826.071 Thread 0x00000261b6870000 Uncommon trap: reason=bimorphic_or_optimized_type_check action=maybe_recompile pc=0x00000261a86e11c8 method=scala.meta.Term$Param$TermParamImpl.$anonfun$decltpe$2(Lscala/meta/Term$Param$TermParamImpl;Lscala/meta/Type;)Lscala/meta/Type; @ 5 c2
Event: 55826.085 Thread 0x00000261b6870000 Uncommon trap: reason=unstable_if action=reinterpret pc=0x00000261a90205d0 method=scala.meta.internal.parsers.ScalametaParser$InfixContext.canReduce$1(ZILscala/collection/immutable/List;)Z @ 10 c2
Event: 55826.116 Thread 0x00000261b6870000 Uncommon trap: reason=unstable_if action=reinterpret pc=0x00000261a8872de4 method=org.scalafmt.internal.BestFirstSearch.shouldEnterState(Lorg/scalafmt/internal/State;)Z @ 60 c2
Event: 55826.116 Thread 0x00000261b6870000 Uncommon trap: reason=unstable_if action=reinterpret pc=0x00000261a91a2858 method=org.scalafmt.internal.BestFirstSearch.shortestPath(Lorg/scalafmt/internal/State;Lscala/meta/tokens/Token;II)Lorg/scalafmt/internal/State; @ 133 c2

Classes redefined (0 events):
No events

Internal exceptions (10 events):
Event: 55825.988 Thread 0x00000261b6870000 Exception <a 'sun/nio/fs/WindowsException'{0x00000000c6fb5460}> (0x00000000c6fb5460) thrown at [t:/workspace/open/src/hotspot/share/prims/jni.cpp, line 615]
Event: 55825.989 Thread 0x00000261b6870000 Exception <a 'sun/nio/fs/WindowsException'{0x00000000c6fb67b0}> (0x00000000c6fb67b0) thrown at [t:/workspace/open/src/hotspot/share/prims/jni.cpp, line 615]
Event: 55826.466 Thread 0x00000261b882b000 Exception <a 'sun/nio/fs/WindowsException'{0x00000000c887b3e8}> (0x00000000c887b3e8) thrown at [t:/workspace/open/src/hotspot/share/prims/jni.cpp, line 615]
Event: 55826.467 Thread 0x00000261b539d000 Exception <a 'sun/nio/fs/WindowsException'{0x00000000c88839c8}> (0x00000000c88839c8) thrown at [t:/workspace/open/src/hotspot/share/prims/jni.cpp, line 615]
Event: 55829.056 Thread 0x00000261b500d000 Exception <a 'sun/nio/fs/WindowsException'{0x00000000c7ecfc90}> (0x00000000c7ecfc90) thrown at [t:/workspace/open/src/hotspot/share/prims/jni.cpp, line 615]
Event: 55831.394 Thread 0x00000261b882b000 Exception <a 'sun/nio/fs/WindowsException'{0x00000000c7d10048}> (0x00000000c7d10048) thrown at [t:/workspace/open/src/hotspot/share/prims/jni.cpp, line 615]
Event: 55831.394 Thread 0x00000261b539d000 Exception <a 'sun/nio/fs/WindowsException'{0x00000000c7d1a728}> (0x00000000c7d1a728) thrown at [t:/workspace/open/src/hotspot/share/prims/jni.cpp, line 615]
Event: 55832.520 Thread 0x00000261b6870000 Exception <a 'sun/nio/fs/WindowsException'{0x00000000c7b76710}> (0x00000000c7b76710) thrown at [t:/workspace/open/src/hotspot/share/prims/jni.cpp, line 615]
Event: 55832.722 Thread 0x00000261b882b000 Exception <a 'sun/nio/fs/WindowsException'{0x00000000c7959720}> (0x00000000c7959720) thrown at [t:/workspace/open/src/hotspot/share/prims/jni.cpp, line 615]
Event: 55837.476 Thread 0x00000261b882b000 Exception <a 'sun/nio/fs/WindowsException'{0x00000000c8a27df0}> (0x00000000c8a27df0) thrown at [t:/workspace/open/src/hotspot/share/prims/jni.cpp, line 615]

Events (10 events):
Event: 55828.693 Thread 0x00000261b882c000 Thread exited: 0x00000261b882c000
Event: 55829.056 Executing VM operation: RevokeBias
Event: 55829.057 Executing VM operation: RevokeBias done
Event: 55829.057 Thread 0x00000261b8828800 Thread exited: 0x00000261b8828800
Event: 55836.605 Executing VM operation: G1CollectForAllocation
Event: 55836.612 Executing VM operation: G1CollectForAllocation done
Event: 55837.479 Executing VM operation: G1CollectForAllocation
Event: 55837.482 Executing VM operation: G1CollectForAllocation done
Event: 55837.680 Thread 0x00000261b882c000 Thread added: 0x00000261b882c000
Event: 55837.680 Thread 0x00000261b8828800 Thread added: 0x00000261b8828800


Dynamic libraries:
0x00007ff6e4140000 - 0x00007ff6e4187000 	C:\Program Files\Java\jdk-11.0.2\bin\java.exe
0x00007ff8515d0000 - 0x00007ff8517c5000 	C:\WINDOWS\SYSTEM32\ntdll.dll
0x00007ff8501f0000 - 0x00007ff8502ae000 	C:\WINDOWS\System32\KERNEL32.DLL
0x00007ff84ee80000 - 0x00007ff84f148000 	C:\WINDOWS\System32\KERNELBASE.dll
0x00007ff850340000 - 0x00007ff8503ec000 	C:\WINDOWS\System32\ADVAPI32.dll
0x00007ff8504f0000 - 0x00007ff85058e000 	C:\WINDOWS\System32\msvcrt.dll
0x00007ff8508f0000 - 0x00007ff85098b000 	C:\WINDOWS\System32\sechost.dll
0x00007ff84f8c0000 - 0x00007ff84f9ea000 	C:\WINDOWS\System32\RPCRT4.dll
0x00007ff84f710000 - 0x00007ff84f8b1000 	C:\WINDOWS\System32\USER32.dll
0x00007ff84f1e0000 - 0x00007ff84f202000 	C:\WINDOWS\System32\win32u.dll
0x00007ff8504c0000 - 0x00007ff8504eb000 	C:\WINDOWS\System32\GDI32.dll
0x00007ff84f500000 - 0x00007ff84f60d000 	C:\WINDOWS\System32\gdi32full.dll
0x00007ff84ede0000 - 0x00007ff84ee7d000 	C:\WINDOWS\System32\msvcp_win.dll
0x00007ff84f400000 - 0x00007ff84f500000 	C:\WINDOWS\System32\ucrtbase.dll
0x00007ff82f0a0000 - 0x00007ff82f33a000 	C:\WINDOWS\WinSxS\amd64_microsoft.windows.common-controls_6595b64144ccf1df_6.0.19041.1110_none_60b5254171f9507e\COMCTL32.dll
0x00007ff84db10000 - 0x00007ff84db1a000 	C:\WINDOWS\SYSTEM32\VERSION.dll
0x00007ff850d00000 - 0x00007ff850d30000 	C:\WINDOWS\System32\IMM32.DLL
0x00007ff833600000 - 0x00007ff833616000 	C:\Program Files\Java\jdk-11.0.2\bin\vcruntime140.dll
0x00007ffffc360000 - 0x00007ffffc40a000 	C:\Program Files\Java\jdk-11.0.2\bin\msvcp140.dll
0x00007fffdc4d0000 - 0x00007fffdcff7000 	C:\Program Files\Java\jdk-11.0.2\bin\server\jvm.dll
0x00007ff850a60000 - 0x00007ff850a68000 	C:\WINDOWS\System32\PSAPI.DLL
0x00007ff833720000 - 0x00007ff833747000 	C:\WINDOWS\SYSTEM32\WINMM.dll
0x00007ff832180000 - 0x00007ff832189000 	C:\WINDOWS\SYSTEM32\WSOCK32.dll
0x00007ff850450000 - 0x00007ff8504bb000 	C:\WINDOWS\System32\WS2_32.dll
0x00007ff84cbd0000 - 0x00007ff84cbe2000 	C:\WINDOWS\SYSTEM32\kernel.appcore.dll
0x00007ff828e40000 - 0x00007ff828e51000 	C:\Program Files\Java\jdk-11.0.2\bin\verify.dll
0x00007ff84c350000 - 0x00007ff84c534000 	C:\WINDOWS\SYSTEM32\DBGHELP.DLL
0x00007ff82a890000 - 0x00007ff82a8bc000 	C:\WINDOWS\SYSTEM32\dbgcore.DLL
0x00007ff84f150000 - 0x00007ff84f1d2000 	C:\WINDOWS\System32\bcryptPrimitives.dll
0x00007ff81f480000 - 0x00007ff81f4a9000 	C:\Program Files\Java\jdk-11.0.2\bin\java.dll
0x00007ff827ce0000 - 0x00007ff827cf6000 	C:\Program Files\Java\jdk-11.0.2\bin\zip.dll
0x00007ff8335f0000 - 0x00007ff8335fa000 	C:\Program Files\Java\jdk-11.0.2\bin\jimage.dll
0x00007ff850d30000 - 0x00007ff851474000 	C:\WINDOWS\System32\SHELL32.dll
0x00007ff84d240000 - 0x00007ff84d9d4000 	C:\WINDOWS\SYSTEM32\windows.storage.dll
0x00007ff850590000 - 0x00007ff8508e5000 	C:\WINDOWS\System32\combase.dll
0x00007ff84e580000 - 0x00007ff84e5ae000 	C:\WINDOWS\SYSTEM32\Wldp.dll
0x00007ff84fcc0000 - 0x00007ff84fd6d000 	C:\WINDOWS\System32\SHCORE.dll
0x00007ff8509a0000 - 0x00007ff8509f5000 	C:\WINDOWS\System32\shlwapi.dll
0x00007ff84ec20000 - 0x00007ff84ec3f000 	C:\WINDOWS\SYSTEM32\profapi.dll
0x00007ff8276c0000 - 0x00007ff8276d9000 	C:\Program Files\Java\jdk-11.0.2\bin\net.dll
0x00007ff8449c0000 - 0x00007ff844acc000 	C:\WINDOWS\SYSTEM32\WINHTTP.dll
0x00007ff83de00000 - 0x00007ff83dfeb000 	C:\WINDOWS\SYSTEM32\urlmon.dll
0x00007ff83e190000 - 0x00007ff83e440000 	C:\WINDOWS\SYSTEM32\iertutil.dll
0x00007ff84e180000 - 0x00007ff84e18c000 	C:\WINDOWS\SYSTEM32\netutils.dll
0x00007ff842410000 - 0x00007ff842438000 	C:\WINDOWS\SYSTEM32\srvcli.dll
0x00007ff84e360000 - 0x00007ff84e3ca000 	C:\WINDOWS\system32\mswsock.dll
0x00007ff8270d0000 - 0x00007ff8270e3000 	C:\Program Files\Java\jdk-11.0.2\bin\nio.dll
0x00007ff84e5c0000 - 0x00007ff84e5d8000 	C:\WINDOWS\SYSTEM32\CRYPTSP.dll
0x00007ff84dd00000 - 0x00007ff84dd34000 	C:\WINDOWS\system32\rsaenh.dll
0x00007ff84f370000 - 0x00007ff84f397000 	C:\WINDOWS\System32\bcrypt.dll
0x00007ff84ebe0000 - 0x00007ff84ec0e000 	C:\WINDOWS\SYSTEM32\USERENV.dll
0x00007ff84e4f0000 - 0x00007ff84e4fc000 	C:\WINDOWS\SYSTEM32\CRYPTBASE.dll
0x00007ff84e0b0000 - 0x00007ff84e17b000 	C:\WINDOWS\SYSTEM32\DNSAPI.dll
0x00007ff84e070000 - 0x00007ff84e0ab000 	C:\WINDOWS\SYSTEM32\IPHLPAPI.DLL
0x00007ff8502b0000 - 0x00007ff8502b8000 	C:\WINDOWS\System32\NSI.dll
0x00007ff843270000 - 0x00007ff84327a000 	C:\Windows\System32\rasadhlp.dll
0x00007ff841d40000 - 0x00007ff841dbf000 	C:\WINDOWS\System32\fwpuclnt.dll
0x00007ff8413c0000 - 0x00007ff8413d7000 	C:\WINDOWS\SYSTEM32\dhcpcsvc6.DLL
0x00007ff8413a0000 - 0x00007ff8413bd000 	C:\WINDOWS\SYSTEM32\dhcpcsvc.DLL
0x000000006fd00000 - 0x000000006fd07000 	C:\Users\brako\AppData\Local\Temp\swoval-jni\14214987723696606818-swoval-files0.dll

dbghelp: loaded successfully - version: 4.0.5 - missing functions: none
symbol engine: initialized successfully - sym options: 0x614 - pdb path: .;C:\Program Files\Java\jdk-11.0.2\bin;C:\WINDOWS\SYSTEM32;C:\WINDOWS\WinSxS\amd64_microsoft.windows.common-controls_6595b64144ccf1df_6.0.19041.1110_none_60b5254171f9507e;C:\Program Files\Java\jdk-11.0.2\bin\server;C:\Users\brako\AppData\Local\Temp\swoval-jni

VM Arguments:
jvm_args: -Xss4m -Xms100m -Dmetals.client=vscode -Xmx1G 
java_command: scala.meta.metals.Main
java_class_path (initial): C:\Users\brako\AppData\Local\Coursier\cache\v1\https\repo1.maven.org\maven2\org\scalameta\metals_2.12\0.10.9\metals_2.12-0.10.9.jar;C:\Users\brako\AppData\Local\Coursier\cache\v1\https\repo1.maven.org\maven2\org\scala-lang\scala-library\2.12.15\scala-library-2.12.15.jar;C:\Users\brako\AppData\Local\Coursier\cache\v1\https\repo1.maven.org\maven2\org\scalameta\mtags_2.12.15\0.10.9\mtags_2.12.15-0.10.9.jar;C:\Users\brako\AppData\Local\Coursier\cache\v1\https\repo1.maven.org\maven2\com\google\guava\guava\31.0.1-jre\guava-31.0.1-jre.jar;C:\Users\brako\AppData\Local\Coursier\cache\v1\https\repo1.maven.org\maven2\com\geirsson\metaconfig-core_2.12\0.9.15\metaconfig-core_2.12-0.9.15.jar;C:\Users\brako\AppData\Local\Coursier\cache\v1\https\repo1.maven.org\maven2\org\openjdk\jol\jol-core\0.16\jol-core-0.16.jar;C:\Users\brako\AppData\Local\Coursier\cache\v1\https\repo1.maven.org\maven2\com\swoval\file-tree-views\2.1.7\file-tree-views-2.1.7.jar;C:\Users\brako\AppData\Local\Coursier\cache\v1\https\repo1.maven.org\maven2\io\undertow\undertow-core\2.2.12.Final\undertow-core-2.2.12.Final.jar;C:\Users\brako\AppData\Local\Coursier\cache\v1\https\repo1.maven.org\maven2\org\jboss\xnio\xnio-nio\3.8.4.Final\xnio-nio-3.8.4.Final.jar;C:\Users\brako\AppData\Local\Coursier\cache\v1\https\repo1.maven.org\maven2\org\flywaydb\flyway-core\8.0.2\flyway-core-8.0.2.jar;C:\Users\brako\AppData\Local\Coursier\cache\v1\https\repo1.maven.org\maven2\com\h2database\h2\1.4.200\h2-1.4.200.jar;C:\Users\brako\AppData\Local\Coursier\cache\v1\https\repo1.maven.org\maven2\org\scala-sbt\ipcsocket\ipcsocket\1.4.0\ipcsocket-1.4.0.jar;C:\Users\brako\AppData\Local\Coursier\cache\v1\https\repo1.maven.org\maven2\ch\epfl\scala\bsp4j\2.0.0-M15\bsp4j-2.0.0-M15.jar;C:\Users\brako\AppData\Local\Coursier\cache\v1\https\repo1.maven.org\maven2\ch\epfl\scala\bloop-launcher_2.12\1.4.11\bloop-launcher_2.12-1.4.11.jar;C:\Users\brako\AppData\Local\Coursier\cache\v1\https\repo1.maven.org\maven2\org\eclips
Launcher Type: SUN_STANDARD

[Global flags]
     intx CICompilerCount                          = 4                                         {product} {ergonomic}
     uint ConcGCThreads                            = 2                                         {product} {ergonomic}
     uint G1ConcRefinementThreads                  = 8                                         {product} {ergonomic}
   size_t G1HeapRegionSize                         = 1048576                                   {product} {ergonomic}
    uintx GCDrainStackTargetSize                   = 64                                        {product} {ergonomic}
   size_t InitialHeapSize                          = 104857600                                 {product} {command line}
   size_t MarkStackSize                            = 4194304                                   {product} {ergonomic}
   size_t MaxHeapSize                              = 1073741824                                {product} {command line}
   size_t MaxNewSize                               = 643825664                                 {product} {ergonomic}
   size_t MinHeapDeltaBytes                        = 1048576                                   {product} {ergonomic}
    uintx NonNMethodCodeHeapSize                   = 5835340                                {pd product} {ergonomic}
    uintx NonProfiledCodeHeapSize                  = 122911450                              {pd product} {ergonomic}
    uintx ProfiledCodeHeapSize                     = 122911450                              {pd product} {ergonomic}
    uintx ReservedCodeCacheSize                    = 251658240                              {pd product} {ergonomic}
     bool SegmentedCodeCache                       = true                                      {product} {ergonomic}
     intx ThreadStackSize                          = 4096                                   {pd product} {command line}
     bool UseCompressedClassPointers               = true                                 {lp64_product} {ergonomic}
     bool UseCompressedOops                        = true                                 {lp64_product} {ergonomic}
     bool UseG1GC                                  = true                                      {product} {ergonomic}
     bool UseLargePagesIndividualAllocation        = false                                  {pd product} {ergonomic}

Logging:
Log output configuration:
 #0: stdout all=warning uptime,level,tags
 #1: stderr all=off uptime,level,tags

Environment Variables:
JAVA_HOME=C:\Program Files\Java\jdk-11.0.2
PATH=C:\Users\brako\AppData\Local\Programs\Python\Python39;C:\Program Files (x86)\Common Files\Oracle\Java\javapath;C:\Python38\Scripts\;C:\Python38\;C:\Python27\;C:\Python27\Scripts;C:\Program Files\Java\jdk-11.0.2\bin;C:\Program Files\Microsoft SQL Server\130\Tools\Binn\;C:\Program Files\dotnet\;C:\Program Files\Microsoft SQL Server\Client SDK\ODBC\170\Tools\Binn\;C:\ProgramData\chocolatey\bin;C:\Program Files\Docker\Docker\resources\bin;C:\ProgramData\DockerDesktop\version-bin;C:\Program Files (x86)\Microsoft SQL Server\150\DTS\Binn\;C:\Program Files\MATLAB\R2020b\bin;C:\Program Files (x86)\Yarn\bin\;C:\ProgramData\ComposerSetup\bin;C:\WINDOWS\system32;C:\WINDOWS;C:\WINDOWS\System32\Wbem;C:\WINDOWS\System32\WindowsPowerShell\v1.0\;C:\WINDOWS\System32\OpenSSH\;C:\ProgramData\ghc-8.10.4\bin\;C:\Program Files\nodejs\;C:\Program Files (x86)\poppler-0.68.0\bin\;C:\antiword\;C:\Program Files\poppler-0.68.0\bin\;C:\Program Files\Tesseract-OCR\;C:\Users\brako\AppData\Local\Programs\Python\Python310\Scripts\;C:\Users\brako\AppData\Local\Programs\Python\Python310\;C:\Program Files\MySQL\MySQL Shell 8.0\bin\;C:\Users\brako\.dotnet\tools;C:\Users\brako\AppData\Local\Programs\Microsoft VS Code\bin;C:\Windows\System32;C:\Program Files\dotnet;C:\Program Files\MongoDB\Server\4.2\bin;C:\Windows\System32\wbem;C:\Program Files\Git\bin\;C:\Program Files\Git\cmd\;C:\User\brako\AppData\Local\Android\Sdk\platform-tools;C:\Users\brako\miniconda3\Library;C:\Users\brako\AppData\Local\groovy-3.0.6\bin;C:\Users\brako\AppData\Local\Yarn\bin;C:\Program Files\PHP\7.3;C:\Users\brako\AppData\Roaming\Composer\vendor\bin;C:\Program Files\Racket;C:\Program Files\JetBrains\PyCharm 2021.2.3\bin;C:\Users\brako\AppData\Roaming\cabal\bin;C:\tools\ghc-9.0.1\bin;C:\tools\msys64;C:\Users\brako\AppData\Roaming\npm;C:\Program Files (x86)\poppler-0.68.0\bin\;C:\antiword\;C:\Program Files\JetBrains\IntelliJ IDEA 2021.2.3\bin;C:\Users\brako\AppData\Local\Coursier\data\bin;C:\Program Files\JetBrains\DataGrip 2021.3
USERNAME=brako
OS=Windows_NT
PROCESSOR_IDENTIFIER=Intel64 Family 6 Model 142 Stepping 10, GenuineIntel



---------------  S Y S T E M  ---------------

OS: Windows 10 , 64 bit Build 19041 (10.0.19041.1348)

CPU:total 8 (initial active 8) (4 cores per cpu, 2 threads per core) family 6 model 142 stepping 10, cmov, cx8, fxsr, mmx, sse, sse2, sse3, ssse3, sse4.1, sse4.2, popcnt, avx, avx2, aes, clmul, erms, 3dnowpref, lzcnt, ht, tsc, tscinvbit, bmi1, bmi2, adx, fma

Memory: 4k page, system-wide physical 16227M (2390M free)
TotalPageFile size 40661M (AvailPageFile size 10796M)
current process WorkingSet (physical memory assigned to process): 581M, peak: 591M
current process commit charge ("private bytes"): 680M, peak: 689M

vm_info: Java HotSpot(TM) 64-Bit Server VM (11.0.2+9-LTS) for windows-amd64 JRE (11.0.2+9-LTS), built on Jan 18 2019 05:24:10 by "mach5one" with MS VC++ 15.5 (VS2017)

END.
