#
# A fatal error has been detected by the Java Runtime Environment:
#
#  EXCEPTION_ACCESS_VIOLATION (0xc0000005) at pc=0x00007ffbe61f7bf2, pid=27304, tid=26336
#
# JRE version: Java(TM) SE Runtime Environment (11.0.2+9) (build 11.0.2+9-LTS)
# Java VM: Java HotSpot(TM) 64-Bit Server VM (11.0.2+9-LTS, mixed mode, tiered, compressed oops, g1 gc, windows-amd64)
# Problematic frame:
# V  [jvm.dll+0x87bf2]
#
# No core dump will be written. Minidumps are not enabled by default on client versions of Windows
#
# If you would like to submit a bug report, please visit:
#   http://bugreport.java.com/bugreport/crash.jsp
#

---------------  S U M M A R Y ------------

Command Line: -Xss4m -Xms100m -Dmetals.client=vscode -Xmx1G scala.meta.metals.Main

Host: Intel(R) Core(TM) i7-8550U CPU @ 1.80GHz, 8 cores, 15G,  Windows 10 , 64 bit Build 19041 (10.0.19041.1348)
Time: Sun Dec 19 11:55:47 2021 W. Europe Standard Time elapsed time: 3692 seconds (0d 1h 1m 32s)

---------------  T H R E A D  ---------------

Current thread (0x0000017cc9a30800):  JavaThread "C2 CompilerThread2" daemon [_thread_in_native, id=26336, stack(0x0000004899f00000,0x000000489a000000)]


Current CompileTask:
C2:3692204 49143       4       org.scalafmt.util.TreeOps$::isSeqMulti (17 bytes)

Stack: [0x0000004899f00000,0x000000489a000000],  sp=0x0000004899ffbf30,  free space=1007k
Native frames: (J=compiled Java code, j=interpreted, Vv=VM code, C=native code)
V  [jvm.dll+0x87bf2]
V  [jvm.dll+0x613696]
V  [jvm.dll+0x5c5986]
V  [jvm.dll+0x5c8369]
V  [jvm.dll+0x2180ed]
V  [jvm.dll+0x2173ea]
V  [jvm.dll+0x194200]
V  [jvm.dll+0x2263af]
V  [jvm.dll+0x2249b8]
V  [jvm.dll+0x738a9d]
V  [jvm.dll+0x6347f2]
C  [ucrtbase.dll+0x21bb2]
C  [KERNEL32.DLL+0x17034]
C  [ntdll.dll+0x52651]


siginfo: EXCEPTION_ACCESS_VIOLATION (0xc0000005), reading address 0xffffffffffffffff


Register to memory mapping:

RIP=0x00007ffbe61f7bf2 jvm.dll
RAX=
[error occurred during error reporting (printing register info), id 0xc0000005, EXCEPTION_ACCESS_VIOLATION (0xc0000005) at pc=0x00007ffbe6462eb6]

Registers:
RAX=0x00000000e668e210, RBX=0x00007ffbe69aaef8, RCX=0x00007ffbe64c7db0, RDX=0x0000017cd4041ab8
RSP=0x0000004899ffbf30, RBP=0x0000004899ffbfe9, RSI=0x00007ffbe6170000, RDI=0x0000017cd4041ab8
R8 =0x0000000000000010, R9 =0x0000000000000000, R10=0x0000017cd4041af0, R11=0x0000017cd4042c18
R12=0x00007ffbe6a25280, R13=0x0000000000000000, R14=0x0000017cd4041ab8, R15=0x0000004899ffc450
RIP=0x00007ffbe61f7bf2, EFLAGS=0x0000000000010292

Top of Stack: (sp=0x0000004899ffbf30)
0x0000004899ffbf30:   0000000000000004 0000004899ffe9b8
0x0000004899ffbf40:   0000000000000000 0000000000000000
0x0000004899ffbf50:   00007ffbe69aaef8 00007ffbe6783696
0x0000004899ffbf60:   0000017cd4041ab8 00007ffbe6170000
0x0000004899ffbf70:   00007ffbe6a25201 0000000000000016
0x0000004899ffbf80:   0000000000000096 00007ffbe6735986
0x0000004899ffbf90:   0000000000000003 00007ffbe6170000
0x0000004899ffbfa0:   0000017cd411a760 0000000000000000
0x0000004899ffbfb0:   0000000000000000 0000000000000000
0x0000004899ffbfc0:   0000000000000000 0000000000000000
0x0000004899ffbfd0:   0000000000000000 0000017cca123140
0x0000004899ffbfe0:   0000017cca1245d0 0000017cca122cf0
0x0000004899ffbff0:   0000017cbf199880 00007ffbe6a3af90
0x0000004899ffc000:   0000017cbf199880 00007ffc00000002
0x0000004899ffc010:   0000017cca1245d0 0000000000000000
0x0000004899ffc020:   00000000000000b0 0000017cd40062e0 

Instructions: (pc=0x00007ffbe61f7bf2)
0x00007ffbe61f7bd2:   49 10 48 85 c9 74 20 8b 43 20 3b 43 24 75 11 8b
0x00007ffbe61f7be2:   d0 48 8b cb e8 65 df 58 00 8b 43 20 48 8b 4b 10
0x00007ffbe61f7bf2:   48 89 3c c1 ff 43 20 48 8b 5c 24 30 48 83 c4 20
0x00007ffbe61f7c02:   5f c3 cc cc cc cc cc cc cc cc cc cc cc cc 8b 81 


Stack slot to memory mapping:
stack at sp + 0 slots: 0x0000000000000004 is an unknown value
stack at sp + 1 slots: 0x0000004899ffe9b8 is pointing into the stack for thread: 0x0000017cc9a30800
stack at sp + 2 slots: 0x0 is NULL
stack at sp + 3 slots: 0x0 is NULL
stack at sp + 4 slots: 0x00007ffbe69aaef8 jvm.dll
stack at sp + 5 slots: 0x00007ffbe6783696 jvm.dll
stack at sp + 6 slots: 0x0000017cd4041ab8 points into unknown readable memory: 20 12 9b e6 fb 7f 00 00
stack at sp + 7 slots: 0x00007ffbe6170000 jvm.dll


---------------  P R O C E S S  ---------------

Threads class SMR info:
_java_thread_list=0x0000017cc5cbe260, length=65, elements={
0x0000017ca0949800, 0x0000017cbcfc4800, 0x0000017cbcfd0000, 0x0000017cbcfe7800,
0x0000017cbcfe8000, 0x0000017cbcfea800, 0x0000017cbd980800, 0x0000017cbd991800,
0x0000017cbdab2800, 0x0000017cbdab5000, 0x0000017cbfc01800, 0x0000017cbfd7c000,
0x0000017cbf283800, 0x0000017cbdf99800, 0x0000017cc2ec0800, 0x0000017cbe474000,
0x0000017cc3082800, 0x0000017cc277c800, 0x0000017cc19cd000, 0x0000017cbeb8f800,
0x0000017cbe7cd800, 0x0000017cbe7cb000, 0x0000017cc1f11800, 0x0000017cc1f0e800,
0x0000017cc1f0f000, 0x0000017cc1f12800, 0x0000017cc1f10000, 0x0000017cc1f15800,
0x0000017cc1f10800, 0x0000017cc1f16800, 0x0000017cc1f1b800, 0x0000017cc1f17800,
0x0000017cc1f18000, 0x0000017cc1f19000, 0x0000017cc1f1c000, 0x0000017cc1f1a800,
0x0000017cc1f19800, 0x0000017cc1783800, 0x0000017cc1781000, 0x0000017cc1784800,
0x0000017cc1782000, 0x0000017cc1785800, 0x0000017cc1786000, 0x0000017cc1788800,
0x0000017cc178c800, 0x0000017cc178f000, 0x0000017cc1790000, 0x0000017cc178b000,
0x0000017cc178d800, 0x0000017cc56ec800, 0x0000017cc56ee800, 0x0000017cc56ed800,
0x0000017cc56f0000, 0x0000017cc9a34800, 0x0000017cc9a38000, 0x0000017cc9a35800,
0x0000017cc56f4000, 0x0000017cc56f5800, 0x0000017cc56eb000, 0x0000017cc56f8000,
0x0000017cc56f6800, 0x0000017cc56f1800, 0x0000017cc9a2f800, 0x0000017cc9a33000,
0x0000017cc9a30800
}

Java Threads: ( => current thread )
  0x0000017ca0949800 JavaThread "main" [_thread_blocked, id=21636, stack(0x000000489a100000,0x000000489a500000)]
  0x0000017cbcfc4800 JavaThread "Reference Handler" daemon [_thread_blocked, id=23304, stack(0x000000489ab00000,0x000000489af00000)]
  0x0000017cbcfd0000 JavaThread "Finalizer" daemon [_thread_blocked, id=16420, stack(0x000000489af00000,0x000000489b300000)]
  0x0000017cbcfe7800 JavaThread "Signal Dispatcher" daemon [_thread_blocked, id=29064, stack(0x000000489b300000,0x000000489b700000)]
  0x0000017cbcfe8000 JavaThread "Attach Listener" daemon [_thread_blocked, id=5456, stack(0x000000489b700000,0x000000489bb00000)]
  0x0000017cbcfea800 JavaThread "C2 CompilerThread0" daemon [_thread_in_native, id=8388, stack(0x000000489bb00000,0x000000489bc00000)]
  0x0000017cbd980800 JavaThread "C1 CompilerThread0" daemon [_thread_blocked, id=1496, stack(0x000000489bc00000,0x000000489bd00000)]
  0x0000017cbd991800 JavaThread "Sweeper thread" daemon [_thread_blocked, id=31496, stack(0x000000489bd00000,0x000000489c100000)]
  0x0000017cbdab2800 JavaThread "Service Thread" daemon [_thread_blocked, id=25180, stack(0x000000489c100000,0x000000489c500000)]
  0x0000017cbdab5000 JavaThread "Common-Cleaner" daemon [_thread_blocked, id=31192, stack(0x000000489c600000,0x000000489ca00000)]
  0x0000017cbfc01800 JavaThread "pool-1-thread-1" [_thread_in_native, id=30496, stack(0x000000489cd00000,0x000000489d100000)]
  0x0000017cbfd7c000 JavaThread "pool-1-thread-2" [_thread_blocked, id=6548, stack(0x000000489d100000,0x000000489d500000)]
  0x0000017cbf283800 JavaThread "pool-1-thread-3" [_thread_blocked, id=29536, stack(0x000000489da00000,0x000000489de00000)]
  0x0000017cbdf99800 JavaThread "ForkJoinPool.commonPool-worker-3" daemon [_thread_blocked, id=15572, stack(0x000000489de00000,0x000000489e200000)]
  0x0000017cc2ec0800 JavaThread "pool-2-thread-1" [_thread_blocked, id=4140, stack(0x000000489e200000,0x000000489e600000)]
  0x0000017cbe474000 JavaThread "H2 File Lock Watchdog C:/Users/brako/Desktop/Boris/CVUT/4_winter/OMO/code/coursework/foodchain/.metals/metals.lock.db" daemon [_thread_blocked, id=25400, stack(0x000000489e700000,0x000000489eb00000)]
  0x0000017cc3082800 JavaThread "H2 TCP Server (tcp://localhost:56046)" daemon [_thread_in_native, id=29376, stack(0x000000489eb00000,0x000000489ef00000)]
  0x0000017cc277c800 JavaThread "H2 Log Writer METALS" daemon [_thread_blocked, id=27944, stack(0x000000489ef00000,0x000000489f300000)]
  0x0000017cc19cd000 JavaThread "pool-1-thread-4" [_thread_blocked, id=32516, stack(0x000000489f400000,0x000000489f800000)]
  0x0000017cbeb8f800 JavaThread "pool-1-thread-5" [_thread_in_native, id=29752, stack(0x000000489f800000,0x000000489fc00000)]
  0x0000017cbe7cd800 JavaThread "pool-1-thread-9" [_thread_blocked, id=32524, stack(0x00000048a0900000,0x00000048a0d00000)]
  0x0000017cbe7cb000 JavaThread "pool-1-thread-11" [_thread_in_native, id=30648, stack(0x00000048a1100000,0x00000048a1500000)]
  0x0000017cc1f11800 JavaThread "Thread-2" [_thread_in_native, id=19828, stack(0x00000048a2d00000,0x00000048a3100000)]
  0x0000017cc1f0e800 JavaThread "Thread-4" daemon [_thread_blocked, id=31044, stack(0x00000048a3100000,0x00000048a3500000)]
  0x0000017cc1f0f000 JavaThread "Thread-3" daemon [_thread_blocked, id=17304, stack(0x00000048a3500000,0x00000048a3900000)]
  0x0000017cc1f12800 JavaThread "bsp-client-to-server" daemon [_thread_in_native, id=26192, stack(0x00000048a3900000,0x00000048a3d00000)]
  0x0000017cc1f10000 JavaThread "bsp-server-to-client" daemon [_thread_in_native, id=26224, stack(0x00000048a3d00000,0x00000048a4100000)]
  0x0000017cc1f15800 JavaThread "Thread-7" [_thread_in_native, id=13892, stack(0x00000048a4100000,0x00000048a4500000)]
  0x0000017cc1f10800 JavaThread "Thread-9" daemon [_thread_blocked, id=30764, stack(0x00000048a4500000,0x00000048a4900000)]
  0x0000017cc1f16800 JavaThread "Thread-10" [_thread_in_native, id=16008, stack(0x00000048a4900000,0x00000048a4d00000)]
  0x0000017cc1f1b800 JavaThread "Thread-12" daemon [_thread_blocked, id=20848, stack(0x00000048a4d00000,0x00000048a5100000)]
  0x0000017cc1f17800 JavaThread "Thread-8" daemon [_thread_blocked, id=31580, stack(0x00000048a5100000,0x00000048a5500000)]
  0x0000017cc1f18000 JavaThread "Thread-13" [_thread_in_native, id=31624, stack(0x00000048a5500000,0x00000048a5900000)]
  0x0000017cc1f19000 JavaThread "Thread-11" daemon [_thread_blocked, id=32108, stack(0x00000048a5900000,0x00000048a5d00000)]
  0x0000017cc1f1c000 JavaThread "Thread-15" daemon [_thread_blocked, id=16232, stack(0x00000048a5d00000,0x00000048a6100000)]
  0x0000017cc1f1a800 JavaThread "Thread-14" daemon [_thread_blocked, id=6568, stack(0x00000048a6100000,0x00000048a6500000)]
  0x0000017cc1f19800 JavaThread "bsp-client-to-server" daemon [_thread_in_native, id=32360, stack(0x00000048a6500000,0x00000048a6900000)]
  0x0000017cc1783800 JavaThread "bsp-client-to-server" daemon [_thread_in_native, id=23116, stack(0x00000048a6900000,0x00000048a6d00000)]
  0x0000017cc1781000 JavaThread "bsp-server-to-client" daemon [_thread_in_native, id=13988, stack(0x00000048a6d00000,0x00000048a7100000)]
  0x0000017cc1784800 JavaThread "bsp-server-to-client" daemon [_thread_in_native, id=32348, stack(0x00000048a7100000,0x00000048a7500000)]
  0x0000017cc1782000 JavaThread "bsp-client-to-server" daemon [_thread_in_native, id=20552, stack(0x00000048a7900000,0x00000048a7d00000)]
  0x0000017cc1785800 JavaThread "bsp-server-to-client" daemon [_thread_in_native, id=21864, stack(0x00000048a7d00000,0x00000048a8100000)]
  0x0000017cc1786000 JavaThread "pool-1-thread-13" [_thread_in_native, id=30688, stack(0x00000048a8100000,0x00000048a8500000)]
  0x0000017cc1788800 JavaThread "pool-1-thread-15" [_thread_in_native, id=20384, stack(0x00000048a8900000,0x00000048a8d00000)]
  0x0000017cc178c800 JavaThread "FileSystemWatchService" daemon [_thread_in_native, id=21216, stack(0x00000048a9500000,0x00000048a9900000)]
  0x0000017cc178f000 JavaThread "NioPathWatcher-loop-thread-1" daemon [_thread_blocked, id=13808, stack(0x00000048aa500000,0x00000048aa900000)]
  0x0000017cc1790000 JavaThread "com.swoval.files.SymlinkWather.callback-executor-1" [_thread_blocked, id=15764, stack(0x00000048aa900000,0x00000048aad00000)]
  0x0000017cc178b000 JavaThread "FileTreeRepository-callback-executor-1" [_thread_blocked, id=20012, stack(0x00000048aad00000,0x00000048ab100000)]
  0x0000017cc178d800 JavaThread "FileSystemWatchService" daemon [_thread_in_native, id=11956, stack(0x00000048ab100000,0x00000048ab500000)]
  0x0000017cc56ec800 JavaThread "NioPathWatcher-loop-thread-2" daemon [_thread_blocked, id=28972, stack(0x00000048ab500000,0x00000048ab900000)]
  0x0000017cc56ee800 JavaThread "pool-4-thread-1" [_thread_blocked, id=24772, stack(0x00000048aa100000,0x00000048aa500000)]
  0x0000017cc56ed800 JavaThread "Scala Presentation Compiler [Metals]" daemon [_thread_blocked, id=24168, stack(0x00000048abb00000,0x00000048abf00000)]
  0x0000017cc56f0000 JavaThread "pool-5-thread-1" [_thread_blocked, id=5024, stack(0x00000048abf00000,0x00000048ac300000)]
  0x0000017cc9a34800 JavaThread "pool-1-thread-103" [_thread_blocked, id=3608, stack(0x00000048a0400000,0x00000048a0800000)]
  0x0000017cc9a38000 JavaThread "pool-1-thread-104" [_thread_in_Java, id=21780, stack(0x00000048a0d00000,0x00000048a1100000)]
  0x0000017cc9a35800 JavaThread "pool-1-thread-109" [_thread_blocked, id=28428, stack(0x00000048a0000000,0x00000048a0400000)]
  0x0000017cc56f4000 JavaThread "pool-1-thread-111" [_thread_blocked, id=30084, stack(0x00000048a1d00000,0x00000048a2100000)]
  0x0000017cc56f5800 JavaThread "pool-1-thread-112" [_thread_blocked, id=26496, stack(0x00000048a1900000,0x00000048a1d00000)]
  0x0000017cc56eb000 JavaThread "pool-1-thread-113" [_thread_blocked, id=6800, stack(0x000000489fc00000,0x00000048a0000000)]
  0x0000017cc56f8000 JavaThread "pool-1-thread-114" [_thread_blocked, id=20484, stack(0x00000048a1500000,0x00000048a1900000)]
  0x0000017cc56f6800 JavaThread "Scala Presentation Compiler [Metals]" daemon [_thread_blocked, id=3436, stack(0x00000048a2500000,0x00000048a2900000)]
  0x0000017cc56f1800 JavaThread "pool-1-thread-115" [_thread_blocked, id=13712, stack(0x00000048a2100000,0x00000048a2500000)]
  0x0000017cc9a2f800 JavaThread "pool-1-thread-116" [_thread_in_Java, id=28120, stack(0x00000048a2900000,0x00000048a2d00000)]
  0x0000017cc9a33000 JavaThread "C2 CompilerThread1" daemon [_thread_in_native, id=3620, stack(0x0000004899e00000,0x0000004899f00000)]
=>0x0000017cc9a30800 JavaThread "C2 CompilerThread2" daemon [_thread_in_native, id=26336, stack(0x0000004899f00000,0x000000489a000000)]

Other Threads:
  0x0000017cbcfc2000 VMThread "VM Thread" [stack: 0x000000489aa00000,0x000000489ab00000] [id=28900]
  0x0000017cbdab8800 WatcherThread [stack: 0x000000489c500000,0x000000489c600000] [id=3596]
  0x0000017ca0961000 GCTaskThread "GC Thread#0" [stack: 0x000000489a500000,0x000000489a600000] [id=26504]
  0x0000017cbf868000 GCTaskThread "GC Thread#1" [stack: 0x000000489ca00000,0x000000489cb00000] [id=11708]
  0x0000017cbf385800 GCTaskThread "GC Thread#2" [stack: 0x000000489d600000,0x000000489d700000] [id=4556]
  0x0000017cbf15f000 GCTaskThread "GC Thread#3" [stack: 0x000000489d700000,0x000000489d800000] [id=20548]
  0x0000017cbf28e800 GCTaskThread "GC Thread#4" [stack: 0x000000489d800000,0x000000489d900000] [id=31416]
  0x0000017cbf378800 GCTaskThread "GC Thread#5" [stack: 0x000000489d900000,0x000000489da00000] [id=14872]
  0x0000017cc03c8000 GCTaskThread "GC Thread#6" [stack: 0x000000489cb00000,0x000000489cc00000] [id=25560]
  0x0000017cbf09e800 GCTaskThread "GC Thread#7" [stack: 0x000000489d500000,0x000000489d600000] [id=15980]
  0x0000017ca097e000 ConcurrentGCThread "G1 Main Marker" [stack: 0x000000489a600000,0x000000489a700000] [id=32332]
  0x0000017ca097f800 ConcurrentGCThread "G1 Conc#0" [stack: 0x000000489a700000,0x000000489a800000] [id=30808]
  0x0000017cbfa4f000 ConcurrentGCThread "G1 Conc#1" [stack: 0x000000489cc00000,0x000000489cd00000] [id=32704]
  0x0000017ca0a02000 ConcurrentGCThread "G1 Refine#0" [stack: 0x000000489a800000,0x000000489a900000] [id=25156]
  0x0000017ca0a03800 ConcurrentGCThread "G1 Young RemSet Sampling" [stack: 0x000000489a900000,0x000000489aa00000] [id=27084]

Threads with active compile tasks:
C2 CompilerThread049089       4       scala.meta.internal.parsers.ScalametaParser$LazyTokenIterator::nextToken (2224 bytes)
C2 CompilerThread149084       4       scala.tools.nsc.typechecker.Namers$Namer::valDefSig (336 bytes)
C2 CompilerThread249143       4       org.scalafmt.util.TreeOps$::isSeqMulti (17 bytes)

VM state:not at safepoint (normal execution)

VM Mutex/Monitor currently owned by a thread: None

Heap address: 0x00000000c0000000, size: 1024 MB, Compressed Oops mode: 32-bit
Narrow klass base: 0x0000000000000000, Narrow klass shift: 3
Compressed class space size: 1073741824 Address: 0x0000000100000000

Heap:
 garbage-first heap   total 212992K, used 149016K [0x00000000c0000000, 0x0000000100000000)
  region size 1024K, 32 young (32768K), 1 survivors (1024K)
 Metaspace       used 260010K, capacity 274942K, committed 275148K, reserved 1284096K
  class space    used 33663K, capacity 40803K, committed 40832K, reserved 1048576K
Heap Regions: E=young(eden), S=young(survivor), O=old, HS=humongous(starts), HC=humongous(continues), CS=collection set, F=free, A=archive, TAMS=top-at-mark-start (previous, next)
|   0|0x00000000c0000000, 0x00000000c0100000, 0x00000000c0100000|100%| O|  |TAMS 0x00000000c0100000, 0x00000000c0000000| Untracked 
|   1|0x00000000c0100000, 0x00000000c0200000, 0x00000000c0200000|100%| O|  |TAMS 0x00000000c0200000, 0x00000000c0100000| Untracked 
|   2|0x00000000c0200000, 0x00000000c0300000, 0x00000000c0300000|100%| O|  |TAMS 0x00000000c0300000, 0x00000000c0200000| Untracked 
|   3|0x00000000c0300000, 0x00000000c0400000, 0x00000000c0400000|100%| O|  |TAMS 0x00000000c0400000, 0x00000000c0300000| Untracked 
|   4|0x00000000c0400000, 0x00000000c0500000, 0x00000000c0500000|100%| O|  |TAMS 0x00000000c0500000, 0x00000000c0400000| Untracked 
|   5|0x00000000c0500000, 0x00000000c0600000, 0x00000000c0600000|100%| O|  |TAMS 0x00000000c0600000, 0x00000000c0500000| Untracked 
|   6|0x00000000c0600000, 0x00000000c0700000, 0x00000000c0700000|100%| O|  |TAMS 0x00000000c0700000, 0x00000000c0600000| Untracked 
|   7|0x00000000c0700000, 0x00000000c0800000, 0x00000000c0800000|100%| O|  |TAMS 0x00000000c0800000, 0x00000000c0700000| Untracked 
|   8|0x00000000c0800000, 0x00000000c0900000, 0x00000000c0900000|100%| O|  |TAMS 0x00000000c0900000, 0x00000000c0800000| Untracked 
|   9|0x00000000c0900000, 0x00000000c0a00000, 0x00000000c0a00000|100%| O|  |TAMS 0x00000000c0a00000, 0x00000000c0900000| Untracked 
|  10|0x00000000c0a00000, 0x00000000c0b00000, 0x00000000c0b00000|100%| O|  |TAMS 0x00000000c0b00000, 0x00000000c0a00000| Untracked 
|  11|0x00000000c0b00000, 0x00000000c0c00000, 0x00000000c0c00000|100%| O|  |TAMS 0x00000000c0c00000, 0x00000000c0b00000| Untracked 
|  12|0x00000000c0c00000, 0x00000000c0d00000, 0x00000000c0d00000|100%| O|  |TAMS 0x00000000c0d00000, 0x00000000c0c00000| Untracked 
|  13|0x00000000c0d00000, 0x00000000c0e00000, 0x00000000c0e00000|100%| O|  |TAMS 0x00000000c0e00000, 0x00000000c0d00000| Untracked 
|  14|0x00000000c0e00000, 0x00000000c0f00000, 0x00000000c0f00000|100%| O|  |TAMS 0x00000000c0f00000, 0x00000000c0e00000| Untracked 
|  15|0x00000000c0f00000, 0x00000000c1000000, 0x00000000c1000000|100%|HS|  |TAMS 0x00000000c1000000, 0x00000000c0f00000| Complete 
|  16|0x00000000c1000000, 0x00000000c1100000, 0x00000000c1100000|100%|HC|  |TAMS 0x00000000c1100000, 0x00000000c1000000| Complete 
|  17|0x00000000c1100000, 0x00000000c1100000, 0x00000000c1200000|  0%| F|  |TAMS 0x00000000c1100000, 0x00000000c1100000| Untracked 
|  18|0x00000000c1200000, 0x00000000c1300000, 0x00000000c1300000|100%| O|  |TAMS 0x00000000c1300000, 0x00000000c1200000| Untracked 
|  19|0x00000000c1300000, 0x00000000c1400000, 0x00000000c1400000|100%| O|  |TAMS 0x00000000c1400000, 0x00000000c1300000| Untracked 
|  20|0x00000000c1400000, 0x00000000c1500000, 0x00000000c1500000|100%| O|  |TAMS 0x00000000c1400000, 0x00000000c1400000| Untracked 
|  21|0x00000000c1500000, 0x00000000c1600000, 0x00000000c1600000|100%| O|  |TAMS 0x00000000c1600000, 0x00000000c1500000| Untracked 
|  22|0x00000000c1600000, 0x00000000c1700000, 0x00000000c1700000|100%| O|  |TAMS 0x00000000c1700000, 0x00000000c1600000| Untracked 
|  23|0x00000000c1700000, 0x00000000c1800000, 0x00000000c1800000|100%| O|  |TAMS 0x00000000c1800000, 0x00000000c1700000| Untracked 
|  24|0x00000000c1800000, 0x00000000c1900000, 0x00000000c1900000|100%| O|  |TAMS 0x00000000c1900000, 0x00000000c1800000| Untracked 
|  25|0x00000000c1900000, 0x00000000c1a00000, 0x00000000c1a00000|100%|HS|  |TAMS 0x00000000c1a00000, 0x00000000c1900000| Complete 
|  26|0x00000000c1a00000, 0x00000000c1b00000, 0x00000000c1b00000|100%|HC|  |TAMS 0x00000000c1b00000, 0x00000000c1a00000| Complete 
|  27|0x00000000c1b00000, 0x00000000c1c00000, 0x00000000c1c00000|100%|HC|  |TAMS 0x00000000c1c00000, 0x00000000c1b00000| Complete 
|  28|0x00000000c1c00000, 0x00000000c1d00000, 0x00000000c1d00000|100%| O|  |TAMS 0x00000000c1d00000, 0x00000000c1c00000| Untracked 
|  29|0x00000000c1d00000, 0x00000000c1e00000, 0x00000000c1e00000|100%| O|  |TAMS 0x00000000c1e00000, 0x00000000c1d00000| Untracked 
|  30|0x00000000c1e00000, 0x00000000c1f00000, 0x00000000c1f00000|100%| O|  |TAMS 0x00000000c1f00000, 0x00000000c1e00000| Untracked 
|  31|0x00000000c1f00000, 0x00000000c2000000, 0x00000000c2000000|100%| O|  |TAMS 0x00000000c2000000, 0x00000000c1f00000| Untracked 
|  32|0x00000000c2000000, 0x00000000c2100000, 0x00000000c2100000|100%| O|  |TAMS 0x00000000c2100000, 0x00000000c2000000| Untracked 
|  33|0x00000000c2100000, 0x00000000c2200000, 0x00000000c2200000|100%| O|  |TAMS 0x00000000c2100000, 0x00000000c2100000| Untracked 
|  34|0x00000000c2200000, 0x00000000c2300000, 0x00000000c2300000|100%| O|  |TAMS 0x00000000c2300000, 0x00000000c2200000| Untracked 
|  35|0x00000000c2300000, 0x00000000c2400000, 0x00000000c2400000|100%| O|  |TAMS 0x00000000c2400000, 0x00000000c2300000| Untracked 
|  36|0x00000000c2400000, 0x00000000c2500000, 0x00000000c2500000|100%| O|  |TAMS 0x00000000c2500000, 0x00000000c2400000| Untracked 
|  37|0x00000000c2500000, 0x00000000c2600000, 0x00000000c2600000|100%| O|  |TAMS 0x00000000c2600000, 0x00000000c2500000| Untracked 
|  38|0x00000000c2600000, 0x00000000c2700000, 0x00000000c2700000|100%| O|  |TAMS 0x00000000c2700000, 0x00000000c2600000| Untracked 
|  39|0x00000000c2700000, 0x00000000c2800000, 0x00000000c2800000|100%| O|  |TAMS 0x00000000c2800000, 0x00000000c2700000| Untracked 
|  40|0x00000000c2800000, 0x00000000c2900000, 0x00000000c2900000|100%| O|  |TAMS 0x00000000c2900000, 0x00000000c2800000| Untracked 
|  41|0x00000000c2900000, 0x00000000c2a00000, 0x00000000c2a00000|100%| O|  |TAMS 0x00000000c2a00000, 0x00000000c2900000| Untracked 
|  42|0x00000000c2a00000, 0x00000000c2b00000, 0x00000000c2b00000|100%| O|  |TAMS 0x00000000c2b00000, 0x00000000c2a00000| Untracked 
|  43|0x00000000c2b00000, 0x00000000c2c00000, 0x00000000c2c00000|100%| O|  |TAMS 0x00000000c2c00000, 0x00000000c2b00000| Untracked 
|  44|0x00000000c2c00000, 0x00000000c2d00000, 0x00000000c2d00000|100%| O|  |TAMS 0x00000000c2d00000, 0x00000000c2c00000| Untracked 
|  45|0x00000000c2d00000, 0x00000000c2e00000, 0x00000000c2e00000|100%| O|  |TAMS 0x00000000c2d00000, 0x00000000c2d00000| Untracked 
|  46|0x00000000c2e00000, 0x00000000c2f00000, 0x00000000c2f00000|100%| O|  |TAMS 0x00000000c2f00000, 0x00000000c2e00000| Untracked 
|  47|0x00000000c2f00000, 0x00000000c3000000, 0x00000000c3000000|100%| O|  |TAMS 0x00000000c2f00000, 0x00000000c2f00000| Untracked 
|  48|0x00000000c3000000, 0x00000000c3100000, 0x00000000c3100000|100%| O|  |TAMS 0x00000000c3000000, 0x00000000c3000000| Untracked 
|  49|0x00000000c3100000, 0x00000000c3200000, 0x00000000c3200000|100%| O|  |TAMS 0x00000000c3200000, 0x00000000c3100000| Untracked 
|  50|0x00000000c3200000, 0x00000000c3300000, 0x00000000c3300000|100%| O|  |TAMS 0x00000000c3300000, 0x00000000c3200000| Untracked 
|  51|0x00000000c3300000, 0x00000000c3400000, 0x00000000c3400000|100%| O|  |TAMS 0x00000000c3400000, 0x00000000c3300000| Untracked 
|  52|0x00000000c3400000, 0x00000000c3500000, 0x00000000c3500000|100%| O|  |TAMS 0x00000000c3500000, 0x00000000c3400000| Untracked 
|  53|0x00000000c3500000, 0x00000000c3600000, 0x00000000c3600000|100%| O|  |TAMS 0x00000000c3600000, 0x00000000c3500000| Untracked 
|  54|0x00000000c3600000, 0x00000000c3700000, 0x00000000c3700000|100%| O|  |TAMS 0x00000000c3700000, 0x00000000c3600000| Untracked 
|  55|0x00000000c3700000, 0x00000000c3800000, 0x00000000c3800000|100%| O|  |TAMS 0x00000000c3800000, 0x00000000c3700000| Untracked 
|  56|0x00000000c3800000, 0x00000000c3800000, 0x00000000c3900000|  0%| F|  |TAMS 0x00000000c3800000, 0x00000000c3800000| Untracked 
|  57|0x00000000c3900000, 0x00000000c3a00000, 0x00000000c3a00000|100%| O|  |TAMS 0x00000000c3a00000, 0x00000000c3900000| Untracked 
|  58|0x00000000c3a00000, 0x00000000c3b00000, 0x00000000c3b00000|100%| O|  |TAMS 0x00000000c3b00000, 0x00000000c3a00000| Untracked 
|  59|0x00000000c3b00000, 0x00000000c3c00000, 0x00000000c3c00000|100%| O|  |TAMS 0x00000000c3c00000, 0x00000000c3b00000| Untracked 
|  60|0x00000000c3c00000, 0x00000000c3d00000, 0x00000000c3d00000|100%| O|  |TAMS 0x00000000c3d00000, 0x00000000c3c00000| Untracked 
|  61|0x00000000c3d00000, 0x00000000c3e00000, 0x00000000c3e00000|100%| O|  |TAMS 0x00000000c3e00000, 0x00000000c3d00000| Untracked 
|  62|0x00000000c3e00000, 0x00000000c3f00000, 0x00000000c3f00000|100%| O|  |TAMS 0x00000000c3f00000, 0x00000000c3e00000| Untracked 
|  63|0x00000000c3f00000, 0x00000000c4000000, 0x00000000c4000000|100%| O|  |TAMS 0x00000000c4000000, 0x00000000c3f00000| Untracked 
|  64|0x00000000c4000000, 0x00000000c4100000, 0x00000000c4100000|100%| O|  |TAMS 0x00000000c4000000, 0x00000000c4000000| Untracked 
|  65|0x00000000c4100000, 0x00000000c4200000, 0x00000000c4200000|100%| O|  |TAMS 0x00000000c4200000, 0x00000000c4100000| Untracked 
|  66|0x00000000c4200000, 0x00000000c4300000, 0x00000000c4300000|100%| O|  |TAMS 0x00000000c4300000, 0x00000000c4200000| Untracked 
|  67|0x00000000c4300000, 0x00000000c4400000, 0x00000000c4400000|100%| O|  |TAMS 0x00000000c4400000, 0x00000000c4300000| Untracked 
|  68|0x00000000c4400000, 0x00000000c4400000, 0x00000000c4500000|  0%| F|  |TAMS 0x00000000c4400000, 0x00000000c4400000| Untracked 
|  69|0x00000000c4500000, 0x00000000c4600000, 0x00000000c4600000|100%| O|  |TAMS 0x00000000c4600000, 0x00000000c4500000| Untracked 
|  70|0x00000000c4600000, 0x00000000c4700000, 0x00000000c4700000|100%| O|  |TAMS 0x00000000c4700000, 0x00000000c4600000| Untracked 
|  71|0x00000000c4700000, 0x00000000c4800000, 0x00000000c4800000|100%| O|  |TAMS 0x00000000c4800000, 0x00000000c4700000| Untracked 
|  72|0x00000000c4800000, 0x00000000c4900000, 0x00000000c4900000|100%| O|  |TAMS 0x00000000c4900000, 0x00000000c4800000| Untracked 
|  73|0x00000000c4900000, 0x00000000c4a00000, 0x00000000c4a00000|100%| O|  |TAMS 0x00000000c4a00000, 0x00000000c4900000| Untracked 
|  74|0x00000000c4a00000, 0x00000000c4a00000, 0x00000000c4b00000|  0%| F|  |TAMS 0x00000000c4a00000, 0x00000000c4a00000| Untracked 
|  75|0x00000000c4b00000, 0x00000000c4c00000, 0x00000000c4c00000|100%| O|  |TAMS 0x00000000c4c00000, 0x00000000c4b00000| Untracked 
|  76|0x00000000c4c00000, 0x00000000c4d00000, 0x00000000c4d00000|100%| O|  |TAMS 0x00000000c4d00000, 0x00000000c4c00000| Untracked 
|  77|0x00000000c4d00000, 0x00000000c4e00000, 0x00000000c4e00000|100%| O|  |TAMS 0x00000000c4e00000, 0x00000000c4d00000| Untracked 
|  78|0x00000000c4e00000, 0x00000000c4f00000, 0x00000000c4f00000|100%| O|  |TAMS 0x00000000c4f00000, 0x00000000c4e00000| Untracked 
|  79|0x00000000c4f00000, 0x00000000c5000000, 0x00000000c5000000|100%| O|  |TAMS 0x00000000c5000000, 0x00000000c4f00000| Untracked 
|  80|0x00000000c5000000, 0x00000000c5100000, 0x00000000c5100000|100%| O|  |TAMS 0x00000000c5100000, 0x00000000c5000000| Untracked 
|  81|0x00000000c5100000, 0x00000000c5100000, 0x00000000c5200000|  0%| F|  |TAMS 0x00000000c5100000, 0x00000000c5100000| Untracked 
|  82|0x00000000c5200000, 0x00000000c5300000, 0x00000000c5300000|100%| O|  |TAMS 0x00000000c5300000, 0x00000000c5200000| Untracked 
|  83|0x00000000c5300000, 0x00000000c5400000, 0x00000000c5400000|100%| O|  |TAMS 0x00000000c5400000, 0x00000000c5300000| Untracked 
|  84|0x00000000c5400000, 0x00000000c5500000, 0x00000000c5500000|100%| O|  |TAMS 0x00000000c5500000, 0x00000000c5400000| Untracked 
|  85|0x00000000c5500000, 0x00000000c5600000, 0x00000000c5600000|100%| O|  |TAMS 0x00000000c5600000, 0x00000000c5500000| Untracked 
|  86|0x00000000c5600000, 0x00000000c5700000, 0x00000000c5700000|100%| O|  |TAMS 0x00000000c5700000, 0x00000000c5600000| Untracked 
|  87|0x00000000c5700000, 0x00000000c5800000, 0x00000000c5800000|100%| O|  |TAMS 0x00000000c5800000, 0x00000000c5700000| Untracked 
|  88|0x00000000c5800000, 0x00000000c5900000, 0x00000000c5900000|100%| O|  |TAMS 0x00000000c5900000, 0x00000000c5800000| Untracked 
|  89|0x00000000c5900000, 0x00000000c5a00000, 0x00000000c5a00000|100%|HS|  |TAMS 0x00000000c5a00000, 0x00000000c5900000| Complete 
|  90|0x00000000c5a00000, 0x00000000c5b00000, 0x00000000c5b00000|100%|HC|  |TAMS 0x00000000c5b00000, 0x00000000c5a00000| Complete 
|  91|0x00000000c5b00000, 0x00000000c5c00000, 0x00000000c5c00000|100%|HC|  |TAMS 0x00000000c5c00000, 0x00000000c5b00000| Complete 
|  92|0x00000000c5c00000, 0x00000000c5d00000, 0x00000000c5d00000|100%| O|  |TAMS 0x00000000c5d00000, 0x00000000c5c00000| Untracked 
|  93|0x00000000c5d00000, 0x00000000c5d00000, 0x00000000c5e00000|  0%| F|  |TAMS 0x00000000c5d00000, 0x00000000c5d00000| Untracked 
|  94|0x00000000c5e00000, 0x00000000c5f00000, 0x00000000c5f00000|100%| O|  |TAMS 0x00000000c5f00000, 0x00000000c5e00000| Untracked 
|  95|0x00000000c5f00000, 0x00000000c6000000, 0x00000000c6000000|100%| O|  |TAMS 0x00000000c6000000, 0x00000000c5f00000| Untracked 
|  96|0x00000000c6000000, 0x00000000c6100000, 0x00000000c6100000|100%| O|  |TAMS 0x00000000c6100000, 0x00000000c6000000| Untracked 
|  97|0x00000000c6100000, 0x00000000c6200000, 0x00000000c6200000|100%| O|  |TAMS 0x00000000c6200000, 0x00000000c6100000| Untracked 
|  98|0x00000000c6200000, 0x00000000c6300000, 0x00000000c6300000|100%| O|  |TAMS 0x00000000c6300000, 0x00000000c6200000| Untracked 
|  99|0x00000000c6300000, 0x00000000c6400000, 0x00000000c6400000|100%| O|  |TAMS 0x00000000c6400000, 0x00000000c6300000| Untracked 
| 100|0x00000000c6400000, 0x00000000c6500000, 0x00000000c6500000|100%| O|  |TAMS 0x00000000c6500000, 0x00000000c6400000| Untracked 
| 101|0x00000000c6500000, 0x00000000c6600000, 0x00000000c6600000|100%| O|  |TAMS 0x00000000c6600000, 0x00000000c6500000| Untracked 
| 102|0x00000000c6600000, 0x00000000c6600000, 0x00000000c6700000|  0%| F|  |TAMS 0x00000000c6600000, 0x00000000c6600000| Untracked 
| 103|0x00000000c6700000, 0x00000000c6800000, 0x00000000c6800000|100%| O|  |TAMS 0x00000000c6800000, 0x00000000c6700000| Untracked 
| 104|0x00000000c6800000, 0x00000000c6900000, 0x00000000c6900000|100%| O|  |TAMS 0x00000000c6900000, 0x00000000c6800000| Untracked 
| 105|0x00000000c6900000, 0x00000000c6a00000, 0x00000000c6a00000|100%| O|  |TAMS 0x00000000c6a00000, 0x00000000c6900000| Untracked 
| 106|0x00000000c6a00000, 0x00000000c6b00000, 0x00000000c6b00000|100%| O|  |TAMS 0x00000000c6b00000, 0x00000000c6a00000| Untracked 
| 107|0x00000000c6b00000, 0x00000000c6b00000, 0x00000000c6c00000|  0%| F|  |TAMS 0x00000000c6b00000, 0x00000000c6b00000| Untracked 
| 108|0x00000000c6c00000, 0x00000000c6c00000, 0x00000000c6d00000|  0%| F|  |TAMS 0x00000000c6c00000, 0x00000000c6c00000| Untracked 
| 109|0x00000000c6d00000, 0x00000000c6e00000, 0x00000000c6e00000|100%| O|  |TAMS 0x00000000c6e00000, 0x00000000c6d00000| Untracked 
| 110|0x00000000c6e00000, 0x00000000c6f00000, 0x00000000c6f00000|100%| O|  |TAMS 0x00000000c6f00000, 0x00000000c6e00000| Untracked 
| 111|0x00000000c6f00000, 0x00000000c6f00000, 0x00000000c7000000|  0%| F|  |TAMS 0x00000000c6f00000, 0x00000000c6f00000| Untracked 
| 112|0x00000000c7000000, 0x00000000c7100000, 0x00000000c7100000|100%| O|  |TAMS 0x00000000c7100000, 0x00000000c7000000| Untracked 
| 113|0x00000000c7100000, 0x00000000c7200000, 0x00000000c7200000|100%| O|  |TAMS 0x00000000c7200000, 0x00000000c7100000| Untracked 
| 114|0x00000000c7200000, 0x00000000c7300000, 0x00000000c7300000|100%| O|  |TAMS 0x00000000c72e6200, 0x00000000c7200000| Untracked 
| 115|0x00000000c7300000, 0x00000000c7324c00, 0x00000000c7400000| 14%| O|  |TAMS 0x00000000c7300000, 0x00000000c7300000| Untracked 
| 116|0x00000000c7400000, 0x00000000c7400000, 0x00000000c7500000|  0%| F|  |TAMS 0x00000000c7400000, 0x00000000c7400000| Untracked 
| 117|0x00000000c7500000, 0x00000000c7500000, 0x00000000c7600000|  0%| F|  |TAMS 0x00000000c7500000, 0x00000000c7500000| Untracked 
| 118|0x00000000c7600000, 0x00000000c7600000, 0x00000000c7700000|  0%| F|  |TAMS 0x00000000c7600000, 0x00000000c7600000| Untracked 
| 119|0x00000000c7700000, 0x00000000c7700000, 0x00000000c7800000|  0%| F|  |TAMS 0x00000000c7700000, 0x00000000c7700000| Untracked 
| 120|0x00000000c7800000, 0x00000000c7800000, 0x00000000c7900000|  0%| F|  |TAMS 0x00000000c7800000, 0x00000000c7800000| Untracked 
| 121|0x00000000c7900000, 0x00000000c7a00000, 0x00000000c7a00000|100%|HS|  |TAMS 0x00000000c7a00000, 0x00000000c7900000| Complete 
| 122|0x00000000c7a00000, 0x00000000c7b00000, 0x00000000c7b00000|100%|HC|  |TAMS 0x00000000c7b00000, 0x00000000c7a00000| Complete 
| 123|0x00000000c7b00000, 0x00000000c7c00000, 0x00000000c7c00000|100%|HC|  |TAMS 0x00000000c7c00000, 0x00000000c7b00000| Complete 
| 124|0x00000000c7c00000, 0x00000000c7d00000, 0x00000000c7d00000|100%|HC|  |TAMS 0x00000000c7d00000, 0x00000000c7c00000| Complete 
| 125|0x00000000c7d00000, 0x00000000c7e00000, 0x00000000c7e00000|100%|HC|  |TAMS 0x00000000c7e00000, 0x00000000c7d00000| Complete 
| 126|0x00000000c7e00000, 0x00000000c7f00000, 0x00000000c7f00000|100%|HC|  |TAMS 0x00000000c7f00000, 0x00000000c7e00000| Complete 
| 127|0x00000000c7f00000, 0x00000000c8000000, 0x00000000c8000000|100%|HC|  |TAMS 0x00000000c8000000, 0x00000000c7f00000| Complete 
| 128|0x00000000c8000000, 0x00000000c8100000, 0x00000000c8100000|100%|HC|  |TAMS 0x00000000c8100000, 0x00000000c8000000| Complete 
| 129|0x00000000c8100000, 0x00000000c8200000, 0x00000000c8200000|100%|HC|  |TAMS 0x00000000c8200000, 0x00000000c8100000| Complete 
| 130|0x00000000c8200000, 0x00000000c8200000, 0x00000000c8300000|  0%| F|  |TAMS 0x00000000c8200000, 0x00000000c8200000| Untracked 
| 131|0x00000000c8300000, 0x00000000c8400000, 0x00000000c8400000|100%| O|  |TAMS 0x00000000c8400000, 0x00000000c8300000| Untracked 
| 132|0x00000000c8400000, 0x00000000c8400000, 0x00000000c8500000|  0%| F|  |TAMS 0x00000000c8400000, 0x00000000c8400000| Untracked 
| 133|0x00000000c8500000, 0x00000000c8500000, 0x00000000c8600000|  0%| F|  |TAMS 0x00000000c8500000, 0x00000000c8500000| Untracked 
| 134|0x00000000c8600000, 0x00000000c8600000, 0x00000000c8700000|  0%| F|  |TAMS 0x00000000c8600000, 0x00000000c8600000| Untracked 
| 135|0x00000000c8700000, 0x00000000c8700000, 0x00000000c8800000|  0%| F|  |TAMS 0x00000000c8700000, 0x00000000c8700000| Untracked 
| 136|0x00000000c8800000, 0x00000000c8800000, 0x00000000c8900000|  0%| F|  |TAMS 0x00000000c8800000, 0x00000000c8800000| Untracked 
| 137|0x00000000c8900000, 0x00000000c8900000, 0x00000000c8a00000|  0%| F|  |TAMS 0x00000000c8900000, 0x00000000c8900000| Untracked 
| 138|0x00000000c8a00000, 0x00000000c8a00000, 0x00000000c8b00000|  0%| F|  |TAMS 0x00000000c8a00000, 0x00000000c8a00000| Untracked 
| 139|0x00000000c8b00000, 0x00000000c8b00000, 0x00000000c8c00000|  0%| F|  |TAMS 0x00000000c8b00000, 0x00000000c8b00000| Untracked 
| 140|0x00000000c8c00000, 0x00000000c8d00000, 0x00000000c8d00000|100%| O|  |TAMS 0x00000000c8d00000, 0x00000000c8c00000| Untracked 
| 141|0x00000000c8d00000, 0x00000000c8d00000, 0x00000000c8e00000|  0%| F|  |TAMS 0x00000000c8d00000, 0x00000000c8d00000| Untracked 
| 142|0x00000000c8e00000, 0x00000000c8e00000, 0x00000000c8f00000|  0%| F|  |TAMS 0x00000000c8e00000, 0x00000000c8e00000| Untracked 
| 143|0x00000000c8f00000, 0x00000000c8f00000, 0x00000000c9000000|  0%| F|  |TAMS 0x00000000c8f00000, 0x00000000c8f00000| Untracked 
| 144|0x00000000c9000000, 0x00000000c9000000, 0x00000000c9100000|  0%| F|  |TAMS 0x00000000c9000000, 0x00000000c9000000| Untracked 
| 145|0x00000000c9100000, 0x00000000c9100000, 0x00000000c9200000|  0%| F|  |TAMS 0x00000000c9100000, 0x00000000c9100000| Untracked 
| 146|0x00000000c9200000, 0x00000000c9200000, 0x00000000c9300000|  0%| F|  |TAMS 0x00000000c9200000, 0x00000000c9200000| Untracked 
| 147|0x00000000c9300000, 0x00000000c9300000, 0x00000000c9400000|  0%| F|  |TAMS 0x00000000c9300000, 0x00000000c9300000| Untracked 
| 148|0x00000000c9400000, 0x00000000c9400000, 0x00000000c9500000|  0%| F|  |TAMS 0x00000000c9400000, 0x00000000c9400000| Untracked 
| 149|0x00000000c9500000, 0x00000000c9500000, 0x00000000c9600000|  0%| F|  |TAMS 0x00000000c9500000, 0x00000000c9500000| Untracked 
| 150|0x00000000c9600000, 0x00000000c9600000, 0x00000000c9700000|  0%| F|  |TAMS 0x00000000c9600000, 0x00000000c9600000| Untracked 
| 151|0x00000000c9700000, 0x00000000c9700000, 0x00000000c9800000|  0%| F|  |TAMS 0x00000000c9700000, 0x00000000c9700000| Untracked 
| 152|0x00000000c9800000, 0x00000000c9800000, 0x00000000c9900000|  0%| F|  |TAMS 0x00000000c9800000, 0x00000000c9800000| Untracked 
| 153|0x00000000c9900000, 0x00000000c9900000, 0x00000000c9a00000|  0%| F|  |TAMS 0x00000000c9900000, 0x00000000c9900000| Untracked 
| 154|0x00000000c9a00000, 0x00000000c9a00000, 0x00000000c9b00000|  0%| F|  |TAMS 0x00000000c9a00000, 0x00000000c9a00000| Untracked 
| 155|0x00000000c9b00000, 0x00000000c9b00000, 0x00000000c9c00000|  0%| F|  |TAMS 0x00000000c9b00000, 0x00000000c9b00000| Untracked 
| 156|0x00000000c9c00000, 0x00000000c9c00000, 0x00000000c9d00000|  0%| F|  |TAMS 0x00000000c9c00000, 0x00000000c9c00000| Untracked 
| 157|0x00000000c9d00000, 0x00000000c9d00000, 0x00000000c9e00000|  0%| F|  |TAMS 0x00000000c9d00000, 0x00000000c9d00000| Untracked 
| 158|0x00000000c9e00000, 0x00000000c9e00000, 0x00000000c9f00000|  0%| F|  |TAMS 0x00000000c9e00000, 0x00000000c9e00000| Untracked 
| 159|0x00000000c9f00000, 0x00000000c9f00000, 0x00000000ca000000|  0%| F|  |TAMS 0x00000000c9f00000, 0x00000000c9f00000| Untracked 
| 160|0x00000000ca000000, 0x00000000ca000000, 0x00000000ca100000|  0%| F|  |TAMS 0x00000000ca000000, 0x00000000ca000000| Untracked 
| 161|0x00000000ca100000, 0x00000000ca100000, 0x00000000ca200000|  0%| F|  |TAMS 0x00000000ca100000, 0x00000000ca100000| Untracked 
| 162|0x00000000ca200000, 0x00000000ca200000, 0x00000000ca300000|  0%| F|  |TAMS 0x00000000ca200000, 0x00000000ca200000| Untracked 
| 163|0x00000000ca300000, 0x00000000ca300000, 0x00000000ca400000|  0%| F|  |TAMS 0x00000000ca300000, 0x00000000ca300000| Untracked 
| 164|0x00000000ca400000, 0x00000000ca400000, 0x00000000ca500000|  0%| F|  |TAMS 0x00000000ca400000, 0x00000000ca400000| Untracked 
| 165|0x00000000ca500000, 0x00000000ca500000, 0x00000000ca600000|  0%| F|  |TAMS 0x00000000ca500000, 0x00000000ca500000| Untracked 
| 166|0x00000000ca600000, 0x00000000ca600000, 0x00000000ca700000|  0%| F|  |TAMS 0x00000000ca600000, 0x00000000ca600000| Untracked 
| 167|0x00000000ca700000, 0x00000000ca700000, 0x00000000ca800000|  0%| F|  |TAMS 0x00000000ca700000, 0x00000000ca700000| Untracked 
| 168|0x00000000ca800000, 0x00000000ca800000, 0x00000000ca900000|  0%| F|  |TAMS 0x00000000ca800000, 0x00000000ca800000| Untracked 
| 169|0x00000000ca900000, 0x00000000ca900000, 0x00000000caa00000|  0%| F|  |TAMS 0x00000000ca900000, 0x00000000ca900000| Untracked 
| 170|0x00000000caa00000, 0x00000000caa00000, 0x00000000cab00000|  0%| F|  |TAMS 0x00000000caa00000, 0x00000000caa00000| Untracked 
| 171|0x00000000cab00000, 0x00000000cab00000, 0x00000000cac00000|  0%| F|  |TAMS 0x00000000cab00000, 0x00000000cab00000| Untracked 
| 172|0x00000000cac00000, 0x00000000cac00000, 0x00000000cad00000|  0%| F|  |TAMS 0x00000000cac00000, 0x00000000cac00000| Untracked 
| 173|0x00000000cad00000, 0x00000000cad00000, 0x00000000cae00000|  0%| F|  |TAMS 0x00000000cad00000, 0x00000000cad00000| Untracked 
| 174|0x00000000cae00000, 0x00000000cae00000, 0x00000000caf00000|  0%| F|  |TAMS 0x00000000cae00000, 0x00000000cae00000| Untracked 
| 175|0x00000000caf00000, 0x00000000cafc4b90, 0x00000000cb000000| 76%| E|  |TAMS 0x00000000caf00000, 0x00000000caf00000| Complete 
| 176|0x00000000cb000000, 0x00000000cb100000, 0x00000000cb100000|100%| E|CS|TAMS 0x00000000cb000000, 0x00000000cb000000| Complete 
| 177|0x00000000cb100000, 0x00000000cb200000, 0x00000000cb200000|100%| E|CS|TAMS 0x00000000cb100000, 0x00000000cb100000| Complete 
| 178|0x00000000cb200000, 0x00000000cb300000, 0x00000000cb300000|100%| E|CS|TAMS 0x00000000cb200000, 0x00000000cb200000| Complete 
| 179|0x00000000cb300000, 0x00000000cb400000, 0x00000000cb400000|100%| E|CS|TAMS 0x00000000cb300000, 0x00000000cb300000| Complete 
| 180|0x00000000cb400000, 0x00000000cb500000, 0x00000000cb500000|100%| E|CS|TAMS 0x00000000cb400000, 0x00000000cb400000| Complete 
| 181|0x00000000cb500000, 0x00000000cb600000, 0x00000000cb600000|100%| E|CS|TAMS 0x00000000cb500000, 0x00000000cb500000| Complete 
| 182|0x00000000cb600000, 0x00000000cb700000, 0x00000000cb700000|100%| E|CS|TAMS 0x00000000cb600000, 0x00000000cb600000| Complete 
| 183|0x00000000cb700000, 0x00000000cb800000, 0x00000000cb800000|100%| E|CS|TAMS 0x00000000cb700000, 0x00000000cb700000| Complete 
| 184|0x00000000cb800000, 0x00000000cb900000, 0x00000000cb900000|100%| E|CS|TAMS 0x00000000cb800000, 0x00000000cb800000| Complete 
| 185|0x00000000cb900000, 0x00000000cba00000, 0x00000000cba00000|100%| E|CS|TAMS 0x00000000cb900000, 0x00000000cb900000| Complete 
| 186|0x00000000cba00000, 0x00000000cbb00000, 0x00000000cbb00000|100%| E|CS|TAMS 0x00000000cba00000, 0x00000000cba00000| Complete 
| 187|0x00000000cbb00000, 0x00000000cbc00000, 0x00000000cbc00000|100%| E|CS|TAMS 0x00000000cbb00000, 0x00000000cbb00000| Complete 
| 188|0x00000000cbc00000, 0x00000000cbd00000, 0x00000000cbd00000|100%| E|CS|TAMS 0x00000000cbc00000, 0x00000000cbc00000| Complete 
| 189|0x00000000cbd00000, 0x00000000cbe00000, 0x00000000cbe00000|100%| E|CS|TAMS 0x00000000cbd00000, 0x00000000cbd00000| Complete 
| 190|0x00000000cbe00000, 0x00000000cbf00000, 0x00000000cbf00000|100%| E|CS|TAMS 0x00000000cbe00000, 0x00000000cbe00000| Complete 
| 191|0x00000000cbf00000, 0x00000000cc000000, 0x00000000cc000000|100%| E|  |TAMS 0x00000000cbf00000, 0x00000000cbf00000| Complete 
| 192|0x00000000cc000000, 0x00000000cc100000, 0x00000000cc100000|100%| E|CS|TAMS 0x00000000cc000000, 0x00000000cc000000| Complete 
| 193|0x00000000cc100000, 0x00000000cc200000, 0x00000000cc200000|100%| E|CS|TAMS 0x00000000cc100000, 0x00000000cc100000| Complete 
| 194|0x00000000cc200000, 0x00000000cc300000, 0x00000000cc300000|100%| E|CS|TAMS 0x00000000cc200000, 0x00000000cc200000| Complete 
| 195|0x00000000cc300000, 0x00000000cc400000, 0x00000000cc400000|100%| E|CS|TAMS 0x00000000cc300000, 0x00000000cc300000| Complete 
| 196|0x00000000cc400000, 0x00000000cc500000, 0x00000000cc500000|100%| E|CS|TAMS 0x00000000cc400000, 0x00000000cc400000| Complete 
| 197|0x00000000cc500000, 0x00000000cc600000, 0x00000000cc600000|100%| E|CS|TAMS 0x00000000cc500000, 0x00000000cc500000| Complete 
| 198|0x00000000cc600000, 0x00000000cc700000, 0x00000000cc700000|100%| E|CS|TAMS 0x00000000cc600000, 0x00000000cc600000| Complete 
| 199|0x00000000cc700000, 0x00000000cc7617d0, 0x00000000cc800000| 38%| S|CS|TAMS 0x00000000cc700000, 0x00000000cc700000| Complete 
| 200|0x00000000cc800000, 0x00000000cc900000, 0x00000000cc900000|100%| E|CS|TAMS 0x00000000cc800000, 0x00000000cc800000| Complete 
| 201|0x00000000cc900000, 0x00000000cca00000, 0x00000000cca00000|100%| E|CS|TAMS 0x00000000cc900000, 0x00000000cc900000| Complete 
| 202|0x00000000cca00000, 0x00000000ccb00000, 0x00000000ccb00000|100%| E|CS|TAMS 0x00000000cca00000, 0x00000000cca00000| Complete 
| 203|0x00000000ccb00000, 0x00000000ccc00000, 0x00000000ccc00000|100%| E|CS|TAMS 0x00000000ccb00000, 0x00000000ccb00000| Complete 
| 204|0x00000000ccc00000, 0x00000000ccd00000, 0x00000000ccd00000|100%| E|CS|TAMS 0x00000000ccc00000, 0x00000000ccc00000| Complete 
| 205|0x00000000ccd00000, 0x00000000cce00000, 0x00000000cce00000|100%| E|CS|TAMS 0x00000000ccd00000, 0x00000000ccd00000| Complete 
| 206|0x00000000cce00000, 0x00000000ccf00000, 0x00000000ccf00000|100%| E|CS|TAMS 0x00000000cce00000, 0x00000000cce00000| Complete 
| 207|0x00000000ccf00000, 0x00000000cd000000, 0x00000000cd000000|100%| E|CS|TAMS 0x00000000ccf00000, 0x00000000ccf00000| Complete 

Card table byte_map: [0x0000017cb81a0000,0x0000017cb83a0000] _byte_map_base: 0x0000017cb7ba0000

Marking Bits (Prev, Next): (CMBitMap*) 0x0000017ca09793f0, (CMBitMap*) 0x0000017ca09793b8
 Prev Bits: [0x0000017cb95a0000, 0x0000017cba5a0000)
 Next Bits: [0x0000017cb85a0000, 0x0000017cb95a0000)

Polling page: 0x0000017ca0120000

Metaspace:

Usage:
  Non-class:    228.65 MB capacity,   221.04 MB ( 97%) used,     5.74 MB (  3%) free+waste,     1.87 MB ( <1%) overhead. 
      Class:     39.85 MB capacity,    32.87 MB ( 83%) used,     6.07 MB ( 15%) free+waste,   928.69 KB (  2%) overhead. 
       Both:    268.50 MB capacity,   253.92 MB ( 95%) used,    11.81 MB (  4%) free+waste,     2.77 MB (  1%) overhead. 

Virtual space:
  Non-class space:      230.00 MB reserved,     228.82 MB (>99%) committed 
      Class space:        1.00 GB reserved,      39.88 MB (  4%) committed 
             Both:        1.22 GB reserved,     268.70 MB ( 21%) committed 

Chunk freelists:
   Non-Class:  128 bytes
       Class:  0 bytes
        Both:  128 bytes

CodeHeap 'non-profiled nmethods': size=120000Kb used=37182Kb max_used=39374Kb free=82817Kb
 bounds [0x0000017cb0740000, 0x0000017cb2dc0000, 0x0000017cb7c70000]
CodeHeap 'profiled nmethods': size=120000Kb used=75701Kb max_used=80780Kb free=44298Kb
 bounds [0x0000017ca9210000, 0x0000017cae290000, 0x0000017cb0740000]
CodeHeap 'non-nmethods': size=5760Kb used=1430Kb max_used=1500Kb free=4329Kb
 bounds [0x0000017ca8c70000, 0x0000017ca8ee0000, 0x0000017ca9210000]
 total_blobs=68235 nmethods=38191 adapters=780
 compilation: enabled
              stopped_count=0, restarted_count=0
 full_count=0

Compilation events (10 events):
Event: 3692.173 Thread 0x0000017cc9a30800 49115       4       scala.collection.AbstractIterable::$plus$plus (6 bytes)
Event: 3692.174 Thread 0x0000017cbd980800 nmethod 49151 0x0000017ca99ff810 code [0x0000017ca99ff9e0, 0x0000017ca99ffc90]
Event: 3692.174 Thread 0x0000017cbd980800 49152       3       scala.collection.mutable.PriorityQueue::addOne (6 bytes)
Event: 3692.174 Thread 0x0000017cbd980800 nmethod 49152 0x0000017ca9982a10 code [0x0000017ca9982bc0, 0x0000017ca9982d50]
Event: 3692.174 Thread 0x0000017cbd980800 49154       3       org.scalafmt.internal.BestFirstSearch::newGeneration$1 (12 bytes)
Event: 3692.174 Thread 0x0000017cbd980800 nmethod 49154 0x0000017ca99e9b10 code [0x0000017ca99e9ce0, 0x0000017ca99e9ef0]
Event: 3692.188 Thread 0x0000017cc9a30800 nmethod 49115 0x0000017cb162fa10 code [0x0000017cb162fc80, 0x0000017cb1630588]
Event: 3692.188 Thread 0x0000017cc9a30800 49147       4       scala.collection.mutable.PriorityQueue::isEmpty (15 bytes)
Event: 3692.189 Thread 0x0000017cc9a30800 nmethod 49147 0x0000017cb112a990 code [0x0000017cb112ab20, 0x0000017cb112abb8]
Event: 3692.189 Thread 0x0000017cc9a30800 49143       4       org.scalafmt.util.TreeOps$::isSeqMulti (17 bytes)

GC Heap History (10 events):
Event: 3664.964 GC heap before
{Heap before GC invocations=616 (full 0):
 garbage-first heap   total 212992K, used 160566K [0x00000000c0000000, 0x0000000100000000)
  region size 1024K, 40 young (40960K), 1 survivors (1024K)
 Metaspace       used 259837K, capacity 274798K, committed 274892K, reserved 1284096K
  class space    used 33634K, capacity 40774K, committed 40832K, reserved 1048576K
}
Event: 3664.970 GC heap after
{Heap after GC invocations=617 (full 0):
 garbage-first heap   total 212992K, used 127645K [0x00000000c0000000, 0x0000000100000000)
  region size 1024K, 5 young (5120K), 5 survivors (5120K)
 Metaspace       used 259837K, capacity 274798K, committed 274892K, reserved 1284096K
  class space    used 33634K, capacity 40774K, committed 40832K, reserved 1048576K
}
Event: 3682.999 GC heap before
{Heap before GC invocations=617 (full 0):
 garbage-first heap   total 212992K, used 164509K [0x00000000c0000000, 0x0000000100000000)
  region size 1024K, 41 young (41984K), 5 survivors (5120K)
 Metaspace       used 259982K, capacity 274934K, committed 275148K, reserved 1284096K
  class space    used 33663K, capacity 40803K, committed 40832K, reserved 1048576K
}
Event: 3683.012 GC heap after
{Heap after GC invocations=618 (full 0):
 garbage-first heap   total 212992K, used 133104K [0x00000000c0000000, 0x0000000100000000)
  region size 1024K, 6 young (6144K), 6 survivors (6144K)
 Metaspace       used 259982K, capacity 274934K, committed 275148K, reserved 1284096K
  class space    used 33663K, capacity 40803K, committed 40832K, reserved 1048576K
}
Event: 3690.518 GC heap before
{Heap before GC invocations=618 (full 0):
 garbage-first heap   total 212992K, used 166896K [0x00000000c0000000, 0x0000000100000000)
  region size 1024K, 40 young (40960K), 6 survivors (6144K)
 Metaspace       used 259985K, capacity 274936K, committed 275148K, reserved 1284096K
  class space    used 33663K, capacity 40803K, committed 40832K, reserved 1048576K
}
Event: 3690.527 GC heap after
{Heap after GC invocations=619 (full 0):
 garbage-first heap   total 212992K, used 133541K [0x00000000c0000000, 0x0000000100000000)
  region size 1024K, 2 young (2048K), 2 survivors (2048K)
 Metaspace       used 259985K, capacity 274936K, committed 275148K, reserved 1284096K
  class space    used 33663K, capacity 40803K, committed 40832K, reserved 1048576K
}
Event: 3692.046 GC heap before
{Heap before GC invocations=620 (full 0):
 garbage-first heap   total 212992K, used 163237K [0x00000000c0000000, 0x0000000100000000)
  region size 1024K, 38 young (38912K), 2 survivors (2048K)
 Metaspace       used 259987K, capacity 274936K, committed 275148K, reserved 1284096K
  class space    used 33663K, capacity 40803K, committed 40832K, reserved 1048576K
}
Event: 3692.049 GC heap after
{Heap after GC invocations=621 (full 0):
 garbage-first heap   total 212992K, used 127795K [0x00000000c0000000, 0x0000000100000000)
  region size 1024K, 2 young (2048K), 2 survivors (2048K)
 Metaspace       used 259987K, capacity 274936K, committed 275148K, reserved 1284096K
  class space    used 33663K, capacity 40803K, committed 40832K, reserved 1048576K
}
Event: 3692.071 GC heap before
{Heap before GC invocations=621 (full 0):
 garbage-first heap   total 212992K, used 135987K [0x00000000c0000000, 0x0000000100000000)
  region size 1024K, 10 young (10240K), 2 survivors (2048K)
 Metaspace       used 259989K, capacity 274937K, committed 275148K, reserved 1284096K
  class space    used 33663K, capacity 40803K, committed 40832K, reserved 1048576K
}
Event: 3692.080 GC heap after
{Heap after GC invocations=622 (full 0):
 garbage-first heap   total 212992K, used 119320K [0x00000000c0000000, 0x0000000100000000)
  region size 1024K, 1 young (1024K), 1 survivors (1024K)
 Metaspace       used 259989K, capacity 274937K, committed 275148K, reserved 1284096K
  class space    used 33663K, capacity 40803K, committed 40832K, reserved 1048576K
}

Deoptimization events (10 events):
Event: 3666.466 Thread 0x0000017cc56f0000 Uncommon trap: reason=class_check action=maybe_recompile pc=0x0000017cb2379760 method=scala.tools.nsc.typechecker.Infer$instantiate$.apply(Lscala/reflect/internal/Types$Type;)Lscala/reflect/internal/Types$Type; @ 64 c2
Event: 3666.466 Thread 0x0000017cc56f0000 Uncommon trap: reason=class_check action=maybe_recompile pc=0x0000017cb1d15b34 method=scala.reflect.internal.Types$PolyType.baseType(Lscala/reflect/internal/Symbols$Symbol;)Lscala/reflect/internal/Types$Type; @ 5 c2
Event: 3666.473 Thread 0x0000017cc56f0000 Uncommon trap: reason=unstable_if action=reinterpret pc=0x0000017cb0825118 method=scala.tools.nsc.typechecker.Infer.formalTypes(Lscala/collection/immutable/List;IZZ)Lscala/collection/immutable/List; @ 416 c2
Event: 3666.485 Thread 0x0000017cc56f0000 Uncommon trap: reason=bimorphic_or_optimized_type_check action=maybe_recompile pc=0x0000017cb28745fc method=scala.reflect.internal.Types$AliasTypeRef.prefix()Lscala/reflect/internal/Types$Type; @ 18 c2
Event: 3666.485 Thread 0x0000017cc56f0000 Uncommon trap: reason=bimorphic_or_optimized_type_check action=maybe_recompile pc=0x0000017cb2c549f0 method=scala.reflect.internal.Types$PolyType.prefix()Lscala/reflect/internal/Types$Type; @ 4 c2
Event: 3669.871 Thread 0x0000017cc56f0000 Uncommon trap: reason=bimorphic_or_optimized_type_check action=maybe_recompile pc=0x0000017cb28745fc method=scala.reflect.internal.Types$AliasTypeRef.prefix()Lscala/reflect/internal/Types$Type; @ 18 c2
Event: 3669.871 Thread 0x0000017cc56f0000 Uncommon trap: reason=bimorphic_or_optimized_type_check action=maybe_recompile pc=0x0000017cb2c549f0 method=scala.reflect.internal.Types$PolyType.prefix()Lscala/reflect/internal/Types$Type; @ 4 c2
Event: 3670.707 Thread 0x0000017cc56f0000 Uncommon trap: reason=bimorphic_or_optimized_type_check action=maybe_recompile pc=0x0000017cb28745fc method=scala.reflect.internal.Types$AliasTypeRef.prefix()Lscala/reflect/internal/Types$Type; @ 18 c2
Event: 3670.707 Thread 0x0000017cc56f0000 Uncommon trap: reason=bimorphic_or_optimized_type_check action=maybe_recompile pc=0x0000017cb2c549f0 method=scala.reflect.internal.Types$PolyType.prefix()Lscala/reflect/internal/Types$Type; @ 4 c2
Event: 3690.433 Thread 0x0000017cc56f0000 Uncommon trap: reason=class_check action=maybe_recompile pc=0x0000017cb10da048 method=java.util.HashMap.removeNode(ILjava/lang/Object;Ljava/lang/Object;ZZ)Ljava/util/HashMap$Node; @ 143 c2

Classes redefined (0 events):
No events

Internal exceptions (10 events):
Event: 3683.414 Thread 0x0000017cc56f4000 Exception <a 'sun/nio/fs/WindowsException'{0x00000000ccdd94c0}> (0x00000000ccdd94c0) thrown at [t:/workspace/open/src/hotspot/share/prims/jni.cpp, line 615]
Event: 3683.519 Thread 0x0000017cc9a2f800 Exception <a 'sun/nio/fs/WindowsException'{0x00000000ccb00260}> (0x00000000ccb00260) thrown at [t:/workspace/open/src/hotspot/share/prims/jni.cpp, line 615]
Event: 3683.548 Thread 0x0000017cc56f4000 Exception <a 'sun/nio/fs/WindowsException'{0x00000000cca87b48}> (0x00000000cca87b48) thrown at [t:/workspace/open/src/hotspot/share/prims/jni.cpp, line 615]
Event: 3683.631 Thread 0x0000017cc9a2f800 Exception <a 'sun/nio/fs/WindowsException'{0x00000000cc9c0c98}> (0x00000000cc9c0c98) thrown at [t:/workspace/open/src/hotspot/share/prims/jni.cpp, line 615]
Event: 3684.228 Thread 0x0000017cc9a38000 Exception <a 'sun/nio/fs/WindowsException'{0x00000000cc73d658}> (0x00000000cc73d658) thrown at [t:/workspace/open/src/hotspot/share/prims/jni.cpp, line 615]
Event: 3684.272 Thread 0x0000017cc9a2f800 Exception <a 'sun/nio/fs/WindowsException'{0x00000000cc684000}> (0x00000000cc684000) thrown at [t:/workspace/open/src/hotspot/share/prims/jni.cpp, line 615]
Event: 3684.357 Thread 0x0000017cc9a38000 Exception <a 'sun/nio/fs/WindowsException'{0x00000000cc408c80}> (0x00000000cc408c80) thrown at [t:/workspace/open/src/hotspot/share/prims/jni.cpp, line 615]
Event: 3687.183 Thread 0x0000017cc9a2f800 Exception <a 'sun/nio/fs/WindowsException'{0x00000000cc338f98}> (0x00000000cc338f98) thrown at [t:/workspace/open/src/hotspot/share/prims/jni.cpp, line 615]
Event: 3687.215 Thread 0x0000017cc9a38000 Exception <a 'sun/nio/fs/WindowsException'{0x00000000cc2cb428}> (0x00000000cc2cb428) thrown at [t:/workspace/open/src/hotspot/share/prims/jni.cpp, line 615]
Event: 3692.183 Thread 0x0000017cc9a2f800 Exception <a 'sun/nio/fs/WindowsException'{0x00000000cc018e40}> (0x00000000cc018e40) thrown at [t:/workspace/open/src/hotspot/share/prims/jni.cpp, line 615]

Events (10 events):
Event: 3690.610 Executing VM operation: CGC_Operation
Event: 3690.626 Executing VM operation: CGC_Operation done
Event: 3690.667 Executing VM operation: CGC_Operation
Event: 3690.667 Executing VM operation: CGC_Operation done
Event: 3692.046 Executing VM operation: G1CollectForAllocation
Event: 3692.049 Executing VM operation: G1CollectForAllocation done
Event: 3692.071 Executing VM operation: G1CollectForAllocation
Event: 3692.080 Executing VM operation: G1CollectForAllocation done
Event: 3692.083 Thread 0x0000017cc9a33000 Thread added: 0x0000017cc9a33000
Event: 3692.173 Thread 0x0000017cc9a30800 Thread added: 0x0000017cc9a30800


Dynamic libraries:
0x00007ff726200000 - 0x00007ff726247000 	C:\Program Files\Java\jdk-11.0.2\bin\java.exe
0x00007ffc492b0000 - 0x00007ffc494a5000 	C:\WINDOWS\SYSTEM32\ntdll.dll
0x00007ffc48d30000 - 0x00007ffc48dee000 	C:\WINDOWS\System32\KERNEL32.DLL
0x00007ffc46d60000 - 0x00007ffc47028000 	C:\WINDOWS\System32\KERNELBASE.dll
0x00007ffc49030000 - 0x00007ffc490dc000 	C:\WINDOWS\System32\ADVAPI32.dll
0x00007ffc48390000 - 0x00007ffc4842e000 	C:\WINDOWS\System32\msvcrt.dll
0x00007ffc48c60000 - 0x00007ffc48cfb000 	C:\WINDOWS\System32\sechost.dll
0x00007ffc47a40000 - 0x00007ffc47b6a000 	C:\WINDOWS\System32\RPCRT4.dll
0x00007ffc481e0000 - 0x00007ffc48381000 	C:\WINDOWS\System32\USER32.dll
0x00007ffc472c0000 - 0x00007ffc472e2000 	C:\WINDOWS\System32\win32u.dll
0x00007ffc47b70000 - 0x00007ffc47b9b000 	C:\WINDOWS\System32\GDI32.dll
0x00007ffc46af0000 - 0x00007ffc46bfd000 	C:\WINDOWS\System32\gdi32full.dll
0x00007ffc47030000 - 0x00007ffc470cd000 	C:\WINDOWS\System32\msvcp_win.dll
0x00007ffc469f0000 - 0x00007ffc46af0000 	C:\WINDOWS\System32\ucrtbase.dll
0x00007ffc317b0000 - 0x00007ffc31a4a000 	C:\WINDOWS\WinSxS\amd64_microsoft.windows.common-controls_6595b64144ccf1df_6.0.19041.1110_none_60b5254171f9507e\COMCTL32.dll
0x00007ffc45750000 - 0x00007ffc4575a000 	C:\WINDOWS\SYSTEM32\VERSION.dll
0x00007ffc48d00000 - 0x00007ffc48d30000 	C:\WINDOWS\System32\IMM32.DLL
0x00007ffc36e60000 - 0x00007ffc36e76000 	C:\Program Files\Java\jdk-11.0.2\bin\vcruntime140.dll
0x00007ffbfb460000 - 0x00007ffbfb50a000 	C:\Program Files\Java\jdk-11.0.2\bin\msvcp140.dll
0x00007ffbe6170000 - 0x00007ffbe6c97000 	C:\Program Files\Java\jdk-11.0.2\bin\server\jvm.dll
0x00007ffc48c50000 - 0x00007ffc48c58000 	C:\WINDOWS\System32\PSAPI.DLL
0x00007ffc31070000 - 0x00007ffc31097000 	C:\WINDOWS\SYSTEM32\WINMM.dll
0x00007ffc309b0000 - 0x00007ffc309b9000 	C:\WINDOWS\SYSTEM32\WSOCK32.dll
0x00007ffc48be0000 - 0x00007ffc48c4b000 	C:\WINDOWS\System32\WS2_32.dll
0x00007ffc44b70000 - 0x00007ffc44b82000 	C:\WINDOWS\SYSTEM32\kernel.appcore.dll
0x00007ffc36e30000 - 0x00007ffc36e41000 	C:\Program Files\Java\jdk-11.0.2\bin\verify.dll
0x00007ffc44190000 - 0x00007ffc44374000 	C:\WINDOWS\SYSTEM32\DBGHELP.DLL
0x00007ffc38050000 - 0x00007ffc3807c000 	C:\WINDOWS\SYSTEM32\dbgcore.DLL
0x00007ffc47230000 - 0x00007ffc472b2000 	C:\WINDOWS\System32\bcryptPrimitives.dll
0x00007ffc2aa80000 - 0x00007ffc2aaa9000 	C:\Program Files\Java\jdk-11.0.2\bin\java.dll
0x00007ffc33ad0000 - 0x00007ffc33ae6000 	C:\Program Files\Java\jdk-11.0.2\bin\zip.dll
0x00007ffc3b750000 - 0x00007ffc3b75a000 	C:\Program Files\Java\jdk-11.0.2\bin\jimage.dll
0x00007ffc472f0000 - 0x00007ffc47a34000 	C:\WINDOWS\System32\SHELL32.dll
0x00007ffc44f20000 - 0x00007ffc456b4000 	C:\WINDOWS\SYSTEM32\windows.storage.dll
0x00007ffc48880000 - 0x00007ffc48bd5000 	C:\WINDOWS\System32\combase.dll
0x00007ffc462c0000 - 0x00007ffc462ee000 	C:\WINDOWS\SYSTEM32\Wldp.dll
0x00007ffc48700000 - 0x00007ffc487ad000 	C:\WINDOWS\System32\SHCORE.dll
0x00007ffc49210000 - 0x00007ffc49265000 	C:\WINDOWS\System32\shlwapi.dll
0x00007ffc46900000 - 0x00007ffc4691f000 	C:\WINDOWS\SYSTEM32\profapi.dll
0x00007ffc33920000 - 0x00007ffc33939000 	C:\Program Files\Java\jdk-11.0.2\bin\net.dll
0x00007ffc3cba0000 - 0x00007ffc3ccac000 	C:\WINDOWS\SYSTEM32\WINHTTP.dll
0x00007ffc35e50000 - 0x00007ffc3603b000 	C:\WINDOWS\SYSTEM32\urlmon.dll
0x00007ffc35ba0000 - 0x00007ffc35e50000 	C:\WINDOWS\SYSTEM32\iertutil.dll
0x00007ffc3ae50000 - 0x00007ffc3ae78000 	C:\WINDOWS\SYSTEM32\srvcli.dll
0x00007ffc45eb0000 - 0x00007ffc45ebc000 	C:\WINDOWS\SYSTEM32\netutils.dll
0x00007ffc46040000 - 0x00007ffc460aa000 	C:\WINDOWS\system32\mswsock.dll
0x00007ffc26410000 - 0x00007ffc26423000 	C:\Program Files\Java\jdk-11.0.2\bin\nio.dll
0x00007ffc45d90000 - 0x00007ffc45e5b000 	C:\WINDOWS\SYSTEM32\DNSAPI.dll
0x00007ffc45d50000 - 0x00007ffc45d8b000 	C:\WINDOWS\SYSTEM32\IPHLPAPI.DLL
0x00007ffc48f20000 - 0x00007ffc48f28000 	C:\WINDOWS\System32\NSI.dll
0x00007ffc3bae0000 - 0x00007ffc3baea000 	C:\Windows\System32\rasadhlp.dll
0x00007ffc3aad0000 - 0x00007ffc3ab4f000 	C:\WINDOWS\System32\fwpuclnt.dll
0x00007ffc469c0000 - 0x00007ffc469e7000 	C:\WINDOWS\System32\bcrypt.dll
0x00007ffc46300000 - 0x00007ffc46318000 	C:\WINDOWS\SYSTEM32\CRYPTSP.dll
0x00007ffc459e0000 - 0x00007ffc45a14000 	C:\WINDOWS\system32\rsaenh.dll
0x00007ffc46880000 - 0x00007ffc468ae000 	C:\WINDOWS\SYSTEM32\USERENV.dll
0x00007ffc461d0000 - 0x00007ffc461dc000 	C:\WINDOWS\SYSTEM32\CRYPTBASE.dll
0x00007ffc3bd70000 - 0x00007ffc3bd87000 	C:\WINDOWS\SYSTEM32\dhcpcsvc6.DLL
0x00007ffc3bbe0000 - 0x00007ffc3bbfd000 	C:\WINDOWS\SYSTEM32\dhcpcsvc.DLL
0x00007ffc2aa50000 - 0x00007ffc2aa77000 	C:\Program Files\Java\jdk-11.0.2\bin\sunec.dll
0x00007ffc3b520000 - 0x00007ffc3b52d000 	C:\Program Files\Java\jdk-11.0.2\bin\sunmscapi.dll
0x00007ffc470d0000 - 0x00007ffc47226000 	C:\WINDOWS\System32\CRYPT32.dll
0x00007ffc46410000 - 0x00007ffc46437000 	C:\WINDOWS\SYSTEM32\ncrypt.dll
0x00007ffc463d0000 - 0x00007ffc4640b000 	C:\WINDOWS\SYSTEM32\NTASN1.dll
0x000000006fd00000 - 0x000000006fd07000 	C:\Users\brako\AppData\Local\Temp\swoval-jni\2691541797972201824-swoval-files0.dll

dbghelp: loaded successfully - version: 4.0.5 - missing functions: none
symbol engine: initialized successfully - sym options: 0x614 - pdb path: .;C:\Program Files\Java\jdk-11.0.2\bin;C:\WINDOWS\SYSTEM32;C:\WINDOWS\WinSxS\amd64_microsoft.windows.common-controls_6595b64144ccf1df_6.0.19041.1110_none_60b5254171f9507e;C:\Program Files\Java\jdk-11.0.2\bin\server;C:\Users\brako\AppData\Local\Temp\swoval-jni

VM Arguments:
jvm_args: -Xss4m -Xms100m -Dmetals.client=vscode -Xmx1G 
java_command: scala.meta.metals.Main
java_class_path (initial): C:\Users\brako\AppData\Local\Coursier\cache\v1\https\repo1.maven.org\maven2\org\scalameta\metals_2.12\0.10.9\metals_2.12-0.10.9.jar;C:\Users\brako\AppData\Local\Coursier\cache\v1\https\repo1.maven.org\maven2\org\scala-lang\scala-library\2.12.15\scala-library-2.12.15.jar;C:\Users\brako\AppData\Local\Coursier\cache\v1\https\repo1.maven.org\maven2\org\scalameta\mtags_2.12.15\0.10.9\mtags_2.12.15-0.10.9.jar;C:\Users\brako\AppData\Local\Coursier\cache\v1\https\repo1.maven.org\maven2\com\google\guava\guava\31.0.1-jre\guava-31.0.1-jre.jar;C:\Users\brako\AppData\Local\Coursier\cache\v1\https\repo1.maven.org\maven2\com\geirsson\metaconfig-core_2.12\0.9.15\metaconfig-core_2.12-0.9.15.jar;C:\Users\brako\AppData\Local\Coursier\cache\v1\https\repo1.maven.org\maven2\org\openjdk\jol\jol-core\0.16\jol-core-0.16.jar;C:\Users\brako\AppData\Local\Coursier\cache\v1\https\repo1.maven.org\maven2\com\swoval\file-tree-views\2.1.7\file-tree-views-2.1.7.jar;C:\Users\brako\AppData\Local\Coursier\cache\v1\https\repo1.maven.org\maven2\io\undertow\undertow-core\2.2.12.Final\undertow-core-2.2.12.Final.jar;C:\Users\brako\AppData\Local\Coursier\cache\v1\https\repo1.maven.org\maven2\org\jboss\xnio\xnio-nio\3.8.4.Final\xnio-nio-3.8.4.Final.jar;C:\Users\brako\AppData\Local\Coursier\cache\v1\https\repo1.maven.org\maven2\org\flywaydb\flyway-core\8.0.2\flyway-core-8.0.2.jar;C:\Users\brako\AppData\Local\Coursier\cache\v1\https\repo1.maven.org\maven2\com\h2database\h2\1.4.200\h2-1.4.200.jar;C:\Users\brako\AppData\Local\Coursier\cache\v1\https\repo1.maven.org\maven2\org\scala-sbt\ipcsocket\ipcsocket\1.4.0\ipcsocket-1.4.0.jar;C:\Users\brako\AppData\Local\Coursier\cache\v1\https\repo1.maven.org\maven2\ch\epfl\scala\bsp4j\2.0.0-M15\bsp4j-2.0.0-M15.jar;C:\Users\brako\AppData\Local\Coursier\cache\v1\https\repo1.maven.org\maven2\ch\epfl\scala\bloop-launcher_2.12\1.4.11\bloop-launcher_2.12-1.4.11.jar;C:\Users\brako\AppData\Local\Coursier\cache\v1\https\repo1.maven.org\maven2\org\eclips
Launcher Type: SUN_STANDARD

[Global flags]
     intx CICompilerCount                          = 4                                         {product} {ergonomic}
     uint ConcGCThreads                            = 2                                         {product} {ergonomic}
     uint G1ConcRefinementThreads                  = 8                                         {product} {ergonomic}
   size_t G1HeapRegionSize                         = 1048576                                   {product} {ergonomic}
    uintx GCDrainStackTargetSize                   = 64                                        {product} {ergonomic}
   size_t InitialHeapSize                          = 104857600                                 {product} {command line}
   size_t MarkStackSize                            = 4194304                                   {product} {ergonomic}
   size_t MaxHeapSize                              = 1073741824                                {product} {command line}
   size_t MaxNewSize                               = 643825664                                 {product} {ergonomic}
   size_t MinHeapDeltaBytes                        = 1048576                                   {product} {ergonomic}
    uintx NonNMethodCodeHeapSize                   = 5835340                                {pd product} {ergonomic}
    uintx NonProfiledCodeHeapSize                  = 122911450                              {pd product} {ergonomic}
    uintx ProfiledCodeHeapSize                     = 122911450                              {pd product} {ergonomic}
    uintx ReservedCodeCacheSize                    = 251658240                              {pd product} {ergonomic}
     bool SegmentedCodeCache                       = true                                      {product} {ergonomic}
     intx ThreadStackSize                          = 4096                                   {pd product} {command line}
     bool UseCompressedClassPointers               = true                                 {lp64_product} {ergonomic}
     bool UseCompressedOops                        = true                                 {lp64_product} {ergonomic}
     bool UseG1GC                                  = true                                      {product} {ergonomic}
     bool UseLargePagesIndividualAllocation        = false                                  {pd product} {ergonomic}

Logging:
Log output configuration:
 #0: stdout all=warning uptime,level,tags
 #1: stderr all=off uptime,level,tags

Environment Variables:
JAVA_HOME=C:\Program Files\Java\jdk-11.0.2
PATH=C:\Users\brako\AppData\Local\Programs\Python\Python39;C:\Program Files (x86)\Common Files\Oracle\Java\javapath;C:\Python38\Scripts\;C:\Python38\;C:\Python27\;C:\Python27\Scripts;C:\Program Files\Java\jdk-11.0.2\bin;C:\Program Files\Microsoft SQL Server\130\Tools\Binn\;C:\Program Files\dotnet\;C:\Program Files\Microsoft SQL Server\Client SDK\ODBC\170\Tools\Binn\;C:\ProgramData\chocolatey\bin;C:\Program Files\Docker\Docker\resources\bin;C:\ProgramData\DockerDesktop\version-bin;C:\Program Files (x86)\Microsoft SQL Server\150\DTS\Binn\;C:\Program Files\MATLAB\R2020b\bin;C:\Program Files (x86)\Yarn\bin\;C:\ProgramData\ComposerSetup\bin;C:\WINDOWS\system32;C:\WINDOWS;C:\WINDOWS\System32\Wbem;C:\WINDOWS\System32\WindowsPowerShell\v1.0\;C:\WINDOWS\System32\OpenSSH\;C:\ProgramData\ghc-8.10.4\bin\;C:\Program Files\nodejs\;C:\Program Files (x86)\poppler-0.68.0\bin\;C:\antiword\;C:\Program Files\poppler-0.68.0\bin\;C:\Program Files\Tesseract-OCR\;C:\Users\brako\AppData\Local\Programs\Python\Python310\Scripts\;C:\Users\brako\AppData\Local\Programs\Python\Python310\;C:\Program Files\MySQL\MySQL Shell 8.0\bin\;C:\Users\brako\.dotnet\tools;C:\Users\brako\AppData\Local\Programs\Microsoft VS Code\bin;C:\Windows\System32;C:\Program Files\dotnet;C:\Program Files\MongoDB\Server\4.2\bin;C:\Windows\System32\wbem;C:\Program Files\Git\bin\;C:\Program Files\Git\cmd\;C:\User\brako\AppData\Local\Android\Sdk\platform-tools;C:\Users\brako\miniconda3\Library;C:\Users\brako\AppData\Local\groovy-3.0.6\bin;C:\Users\brako\AppData\Local\Yarn\bin;C:\Program Files\PHP\7.3;C:\Users\brako\AppData\Roaming\Composer\vendor\bin;C:\Program Files\Racket;C:\Program Files\JetBrains\PyCharm 2021.2.3\bin;C:\Users\brako\AppData\Roaming\cabal\bin;C:\tools\ghc-9.0.1\bin;C:\tools\msys64;C:\Users\brako\AppData\Roaming\npm;C:\Program Files (x86)\poppler-0.68.0\bin\;C:\antiword\;C:\Program Files\JetBrains\IntelliJ IDEA 2021.2.3\bin;C:\Users\brako\AppData\Local\Coursier\data\bin;C:\Program Files\JetBrains\DataGrip 2021.3
USERNAME=brako
OS=Windows_NT
PROCESSOR_IDENTIFIER=Intel64 Family 6 Model 142 Stepping 10, GenuineIntel



---------------  S Y S T E M  ---------------

OS: Windows 10 , 64 bit Build 19041 (10.0.19041.1348)

CPU:total 8 (initial active 8) (4 cores per cpu, 2 threads per core) family 6 model 142 stepping 10, cmov, cx8, fxsr, mmx, sse, sse2, sse3, ssse3, sse4.1, sse4.2, popcnt, avx, avx2, aes, clmul, erms, 3dnowpref, lzcnt, ht, tsc, tscinvbit, bmi1, bmi2, adx, fma

Memory: 4k page, system-wide physical 16227M (3294M free)
TotalPageFile size 41021M (AvailPageFile size 16772M)
current process WorkingSet (physical memory assigned to process): 721M, peak: 792M
current process commit charge ("private bytes"): 826M, peak: 833M

vm_info: Java HotSpot(TM) 64-Bit Server VM (11.0.2+9-LTS) for windows-amd64 JRE (11.0.2+9-LTS), built on Jan 18 2019 05:24:10 by "mach5one" with MS VC++ 15.5 (VS2017)

END.
